[2024-06-25T12:14:48.794+0200] {local_task_job_runner.py:120} INFO - ::group::Pre task execution logs
[2024-06-25T12:14:48.825+0200] {taskinstance.py:2076} INFO - Dependencies all met for dep_context=non-requeueable deps ti=<TaskInstance: example_params_trigger_ui.print_greetings manual__2024-06-25T10:13:00+00:00 [queued]>
[2024-06-25T12:14:48.832+0200] {taskinstance.py:2076} INFO - Dependencies all met for dep_context=requeueable deps ti=<TaskInstance: example_params_trigger_ui.print_greetings manual__2024-06-25T10:13:00+00:00 [queued]>
[2024-06-25T12:14:48.833+0200] {taskinstance.py:2306} INFO - Starting attempt 1 of 1
[2024-06-25T12:14:48.845+0200] {taskinstance.py:2330} INFO - Executing <Task(_PythonDecoratedOperator): print_greetings> on 2024-06-25 10:13:00+00:00
[2024-06-25T12:14:48.849+0200] {standard_task_runner.py:63} INFO - Started process 14058 to run task
[2024-06-25T12:14:48.855+0200] {standard_task_runner.py:90} INFO - Running: ['airflow', 'tasks', 'run', 'example_params_trigger_ui', 'print_greetings', 'manual__2024-06-25T10:13:00+00:00', '--job-id', '14', '--raw', '--subdir', '/Users/stockly/Downloads/ESGI/orchestration/tp1/airflow-env/lib/python3.9/site-packages/airflow/example_dags/example_params_trigger_ui.py', '--cfg-path', '/var/folders/yy/rg0c3rkx425btvwj4hrt88vc0000gn/T/tmp0xpqkppx']
[2024-06-25T12:14:48.856+0200] {standard_task_runner.py:91} INFO - Job 14: Subtask print_greetings
[2024-06-25T12:14:48.908+0200] {task_command.py:426} INFO - Running <TaskInstance: example_params_trigger_ui.print_greetings manual__2024-06-25T10:13:00+00:00 [running]> on host MacBook-Pro-de-stockly.local
[2024-06-25T12:14:48.995+0200] {taskinstance.py:2648} INFO - Exporting env vars: AIRFLOW_CTX_DAG_OWNER='airflow' AIRFLOW_CTX_DAG_ID='example_params_trigger_ui' AIRFLOW_CTX_TASK_ID='print_greetings' AIRFLOW_CTX_EXECUTION_DATE='2024-06-25T10:13:00+00:00' AIRFLOW_CTX_TRY_NUMBER='1' AIRFLOW_CTX_DAG_RUN_ID='manual__2024-06-25T10:13:00+00:00'
[2024-06-25T12:14:48.997+0200] {taskinstance.py:430} INFO - ::endgroup::
[2024-06-25T12:14:49.001+0200] {logging_mixin.py:188} INFO - Hello Linda!
[2024-06-25T12:14:49.002+0200] {logging_mixin.py:188} INFO - Hello Martha!
[2024-06-25T12:14:49.002+0200] {logging_mixin.py:188} INFO - Hello Thomas!
[2024-06-25T12:14:49.003+0200] {logging_mixin.py:188} INFO - Sehr geehrter Herr/Frau Linda.
[2024-06-25T12:14:49.004+0200] {logging_mixin.py:188} INFO - Sehr geehrter Herr/Frau Martha.
[2024-06-25T12:14:49.004+0200] {logging_mixin.py:188} INFO - Sehr geehrter Herr/Frau Thomas.
[2024-06-25T12:14:49.005+0200] {logging_mixin.py:188} INFO - Bonjour Linda!
[2024-06-25T12:14:49.006+0200] {logging_mixin.py:188} INFO - Bonjour Martha!
[2024-06-25T12:14:49.007+0200] {logging_mixin.py:188} INFO - Bonjour Thomas!
[2024-06-25T12:14:49.007+0200] {python.py:237} INFO - Done. Returned value was: None
[2024-06-25T12:14:49.007+0200] {taskinstance.py:441} INFO - ::group::Post task execution logs
[2024-06-25T12:14:49.013+0200] {taskinstance.py:1206} INFO - Marking task as SUCCESS. dag_id=example_params_trigger_ui, task_id=print_greetings, run_id=manual__2024-06-25T10:13:00+00:00, execution_date=20240625T101300, start_date=20240625T101448, end_date=20240625T101449
[2024-06-25T12:14:49.047+0200] {local_task_job_runner.py:240} INFO - Task exited with return code 0
[2024-06-25T12:14:49.065+0200] {taskinstance.py:3503} INFO - 0 downstream tasks scheduled from follow-on schedule check
[2024-06-25T12:14:49.066+0200] {local_task_job_runner.py:222} INFO - ::endgroup::
