[2024-06-25T12:13:13.750+0200] {local_task_job_runner.py:120} INFO - ::group::Pre task execution logs
[2024-06-25T12:13:13.781+0200] {taskinstance.py:2076} INFO - Dependencies all met for dep_context=non-requeueable deps ti=<TaskInstance: example_params_trigger_ui.select_languages manual__2024-06-25T10:13:00+00:00 [queued]>
[2024-06-25T12:13:13.788+0200] {taskinstance.py:2076} INFO - Dependencies all met for dep_context=requeueable deps ti=<TaskInstance: example_params_trigger_ui.select_languages manual__2024-06-25T10:13:00+00:00 [queued]>
[2024-06-25T12:13:13.789+0200] {taskinstance.py:2306} INFO - Starting attempt 1 of 1
[2024-06-25T12:13:13.802+0200] {taskinstance.py:2330} INFO - Executing <Task(_BranchPythonDecoratedOperator): select_languages> on 2024-06-25 10:13:00+00:00
[2024-06-25T12:13:13.805+0200] {standard_task_runner.py:63} INFO - Started process 13983 to run task
[2024-06-25T12:13:13.811+0200] {standard_task_runner.py:90} INFO - Running: ['airflow', 'tasks', 'run', 'example_params_trigger_ui', 'select_languages', 'manual__2024-06-25T10:13:00+00:00', '--job-id', '3', '--raw', '--subdir', '/Users/stockly/Downloads/ESGI/orchestration/tp1/airflow-env/lib/python3.9/site-packages/airflow/example_dags/example_params_trigger_ui.py', '--cfg-path', '/var/folders/yy/rg0c3rkx425btvwj4hrt88vc0000gn/T/tmphsa1fw0w']
[2024-06-25T12:13:13.812+0200] {standard_task_runner.py:91} INFO - Job 3: Subtask select_languages
[2024-06-25T12:13:13.867+0200] {task_command.py:426} INFO - Running <TaskInstance: example_params_trigger_ui.select_languages manual__2024-06-25T10:13:00+00:00 [running]> on host MacBook-Pro-de-stockly.local
[2024-06-25T12:13:13.938+0200] {taskinstance.py:2648} INFO - Exporting env vars: AIRFLOW_CTX_DAG_OWNER='airflow' AIRFLOW_CTX_DAG_ID='example_params_trigger_ui' AIRFLOW_CTX_TASK_ID='select_languages' AIRFLOW_CTX_EXECUTION_DATE='2024-06-25T10:13:00+00:00' AIRFLOW_CTX_TRY_NUMBER='1' AIRFLOW_CTX_DAG_RUN_ID='manual__2024-06-25T10:13:00+00:00'
[2024-06-25T12:13:13.940+0200] {taskinstance.py:430} INFO - ::endgroup::
[2024-06-25T12:13:13.941+0200] {python.py:237} INFO - Done. Returned value was: ['generate_english_greeting', 'generate_german_greeting', 'generate_french_greeting']
[2024-06-25T12:13:13.942+0200] {branch.py:36} INFO - Branch into ['generate_english_greeting', 'generate_german_greeting', 'generate_french_greeting']
[2024-06-25T12:13:13.942+0200] {skipmixin.py:178} INFO - Following branch ['generate_english_greeting', 'generate_german_greeting', 'generate_french_greeting']
[2024-06-25T12:13:13.953+0200] {skipmixin.py:246} INFO - Skipping tasks []
[2024-06-25T12:13:13.961+0200] {taskinstance.py:441} INFO - ::group::Post task execution logs
[2024-06-25T12:13:13.973+0200] {taskinstance.py:1206} INFO - Marking task as SUCCESS. dag_id=example_params_trigger_ui, task_id=select_languages, run_id=manual__2024-06-25T10:13:00+00:00, execution_date=20240625T101300, start_date=20240625T101313, end_date=20240625T101313
[2024-06-25T12:13:13.998+0200] {local_task_job_runner.py:240} INFO - Task exited with return code 0
[2024-06-25T12:13:14.041+0200] {taskinstance.py:3503} INFO - 0 downstream tasks scheduled from follow-on schedule check
[2024-06-25T12:13:14.042+0200] {local_task_job_runner.py:222} INFO - ::endgroup::
