[2024-06-25T12:08:35.220+0200] {processor.py:161} INFO - Started process (PID=13800) to work on /Users/stockly/Downloads/ESGI/orchestration/tp1/airflow-env/lib/python3.9/site-packages/airflow/example_dags/example_trigger_target_dag.py
[2024-06-25T12:08:35.223+0200] {processor.py:830} INFO - Processing file /Users/stockly/Downloads/ESGI/orchestration/tp1/airflow-env/lib/python3.9/site-packages/airflow/example_dags/example_trigger_target_dag.py for tasks to queue
[2024-06-25T12:08:35.224+0200] {logging_mixin.py:188} INFO - [2024-06-25T12:08:35.224+0200] {dagbag.py:545} INFO - Filling up the DagBag from /Users/stockly/Downloads/ESGI/orchestration/tp1/airflow-env/lib/python3.9/site-packages/airflow/example_dags/example_trigger_target_dag.py
[2024-06-25T12:08:35.258+0200] {processor.py:840} INFO - DAG(s) 'example_trigger_target_dag' retrieved from /Users/stockly/Downloads/ESGI/orchestration/tp1/airflow-env/lib/python3.9/site-packages/airflow/example_dags/example_trigger_target_dag.py
[2024-06-25T12:08:35.515+0200] {logging_mixin.py:188} INFO - [2024-06-25T12:08:35.514+0200] {override.py:1829} INFO - Created Permission View: can delete on DAG:example_trigger_target_dag
[2024-06-25T12:08:35.525+0200] {logging_mixin.py:188} INFO - [2024-06-25T12:08:35.525+0200] {override.py:1829} INFO - Created Permission View: can edit on DAG:example_trigger_target_dag
[2024-06-25T12:08:35.531+0200] {logging_mixin.py:188} INFO - [2024-06-25T12:08:35.531+0200] {override.py:1829} INFO - Created Permission View: can read on DAG:example_trigger_target_dag
[2024-06-25T12:08:35.532+0200] {logging_mixin.py:188} INFO - [2024-06-25T12:08:35.532+0200] {dag.py:3096} INFO - Sync 1 DAGs
[2024-06-25T12:08:35.543+0200] {logging_mixin.py:188} INFO - [2024-06-25T12:08:35.543+0200] {dag.py:3118} INFO - Creating ORM DAG for example_trigger_target_dag
[2024-06-25T12:08:35.544+0200] {logging_mixin.py:188} INFO - [2024-06-25T12:08:35.543+0200] {dag.py:3954} INFO - Setting next_dagrun for example_trigger_target_dag to None, run_after=None
[2024-06-25T12:08:35.562+0200] {processor.py:183} INFO - Processing /Users/stockly/Downloads/ESGI/orchestration/tp1/airflow-env/lib/python3.9/site-packages/airflow/example_dags/example_trigger_target_dag.py took 0.345 seconds
[2024-06-25T12:10:57.731+0200] {processor.py:161} INFO - Started process (PID=13906) to work on /Users/stockly/Downloads/ESGI/orchestration/tp1/airflow-env/lib/python3.9/site-packages/airflow/example_dags/example_trigger_target_dag.py
[2024-06-25T12:10:57.735+0200] {processor.py:830} INFO - Processing file /Users/stockly/Downloads/ESGI/orchestration/tp1/airflow-env/lib/python3.9/site-packages/airflow/example_dags/example_trigger_target_dag.py for tasks to queue
[2024-06-25T12:10:57.735+0200] {logging_mixin.py:188} INFO - [2024-06-25T12:10:57.735+0200] {dagbag.py:545} INFO - Filling up the DagBag from /Users/stockly/Downloads/ESGI/orchestration/tp1/airflow-env/lib/python3.9/site-packages/airflow/example_dags/example_trigger_target_dag.py
[2024-06-25T12:10:57.770+0200] {processor.py:840} INFO - DAG(s) 'example_trigger_target_dag' retrieved from /Users/stockly/Downloads/ESGI/orchestration/tp1/airflow-env/lib/python3.9/site-packages/airflow/example_dags/example_trigger_target_dag.py
[2024-06-25T12:10:57.937+0200] {logging_mixin.py:188} INFO - [2024-06-25T12:10:57.937+0200] {dag.py:3096} INFO - Sync 1 DAGs
[2024-06-25T12:10:57.947+0200] {logging_mixin.py:188} INFO - [2024-06-25T12:10:57.947+0200] {dag.py:3954} INFO - Setting next_dagrun for example_trigger_target_dag to None, run_after=None
[2024-06-25T12:10:57.966+0200] {processor.py:183} INFO - Processing /Users/stockly/Downloads/ESGI/orchestration/tp1/airflow-env/lib/python3.9/site-packages/airflow/example_dags/example_trigger_target_dag.py took 0.238 seconds
[2024-06-25T12:12:52.390+0200] {processor.py:161} INFO - Started process (PID=13964) to work on /Users/stockly/Downloads/ESGI/orchestration/tp1/airflow-env/lib/python3.9/site-packages/airflow/example_dags/example_trigger_target_dag.py
[2024-06-25T12:12:52.401+0200] {processor.py:830} INFO - Processing file /Users/stockly/Downloads/ESGI/orchestration/tp1/airflow-env/lib/python3.9/site-packages/airflow/example_dags/example_trigger_target_dag.py for tasks to queue
[2024-06-25T12:12:52.403+0200] {logging_mixin.py:188} INFO - [2024-06-25T12:12:52.402+0200] {dagbag.py:545} INFO - Filling up the DagBag from /Users/stockly/Downloads/ESGI/orchestration/tp1/airflow-env/lib/python3.9/site-packages/airflow/example_dags/example_trigger_target_dag.py
[2024-06-25T12:12:52.441+0200] {processor.py:840} INFO - DAG(s) 'example_trigger_target_dag' retrieved from /Users/stockly/Downloads/ESGI/orchestration/tp1/airflow-env/lib/python3.9/site-packages/airflow/example_dags/example_trigger_target_dag.py
[2024-06-25T12:12:52.611+0200] {logging_mixin.py:188} INFO - [2024-06-25T12:12:52.611+0200] {dag.py:3096} INFO - Sync 1 DAGs
[2024-06-25T12:12:52.622+0200] {logging_mixin.py:188} INFO - [2024-06-25T12:12:52.621+0200] {dag.py:3954} INFO - Setting next_dagrun for example_trigger_target_dag to None, run_after=None
[2024-06-25T12:12:52.641+0200] {processor.py:183} INFO - Processing /Users/stockly/Downloads/ESGI/orchestration/tp1/airflow-env/lib/python3.9/site-packages/airflow/example_dags/example_trigger_target_dag.py took 0.253 seconds
[2024-06-25T12:15:23.161+0200] {processor.py:161} INFO - Started process (PID=14098) to work on /Users/stockly/Downloads/ESGI/orchestration/tp1/airflow-env/lib/python3.9/site-packages/airflow/example_dags/example_trigger_target_dag.py
[2024-06-25T12:15:23.164+0200] {processor.py:830} INFO - Processing file /Users/stockly/Downloads/ESGI/orchestration/tp1/airflow-env/lib/python3.9/site-packages/airflow/example_dags/example_trigger_target_dag.py for tasks to queue
[2024-06-25T12:15:23.165+0200] {logging_mixin.py:188} INFO - [2024-06-25T12:15:23.165+0200] {dagbag.py:545} INFO - Filling up the DagBag from /Users/stockly/Downloads/ESGI/orchestration/tp1/airflow-env/lib/python3.9/site-packages/airflow/example_dags/example_trigger_target_dag.py
[2024-06-25T12:15:23.202+0200] {processor.py:840} INFO - DAG(s) 'example_trigger_target_dag' retrieved from /Users/stockly/Downloads/ESGI/orchestration/tp1/airflow-env/lib/python3.9/site-packages/airflow/example_dags/example_trigger_target_dag.py
[2024-06-25T12:15:23.362+0200] {logging_mixin.py:188} INFO - [2024-06-25T12:15:23.362+0200] {dag.py:3096} INFO - Sync 1 DAGs
[2024-06-25T12:15:23.372+0200] {logging_mixin.py:188} INFO - [2024-06-25T12:15:23.371+0200] {dag.py:3954} INFO - Setting next_dagrun for example_trigger_target_dag to None, run_after=None
[2024-06-25T12:15:23.390+0200] {processor.py:183} INFO - Processing /Users/stockly/Downloads/ESGI/orchestration/tp1/airflow-env/lib/python3.9/site-packages/airflow/example_dags/example_trigger_target_dag.py took 0.231 seconds
[2024-06-25T12:17:45.274+0200] {processor.py:161} INFO - Started process (PID=14164) to work on /Users/stockly/Downloads/ESGI/orchestration/tp1/airflow-env/lib/python3.9/site-packages/airflow/example_dags/example_trigger_target_dag.py
[2024-06-25T12:17:45.278+0200] {processor.py:830} INFO - Processing file /Users/stockly/Downloads/ESGI/orchestration/tp1/airflow-env/lib/python3.9/site-packages/airflow/example_dags/example_trigger_target_dag.py for tasks to queue
[2024-06-25T12:17:45.279+0200] {logging_mixin.py:188} INFO - [2024-06-25T12:17:45.278+0200] {dagbag.py:545} INFO - Filling up the DagBag from /Users/stockly/Downloads/ESGI/orchestration/tp1/airflow-env/lib/python3.9/site-packages/airflow/example_dags/example_trigger_target_dag.py
[2024-06-25T12:17:45.317+0200] {processor.py:840} INFO - DAG(s) 'example_trigger_target_dag' retrieved from /Users/stockly/Downloads/ESGI/orchestration/tp1/airflow-env/lib/python3.9/site-packages/airflow/example_dags/example_trigger_target_dag.py
[2024-06-25T12:17:45.491+0200] {logging_mixin.py:188} INFO - [2024-06-25T12:17:45.490+0200] {dag.py:3096} INFO - Sync 1 DAGs
[2024-06-25T12:17:45.501+0200] {logging_mixin.py:188} INFO - [2024-06-25T12:17:45.501+0200] {dag.py:3954} INFO - Setting next_dagrun for example_trigger_target_dag to None, run_after=None
[2024-06-25T12:17:45.529+0200] {processor.py:183} INFO - Processing /Users/stockly/Downloads/ESGI/orchestration/tp1/airflow-env/lib/python3.9/site-packages/airflow/example_dags/example_trigger_target_dag.py took 0.258 seconds
[2024-06-25T12:19:37.511+0200] {processor.py:161} INFO - Started process (PID=14218) to work on /Users/stockly/Downloads/ESGI/orchestration/tp1/airflow-env/lib/python3.9/site-packages/airflow/example_dags/example_trigger_target_dag.py
[2024-06-25T12:19:37.523+0200] {processor.py:830} INFO - Processing file /Users/stockly/Downloads/ESGI/orchestration/tp1/airflow-env/lib/python3.9/site-packages/airflow/example_dags/example_trigger_target_dag.py for tasks to queue
[2024-06-25T12:19:37.523+0200] {logging_mixin.py:188} INFO - [2024-06-25T12:19:37.523+0200] {dagbag.py:545} INFO - Filling up the DagBag from /Users/stockly/Downloads/ESGI/orchestration/tp1/airflow-env/lib/python3.9/site-packages/airflow/example_dags/example_trigger_target_dag.py
[2024-06-25T12:19:37.563+0200] {processor.py:840} INFO - DAG(s) 'example_trigger_target_dag' retrieved from /Users/stockly/Downloads/ESGI/orchestration/tp1/airflow-env/lib/python3.9/site-packages/airflow/example_dags/example_trigger_target_dag.py
[2024-06-25T12:19:37.734+0200] {logging_mixin.py:188} INFO - [2024-06-25T12:19:37.734+0200] {dag.py:3096} INFO - Sync 1 DAGs
[2024-06-25T12:19:37.744+0200] {logging_mixin.py:188} INFO - [2024-06-25T12:19:37.744+0200] {dag.py:3954} INFO - Setting next_dagrun for example_trigger_target_dag to None, run_after=None
[2024-06-25T12:19:37.773+0200] {processor.py:183} INFO - Processing /Users/stockly/Downloads/ESGI/orchestration/tp1/airflow-env/lib/python3.9/site-packages/airflow/example_dags/example_trigger_target_dag.py took 0.265 seconds
[2024-06-25T12:21:31.659+0200] {processor.py:161} INFO - Started process (PID=14267) to work on /Users/stockly/Downloads/ESGI/orchestration/tp1/airflow-env/lib/python3.9/site-packages/airflow/example_dags/example_trigger_target_dag.py
[2024-06-25T12:21:31.662+0200] {processor.py:830} INFO - Processing file /Users/stockly/Downloads/ESGI/orchestration/tp1/airflow-env/lib/python3.9/site-packages/airflow/example_dags/example_trigger_target_dag.py for tasks to queue
[2024-06-25T12:21:31.664+0200] {logging_mixin.py:188} INFO - [2024-06-25T12:21:31.663+0200] {dagbag.py:545} INFO - Filling up the DagBag from /Users/stockly/Downloads/ESGI/orchestration/tp1/airflow-env/lib/python3.9/site-packages/airflow/example_dags/example_trigger_target_dag.py
[2024-06-25T12:21:31.704+0200] {processor.py:840} INFO - DAG(s) 'example_trigger_target_dag' retrieved from /Users/stockly/Downloads/ESGI/orchestration/tp1/airflow-env/lib/python3.9/site-packages/airflow/example_dags/example_trigger_target_dag.py
[2024-06-25T12:21:31.875+0200] {logging_mixin.py:188} INFO - [2024-06-25T12:21:31.875+0200] {dag.py:3096} INFO - Sync 1 DAGs
[2024-06-25T12:21:31.886+0200] {logging_mixin.py:188} INFO - [2024-06-25T12:21:31.886+0200] {dag.py:3954} INFO - Setting next_dagrun for example_trigger_target_dag to None, run_after=None
[2024-06-25T12:21:31.914+0200] {processor.py:183} INFO - Processing /Users/stockly/Downloads/ESGI/orchestration/tp1/airflow-env/lib/python3.9/site-packages/airflow/example_dags/example_trigger_target_dag.py took 0.258 seconds
[2024-06-25T12:23:25.097+0200] {processor.py:161} INFO - Started process (PID=14315) to work on /Users/stockly/Downloads/ESGI/orchestration/tp1/airflow-env/lib/python3.9/site-packages/airflow/example_dags/example_trigger_target_dag.py
[2024-06-25T12:23:25.100+0200] {processor.py:830} INFO - Processing file /Users/stockly/Downloads/ESGI/orchestration/tp1/airflow-env/lib/python3.9/site-packages/airflow/example_dags/example_trigger_target_dag.py for tasks to queue
[2024-06-25T12:23:25.101+0200] {logging_mixin.py:188} INFO - [2024-06-25T12:23:25.101+0200] {dagbag.py:545} INFO - Filling up the DagBag from /Users/stockly/Downloads/ESGI/orchestration/tp1/airflow-env/lib/python3.9/site-packages/airflow/example_dags/example_trigger_target_dag.py
[2024-06-25T12:23:25.142+0200] {processor.py:840} INFO - DAG(s) 'example_trigger_target_dag' retrieved from /Users/stockly/Downloads/ESGI/orchestration/tp1/airflow-env/lib/python3.9/site-packages/airflow/example_dags/example_trigger_target_dag.py
[2024-06-25T12:23:25.339+0200] {logging_mixin.py:188} INFO - [2024-06-25T12:23:25.338+0200] {dag.py:3096} INFO - Sync 1 DAGs
[2024-06-25T12:23:25.350+0200] {logging_mixin.py:188} INFO - [2024-06-25T12:23:25.350+0200] {dag.py:3954} INFO - Setting next_dagrun for example_trigger_target_dag to None, run_after=None
[2024-06-25T12:23:25.376+0200] {processor.py:183} INFO - Processing /Users/stockly/Downloads/ESGI/orchestration/tp1/airflow-env/lib/python3.9/site-packages/airflow/example_dags/example_trigger_target_dag.py took 0.283 seconds
[2024-06-25T12:26:19.159+0200] {processor.py:161} INFO - Started process (PID=14430) to work on /Users/stockly/Library/Python/3.9/lib/python/site-packages/airflow/example_dags/example_trigger_target_dag.py
[2024-06-25T12:26:19.169+0200] {processor.py:830} INFO - Processing file /Users/stockly/Library/Python/3.9/lib/python/site-packages/airflow/example_dags/example_trigger_target_dag.py for tasks to queue
[2024-06-25T12:26:19.171+0200] {logging_mixin.py:188} INFO - [2024-06-25T12:26:19.170+0200] {dagbag.py:545} INFO - Filling up the DagBag from /Users/stockly/Library/Python/3.9/lib/python/site-packages/airflow/example_dags/example_trigger_target_dag.py
[2024-06-25T12:26:19.208+0200] {processor.py:840} INFO - DAG(s) 'example_trigger_target_dag' retrieved from /Users/stockly/Library/Python/3.9/lib/python/site-packages/airflow/example_dags/example_trigger_target_dag.py
[2024-06-25T12:26:19.422+0200] {logging_mixin.py:188} INFO - [2024-06-25T12:26:19.422+0200] {dag.py:3096} INFO - Sync 1 DAGs
[2024-06-25T12:26:19.432+0200] {logging_mixin.py:188} INFO - [2024-06-25T12:26:19.432+0200] {dag.py:3954} INFO - Setting next_dagrun for example_trigger_target_dag to None, run_after=None
[2024-06-25T12:26:19.461+0200] {processor.py:183} INFO - Processing /Users/stockly/Library/Python/3.9/lib/python/site-packages/airflow/example_dags/example_trigger_target_dag.py took 0.306 seconds
