[2024-06-25T12:10:15.842+0200] {processor.py:161} INFO - Started process (PID=13854) to work on /Users/stockly/Downloads/ESGI/orchestration/tp1/airflow-env/lib/python3.9/site-packages/airflow/example_dags/example_branch_datetime_operator.py
[2024-06-25T12:10:15.845+0200] {processor.py:830} INFO - Processing file /Users/stockly/Downloads/ESGI/orchestration/tp1/airflow-env/lib/python3.9/site-packages/airflow/example_dags/example_branch_datetime_operator.py for tasks to queue
[2024-06-25T12:10:15.846+0200] {logging_mixin.py:188} INFO - [2024-06-25T12:10:15.846+0200] {dagbag.py:545} INFO - Filling up the DagBag from /Users/stockly/Downloads/ESGI/orchestration/tp1/airflow-env/lib/python3.9/site-packages/airflow/example_dags/example_branch_datetime_operator.py
[2024-06-25T12:10:15.860+0200] {processor.py:840} INFO - DAG(s) 'example_branch_datetime_operator_2', 'example_branch_datetime_operator_3', 'example_branch_datetime_operator' retrieved from /Users/stockly/Downloads/ESGI/orchestration/tp1/airflow-env/lib/python3.9/site-packages/airflow/example_dags/example_branch_datetime_operator.py
[2024-06-25T12:10:16.131+0200] {logging_mixin.py:188} INFO - [2024-06-25T12:10:16.131+0200] {override.py:1829} INFO - Created Permission View: can edit on DAG:example_branch_datetime_operator_2
[2024-06-25T12:10:16.140+0200] {logging_mixin.py:188} INFO - [2024-06-25T12:10:16.140+0200] {override.py:1829} INFO - Created Permission View: can delete on DAG:example_branch_datetime_operator_2
[2024-06-25T12:10:16.146+0200] {logging_mixin.py:188} INFO - [2024-06-25T12:10:16.145+0200] {override.py:1829} INFO - Created Permission View: can read on DAG:example_branch_datetime_operator_2
[2024-06-25T12:10:16.158+0200] {logging_mixin.py:188} INFO - [2024-06-25T12:10:16.157+0200] {override.py:1829} INFO - Created Permission View: can edit on DAG:example_branch_datetime_operator_3
[2024-06-25T12:10:16.164+0200] {logging_mixin.py:188} INFO - [2024-06-25T12:10:16.164+0200] {override.py:1829} INFO - Created Permission View: can delete on DAG:example_branch_datetime_operator_3
[2024-06-25T12:10:16.170+0200] {logging_mixin.py:188} INFO - [2024-06-25T12:10:16.170+0200] {override.py:1829} INFO - Created Permission View: can read on DAG:example_branch_datetime_operator_3
[2024-06-25T12:10:16.183+0200] {logging_mixin.py:188} INFO - [2024-06-25T12:10:16.183+0200] {override.py:1829} INFO - Created Permission View: can edit on DAG:example_branch_datetime_operator
[2024-06-25T12:10:16.193+0200] {logging_mixin.py:188} INFO - [2024-06-25T12:10:16.193+0200] {override.py:1829} INFO - Created Permission View: can delete on DAG:example_branch_datetime_operator
[2024-06-25T12:10:16.199+0200] {logging_mixin.py:188} INFO - [2024-06-25T12:10:16.199+0200] {override.py:1829} INFO - Created Permission View: can read on DAG:example_branch_datetime_operator
[2024-06-25T12:10:16.200+0200] {logging_mixin.py:188} INFO - [2024-06-25T12:10:16.200+0200] {dag.py:3096} INFO - Sync 3 DAGs
[2024-06-25T12:10:16.211+0200] {logging_mixin.py:188} INFO - [2024-06-25T12:10:16.211+0200] {dag.py:3118} INFO - Creating ORM DAG for example_branch_datetime_operator_3
[2024-06-25T12:10:16.212+0200] {logging_mixin.py:188} INFO - [2024-06-25T12:10:16.211+0200] {dag.py:3118} INFO - Creating ORM DAG for example_branch_datetime_operator
[2024-06-25T12:10:16.212+0200] {logging_mixin.py:188} INFO - [2024-06-25T12:10:16.212+0200] {dag.py:3118} INFO - Creating ORM DAG for example_branch_datetime_operator_2
[2024-06-25T12:10:16.221+0200] {logging_mixin.py:188} INFO - [2024-06-25T12:10:16.221+0200] {dag.py:3954} INFO - Setting next_dagrun for example_branch_datetime_operator to 2024-06-24 00:00:00+00:00, run_after=2024-06-25 00:00:00+00:00
[2024-06-25T12:10:16.223+0200] {logging_mixin.py:188} INFO - [2024-06-25T12:10:16.223+0200] {dag.py:3954} INFO - Setting next_dagrun for example_branch_datetime_operator_2 to 2024-06-24 00:00:00+00:00, run_after=2024-06-25 00:00:00+00:00
[2024-06-25T12:10:16.225+0200] {logging_mixin.py:188} INFO - [2024-06-25T12:10:16.225+0200] {dag.py:3954} INFO - Setting next_dagrun for example_branch_datetime_operator_3 to 2024-06-24 00:00:00+00:00, run_after=2024-06-25 00:00:00+00:00
[2024-06-25T12:10:16.243+0200] {processor.py:183} INFO - Processing /Users/stockly/Downloads/ESGI/orchestration/tp1/airflow-env/lib/python3.9/site-packages/airflow/example_dags/example_branch_datetime_operator.py took 0.403 seconds
[2024-06-25T12:17:03.485+0200] {processor.py:161} INFO - Started process (PID=14142) to work on /Users/stockly/Downloads/ESGI/orchestration/tp1/airflow-env/lib/python3.9/site-packages/airflow/example_dags/example_branch_datetime_operator.py
[2024-06-25T12:17:03.489+0200] {processor.py:830} INFO - Processing file /Users/stockly/Downloads/ESGI/orchestration/tp1/airflow-env/lib/python3.9/site-packages/airflow/example_dags/example_branch_datetime_operator.py for tasks to queue
[2024-06-25T12:17:03.490+0200] {logging_mixin.py:188} INFO - [2024-06-25T12:17:03.490+0200] {dagbag.py:545} INFO - Filling up the DagBag from /Users/stockly/Downloads/ESGI/orchestration/tp1/airflow-env/lib/python3.9/site-packages/airflow/example_dags/example_branch_datetime_operator.py
[2024-06-25T12:17:03.504+0200] {processor.py:840} INFO - DAG(s) 'example_branch_datetime_operator_3', 'example_branch_datetime_operator_2', 'example_branch_datetime_operator' retrieved from /Users/stockly/Downloads/ESGI/orchestration/tp1/airflow-env/lib/python3.9/site-packages/airflow/example_dags/example_branch_datetime_operator.py
[2024-06-25T12:17:03.632+0200] {logging_mixin.py:188} INFO - [2024-06-25T12:17:03.632+0200] {dag.py:3096} INFO - Sync 3 DAGs
[2024-06-25T12:17:03.691+0200] {logging_mixin.py:188} INFO - [2024-06-25T12:17:03.690+0200] {dag.py:3954} INFO - Setting next_dagrun for example_branch_datetime_operator to 2024-06-24 00:00:00+00:00, run_after=2024-06-25 00:00:00+00:00
[2024-06-25T12:17:03.695+0200] {logging_mixin.py:188} INFO - [2024-06-25T12:17:03.695+0200] {dag.py:3954} INFO - Setting next_dagrun for example_branch_datetime_operator_2 to 2024-06-24 00:00:00+00:00, run_after=2024-06-25 00:00:00+00:00
[2024-06-25T12:17:03.698+0200] {logging_mixin.py:188} INFO - [2024-06-25T12:17:03.698+0200] {dag.py:3954} INFO - Setting next_dagrun for example_branch_datetime_operator_3 to 2024-06-24 00:00:00+00:00, run_after=2024-06-25 00:00:00+00:00
[2024-06-25T12:17:03.714+0200] {processor.py:183} INFO - Processing /Users/stockly/Downloads/ESGI/orchestration/tp1/airflow-env/lib/python3.9/site-packages/airflow/example_dags/example_branch_datetime_operator.py took 0.231 seconds
[2024-06-25T12:20:50.009+0200] {processor.py:161} INFO - Started process (PID=14248) to work on /Users/stockly/Downloads/ESGI/orchestration/tp1/airflow-env/lib/python3.9/site-packages/airflow/example_dags/example_branch_datetime_operator.py
[2024-06-25T12:20:50.020+0200] {processor.py:830} INFO - Processing file /Users/stockly/Downloads/ESGI/orchestration/tp1/airflow-env/lib/python3.9/site-packages/airflow/example_dags/example_branch_datetime_operator.py for tasks to queue
[2024-06-25T12:20:50.022+0200] {logging_mixin.py:188} INFO - [2024-06-25T12:20:50.021+0200] {dagbag.py:545} INFO - Filling up the DagBag from /Users/stockly/Downloads/ESGI/orchestration/tp1/airflow-env/lib/python3.9/site-packages/airflow/example_dags/example_branch_datetime_operator.py
[2024-06-25T12:20:50.038+0200] {processor.py:840} INFO - DAG(s) 'example_branch_datetime_operator_2', 'example_branch_datetime_operator_3', 'example_branch_datetime_operator' retrieved from /Users/stockly/Downloads/ESGI/orchestration/tp1/airflow-env/lib/python3.9/site-packages/airflow/example_dags/example_branch_datetime_operator.py
[2024-06-25T12:20:50.179+0200] {logging_mixin.py:188} INFO - [2024-06-25T12:20:50.178+0200] {dag.py:3096} INFO - Sync 3 DAGs
[2024-06-25T12:20:50.253+0200] {logging_mixin.py:188} INFO - [2024-06-25T12:20:50.253+0200] {dag.py:3954} INFO - Setting next_dagrun for example_branch_datetime_operator to 2024-06-24 00:00:00+00:00, run_after=2024-06-25 00:00:00+00:00
[2024-06-25T12:20:50.259+0200] {logging_mixin.py:188} INFO - [2024-06-25T12:20:50.259+0200] {dag.py:3954} INFO - Setting next_dagrun for example_branch_datetime_operator_2 to 2024-06-24 00:00:00+00:00, run_after=2024-06-25 00:00:00+00:00
[2024-06-25T12:20:50.262+0200] {logging_mixin.py:188} INFO - [2024-06-25T12:20:50.262+0200] {dag.py:3954} INFO - Setting next_dagrun for example_branch_datetime_operator_3 to 2024-06-24 00:00:00+00:00, run_after=2024-06-25 00:00:00+00:00
[2024-06-25T12:20:50.285+0200] {processor.py:183} INFO - Processing /Users/stockly/Downloads/ESGI/orchestration/tp1/airflow-env/lib/python3.9/site-packages/airflow/example_dags/example_branch_datetime_operator.py took 0.280 seconds
