[2024-06-25T12:08:49.846+0200] {processor.py:161} INFO - Started process (PID=13810) to work on /Users/stockly/Downloads/ESGI/orchestration/tp1/airflow-env/lib/python3.9/site-packages/airflow/example_dags/example_subdag_operator.py
[2024-06-25T12:08:49.849+0200] {processor.py:830} INFO - Processing file /Users/stockly/Downloads/ESGI/orchestration/tp1/airflow-env/lib/python3.9/site-packages/airflow/example_dags/example_subdag_operator.py for tasks to queue
[2024-06-25T12:08:49.850+0200] {logging_mixin.py:188} INFO - [2024-06-25T12:08:49.850+0200] {dagbag.py:545} INFO - Filling up the DagBag from /Users/stockly/Downloads/ESGI/orchestration/tp1/airflow-env/lib/python3.9/site-packages/airflow/example_dags/example_subdag_operator.py
[2024-06-25T12:08:49.951+0200] {processor.py:840} INFO - DAG(s) 'example_subdag_operator.section-1', 'example_subdag_operator.section-2', 'example_subdag_operator' retrieved from /Users/stockly/Downloads/ESGI/orchestration/tp1/airflow-env/lib/python3.9/site-packages/airflow/example_dags/example_subdag_operator.py
[2024-06-25T12:08:50.128+0200] {logging_mixin.py:188} INFO - [2024-06-25T12:08:50.128+0200] {override.py:1829} INFO - Created Permission View: can edit on DAG:example_subdag_operator
[2024-06-25T12:08:50.137+0200] {logging_mixin.py:188} INFO - [2024-06-25T12:08:50.136+0200] {override.py:1829} INFO - Created Permission View: can delete on DAG:example_subdag_operator
[2024-06-25T12:08:50.142+0200] {logging_mixin.py:188} INFO - [2024-06-25T12:08:50.142+0200] {override.py:1829} INFO - Created Permission View: can read on DAG:example_subdag_operator
[2024-06-25T12:08:50.143+0200] {logging_mixin.py:188} INFO - [2024-06-25T12:08:50.142+0200] {dag.py:3096} INFO - Sync 3 DAGs
[2024-06-25T12:08:50.153+0200] {logging_mixin.py:188} INFO - [2024-06-25T12:08:50.152+0200] {dag.py:3118} INFO - Creating ORM DAG for example_subdag_operator.section-2
[2024-06-25T12:08:50.153+0200] {logging_mixin.py:188} INFO - [2024-06-25T12:08:50.153+0200] {dag.py:3118} INFO - Creating ORM DAG for example_subdag_operator.section-1
[2024-06-25T12:08:50.154+0200] {logging_mixin.py:188} INFO - [2024-06-25T12:08:50.154+0200] {dag.py:3118} INFO - Creating ORM DAG for example_subdag_operator
[2024-06-25T12:08:50.162+0200] {logging_mixin.py:188} INFO - [2024-06-25T12:08:50.162+0200] {dag.py:3954} INFO - Setting next_dagrun for example_subdag_operator to 2022-01-01 00:00:00+00:00, run_after=2022-01-01 00:00:00+00:00
[2024-06-25T12:08:50.163+0200] {logging_mixin.py:188} INFO - [2024-06-25T12:08:50.163+0200] {dag.py:3954} INFO - Setting next_dagrun for example_subdag_operator.section-1 to None, run_after=None
[2024-06-25T12:08:50.163+0200] {logging_mixin.py:188} INFO - [2024-06-25T12:08:50.163+0200] {dag.py:3954} INFO - Setting next_dagrun for example_subdag_operator.section-2 to None, run_after=None
[2024-06-25T12:08:50.170+0200] {logging_mixin.py:188} INFO - [2024-06-25T12:08:50.170+0200] {dag.py:3096} INFO - Sync 2 DAGs
[2024-06-25T12:08:50.175+0200] {logging_mixin.py:188} INFO - [2024-06-25T12:08:50.175+0200] {dag.py:3954} INFO - Setting next_dagrun for example_subdag_operator.section-1 to None, run_after=None
[2024-06-25T12:08:50.178+0200] {logging_mixin.py:188} INFO - [2024-06-25T12:08:50.178+0200] {dag.py:3954} INFO - Setting next_dagrun for example_subdag_operator.section-2 to None, run_after=None
[2024-06-25T12:08:50.191+0200] {processor.py:183} INFO - Processing /Users/stockly/Downloads/ESGI/orchestration/tp1/airflow-env/lib/python3.9/site-packages/airflow/example_dags/example_subdag_operator.py took 0.347 seconds
[2024-06-25T12:11:13.220+0200] {processor.py:161} INFO - Started process (PID=13915) to work on /Users/stockly/Downloads/ESGI/orchestration/tp1/airflow-env/lib/python3.9/site-packages/airflow/example_dags/example_subdag_operator.py
[2024-06-25T12:11:13.224+0200] {processor.py:830} INFO - Processing file /Users/stockly/Downloads/ESGI/orchestration/tp1/airflow-env/lib/python3.9/site-packages/airflow/example_dags/example_subdag_operator.py for tasks to queue
[2024-06-25T12:11:13.225+0200] {logging_mixin.py:188} INFO - [2024-06-25T12:11:13.225+0200] {dagbag.py:545} INFO - Filling up the DagBag from /Users/stockly/Downloads/ESGI/orchestration/tp1/airflow-env/lib/python3.9/site-packages/airflow/example_dags/example_subdag_operator.py
[2024-06-25T12:11:13.377+0200] {processor.py:840} INFO - DAG(s) 'example_subdag_operator.section-1', 'example_subdag_operator.section-2', 'example_subdag_operator' retrieved from /Users/stockly/Downloads/ESGI/orchestration/tp1/airflow-env/lib/python3.9/site-packages/airflow/example_dags/example_subdag_operator.py
[2024-06-25T12:11:13.435+0200] {logging_mixin.py:188} INFO - [2024-06-25T12:11:13.435+0200] {dag.py:3096} INFO - Sync 3 DAGs
[2024-06-25T12:11:13.510+0200] {logging_mixin.py:188} INFO - [2024-06-25T12:11:13.510+0200] {dag.py:3954} INFO - Setting next_dagrun for example_subdag_operator to 2022-01-01 00:00:00+00:00, run_after=2022-01-01 00:00:00+00:00
[2024-06-25T12:11:13.515+0200] {logging_mixin.py:188} INFO - [2024-06-25T12:11:13.514+0200] {dag.py:3954} INFO - Setting next_dagrun for example_subdag_operator.section-1 to None, run_after=None
[2024-06-25T12:11:13.516+0200] {logging_mixin.py:188} INFO - [2024-06-25T12:11:13.516+0200] {dag.py:3954} INFO - Setting next_dagrun for example_subdag_operator.section-2 to None, run_after=None
[2024-06-25T12:11:13.524+0200] {logging_mixin.py:188} INFO - [2024-06-25T12:11:13.523+0200] {dag.py:3096} INFO - Sync 2 DAGs
[2024-06-25T12:11:13.528+0200] {logging_mixin.py:188} INFO - [2024-06-25T12:11:13.528+0200] {dag.py:3954} INFO - Setting next_dagrun for example_subdag_operator.section-1 to None, run_after=None
[2024-06-25T12:11:13.528+0200] {logging_mixin.py:188} INFO - [2024-06-25T12:11:13.528+0200] {dag.py:3954} INFO - Setting next_dagrun for example_subdag_operator.section-2 to None, run_after=None
[2024-06-25T12:11:13.543+0200] {processor.py:183} INFO - Processing /Users/stockly/Downloads/ESGI/orchestration/tp1/airflow-env/lib/python3.9/site-packages/airflow/example_dags/example_subdag_operator.py took 0.326 seconds
[2024-06-25T12:13:24.436+0200] {processor.py:161} INFO - Started process (PID=13988) to work on /Users/stockly/Downloads/ESGI/orchestration/tp1/airflow-env/lib/python3.9/site-packages/airflow/example_dags/example_subdag_operator.py
[2024-06-25T12:13:24.439+0200] {processor.py:830} INFO - Processing file /Users/stockly/Downloads/ESGI/orchestration/tp1/airflow-env/lib/python3.9/site-packages/airflow/example_dags/example_subdag_operator.py for tasks to queue
[2024-06-25T12:13:24.440+0200] {logging_mixin.py:188} INFO - [2024-06-25T12:13:24.440+0200] {dagbag.py:545} INFO - Filling up the DagBag from /Users/stockly/Downloads/ESGI/orchestration/tp1/airflow-env/lib/python3.9/site-packages/airflow/example_dags/example_subdag_operator.py
[2024-06-25T12:13:24.552+0200] {processor.py:840} INFO - DAG(s) 'example_subdag_operator.section-1', 'example_subdag_operator.section-2', 'example_subdag_operator' retrieved from /Users/stockly/Downloads/ESGI/orchestration/tp1/airflow-env/lib/python3.9/site-packages/airflow/example_dags/example_subdag_operator.py
[2024-06-25T12:13:24.602+0200] {logging_mixin.py:188} INFO - [2024-06-25T12:13:24.602+0200] {dag.py:3096} INFO - Sync 3 DAGs
[2024-06-25T12:13:24.669+0200] {logging_mixin.py:188} INFO - [2024-06-25T12:13:24.668+0200] {dag.py:3954} INFO - Setting next_dagrun for example_subdag_operator to 2022-01-01 00:00:00+00:00, run_after=2022-01-01 00:00:00+00:00
[2024-06-25T12:13:24.672+0200] {logging_mixin.py:188} INFO - [2024-06-25T12:13:24.672+0200] {dag.py:3954} INFO - Setting next_dagrun for example_subdag_operator.section-1 to None, run_after=None
[2024-06-25T12:13:24.673+0200] {logging_mixin.py:188} INFO - [2024-06-25T12:13:24.673+0200] {dag.py:3954} INFO - Setting next_dagrun for example_subdag_operator.section-2 to None, run_after=None
[2024-06-25T12:13:24.679+0200] {logging_mixin.py:188} INFO - [2024-06-25T12:13:24.679+0200] {dag.py:3096} INFO - Sync 2 DAGs
[2024-06-25T12:13:24.684+0200] {logging_mixin.py:188} INFO - [2024-06-25T12:13:24.683+0200] {dag.py:3954} INFO - Setting next_dagrun for example_subdag_operator.section-1 to None, run_after=None
[2024-06-25T12:13:24.684+0200] {logging_mixin.py:188} INFO - [2024-06-25T12:13:24.684+0200] {dag.py:3954} INFO - Setting next_dagrun for example_subdag_operator.section-2 to None, run_after=None
[2024-06-25T12:13:24.697+0200] {processor.py:183} INFO - Processing /Users/stockly/Downloads/ESGI/orchestration/tp1/airflow-env/lib/python3.9/site-packages/airflow/example_dags/example_subdag_operator.py took 0.264 seconds
[2024-06-25T12:15:37.700+0200] {processor.py:161} INFO - Started process (PID=14104) to work on /Users/stockly/Downloads/ESGI/orchestration/tp1/airflow-env/lib/python3.9/site-packages/airflow/example_dags/example_subdag_operator.py
[2024-06-25T12:15:37.704+0200] {processor.py:830} INFO - Processing file /Users/stockly/Downloads/ESGI/orchestration/tp1/airflow-env/lib/python3.9/site-packages/airflow/example_dags/example_subdag_operator.py for tasks to queue
[2024-06-25T12:15:37.705+0200] {logging_mixin.py:188} INFO - [2024-06-25T12:15:37.704+0200] {dagbag.py:545} INFO - Filling up the DagBag from /Users/stockly/Downloads/ESGI/orchestration/tp1/airflow-env/lib/python3.9/site-packages/airflow/example_dags/example_subdag_operator.py
[2024-06-25T12:15:37.820+0200] {processor.py:840} INFO - DAG(s) 'example_subdag_operator.section-1', 'example_subdag_operator.section-2', 'example_subdag_operator' retrieved from /Users/stockly/Downloads/ESGI/orchestration/tp1/airflow-env/lib/python3.9/site-packages/airflow/example_dags/example_subdag_operator.py
[2024-06-25T12:15:37.874+0200] {logging_mixin.py:188} INFO - [2024-06-25T12:15:37.873+0200] {dag.py:3096} INFO - Sync 3 DAGs
[2024-06-25T12:15:37.935+0200] {logging_mixin.py:188} INFO - [2024-06-25T12:15:37.934+0200] {dag.py:3954} INFO - Setting next_dagrun for example_subdag_operator to 2022-01-01 00:00:00+00:00, run_after=2022-01-01 00:00:00+00:00
[2024-06-25T12:15:37.938+0200] {logging_mixin.py:188} INFO - [2024-06-25T12:15:37.938+0200] {dag.py:3954} INFO - Setting next_dagrun for example_subdag_operator.section-1 to None, run_after=None
[2024-06-25T12:15:37.939+0200] {logging_mixin.py:188} INFO - [2024-06-25T12:15:37.939+0200] {dag.py:3954} INFO - Setting next_dagrun for example_subdag_operator.section-2 to None, run_after=None
[2024-06-25T12:15:37.945+0200] {logging_mixin.py:188} INFO - [2024-06-25T12:15:37.945+0200] {dag.py:3096} INFO - Sync 2 DAGs
[2024-06-25T12:15:37.949+0200] {logging_mixin.py:188} INFO - [2024-06-25T12:15:37.949+0200] {dag.py:3954} INFO - Setting next_dagrun for example_subdag_operator.section-1 to None, run_after=None
[2024-06-25T12:15:37.950+0200] {logging_mixin.py:188} INFO - [2024-06-25T12:15:37.950+0200] {dag.py:3954} INFO - Setting next_dagrun for example_subdag_operator.section-2 to None, run_after=None
[2024-06-25T12:15:37.970+0200] {processor.py:183} INFO - Processing /Users/stockly/Downloads/ESGI/orchestration/tp1/airflow-env/lib/python3.9/site-packages/airflow/example_dags/example_subdag_operator.py took 0.273 seconds
[2024-06-25T12:17:59.226+0200] {processor.py:161} INFO - Started process (PID=14169) to work on /Users/stockly/Downloads/ESGI/orchestration/tp1/airflow-env/lib/python3.9/site-packages/airflow/example_dags/example_subdag_operator.py
[2024-06-25T12:17:59.229+0200] {processor.py:830} INFO - Processing file /Users/stockly/Downloads/ESGI/orchestration/tp1/airflow-env/lib/python3.9/site-packages/airflow/example_dags/example_subdag_operator.py for tasks to queue
[2024-06-25T12:17:59.230+0200] {logging_mixin.py:188} INFO - [2024-06-25T12:17:59.230+0200] {dagbag.py:545} INFO - Filling up the DagBag from /Users/stockly/Downloads/ESGI/orchestration/tp1/airflow-env/lib/python3.9/site-packages/airflow/example_dags/example_subdag_operator.py
[2024-06-25T12:17:59.347+0200] {processor.py:840} INFO - DAG(s) 'example_subdag_operator.section-1', 'example_subdag_operator.section-2', 'example_subdag_operator' retrieved from /Users/stockly/Downloads/ESGI/orchestration/tp1/airflow-env/lib/python3.9/site-packages/airflow/example_dags/example_subdag_operator.py
[2024-06-25T12:17:59.396+0200] {logging_mixin.py:188} INFO - [2024-06-25T12:17:59.396+0200] {dag.py:3096} INFO - Sync 3 DAGs
[2024-06-25T12:17:59.465+0200] {logging_mixin.py:188} INFO - [2024-06-25T12:17:59.464+0200] {dag.py:3954} INFO - Setting next_dagrun for example_subdag_operator to 2022-01-01 00:00:00+00:00, run_after=2022-01-01 00:00:00+00:00
[2024-06-25T12:17:59.468+0200] {logging_mixin.py:188} INFO - [2024-06-25T12:17:59.468+0200] {dag.py:3954} INFO - Setting next_dagrun for example_subdag_operator.section-1 to None, run_after=None
[2024-06-25T12:17:59.469+0200] {logging_mixin.py:188} INFO - [2024-06-25T12:17:59.469+0200] {dag.py:3954} INFO - Setting next_dagrun for example_subdag_operator.section-2 to None, run_after=None
[2024-06-25T12:17:59.474+0200] {logging_mixin.py:188} INFO - [2024-06-25T12:17:59.474+0200] {dag.py:3096} INFO - Sync 2 DAGs
[2024-06-25T12:17:59.478+0200] {logging_mixin.py:188} INFO - [2024-06-25T12:17:59.478+0200] {dag.py:3954} INFO - Setting next_dagrun for example_subdag_operator.section-1 to None, run_after=None
[2024-06-25T12:17:59.478+0200] {logging_mixin.py:188} INFO - [2024-06-25T12:17:59.478+0200] {dag.py:3954} INFO - Setting next_dagrun for example_subdag_operator.section-2 to None, run_after=None
[2024-06-25T12:17:59.490+0200] {processor.py:183} INFO - Processing /Users/stockly/Downloads/ESGI/orchestration/tp1/airflow-env/lib/python3.9/site-packages/airflow/example_dags/example_subdag_operator.py took 0.267 seconds
[2024-06-25T12:19:51.468+0200] {processor.py:161} INFO - Started process (PID=14223) to work on /Users/stockly/Downloads/ESGI/orchestration/tp1/airflow-env/lib/python3.9/site-packages/airflow/example_dags/example_subdag_operator.py
[2024-06-25T12:19:51.472+0200] {processor.py:830} INFO - Processing file /Users/stockly/Downloads/ESGI/orchestration/tp1/airflow-env/lib/python3.9/site-packages/airflow/example_dags/example_subdag_operator.py for tasks to queue
[2024-06-25T12:19:51.472+0200] {logging_mixin.py:188} INFO - [2024-06-25T12:19:51.472+0200] {dagbag.py:545} INFO - Filling up the DagBag from /Users/stockly/Downloads/ESGI/orchestration/tp1/airflow-env/lib/python3.9/site-packages/airflow/example_dags/example_subdag_operator.py
[2024-06-25T12:19:51.587+0200] {processor.py:840} INFO - DAG(s) 'example_subdag_operator.section-1', 'example_subdag_operator.section-2', 'example_subdag_operator' retrieved from /Users/stockly/Downloads/ESGI/orchestration/tp1/airflow-env/lib/python3.9/site-packages/airflow/example_dags/example_subdag_operator.py
[2024-06-25T12:19:51.639+0200] {logging_mixin.py:188} INFO - [2024-06-25T12:19:51.639+0200] {dag.py:3096} INFO - Sync 3 DAGs
[2024-06-25T12:19:51.701+0200] {logging_mixin.py:188} INFO - [2024-06-25T12:19:51.701+0200] {dag.py:3954} INFO - Setting next_dagrun for example_subdag_operator to 2022-01-01 00:00:00+00:00, run_after=2022-01-01 00:00:00+00:00
[2024-06-25T12:19:51.704+0200] {logging_mixin.py:188} INFO - [2024-06-25T12:19:51.704+0200] {dag.py:3954} INFO - Setting next_dagrun for example_subdag_operator.section-1 to None, run_after=None
[2024-06-25T12:19:51.705+0200] {logging_mixin.py:188} INFO - [2024-06-25T12:19:51.705+0200] {dag.py:3954} INFO - Setting next_dagrun for example_subdag_operator.section-2 to None, run_after=None
[2024-06-25T12:19:51.711+0200] {logging_mixin.py:188} INFO - [2024-06-25T12:19:51.710+0200] {dag.py:3096} INFO - Sync 2 DAGs
[2024-06-25T12:19:51.714+0200] {logging_mixin.py:188} INFO - [2024-06-25T12:19:51.714+0200] {dag.py:3954} INFO - Setting next_dagrun for example_subdag_operator.section-1 to None, run_after=None
[2024-06-25T12:19:51.715+0200] {logging_mixin.py:188} INFO - [2024-06-25T12:19:51.715+0200] {dag.py:3954} INFO - Setting next_dagrun for example_subdag_operator.section-2 to None, run_after=None
[2024-06-25T12:19:51.737+0200] {processor.py:183} INFO - Processing /Users/stockly/Downloads/ESGI/orchestration/tp1/airflow-env/lib/python3.9/site-packages/airflow/example_dags/example_subdag_operator.py took 0.272 seconds
[2024-06-25T12:21:46.211+0200] {processor.py:161} INFO - Started process (PID=14272) to work on /Users/stockly/Downloads/ESGI/orchestration/tp1/airflow-env/lib/python3.9/site-packages/airflow/example_dags/example_subdag_operator.py
[2024-06-25T12:21:46.214+0200] {processor.py:830} INFO - Processing file /Users/stockly/Downloads/ESGI/orchestration/tp1/airflow-env/lib/python3.9/site-packages/airflow/example_dags/example_subdag_operator.py for tasks to queue
[2024-06-25T12:21:46.215+0200] {logging_mixin.py:188} INFO - [2024-06-25T12:21:46.215+0200] {dagbag.py:545} INFO - Filling up the DagBag from /Users/stockly/Downloads/ESGI/orchestration/tp1/airflow-env/lib/python3.9/site-packages/airflow/example_dags/example_subdag_operator.py
[2024-06-25T12:21:46.334+0200] {processor.py:840} INFO - DAG(s) 'example_subdag_operator.section-1', 'example_subdag_operator.section-2', 'example_subdag_operator' retrieved from /Users/stockly/Downloads/ESGI/orchestration/tp1/airflow-env/lib/python3.9/site-packages/airflow/example_dags/example_subdag_operator.py
[2024-06-25T12:21:46.388+0200] {logging_mixin.py:188} INFO - [2024-06-25T12:21:46.388+0200] {dag.py:3096} INFO - Sync 3 DAGs
[2024-06-25T12:21:46.451+0200] {logging_mixin.py:188} INFO - [2024-06-25T12:21:46.451+0200] {dag.py:3954} INFO - Setting next_dagrun for example_subdag_operator to 2022-01-01 00:00:00+00:00, run_after=2022-01-01 00:00:00+00:00
[2024-06-25T12:21:46.455+0200] {logging_mixin.py:188} INFO - [2024-06-25T12:21:46.454+0200] {dag.py:3954} INFO - Setting next_dagrun for example_subdag_operator.section-1 to None, run_after=None
[2024-06-25T12:21:46.455+0200] {logging_mixin.py:188} INFO - [2024-06-25T12:21:46.455+0200] {dag.py:3954} INFO - Setting next_dagrun for example_subdag_operator.section-2 to None, run_after=None
[2024-06-25T12:21:46.461+0200] {logging_mixin.py:188} INFO - [2024-06-25T12:21:46.461+0200] {dag.py:3096} INFO - Sync 2 DAGs
[2024-06-25T12:21:46.467+0200] {logging_mixin.py:188} INFO - [2024-06-25T12:21:46.466+0200] {dag.py:3954} INFO - Setting next_dagrun for example_subdag_operator.section-1 to None, run_after=None
[2024-06-25T12:21:46.467+0200] {logging_mixin.py:188} INFO - [2024-06-25T12:21:46.467+0200] {dag.py:3954} INFO - Setting next_dagrun for example_subdag_operator.section-2 to None, run_after=None
[2024-06-25T12:21:46.489+0200] {processor.py:183} INFO - Processing /Users/stockly/Downloads/ESGI/orchestration/tp1/airflow-env/lib/python3.9/site-packages/airflow/example_dags/example_subdag_operator.py took 0.281 seconds
[2024-06-25T12:23:39.818+0200] {processor.py:161} INFO - Started process (PID=14325) to work on /Users/stockly/Downloads/ESGI/orchestration/tp1/airflow-env/lib/python3.9/site-packages/airflow/example_dags/example_subdag_operator.py
[2024-06-25T12:23:39.821+0200] {processor.py:830} INFO - Processing file /Users/stockly/Downloads/ESGI/orchestration/tp1/airflow-env/lib/python3.9/site-packages/airflow/example_dags/example_subdag_operator.py for tasks to queue
[2024-06-25T12:23:39.822+0200] {logging_mixin.py:188} INFO - [2024-06-25T12:23:39.822+0200] {dagbag.py:545} INFO - Filling up the DagBag from /Users/stockly/Downloads/ESGI/orchestration/tp1/airflow-env/lib/python3.9/site-packages/airflow/example_dags/example_subdag_operator.py
[2024-06-25T12:23:39.955+0200] {processor.py:840} INFO - DAG(s) 'example_subdag_operator.section-1', 'example_subdag_operator.section-2', 'example_subdag_operator' retrieved from /Users/stockly/Downloads/ESGI/orchestration/tp1/airflow-env/lib/python3.9/site-packages/airflow/example_dags/example_subdag_operator.py
[2024-06-25T12:23:40.010+0200] {logging_mixin.py:188} INFO - [2024-06-25T12:23:40.010+0200] {dag.py:3096} INFO - Sync 3 DAGs
[2024-06-25T12:23:40.077+0200] {logging_mixin.py:188} INFO - [2024-06-25T12:23:40.076+0200] {dag.py:3954} INFO - Setting next_dagrun for example_subdag_operator to 2022-01-01 00:00:00+00:00, run_after=2022-01-01 00:00:00+00:00
[2024-06-25T12:23:40.080+0200] {logging_mixin.py:188} INFO - [2024-06-25T12:23:40.080+0200] {dag.py:3954} INFO - Setting next_dagrun for example_subdag_operator.section-1 to None, run_after=None
[2024-06-25T12:23:40.081+0200] {logging_mixin.py:188} INFO - [2024-06-25T12:23:40.081+0200] {dag.py:3954} INFO - Setting next_dagrun for example_subdag_operator.section-2 to None, run_after=None
[2024-06-25T12:23:40.087+0200] {logging_mixin.py:188} INFO - [2024-06-25T12:23:40.087+0200] {dag.py:3096} INFO - Sync 2 DAGs
[2024-06-25T12:23:40.091+0200] {logging_mixin.py:188} INFO - [2024-06-25T12:23:40.090+0200] {dag.py:3954} INFO - Setting next_dagrun for example_subdag_operator.section-1 to None, run_after=None
[2024-06-25T12:23:40.091+0200] {logging_mixin.py:188} INFO - [2024-06-25T12:23:40.091+0200] {dag.py:3954} INFO - Setting next_dagrun for example_subdag_operator.section-2 to None, run_after=None
[2024-06-25T12:23:40.104+0200] {processor.py:183} INFO - Processing /Users/stockly/Downloads/ESGI/orchestration/tp1/airflow-env/lib/python3.9/site-packages/airflow/example_dags/example_subdag_operator.py took 0.290 seconds
[2024-06-25T12:26:34.013+0200] {processor.py:161} INFO - Started process (PID=14435) to work on /Users/stockly/Library/Python/3.9/lib/python/site-packages/airflow/example_dags/example_subdag_operator.py
[2024-06-25T12:26:34.017+0200] {processor.py:830} INFO - Processing file /Users/stockly/Library/Python/3.9/lib/python/site-packages/airflow/example_dags/example_subdag_operator.py for tasks to queue
[2024-06-25T12:26:34.017+0200] {logging_mixin.py:188} INFO - [2024-06-25T12:26:34.017+0200] {dagbag.py:545} INFO - Filling up the DagBag from /Users/stockly/Library/Python/3.9/lib/python/site-packages/airflow/example_dags/example_subdag_operator.py
[2024-06-25T12:26:34.128+0200] {processor.py:840} INFO - DAG(s) 'example_subdag_operator.section-1', 'example_subdag_operator.section-2', 'example_subdag_operator' retrieved from /Users/stockly/Library/Python/3.9/lib/python/site-packages/airflow/example_dags/example_subdag_operator.py
[2024-06-25T12:26:34.288+0200] {logging_mixin.py:188} INFO - [2024-06-25T12:26:34.288+0200] {dag.py:3096} INFO - Sync 3 DAGs
[2024-06-25T12:26:34.306+0200] {logging_mixin.py:188} INFO - [2024-06-25T12:26:34.306+0200] {dag.py:3954} INFO - Setting next_dagrun for example_subdag_operator to 2022-01-01 00:00:00+00:00, run_after=2022-01-01 00:00:00+00:00
[2024-06-25T12:26:34.308+0200] {logging_mixin.py:188} INFO - [2024-06-25T12:26:34.308+0200] {dag.py:3954} INFO - Setting next_dagrun for example_subdag_operator.section-1 to None, run_after=None
[2024-06-25T12:26:34.309+0200] {logging_mixin.py:188} INFO - [2024-06-25T12:26:34.309+0200] {dag.py:3954} INFO - Setting next_dagrun for example_subdag_operator.section-2 to None, run_after=None
[2024-06-25T12:26:34.317+0200] {logging_mixin.py:188} INFO - [2024-06-25T12:26:34.317+0200] {dag.py:3096} INFO - Sync 2 DAGs
[2024-06-25T12:26:34.321+0200] {logging_mixin.py:188} INFO - [2024-06-25T12:26:34.321+0200] {dag.py:3954} INFO - Setting next_dagrun for example_subdag_operator.section-1 to None, run_after=None
[2024-06-25T12:26:34.321+0200] {logging_mixin.py:188} INFO - [2024-06-25T12:26:34.321+0200] {dag.py:3954} INFO - Setting next_dagrun for example_subdag_operator.section-2 to None, run_after=None
[2024-06-25T12:26:34.343+0200] {processor.py:183} INFO - Processing /Users/stockly/Library/Python/3.9/lib/python/site-packages/airflow/example_dags/example_subdag_operator.py took 0.332 seconds
