[2024-06-25T12:09:09.767+0200] {processor.py:161} INFO - Started process (PID=13824) to work on /Users/stockly/Downloads/ESGI/orchestration/tp1/airflow-env/lib/python3.9/site-packages/airflow/example_dags/example_sensor_decorator.py
[2024-06-25T12:09:09.770+0200] {processor.py:830} INFO - Processing file /Users/stockly/Downloads/ESGI/orchestration/tp1/airflow-env/lib/python3.9/site-packages/airflow/example_dags/example_sensor_decorator.py for tasks to queue
[2024-06-25T12:09:09.771+0200] {logging_mixin.py:188} INFO - [2024-06-25T12:09:09.771+0200] {dagbag.py:545} INFO - Filling up the DagBag from /Users/stockly/Downloads/ESGI/orchestration/tp1/airflow-env/lib/python3.9/site-packages/airflow/example_dags/example_sensor_decorator.py
[2024-06-25T12:09:09.806+0200] {processor.py:840} INFO - DAG(s) 'example_sensor_decorator' retrieved from /Users/stockly/Downloads/ESGI/orchestration/tp1/airflow-env/lib/python3.9/site-packages/airflow/example_dags/example_sensor_decorator.py
[2024-06-25T12:09:10.069+0200] {logging_mixin.py:188} INFO - [2024-06-25T12:09:10.068+0200] {override.py:1829} INFO - Created Permission View: can read on DAG:example_sensor_decorator
[2024-06-25T12:09:10.078+0200] {logging_mixin.py:188} INFO - [2024-06-25T12:09:10.077+0200] {override.py:1829} INFO - Created Permission View: can delete on DAG:example_sensor_decorator
[2024-06-25T12:09:10.084+0200] {logging_mixin.py:188} INFO - [2024-06-25T12:09:10.084+0200] {override.py:1829} INFO - Created Permission View: can edit on DAG:example_sensor_decorator
[2024-06-25T12:09:10.085+0200] {logging_mixin.py:188} INFO - [2024-06-25T12:09:10.084+0200] {dag.py:3096} INFO - Sync 1 DAGs
[2024-06-25T12:09:10.097+0200] {logging_mixin.py:188} INFO - [2024-06-25T12:09:10.097+0200] {dag.py:3118} INFO - Creating ORM DAG for example_sensor_decorator
[2024-06-25T12:09:10.099+0200] {logging_mixin.py:188} INFO - [2024-06-25T12:09:10.099+0200] {dag.py:3954} INFO - Setting next_dagrun for example_sensor_decorator to None, run_after=None
[2024-06-25T12:09:10.117+0200] {processor.py:183} INFO - Processing /Users/stockly/Downloads/ESGI/orchestration/tp1/airflow-env/lib/python3.9/site-packages/airflow/example_dags/example_sensor_decorator.py took 0.353 seconds
[2024-06-25T12:11:36.099+0200] {processor.py:161} INFO - Started process (PID=13930) to work on /Users/stockly/Downloads/ESGI/orchestration/tp1/airflow-env/lib/python3.9/site-packages/airflow/example_dags/example_sensor_decorator.py
[2024-06-25T12:11:36.106+0200] {processor.py:830} INFO - Processing file /Users/stockly/Downloads/ESGI/orchestration/tp1/airflow-env/lib/python3.9/site-packages/airflow/example_dags/example_sensor_decorator.py for tasks to queue
[2024-06-25T12:11:36.107+0200] {logging_mixin.py:188} INFO - [2024-06-25T12:11:36.107+0200] {dagbag.py:545} INFO - Filling up the DagBag from /Users/stockly/Downloads/ESGI/orchestration/tp1/airflow-env/lib/python3.9/site-packages/airflow/example_dags/example_sensor_decorator.py
[2024-06-25T12:11:36.153+0200] {processor.py:840} INFO - DAG(s) 'example_sensor_decorator' retrieved from /Users/stockly/Downloads/ESGI/orchestration/tp1/airflow-env/lib/python3.9/site-packages/airflow/example_dags/example_sensor_decorator.py
[2024-06-25T12:11:36.332+0200] {logging_mixin.py:188} INFO - [2024-06-25T12:11:36.332+0200] {dag.py:3096} INFO - Sync 1 DAGs
[2024-06-25T12:11:36.342+0200] {logging_mixin.py:188} INFO - [2024-06-25T12:11:36.341+0200] {dag.py:3954} INFO - Setting next_dagrun for example_sensor_decorator to None, run_after=None
[2024-06-25T12:11:36.360+0200] {processor.py:183} INFO - Processing /Users/stockly/Downloads/ESGI/orchestration/tp1/airflow-env/lib/python3.9/site-packages/airflow/example_dags/example_sensor_decorator.py took 0.265 seconds
[2024-06-25T12:15:59.668+0200] {processor.py:161} INFO - Started process (PID=14114) to work on /Users/stockly/Downloads/ESGI/orchestration/tp1/airflow-env/lib/python3.9/site-packages/airflow/example_dags/example_sensor_decorator.py
[2024-06-25T12:15:59.671+0200] {processor.py:830} INFO - Processing file /Users/stockly/Downloads/ESGI/orchestration/tp1/airflow-env/lib/python3.9/site-packages/airflow/example_dags/example_sensor_decorator.py for tasks to queue
[2024-06-25T12:15:59.672+0200] {logging_mixin.py:188} INFO - [2024-06-25T12:15:59.672+0200] {dagbag.py:545} INFO - Filling up the DagBag from /Users/stockly/Downloads/ESGI/orchestration/tp1/airflow-env/lib/python3.9/site-packages/airflow/example_dags/example_sensor_decorator.py
[2024-06-25T12:15:59.708+0200] {processor.py:840} INFO - DAG(s) 'example_sensor_decorator' retrieved from /Users/stockly/Downloads/ESGI/orchestration/tp1/airflow-env/lib/python3.9/site-packages/airflow/example_dags/example_sensor_decorator.py
[2024-06-25T12:15:59.884+0200] {logging_mixin.py:188} INFO - [2024-06-25T12:15:59.884+0200] {dag.py:3096} INFO - Sync 1 DAGs
[2024-06-25T12:15:59.894+0200] {logging_mixin.py:188} INFO - [2024-06-25T12:15:59.893+0200] {dag.py:3954} INFO - Setting next_dagrun for example_sensor_decorator to None, run_after=None
[2024-06-25T12:15:59.919+0200] {processor.py:183} INFO - Processing /Users/stockly/Downloads/ESGI/orchestration/tp1/airflow-env/lib/python3.9/site-packages/airflow/example_dags/example_sensor_decorator.py took 0.254 seconds
[2024-06-25T12:18:21.762+0200] {processor.py:161} INFO - Started process (PID=14183) to work on /Users/stockly/Downloads/ESGI/orchestration/tp1/airflow-env/lib/python3.9/site-packages/airflow/example_dags/example_sensor_decorator.py
[2024-06-25T12:18:21.765+0200] {processor.py:830} INFO - Processing file /Users/stockly/Downloads/ESGI/orchestration/tp1/airflow-env/lib/python3.9/site-packages/airflow/example_dags/example_sensor_decorator.py for tasks to queue
[2024-06-25T12:18:21.766+0200] {logging_mixin.py:188} INFO - [2024-06-25T12:18:21.765+0200] {dagbag.py:545} INFO - Filling up the DagBag from /Users/stockly/Downloads/ESGI/orchestration/tp1/airflow-env/lib/python3.9/site-packages/airflow/example_dags/example_sensor_decorator.py
[2024-06-25T12:18:21.811+0200] {processor.py:840} INFO - DAG(s) 'example_sensor_decorator' retrieved from /Users/stockly/Downloads/ESGI/orchestration/tp1/airflow-env/lib/python3.9/site-packages/airflow/example_dags/example_sensor_decorator.py
[2024-06-25T12:18:22.168+0200] {logging_mixin.py:188} INFO - [2024-06-25T12:18:22.167+0200] {dag.py:3096} INFO - Sync 1 DAGs
[2024-06-25T12:18:22.178+0200] {logging_mixin.py:188} INFO - [2024-06-25T12:18:22.178+0200] {dag.py:3954} INFO - Setting next_dagrun for example_sensor_decorator to None, run_after=None
[2024-06-25T12:18:22.197+0200] {processor.py:183} INFO - Processing /Users/stockly/Downloads/ESGI/orchestration/tp1/airflow-env/lib/python3.9/site-packages/airflow/example_dags/example_sensor_decorator.py took 0.438 seconds
[2024-06-25T12:20:14.183+0200] {processor.py:161} INFO - Started process (PID=14235) to work on /Users/stockly/Downloads/ESGI/orchestration/tp1/airflow-env/lib/python3.9/site-packages/airflow/example_dags/example_sensor_decorator.py
[2024-06-25T12:20:14.195+0200] {processor.py:830} INFO - Processing file /Users/stockly/Downloads/ESGI/orchestration/tp1/airflow-env/lib/python3.9/site-packages/airflow/example_dags/example_sensor_decorator.py for tasks to queue
[2024-06-25T12:20:14.196+0200] {logging_mixin.py:188} INFO - [2024-06-25T12:20:14.196+0200] {dagbag.py:545} INFO - Filling up the DagBag from /Users/stockly/Downloads/ESGI/orchestration/tp1/airflow-env/lib/python3.9/site-packages/airflow/example_dags/example_sensor_decorator.py
[2024-06-25T12:20:14.237+0200] {processor.py:840} INFO - DAG(s) 'example_sensor_decorator' retrieved from /Users/stockly/Downloads/ESGI/orchestration/tp1/airflow-env/lib/python3.9/site-packages/airflow/example_dags/example_sensor_decorator.py
[2024-06-25T12:20:14.425+0200] {logging_mixin.py:188} INFO - [2024-06-25T12:20:14.424+0200] {dag.py:3096} INFO - Sync 1 DAGs
[2024-06-25T12:20:14.435+0200] {logging_mixin.py:188} INFO - [2024-06-25T12:20:14.434+0200] {dag.py:3954} INFO - Setting next_dagrun for example_sensor_decorator to None, run_after=None
[2024-06-25T12:20:14.464+0200] {processor.py:183} INFO - Processing /Users/stockly/Downloads/ESGI/orchestration/tp1/airflow-env/lib/python3.9/site-packages/airflow/example_dags/example_sensor_decorator.py took 0.284 seconds
[2024-06-25T12:22:08.428+0200] {processor.py:161} INFO - Started process (PID=14282) to work on /Users/stockly/Downloads/ESGI/orchestration/tp1/airflow-env/lib/python3.9/site-packages/airflow/example_dags/example_sensor_decorator.py
[2024-06-25T12:22:08.431+0200] {processor.py:830} INFO - Processing file /Users/stockly/Downloads/ESGI/orchestration/tp1/airflow-env/lib/python3.9/site-packages/airflow/example_dags/example_sensor_decorator.py for tasks to queue
[2024-06-25T12:22:08.432+0200] {logging_mixin.py:188} INFO - [2024-06-25T12:22:08.432+0200] {dagbag.py:545} INFO - Filling up the DagBag from /Users/stockly/Downloads/ESGI/orchestration/tp1/airflow-env/lib/python3.9/site-packages/airflow/example_dags/example_sensor_decorator.py
[2024-06-25T12:22:08.472+0200] {processor.py:840} INFO - DAG(s) 'example_sensor_decorator' retrieved from /Users/stockly/Downloads/ESGI/orchestration/tp1/airflow-env/lib/python3.9/site-packages/airflow/example_dags/example_sensor_decorator.py
[2024-06-25T12:22:08.658+0200] {logging_mixin.py:188} INFO - [2024-06-25T12:22:08.658+0200] {dag.py:3096} INFO - Sync 1 DAGs
[2024-06-25T12:22:08.669+0200] {logging_mixin.py:188} INFO - [2024-06-25T12:22:08.669+0200] {dag.py:3954} INFO - Setting next_dagrun for example_sensor_decorator to None, run_after=None
[2024-06-25T12:22:08.691+0200] {processor.py:183} INFO - Processing /Users/stockly/Downloads/ESGI/orchestration/tp1/airflow-env/lib/python3.9/site-packages/airflow/example_dags/example_sensor_decorator.py took 0.265 seconds
