[2024-06-25T12:09:52.777+0200] {processor.py:161} INFO - Started process (PID=13841) to work on /Users/stockly/Downloads/ESGI/orchestration/tp1/airflow-env/lib/python3.9/site-packages/airflow/example_dags/example_datasets.py
[2024-06-25T12:09:52.780+0200] {processor.py:830} INFO - Processing file /Users/stockly/Downloads/ESGI/orchestration/tp1/airflow-env/lib/python3.9/site-packages/airflow/example_dags/example_datasets.py for tasks to queue
[2024-06-25T12:09:52.781+0200] {logging_mixin.py:188} INFO - [2024-06-25T12:09:52.781+0200] {dagbag.py:545} INFO - Filling up the DagBag from /Users/stockly/Downloads/ESGI/orchestration/tp1/airflow-env/lib/python3.9/site-packages/airflow/example_dags/example_datasets.py
[2024-06-25T12:09:52.883+0200] {processor.py:840} INFO - DAG(s) 'dataset_consumes_1_and_2', 'dataset_produces_1', 'dataset_consumes_1', 'consume_1_and_2_with_dataset_expressions', 'dataset_consumes_unknown_never_scheduled', 'consume_1_or_2_with_dataset_expressions', 'consume_1_or_both_2_and_3_with_dataset_expressions', 'dataset_consumes_1_never_scheduled', 'conditional_dataset_and_time_based_timetable', 'dataset_produces_2' retrieved from /Users/stockly/Downloads/ESGI/orchestration/tp1/airflow-env/lib/python3.9/site-packages/airflow/example_dags/example_datasets.py
[2024-06-25T12:09:53.134+0200] {logging_mixin.py:188} INFO - [2024-06-25T12:09:53.134+0200] {override.py:1829} INFO - Created Permission View: can read on DAG:dataset_consumes_1_and_2
[2024-06-25T12:09:53.143+0200] {logging_mixin.py:188} INFO - [2024-06-25T12:09:53.143+0200] {override.py:1829} INFO - Created Permission View: can delete on DAG:dataset_consumes_1_and_2
[2024-06-25T12:09:53.149+0200] {logging_mixin.py:188} INFO - [2024-06-25T12:09:53.149+0200] {override.py:1829} INFO - Created Permission View: can edit on DAG:dataset_consumes_1_and_2
[2024-06-25T12:09:53.163+0200] {logging_mixin.py:188} INFO - [2024-06-25T12:09:53.162+0200] {override.py:1829} INFO - Created Permission View: can read on DAG:dataset_produces_1
[2024-06-25T12:09:53.168+0200] {logging_mixin.py:188} INFO - [2024-06-25T12:09:53.168+0200] {override.py:1829} INFO - Created Permission View: can delete on DAG:dataset_produces_1
[2024-06-25T12:09:53.174+0200] {logging_mixin.py:188} INFO - [2024-06-25T12:09:53.174+0200] {override.py:1829} INFO - Created Permission View: can edit on DAG:dataset_produces_1
[2024-06-25T12:09:53.185+0200] {logging_mixin.py:188} INFO - [2024-06-25T12:09:53.185+0200] {override.py:1829} INFO - Created Permission View: can read on DAG:dataset_consumes_1
[2024-06-25T12:09:53.191+0200] {logging_mixin.py:188} INFO - [2024-06-25T12:09:53.191+0200] {override.py:1829} INFO - Created Permission View: can delete on DAG:dataset_consumes_1
[2024-06-25T12:09:53.197+0200] {logging_mixin.py:188} INFO - [2024-06-25T12:09:53.197+0200] {override.py:1829} INFO - Created Permission View: can edit on DAG:dataset_consumes_1
[2024-06-25T12:09:53.208+0200] {logging_mixin.py:188} INFO - [2024-06-25T12:09:53.207+0200] {override.py:1829} INFO - Created Permission View: can read on DAG:consume_1_and_2_with_dataset_expressions
[2024-06-25T12:09:53.213+0200] {logging_mixin.py:188} INFO - [2024-06-25T12:09:53.213+0200] {override.py:1829} INFO - Created Permission View: can delete on DAG:consume_1_and_2_with_dataset_expressions
[2024-06-25T12:09:53.219+0200] {logging_mixin.py:188} INFO - [2024-06-25T12:09:53.219+0200] {override.py:1829} INFO - Created Permission View: can edit on DAG:consume_1_and_2_with_dataset_expressions
[2024-06-25T12:09:53.231+0200] {logging_mixin.py:188} INFO - [2024-06-25T12:09:53.231+0200] {override.py:1829} INFO - Created Permission View: can read on DAG:dataset_consumes_unknown_never_scheduled
[2024-06-25T12:09:53.237+0200] {logging_mixin.py:188} INFO - [2024-06-25T12:09:53.237+0200] {override.py:1829} INFO - Created Permission View: can delete on DAG:dataset_consumes_unknown_never_scheduled
[2024-06-25T12:09:53.243+0200] {logging_mixin.py:188} INFO - [2024-06-25T12:09:53.243+0200] {override.py:1829} INFO - Created Permission View: can edit on DAG:dataset_consumes_unknown_never_scheduled
[2024-06-25T12:09:53.255+0200] {logging_mixin.py:188} INFO - [2024-06-25T12:09:53.255+0200] {override.py:1829} INFO - Created Permission View: can read on DAG:consume_1_or_2_with_dataset_expressions
[2024-06-25T12:09:53.261+0200] {logging_mixin.py:188} INFO - [2024-06-25T12:09:53.261+0200] {override.py:1829} INFO - Created Permission View: can delete on DAG:consume_1_or_2_with_dataset_expressions
[2024-06-25T12:09:53.267+0200] {logging_mixin.py:188} INFO - [2024-06-25T12:09:53.266+0200] {override.py:1829} INFO - Created Permission View: can edit on DAG:consume_1_or_2_with_dataset_expressions
[2024-06-25T12:09:53.279+0200] {logging_mixin.py:188} INFO - [2024-06-25T12:09:53.279+0200] {override.py:1829} INFO - Created Permission View: can read on DAG:consume_1_or_both_2_and_3_with_dataset_expressions
[2024-06-25T12:09:53.285+0200] {logging_mixin.py:188} INFO - [2024-06-25T12:09:53.285+0200] {override.py:1829} INFO - Created Permission View: can delete on DAG:consume_1_or_both_2_and_3_with_dataset_expressions
[2024-06-25T12:09:53.293+0200] {logging_mixin.py:188} INFO - [2024-06-25T12:09:53.293+0200] {override.py:1829} INFO - Created Permission View: can edit on DAG:consume_1_or_both_2_and_3_with_dataset_expressions
[2024-06-25T12:09:53.306+0200] {logging_mixin.py:188} INFO - [2024-06-25T12:09:53.305+0200] {override.py:1829} INFO - Created Permission View: can read on DAG:dataset_consumes_1_never_scheduled
[2024-06-25T12:09:53.312+0200] {logging_mixin.py:188} INFO - [2024-06-25T12:09:53.311+0200] {override.py:1829} INFO - Created Permission View: can delete on DAG:dataset_consumes_1_never_scheduled
[2024-06-25T12:09:53.318+0200] {logging_mixin.py:188} INFO - [2024-06-25T12:09:53.317+0200] {override.py:1829} INFO - Created Permission View: can edit on DAG:dataset_consumes_1_never_scheduled
[2024-06-25T12:09:53.330+0200] {logging_mixin.py:188} INFO - [2024-06-25T12:09:53.329+0200] {override.py:1829} INFO - Created Permission View: can read on DAG:conditional_dataset_and_time_based_timetable
[2024-06-25T12:09:53.336+0200] {logging_mixin.py:188} INFO - [2024-06-25T12:09:53.335+0200] {override.py:1829} INFO - Created Permission View: can delete on DAG:conditional_dataset_and_time_based_timetable
[2024-06-25T12:09:53.341+0200] {logging_mixin.py:188} INFO - [2024-06-25T12:09:53.341+0200] {override.py:1829} INFO - Created Permission View: can edit on DAG:conditional_dataset_and_time_based_timetable
[2024-06-25T12:09:53.353+0200] {logging_mixin.py:188} INFO - [2024-06-25T12:09:53.352+0200] {override.py:1829} INFO - Created Permission View: can read on DAG:dataset_produces_2
[2024-06-25T12:09:53.359+0200] {logging_mixin.py:188} INFO - [2024-06-25T12:09:53.358+0200] {override.py:1829} INFO - Created Permission View: can delete on DAG:dataset_produces_2
[2024-06-25T12:09:53.364+0200] {logging_mixin.py:188} INFO - [2024-06-25T12:09:53.364+0200] {override.py:1829} INFO - Created Permission View: can edit on DAG:dataset_produces_2
[2024-06-25T12:09:53.365+0200] {logging_mixin.py:188} INFO - [2024-06-25T12:09:53.365+0200] {dag.py:3096} INFO - Sync 10 DAGs
[2024-06-25T12:09:53.377+0200] {logging_mixin.py:188} INFO - [2024-06-25T12:09:53.377+0200] {dag.py:3118} INFO - Creating ORM DAG for dataset_consumes_1_and_2
[2024-06-25T12:09:53.378+0200] {logging_mixin.py:188} INFO - [2024-06-25T12:09:53.378+0200] {dag.py:3118} INFO - Creating ORM DAG for consume_1_or_2_with_dataset_expressions
[2024-06-25T12:09:53.379+0200] {logging_mixin.py:188} INFO - [2024-06-25T12:09:53.378+0200] {dag.py:3118} INFO - Creating ORM DAG for conditional_dataset_and_time_based_timetable
[2024-06-25T12:09:53.379+0200] {logging_mixin.py:188} INFO - [2024-06-25T12:09:53.379+0200] {dag.py:3118} INFO - Creating ORM DAG for dataset_consumes_1_never_scheduled
[2024-06-25T12:09:53.380+0200] {logging_mixin.py:188} INFO - [2024-06-25T12:09:53.380+0200] {dag.py:3118} INFO - Creating ORM DAG for dataset_produces_2
[2024-06-25T12:09:53.380+0200] {logging_mixin.py:188} INFO - [2024-06-25T12:09:53.380+0200] {dag.py:3118} INFO - Creating ORM DAG for dataset_consumes_unknown_never_scheduled
[2024-06-25T12:09:53.381+0200] {logging_mixin.py:188} INFO - [2024-06-25T12:09:53.381+0200] {dag.py:3118} INFO - Creating ORM DAG for consume_1_and_2_with_dataset_expressions
[2024-06-25T12:09:53.382+0200] {logging_mixin.py:188} INFO - [2024-06-25T12:09:53.382+0200] {dag.py:3118} INFO - Creating ORM DAG for consume_1_or_both_2_and_3_with_dataset_expressions
[2024-06-25T12:09:53.382+0200] {logging_mixin.py:188} INFO - [2024-06-25T12:09:53.382+0200] {dag.py:3118} INFO - Creating ORM DAG for dataset_consumes_1
[2024-06-25T12:09:53.383+0200] {logging_mixin.py:188} INFO - [2024-06-25T12:09:53.383+0200] {dag.py:3118} INFO - Creating ORM DAG for dataset_produces_1
[2024-06-25T12:09:53.392+0200] {logging_mixin.py:188} INFO - [2024-06-25T12:09:53.391+0200] {dag.py:3954} INFO - Setting next_dagrun for conditional_dataset_and_time_based_timetable to 2024-06-19 01:00:00+00:00, run_after=2024-06-19 01:00:00+00:00
[2024-06-25T12:09:53.392+0200] {logging_mixin.py:188} INFO - [2024-06-25T12:09:53.392+0200] {dag.py:3954} INFO - Setting next_dagrun for consume_1_and_2_with_dataset_expressions to None, run_after=None
[2024-06-25T12:09:53.393+0200] {logging_mixin.py:188} INFO - [2024-06-25T12:09:53.393+0200] {dag.py:3954} INFO - Setting next_dagrun for consume_1_or_2_with_dataset_expressions to None, run_after=None
[2024-06-25T12:09:53.393+0200] {logging_mixin.py:188} INFO - [2024-06-25T12:09:53.393+0200] {dag.py:3954} INFO - Setting next_dagrun for consume_1_or_both_2_and_3_with_dataset_expressions to None, run_after=None
[2024-06-25T12:09:53.394+0200] {logging_mixin.py:188} INFO - [2024-06-25T12:09:53.393+0200] {dag.py:3954} INFO - Setting next_dagrun for dataset_consumes_1 to None, run_after=None
[2024-06-25T12:09:53.394+0200] {logging_mixin.py:188} INFO - [2024-06-25T12:09:53.394+0200] {dag.py:3954} INFO - Setting next_dagrun for dataset_consumes_1_and_2 to None, run_after=None
[2024-06-25T12:09:53.395+0200] {logging_mixin.py:188} INFO - [2024-06-25T12:09:53.395+0200] {dag.py:3954} INFO - Setting next_dagrun for dataset_consumes_1_never_scheduled to None, run_after=None
[2024-06-25T12:09:53.395+0200] {logging_mixin.py:188} INFO - [2024-06-25T12:09:53.395+0200] {dag.py:3954} INFO - Setting next_dagrun for dataset_consumes_unknown_never_scheduled to None, run_after=None
[2024-06-25T12:09:53.397+0200] {logging_mixin.py:188} INFO - [2024-06-25T12:09:53.397+0200] {dag.py:3954} INFO - Setting next_dagrun for dataset_produces_1 to 2024-06-24 00:00:00+00:00, run_after=2024-06-25 00:00:00+00:00
[2024-06-25T12:09:53.398+0200] {logging_mixin.py:188} INFO - [2024-06-25T12:09:53.398+0200] {dag.py:3954} INFO - Setting next_dagrun for dataset_produces_2 to None, run_after=None
[2024-06-25T12:09:53.437+0200] {processor.py:183} INFO - Processing /Users/stockly/Downloads/ESGI/orchestration/tp1/airflow-env/lib/python3.9/site-packages/airflow/example_dags/example_datasets.py took 0.662 seconds
[2024-06-25T12:16:41.422+0200] {processor.py:161} INFO - Started process (PID=14131) to work on /Users/stockly/Downloads/ESGI/orchestration/tp1/airflow-env/lib/python3.9/site-packages/airflow/example_dags/example_datasets.py
[2024-06-25T12:16:41.433+0200] {processor.py:830} INFO - Processing file /Users/stockly/Downloads/ESGI/orchestration/tp1/airflow-env/lib/python3.9/site-packages/airflow/example_dags/example_datasets.py for tasks to queue
[2024-06-25T12:16:41.434+0200] {logging_mixin.py:188} INFO - [2024-06-25T12:16:41.433+0200] {dagbag.py:545} INFO - Filling up the DagBag from /Users/stockly/Downloads/ESGI/orchestration/tp1/airflow-env/lib/python3.9/site-packages/airflow/example_dags/example_datasets.py
[2024-06-25T12:16:41.540+0200] {processor.py:840} INFO - DAG(s) 'dataset_consumes_unknown_never_scheduled', 'dataset_consumes_1_and_2', 'consume_1_and_2_with_dataset_expressions', 'consume_1_or_both_2_and_3_with_dataset_expressions', 'consume_1_or_2_with_dataset_expressions', 'conditional_dataset_and_time_based_timetable', 'dataset_produces_2', 'dataset_consumes_1_never_scheduled', 'dataset_produces_1', 'dataset_consumes_1' retrieved from /Users/stockly/Downloads/ESGI/orchestration/tp1/airflow-env/lib/python3.9/site-packages/airflow/example_dags/example_datasets.py
[2024-06-25T12:16:41.734+0200] {logging_mixin.py:188} INFO - [2024-06-25T12:16:41.734+0200] {dag.py:3096} INFO - Sync 10 DAGs
[2024-06-25T12:16:41.754+0200] {logging_mixin.py:188} INFO - [2024-06-25T12:16:41.753+0200] {dag.py:3954} INFO - Setting next_dagrun for conditional_dataset_and_time_based_timetable to 2024-06-19 01:00:00+00:00, run_after=2024-06-19 01:00:00+00:00
[2024-06-25T12:16:41.757+0200] {logging_mixin.py:188} INFO - [2024-06-25T12:16:41.757+0200] {dag.py:3954} INFO - Setting next_dagrun for consume_1_and_2_with_dataset_expressions to None, run_after=None
[2024-06-25T12:16:41.758+0200] {logging_mixin.py:188} INFO - [2024-06-25T12:16:41.758+0200] {dag.py:3954} INFO - Setting next_dagrun for consume_1_or_2_with_dataset_expressions to None, run_after=None
[2024-06-25T12:16:41.759+0200] {logging_mixin.py:188} INFO - [2024-06-25T12:16:41.759+0200] {dag.py:3954} INFO - Setting next_dagrun for consume_1_or_both_2_and_3_with_dataset_expressions to None, run_after=None
[2024-06-25T12:16:41.760+0200] {logging_mixin.py:188} INFO - [2024-06-25T12:16:41.760+0200] {dag.py:3954} INFO - Setting next_dagrun for dataset_consumes_1 to None, run_after=None
[2024-06-25T12:16:41.761+0200] {logging_mixin.py:188} INFO - [2024-06-25T12:16:41.761+0200] {dag.py:3954} INFO - Setting next_dagrun for dataset_consumes_1_and_2 to None, run_after=None
[2024-06-25T12:16:41.762+0200] {logging_mixin.py:188} INFO - [2024-06-25T12:16:41.762+0200] {dag.py:3954} INFO - Setting next_dagrun for dataset_consumes_1_never_scheduled to None, run_after=None
[2024-06-25T12:16:41.763+0200] {logging_mixin.py:188} INFO - [2024-06-25T12:16:41.762+0200] {dag.py:3954} INFO - Setting next_dagrun for dataset_consumes_unknown_never_scheduled to None, run_after=None
[2024-06-25T12:16:41.765+0200] {logging_mixin.py:188} INFO - [2024-06-25T12:16:41.765+0200] {dag.py:3954} INFO - Setting next_dagrun for dataset_produces_1 to 2024-06-24 00:00:00+00:00, run_after=2024-06-25 00:00:00+00:00
[2024-06-25T12:16:41.767+0200] {logging_mixin.py:188} INFO - [2024-06-25T12:16:41.766+0200] {dag.py:3954} INFO - Setting next_dagrun for dataset_produces_2 to None, run_after=None
[2024-06-25T12:16:41.803+0200] {processor.py:183} INFO - Processing /Users/stockly/Downloads/ESGI/orchestration/tp1/airflow-env/lib/python3.9/site-packages/airflow/example_dags/example_datasets.py took 0.384 seconds
[2024-06-25T12:20:28.235+0200] {processor.py:161} INFO - Started process (PID=14240) to work on /Users/stockly/Downloads/ESGI/orchestration/tp1/airflow-env/lib/python3.9/site-packages/airflow/example_dags/example_datasets.py
[2024-06-25T12:20:28.246+0200] {processor.py:830} INFO - Processing file /Users/stockly/Downloads/ESGI/orchestration/tp1/airflow-env/lib/python3.9/site-packages/airflow/example_dags/example_datasets.py for tasks to queue
[2024-06-25T12:20:28.247+0200] {logging_mixin.py:188} INFO - [2024-06-25T12:20:28.247+0200] {dagbag.py:545} INFO - Filling up the DagBag from /Users/stockly/Downloads/ESGI/orchestration/tp1/airflow-env/lib/python3.9/site-packages/airflow/example_dags/example_datasets.py
[2024-06-25T12:20:28.395+0200] {processor.py:840} INFO - DAG(s) 'consume_1_or_both_2_and_3_with_dataset_expressions', 'dataset_consumes_1_never_scheduled', 'conditional_dataset_and_time_based_timetable', 'dataset_consumes_1_and_2', 'consume_1_and_2_with_dataset_expressions', 'dataset_consumes_unknown_never_scheduled', 'consume_1_or_2_with_dataset_expressions', 'dataset_produces_1', 'dataset_consumes_1', 'dataset_produces_2' retrieved from /Users/stockly/Downloads/ESGI/orchestration/tp1/airflow-env/lib/python3.9/site-packages/airflow/example_dags/example_datasets.py
[2024-06-25T12:20:28.596+0200] {logging_mixin.py:188} INFO - [2024-06-25T12:20:28.596+0200] {dag.py:3096} INFO - Sync 10 DAGs
[2024-06-25T12:20:28.618+0200] {logging_mixin.py:188} INFO - [2024-06-25T12:20:28.618+0200] {dag.py:3954} INFO - Setting next_dagrun for conditional_dataset_and_time_based_timetable to 2024-06-19 01:00:00+00:00, run_after=2024-06-19 01:00:00+00:00
[2024-06-25T12:20:28.622+0200] {logging_mixin.py:188} INFO - [2024-06-25T12:20:28.622+0200] {dag.py:3954} INFO - Setting next_dagrun for consume_1_and_2_with_dataset_expressions to None, run_after=None
[2024-06-25T12:20:28.623+0200] {logging_mixin.py:188} INFO - [2024-06-25T12:20:28.623+0200] {dag.py:3954} INFO - Setting next_dagrun for consume_1_or_2_with_dataset_expressions to None, run_after=None
[2024-06-25T12:20:28.625+0200] {logging_mixin.py:188} INFO - [2024-06-25T12:20:28.624+0200] {dag.py:3954} INFO - Setting next_dagrun for consume_1_or_both_2_and_3_with_dataset_expressions to None, run_after=None
[2024-06-25T12:20:28.626+0200] {logging_mixin.py:188} INFO - [2024-06-25T12:20:28.626+0200] {dag.py:3954} INFO - Setting next_dagrun for dataset_consumes_1 to None, run_after=None
[2024-06-25T12:20:28.627+0200] {logging_mixin.py:188} INFO - [2024-06-25T12:20:28.626+0200] {dag.py:3954} INFO - Setting next_dagrun for dataset_consumes_1_and_2 to None, run_after=None
[2024-06-25T12:20:28.628+0200] {logging_mixin.py:188} INFO - [2024-06-25T12:20:28.627+0200] {dag.py:3954} INFO - Setting next_dagrun for dataset_consumes_1_never_scheduled to None, run_after=None
[2024-06-25T12:20:28.629+0200] {logging_mixin.py:188} INFO - [2024-06-25T12:20:28.628+0200] {dag.py:3954} INFO - Setting next_dagrun for dataset_consumes_unknown_never_scheduled to None, run_after=None
[2024-06-25T12:20:28.631+0200] {logging_mixin.py:188} INFO - [2024-06-25T12:20:28.631+0200] {dag.py:3954} INFO - Setting next_dagrun for dataset_produces_1 to 2024-06-24 00:00:00+00:00, run_after=2024-06-25 00:00:00+00:00
[2024-06-25T12:20:28.632+0200] {logging_mixin.py:188} INFO - [2024-06-25T12:20:28.632+0200] {dag.py:3954} INFO - Setting next_dagrun for dataset_produces_2 to None, run_after=None
[2024-06-25T12:20:28.670+0200] {processor.py:183} INFO - Processing /Users/stockly/Downloads/ESGI/orchestration/tp1/airflow-env/lib/python3.9/site-packages/airflow/example_dags/example_datasets.py took 0.438 seconds
