[2024-06-25T12:09:35.883+0200] {processor.py:161} INFO - Started process (PID=13835) to work on /Users/stockly/Downloads/ESGI/orchestration/tp1/airflow-env/lib/python3.9/site-packages/airflow/example_dags/example_latest_only.py
[2024-06-25T12:09:35.887+0200] {processor.py:830} INFO - Processing file /Users/stockly/Downloads/ESGI/orchestration/tp1/airflow-env/lib/python3.9/site-packages/airflow/example_dags/example_latest_only.py for tasks to queue
[2024-06-25T12:09:35.888+0200] {logging_mixin.py:188} INFO - [2024-06-25T12:09:35.887+0200] {dagbag.py:545} INFO - Filling up the DagBag from /Users/stockly/Downloads/ESGI/orchestration/tp1/airflow-env/lib/python3.9/site-packages/airflow/example_dags/example_latest_only.py
[2024-06-25T12:09:35.897+0200] {processor.py:840} INFO - DAG(s) 'latest_only' retrieved from /Users/stockly/Downloads/ESGI/orchestration/tp1/airflow-env/lib/python3.9/site-packages/airflow/example_dags/example_latest_only.py
[2024-06-25T12:09:36.166+0200] {logging_mixin.py:188} INFO - [2024-06-25T12:09:36.165+0200] {override.py:1829} INFO - Created Permission View: can read on DAG:latest_only
[2024-06-25T12:09:36.175+0200] {logging_mixin.py:188} INFO - [2024-06-25T12:09:36.174+0200] {override.py:1829} INFO - Created Permission View: can delete on DAG:latest_only
[2024-06-25T12:09:36.180+0200] {logging_mixin.py:188} INFO - [2024-06-25T12:09:36.180+0200] {override.py:1829} INFO - Created Permission View: can edit on DAG:latest_only
[2024-06-25T12:09:36.181+0200] {logging_mixin.py:188} INFO - [2024-06-25T12:09:36.181+0200] {dag.py:3096} INFO - Sync 1 DAGs
[2024-06-25T12:09:36.192+0200] {logging_mixin.py:188} INFO - [2024-06-25T12:09:36.191+0200] {dag.py:3118} INFO - Creating ORM DAG for latest_only
[2024-06-25T12:09:36.203+0200] {logging_mixin.py:188} INFO - [2024-06-25T12:09:36.203+0200] {dag.py:3954} INFO - Setting next_dagrun for latest_only to 2024-06-25 04:00:00+00:00, run_after=2024-06-25 08:00:00+00:00
[2024-06-25T12:09:36.221+0200] {processor.py:183} INFO - Processing /Users/stockly/Downloads/ESGI/orchestration/tp1/airflow-env/lib/python3.9/site-packages/airflow/example_dags/example_latest_only.py took 0.342 seconds
[2024-06-25T12:12:02.444+0200] {processor.py:161} INFO - Started process (PID=13944) to work on /Users/stockly/Downloads/ESGI/orchestration/tp1/airflow-env/lib/python3.9/site-packages/airflow/example_dags/example_latest_only.py
[2024-06-25T12:12:02.447+0200] {processor.py:830} INFO - Processing file /Users/stockly/Downloads/ESGI/orchestration/tp1/airflow-env/lib/python3.9/site-packages/airflow/example_dags/example_latest_only.py for tasks to queue
[2024-06-25T12:12:02.448+0200] {logging_mixin.py:188} INFO - [2024-06-25T12:12:02.447+0200] {dagbag.py:545} INFO - Filling up the DagBag from /Users/stockly/Downloads/ESGI/orchestration/tp1/airflow-env/lib/python3.9/site-packages/airflow/example_dags/example_latest_only.py
[2024-06-25T12:12:02.456+0200] {processor.py:840} INFO - DAG(s) 'latest_only' retrieved from /Users/stockly/Downloads/ESGI/orchestration/tp1/airflow-env/lib/python3.9/site-packages/airflow/example_dags/example_latest_only.py
[2024-06-25T12:12:02.577+0200] {logging_mixin.py:188} INFO - [2024-06-25T12:12:02.577+0200] {dag.py:3096} INFO - Sync 1 DAGs
[2024-06-25T12:12:02.643+0200] {logging_mixin.py:188} INFO - [2024-06-25T12:12:02.643+0200] {dag.py:3954} INFO - Setting next_dagrun for latest_only to 2024-06-25 04:00:00+00:00, run_after=2024-06-25 08:00:00+00:00
[2024-06-25T12:12:02.661+0200] {processor.py:183} INFO - Processing /Users/stockly/Downloads/ESGI/orchestration/tp1/airflow-env/lib/python3.9/site-packages/airflow/example_dags/example_latest_only.py took 0.220 seconds
[2024-06-25T12:16:24.835+0200] {processor.py:161} INFO - Started process (PID=14125) to work on /Users/stockly/Downloads/ESGI/orchestration/tp1/airflow-env/lib/python3.9/site-packages/airflow/example_dags/example_latest_only.py
[2024-06-25T12:16:24.845+0200] {processor.py:830} INFO - Processing file /Users/stockly/Downloads/ESGI/orchestration/tp1/airflow-env/lib/python3.9/site-packages/airflow/example_dags/example_latest_only.py for tasks to queue
[2024-06-25T12:16:24.846+0200] {logging_mixin.py:188} INFO - [2024-06-25T12:16:24.846+0200] {dagbag.py:545} INFO - Filling up the DagBag from /Users/stockly/Downloads/ESGI/orchestration/tp1/airflow-env/lib/python3.9/site-packages/airflow/example_dags/example_latest_only.py
[2024-06-25T12:16:24.854+0200] {processor.py:840} INFO - DAG(s) 'latest_only' retrieved from /Users/stockly/Downloads/ESGI/orchestration/tp1/airflow-env/lib/python3.9/site-packages/airflow/example_dags/example_latest_only.py
[2024-06-25T12:16:24.975+0200] {logging_mixin.py:188} INFO - [2024-06-25T12:16:24.975+0200] {dag.py:3096} INFO - Sync 1 DAGs
[2024-06-25T12:16:25.039+0200] {logging_mixin.py:188} INFO - [2024-06-25T12:16:25.038+0200] {dag.py:3954} INFO - Setting next_dagrun for latest_only to 2024-06-25 04:00:00+00:00, run_after=2024-06-25 08:00:00+00:00
[2024-06-25T12:16:25.066+0200] {processor.py:183} INFO - Processing /Users/stockly/Downloads/ESGI/orchestration/tp1/airflow-env/lib/python3.9/site-packages/airflow/example_dags/example_latest_only.py took 0.234 seconds
[2024-06-25T12:18:48.248+0200] {processor.py:161} INFO - Started process (PID=14196) to work on /Users/stockly/Downloads/ESGI/orchestration/tp1/airflow-env/lib/python3.9/site-packages/airflow/example_dags/example_latest_only.py
[2024-06-25T12:18:48.252+0200] {processor.py:830} INFO - Processing file /Users/stockly/Downloads/ESGI/orchestration/tp1/airflow-env/lib/python3.9/site-packages/airflow/example_dags/example_latest_only.py for tasks to queue
[2024-06-25T12:18:48.254+0200] {logging_mixin.py:188} INFO - [2024-06-25T12:18:48.253+0200] {dagbag.py:545} INFO - Filling up the DagBag from /Users/stockly/Downloads/ESGI/orchestration/tp1/airflow-env/lib/python3.9/site-packages/airflow/example_dags/example_latest_only.py
[2024-06-25T12:18:48.263+0200] {processor.py:840} INFO - DAG(s) 'latest_only' retrieved from /Users/stockly/Downloads/ESGI/orchestration/tp1/airflow-env/lib/python3.9/site-packages/airflow/example_dags/example_latest_only.py
[2024-06-25T12:18:48.391+0200] {logging_mixin.py:188} INFO - [2024-06-25T12:18:48.390+0200] {dag.py:3096} INFO - Sync 1 DAGs
[2024-06-25T12:18:48.457+0200] {logging_mixin.py:188} INFO - [2024-06-25T12:18:48.457+0200] {dag.py:3954} INFO - Setting next_dagrun for latest_only to 2024-06-25 04:00:00+00:00, run_after=2024-06-25 08:00:00+00:00
[2024-06-25T12:18:48.477+0200] {processor.py:183} INFO - Processing /Users/stockly/Downloads/ESGI/orchestration/tp1/airflow-env/lib/python3.9/site-packages/airflow/example_dags/example_latest_only.py took 0.232 seconds
[2024-06-25T12:22:33.953+0200] {processor.py:161} INFO - Started process (PID=14291) to work on /Users/stockly/Downloads/ESGI/orchestration/tp1/airflow-env/lib/python3.9/site-packages/airflow/example_dags/example_latest_only.py
[2024-06-25T12:22:33.956+0200] {processor.py:830} INFO - Processing file /Users/stockly/Downloads/ESGI/orchestration/tp1/airflow-env/lib/python3.9/site-packages/airflow/example_dags/example_latest_only.py for tasks to queue
[2024-06-25T12:22:33.956+0200] {logging_mixin.py:188} INFO - [2024-06-25T12:22:33.956+0200] {dagbag.py:545} INFO - Filling up the DagBag from /Users/stockly/Downloads/ESGI/orchestration/tp1/airflow-env/lib/python3.9/site-packages/airflow/example_dags/example_latest_only.py
[2024-06-25T12:22:33.965+0200] {processor.py:840} INFO - DAG(s) 'latest_only' retrieved from /Users/stockly/Downloads/ESGI/orchestration/tp1/airflow-env/lib/python3.9/site-packages/airflow/example_dags/example_latest_only.py
[2024-06-25T12:22:34.100+0200] {logging_mixin.py:188} INFO - [2024-06-25T12:22:34.100+0200] {dag.py:3096} INFO - Sync 1 DAGs
[2024-06-25T12:22:34.167+0200] {logging_mixin.py:188} INFO - [2024-06-25T12:22:34.166+0200] {dag.py:3954} INFO - Setting next_dagrun for latest_only to 2024-06-25 04:00:00+00:00, run_after=2024-06-25 08:00:00+00:00
[2024-06-25T12:22:34.185+0200] {processor.py:183} INFO - Processing /Users/stockly/Downloads/ESGI/orchestration/tp1/airflow-env/lib/python3.9/site-packages/airflow/example_dags/example_latest_only.py took 0.235 seconds
