[2024-06-25T12:08:38.197+0200] {processor.py:161} INFO - Started process (PID=13801) to work on /Users/stockly/Downloads/ESGI/orchestration/tp1/airflow-env/lib/python3.9/site-packages/airflow/example_dags/example_trigger_controller_dag.py
[2024-06-25T12:08:38.201+0200] {processor.py:830} INFO - Processing file /Users/stockly/Downloads/ESGI/orchestration/tp1/airflow-env/lib/python3.9/site-packages/airflow/example_dags/example_trigger_controller_dag.py for tasks to queue
[2024-06-25T12:08:38.203+0200] {logging_mixin.py:188} INFO - [2024-06-25T12:08:38.202+0200] {dagbag.py:545} INFO - Filling up the DagBag from /Users/stockly/Downloads/ESGI/orchestration/tp1/airflow-env/lib/python3.9/site-packages/airflow/example_dags/example_trigger_controller_dag.py
[2024-06-25T12:08:38.215+0200] {processor.py:840} INFO - DAG(s) 'example_trigger_controller_dag' retrieved from /Users/stockly/Downloads/ESGI/orchestration/tp1/airflow-env/lib/python3.9/site-packages/airflow/example_dags/example_trigger_controller_dag.py
[2024-06-25T12:08:38.469+0200] {logging_mixin.py:188} INFO - [2024-06-25T12:08:38.468+0200] {override.py:1829} INFO - Created Permission View: can delete on DAG:example_trigger_controller_dag
[2024-06-25T12:08:38.478+0200] {logging_mixin.py:188} INFO - [2024-06-25T12:08:38.478+0200] {override.py:1829} INFO - Created Permission View: can edit on DAG:example_trigger_controller_dag
[2024-06-25T12:08:38.486+0200] {logging_mixin.py:188} INFO - [2024-06-25T12:08:38.486+0200] {override.py:1829} INFO - Created Permission View: can read on DAG:example_trigger_controller_dag
[2024-06-25T12:08:38.487+0200] {logging_mixin.py:188} INFO - [2024-06-25T12:08:38.486+0200] {dag.py:3096} INFO - Sync 1 DAGs
[2024-06-25T12:08:38.496+0200] {logging_mixin.py:188} INFO - [2024-06-25T12:08:38.496+0200] {dag.py:3118} INFO - Creating ORM DAG for example_trigger_controller_dag
[2024-06-25T12:08:38.504+0200] {logging_mixin.py:188} INFO - [2024-06-25T12:08:38.503+0200] {dag.py:3954} INFO - Setting next_dagrun for example_trigger_controller_dag to 2021-01-01 00:00:00+00:00, run_after=2021-01-01 00:00:00+00:00
[2024-06-25T12:08:38.524+0200] {processor.py:183} INFO - Processing /Users/stockly/Downloads/ESGI/orchestration/tp1/airflow-env/lib/python3.9/site-packages/airflow/example_dags/example_trigger_controller_dag.py took 0.330 seconds
[2024-06-25T12:11:00.835+0200] {processor.py:161} INFO - Started process (PID=13907) to work on /Users/stockly/Downloads/ESGI/orchestration/tp1/airflow-env/lib/python3.9/site-packages/airflow/example_dags/example_trigger_controller_dag.py
[2024-06-25T12:11:00.838+0200] {processor.py:830} INFO - Processing file /Users/stockly/Downloads/ESGI/orchestration/tp1/airflow-env/lib/python3.9/site-packages/airflow/example_dags/example_trigger_controller_dag.py for tasks to queue
[2024-06-25T12:11:00.839+0200] {logging_mixin.py:188} INFO - [2024-06-25T12:11:00.839+0200] {dagbag.py:545} INFO - Filling up the DagBag from /Users/stockly/Downloads/ESGI/orchestration/tp1/airflow-env/lib/python3.9/site-packages/airflow/example_dags/example_trigger_controller_dag.py
[2024-06-25T12:11:00.859+0200] {processor.py:840} INFO - DAG(s) 'example_trigger_controller_dag' retrieved from /Users/stockly/Downloads/ESGI/orchestration/tp1/airflow-env/lib/python3.9/site-packages/airflow/example_dags/example_trigger_controller_dag.py
[2024-06-25T12:11:00.986+0200] {logging_mixin.py:188} INFO - [2024-06-25T12:11:00.986+0200] {dag.py:3096} INFO - Sync 1 DAGs
[2024-06-25T12:11:01.048+0200] {logging_mixin.py:188} INFO - [2024-06-25T12:11:01.048+0200] {dag.py:3954} INFO - Setting next_dagrun for example_trigger_controller_dag to 2021-01-01 00:00:00+00:00, run_after=2021-01-01 00:00:00+00:00
[2024-06-25T12:11:01.067+0200] {processor.py:183} INFO - Processing /Users/stockly/Downloads/ESGI/orchestration/tp1/airflow-env/lib/python3.9/site-packages/airflow/example_dags/example_trigger_controller_dag.py took 0.235 seconds
[2024-06-25T12:12:55.575+0200] {processor.py:161} INFO - Started process (PID=13965) to work on /Users/stockly/Downloads/ESGI/orchestration/tp1/airflow-env/lib/python3.9/site-packages/airflow/example_dags/example_trigger_controller_dag.py
[2024-06-25T12:12:55.586+0200] {processor.py:830} INFO - Processing file /Users/stockly/Downloads/ESGI/orchestration/tp1/airflow-env/lib/python3.9/site-packages/airflow/example_dags/example_trigger_controller_dag.py for tasks to queue
[2024-06-25T12:12:55.587+0200] {logging_mixin.py:188} INFO - [2024-06-25T12:12:55.587+0200] {dagbag.py:545} INFO - Filling up the DagBag from /Users/stockly/Downloads/ESGI/orchestration/tp1/airflow-env/lib/python3.9/site-packages/airflow/example_dags/example_trigger_controller_dag.py
[2024-06-25T12:12:55.600+0200] {processor.py:840} INFO - DAG(s) 'example_trigger_controller_dag' retrieved from /Users/stockly/Downloads/ESGI/orchestration/tp1/airflow-env/lib/python3.9/site-packages/airflow/example_dags/example_trigger_controller_dag.py
[2024-06-25T12:12:55.724+0200] {logging_mixin.py:188} INFO - [2024-06-25T12:12:55.724+0200] {dag.py:3096} INFO - Sync 1 DAGs
[2024-06-25T12:12:55.787+0200] {logging_mixin.py:188} INFO - [2024-06-25T12:12:55.787+0200] {dag.py:3954} INFO - Setting next_dagrun for example_trigger_controller_dag to 2021-01-01 00:00:00+00:00, run_after=2021-01-01 00:00:00+00:00
[2024-06-25T12:12:55.815+0200] {processor.py:183} INFO - Processing /Users/stockly/Downloads/ESGI/orchestration/tp1/airflow-env/lib/python3.9/site-packages/airflow/example_dags/example_trigger_controller_dag.py took 0.243 seconds
[2024-06-25T12:15:25.971+0200] {processor.py:161} INFO - Started process (PID=14099) to work on /Users/stockly/Downloads/ESGI/orchestration/tp1/airflow-env/lib/python3.9/site-packages/airflow/example_dags/example_trigger_controller_dag.py
[2024-06-25T12:15:25.981+0200] {processor.py:830} INFO - Processing file /Users/stockly/Downloads/ESGI/orchestration/tp1/airflow-env/lib/python3.9/site-packages/airflow/example_dags/example_trigger_controller_dag.py for tasks to queue
[2024-06-25T12:15:25.982+0200] {logging_mixin.py:188} INFO - [2024-06-25T12:15:25.982+0200] {dagbag.py:545} INFO - Filling up the DagBag from /Users/stockly/Downloads/ESGI/orchestration/tp1/airflow-env/lib/python3.9/site-packages/airflow/example_dags/example_trigger_controller_dag.py
[2024-06-25T12:15:25.996+0200] {processor.py:840} INFO - DAG(s) 'example_trigger_controller_dag' retrieved from /Users/stockly/Downloads/ESGI/orchestration/tp1/airflow-env/lib/python3.9/site-packages/airflow/example_dags/example_trigger_controller_dag.py
[2024-06-25T12:15:26.114+0200] {logging_mixin.py:188} INFO - [2024-06-25T12:15:26.113+0200] {dag.py:3096} INFO - Sync 1 DAGs
[2024-06-25T12:15:26.180+0200] {logging_mixin.py:188} INFO - [2024-06-25T12:15:26.179+0200] {dag.py:3954} INFO - Setting next_dagrun for example_trigger_controller_dag to 2021-01-01 00:00:00+00:00, run_after=2021-01-01 00:00:00+00:00
[2024-06-25T12:15:26.198+0200] {processor.py:183} INFO - Processing /Users/stockly/Downloads/ESGI/orchestration/tp1/airflow-env/lib/python3.9/site-packages/airflow/example_dags/example_trigger_controller_dag.py took 0.230 seconds
[2024-06-25T12:17:48.114+0200] {processor.py:161} INFO - Started process (PID=14165) to work on /Users/stockly/Downloads/ESGI/orchestration/tp1/airflow-env/lib/python3.9/site-packages/airflow/example_dags/example_trigger_controller_dag.py
[2024-06-25T12:17:48.117+0200] {processor.py:830} INFO - Processing file /Users/stockly/Downloads/ESGI/orchestration/tp1/airflow-env/lib/python3.9/site-packages/airflow/example_dags/example_trigger_controller_dag.py for tasks to queue
[2024-06-25T12:17:48.117+0200] {logging_mixin.py:188} INFO - [2024-06-25T12:17:48.117+0200] {dagbag.py:545} INFO - Filling up the DagBag from /Users/stockly/Downloads/ESGI/orchestration/tp1/airflow-env/lib/python3.9/site-packages/airflow/example_dags/example_trigger_controller_dag.py
[2024-06-25T12:17:48.129+0200] {processor.py:840} INFO - DAG(s) 'example_trigger_controller_dag' retrieved from /Users/stockly/Downloads/ESGI/orchestration/tp1/airflow-env/lib/python3.9/site-packages/airflow/example_dags/example_trigger_controller_dag.py
[2024-06-25T12:17:48.244+0200] {logging_mixin.py:188} INFO - [2024-06-25T12:17:48.243+0200] {dag.py:3096} INFO - Sync 1 DAGs
[2024-06-25T12:17:48.301+0200] {logging_mixin.py:188} INFO - [2024-06-25T12:17:48.301+0200] {dag.py:3954} INFO - Setting next_dagrun for example_trigger_controller_dag to 2021-01-01 00:00:00+00:00, run_after=2021-01-01 00:00:00+00:00
[2024-06-25T12:17:48.327+0200] {processor.py:183} INFO - Processing /Users/stockly/Downloads/ESGI/orchestration/tp1/airflow-env/lib/python3.9/site-packages/airflow/example_dags/example_trigger_controller_dag.py took 0.215 seconds
[2024-06-25T12:19:40.427+0200] {processor.py:161} INFO - Started process (PID=14219) to work on /Users/stockly/Downloads/ESGI/orchestration/tp1/airflow-env/lib/python3.9/site-packages/airflow/example_dags/example_trigger_controller_dag.py
[2024-06-25T12:19:40.430+0200] {processor.py:830} INFO - Processing file /Users/stockly/Downloads/ESGI/orchestration/tp1/airflow-env/lib/python3.9/site-packages/airflow/example_dags/example_trigger_controller_dag.py for tasks to queue
[2024-06-25T12:19:40.431+0200] {logging_mixin.py:188} INFO - [2024-06-25T12:19:40.431+0200] {dagbag.py:545} INFO - Filling up the DagBag from /Users/stockly/Downloads/ESGI/orchestration/tp1/airflow-env/lib/python3.9/site-packages/airflow/example_dags/example_trigger_controller_dag.py
[2024-06-25T12:19:40.443+0200] {processor.py:840} INFO - DAG(s) 'example_trigger_controller_dag' retrieved from /Users/stockly/Downloads/ESGI/orchestration/tp1/airflow-env/lib/python3.9/site-packages/airflow/example_dags/example_trigger_controller_dag.py
[2024-06-25T12:19:40.568+0200] {logging_mixin.py:188} INFO - [2024-06-25T12:19:40.567+0200] {dag.py:3096} INFO - Sync 1 DAGs
[2024-06-25T12:19:40.627+0200] {logging_mixin.py:188} INFO - [2024-06-25T12:19:40.627+0200] {dag.py:3954} INFO - Setting next_dagrun for example_trigger_controller_dag to 2021-01-01 00:00:00+00:00, run_after=2021-01-01 00:00:00+00:00
[2024-06-25T12:19:40.656+0200] {processor.py:183} INFO - Processing /Users/stockly/Downloads/ESGI/orchestration/tp1/airflow-env/lib/python3.9/site-packages/airflow/example_dags/example_trigger_controller_dag.py took 0.232 seconds
[2024-06-25T12:21:34.564+0200] {processor.py:161} INFO - Started process (PID=14268) to work on /Users/stockly/Downloads/ESGI/orchestration/tp1/airflow-env/lib/python3.9/site-packages/airflow/example_dags/example_trigger_controller_dag.py
[2024-06-25T12:21:34.568+0200] {processor.py:830} INFO - Processing file /Users/stockly/Downloads/ESGI/orchestration/tp1/airflow-env/lib/python3.9/site-packages/airflow/example_dags/example_trigger_controller_dag.py for tasks to queue
[2024-06-25T12:21:34.569+0200] {logging_mixin.py:188} INFO - [2024-06-25T12:21:34.568+0200] {dagbag.py:545} INFO - Filling up the DagBag from /Users/stockly/Downloads/ESGI/orchestration/tp1/airflow-env/lib/python3.9/site-packages/airflow/example_dags/example_trigger_controller_dag.py
[2024-06-25T12:21:34.582+0200] {processor.py:840} INFO - DAG(s) 'example_trigger_controller_dag' retrieved from /Users/stockly/Downloads/ESGI/orchestration/tp1/airflow-env/lib/python3.9/site-packages/airflow/example_dags/example_trigger_controller_dag.py
[2024-06-25T12:21:34.709+0200] {logging_mixin.py:188} INFO - [2024-06-25T12:21:34.709+0200] {dag.py:3096} INFO - Sync 1 DAGs
[2024-06-25T12:21:34.771+0200] {logging_mixin.py:188} INFO - [2024-06-25T12:21:34.771+0200] {dag.py:3954} INFO - Setting next_dagrun for example_trigger_controller_dag to 2021-01-01 00:00:00+00:00, run_after=2021-01-01 00:00:00+00:00
[2024-06-25T12:21:34.799+0200] {processor.py:183} INFO - Processing /Users/stockly/Downloads/ESGI/orchestration/tp1/airflow-env/lib/python3.9/site-packages/airflow/example_dags/example_trigger_controller_dag.py took 0.239 seconds
[2024-06-25T12:23:28.228+0200] {processor.py:161} INFO - Started process (PID=14319) to work on /Users/stockly/Downloads/ESGI/orchestration/tp1/airflow-env/lib/python3.9/site-packages/airflow/example_dags/example_trigger_controller_dag.py
[2024-06-25T12:23:28.232+0200] {processor.py:830} INFO - Processing file /Users/stockly/Downloads/ESGI/orchestration/tp1/airflow-env/lib/python3.9/site-packages/airflow/example_dags/example_trigger_controller_dag.py for tasks to queue
[2024-06-25T12:23:28.233+0200] {logging_mixin.py:188} INFO - [2024-06-25T12:23:28.233+0200] {dagbag.py:545} INFO - Filling up the DagBag from /Users/stockly/Downloads/ESGI/orchestration/tp1/airflow-env/lib/python3.9/site-packages/airflow/example_dags/example_trigger_controller_dag.py
[2024-06-25T12:23:28.251+0200] {processor.py:840} INFO - DAG(s) 'example_trigger_controller_dag' retrieved from /Users/stockly/Downloads/ESGI/orchestration/tp1/airflow-env/lib/python3.9/site-packages/airflow/example_dags/example_trigger_controller_dag.py
[2024-06-25T12:23:28.411+0200] {logging_mixin.py:188} INFO - [2024-06-25T12:23:28.411+0200] {dag.py:3096} INFO - Sync 1 DAGs
[2024-06-25T12:23:28.483+0200] {logging_mixin.py:188} INFO - [2024-06-25T12:23:28.482+0200] {dag.py:3954} INFO - Setting next_dagrun for example_trigger_controller_dag to 2021-01-01 00:00:00+00:00, run_after=2021-01-01 00:00:00+00:00
[2024-06-25T12:23:28.504+0200] {processor.py:183} INFO - Processing /Users/stockly/Downloads/ESGI/orchestration/tp1/airflow-env/lib/python3.9/site-packages/airflow/example_dags/example_trigger_controller_dag.py took 0.279 seconds
[2024-06-25T12:26:22.384+0200] {processor.py:161} INFO - Started process (PID=14431) to work on /Users/stockly/Library/Python/3.9/lib/python/site-packages/airflow/example_dags/example_trigger_controller_dag.py
[2024-06-25T12:26:22.395+0200] {processor.py:830} INFO - Processing file /Users/stockly/Library/Python/3.9/lib/python/site-packages/airflow/example_dags/example_trigger_controller_dag.py for tasks to queue
[2024-06-25T12:26:22.396+0200] {logging_mixin.py:188} INFO - [2024-06-25T12:26:22.396+0200] {dagbag.py:545} INFO - Filling up the DagBag from /Users/stockly/Library/Python/3.9/lib/python/site-packages/airflow/example_dags/example_trigger_controller_dag.py
[2024-06-25T12:26:22.409+0200] {processor.py:840} INFO - DAG(s) 'example_trigger_controller_dag' retrieved from /Users/stockly/Library/Python/3.9/lib/python/site-packages/airflow/example_dags/example_trigger_controller_dag.py
[2024-06-25T12:26:22.614+0200] {logging_mixin.py:188} INFO - [2024-06-25T12:26:22.614+0200] {dag.py:3096} INFO - Sync 1 DAGs
[2024-06-25T12:26:22.630+0200] {logging_mixin.py:188} INFO - [2024-06-25T12:26:22.630+0200] {dag.py:3954} INFO - Setting next_dagrun for example_trigger_controller_dag to 2021-01-01 00:00:00+00:00, run_after=2021-01-01 00:00:00+00:00
[2024-06-25T12:26:22.661+0200] {processor.py:183} INFO - Processing /Users/stockly/Library/Python/3.9/lib/python/site-packages/airflow/example_dags/example_trigger_controller_dag.py took 0.280 seconds
