[2024-06-25T12:09:33.454+0200] {processor.py:161} INFO - Started process (PID=13834) to work on /Users/stockly/Downloads/ESGI/orchestration/tp1/airflow-env/lib/python3.9/site-packages/airflow/example_dags/example_latest_only_with_trigger.py
[2024-06-25T12:09:33.457+0200] {processor.py:830} INFO - Processing file /Users/stockly/Downloads/ESGI/orchestration/tp1/airflow-env/lib/python3.9/site-packages/airflow/example_dags/example_latest_only_with_trigger.py for tasks to queue
[2024-06-25T12:09:33.458+0200] {logging_mixin.py:188} INFO - [2024-06-25T12:09:33.458+0200] {dagbag.py:545} INFO - Filling up the DagBag from /Users/stockly/Downloads/ESGI/orchestration/tp1/airflow-env/lib/python3.9/site-packages/airflow/example_dags/example_latest_only_with_trigger.py
[2024-06-25T12:09:33.478+0200] {processor.py:840} INFO - DAG(s) 'latest_only_with_trigger' retrieved from /Users/stockly/Downloads/ESGI/orchestration/tp1/airflow-env/lib/python3.9/site-packages/airflow/example_dags/example_latest_only_with_trigger.py
[2024-06-25T12:09:33.731+0200] {logging_mixin.py:188} INFO - [2024-06-25T12:09:33.730+0200] {override.py:1829} INFO - Created Permission View: can edit on DAG:latest_only_with_trigger
[2024-06-25T12:09:33.741+0200] {logging_mixin.py:188} INFO - [2024-06-25T12:09:33.741+0200] {override.py:1829} INFO - Created Permission View: can delete on DAG:latest_only_with_trigger
[2024-06-25T12:09:33.774+0200] {logging_mixin.py:188} INFO - [2024-06-25T12:09:33.774+0200] {override.py:1829} INFO - Created Permission View: can read on DAG:latest_only_with_trigger
[2024-06-25T12:09:33.775+0200] {logging_mixin.py:188} INFO - [2024-06-25T12:09:33.774+0200] {dag.py:3096} INFO - Sync 1 DAGs
[2024-06-25T12:09:33.786+0200] {logging_mixin.py:188} INFO - [2024-06-25T12:09:33.785+0200] {dag.py:3118} INFO - Creating ORM DAG for latest_only_with_trigger
[2024-06-25T12:09:33.800+0200] {logging_mixin.py:188} INFO - [2024-06-25T12:09:33.799+0200] {dag.py:3954} INFO - Setting next_dagrun for latest_only_with_trigger to 2024-06-25 04:00:00+00:00, run_after=2024-06-25 08:00:00+00:00
[2024-06-25T12:09:33.818+0200] {processor.py:183} INFO - Processing /Users/stockly/Downloads/ESGI/orchestration/tp1/airflow-env/lib/python3.9/site-packages/airflow/example_dags/example_latest_only_with_trigger.py took 0.367 seconds
[2024-06-25T12:11:59.625+0200] {processor.py:161} INFO - Started process (PID=13940) to work on /Users/stockly/Downloads/ESGI/orchestration/tp1/airflow-env/lib/python3.9/site-packages/airflow/example_dags/example_latest_only_with_trigger.py
[2024-06-25T12:11:59.628+0200] {processor.py:830} INFO - Processing file /Users/stockly/Downloads/ESGI/orchestration/tp1/airflow-env/lib/python3.9/site-packages/airflow/example_dags/example_latest_only_with_trigger.py for tasks to queue
[2024-06-25T12:11:59.629+0200] {logging_mixin.py:188} INFO - [2024-06-25T12:11:59.629+0200] {dagbag.py:545} INFO - Filling up the DagBag from /Users/stockly/Downloads/ESGI/orchestration/tp1/airflow-env/lib/python3.9/site-packages/airflow/example_dags/example_latest_only_with_trigger.py
[2024-06-25T12:11:59.637+0200] {processor.py:840} INFO - DAG(s) 'latest_only_with_trigger' retrieved from /Users/stockly/Downloads/ESGI/orchestration/tp1/airflow-env/lib/python3.9/site-packages/airflow/example_dags/example_latest_only_with_trigger.py
[2024-06-25T12:11:59.761+0200] {logging_mixin.py:188} INFO - [2024-06-25T12:11:59.761+0200] {dag.py:3096} INFO - Sync 1 DAGs
[2024-06-25T12:11:59.830+0200] {logging_mixin.py:188} INFO - [2024-06-25T12:11:59.830+0200] {dag.py:3954} INFO - Setting next_dagrun for latest_only_with_trigger to 2024-06-25 04:00:00+00:00, run_after=2024-06-25 08:00:00+00:00
[2024-06-25T12:11:59.860+0200] {processor.py:183} INFO - Processing /Users/stockly/Downloads/ESGI/orchestration/tp1/airflow-env/lib/python3.9/site-packages/airflow/example_dags/example_latest_only_with_trigger.py took 0.238 seconds
[2024-06-25T12:16:22.074+0200] {processor.py:161} INFO - Started process (PID=14124) to work on /Users/stockly/Downloads/ESGI/orchestration/tp1/airflow-env/lib/python3.9/site-packages/airflow/example_dags/example_latest_only_with_trigger.py
[2024-06-25T12:16:22.077+0200] {processor.py:830} INFO - Processing file /Users/stockly/Downloads/ESGI/orchestration/tp1/airflow-env/lib/python3.9/site-packages/airflow/example_dags/example_latest_only_with_trigger.py for tasks to queue
[2024-06-25T12:16:22.078+0200] {logging_mixin.py:188} INFO - [2024-06-25T12:16:22.078+0200] {dagbag.py:545} INFO - Filling up the DagBag from /Users/stockly/Downloads/ESGI/orchestration/tp1/airflow-env/lib/python3.9/site-packages/airflow/example_dags/example_latest_only_with_trigger.py
[2024-06-25T12:16:22.089+0200] {processor.py:840} INFO - DAG(s) 'latest_only_with_trigger' retrieved from /Users/stockly/Downloads/ESGI/orchestration/tp1/airflow-env/lib/python3.9/site-packages/airflow/example_dags/example_latest_only_with_trigger.py
[2024-06-25T12:16:22.210+0200] {logging_mixin.py:188} INFO - [2024-06-25T12:16:22.209+0200] {dag.py:3096} INFO - Sync 1 DAGs
[2024-06-25T12:16:22.271+0200] {logging_mixin.py:188} INFO - [2024-06-25T12:16:22.271+0200] {dag.py:3954} INFO - Setting next_dagrun for latest_only_with_trigger to 2024-06-25 04:00:00+00:00, run_after=2024-06-25 08:00:00+00:00
[2024-06-25T12:16:22.298+0200] {processor.py:183} INFO - Processing /Users/stockly/Downloads/ESGI/orchestration/tp1/airflow-env/lib/python3.9/site-packages/airflow/example_dags/example_latest_only_with_trigger.py took 0.227 seconds
[2024-06-25T12:18:45.252+0200] {processor.py:161} INFO - Started process (PID=14195) to work on /Users/stockly/Downloads/ESGI/orchestration/tp1/airflow-env/lib/python3.9/site-packages/airflow/example_dags/example_latest_only_with_trigger.py
[2024-06-25T12:18:45.255+0200] {processor.py:830} INFO - Processing file /Users/stockly/Downloads/ESGI/orchestration/tp1/airflow-env/lib/python3.9/site-packages/airflow/example_dags/example_latest_only_with_trigger.py for tasks to queue
[2024-06-25T12:18:45.256+0200] {logging_mixin.py:188} INFO - [2024-06-25T12:18:45.256+0200] {dagbag.py:545} INFO - Filling up the DagBag from /Users/stockly/Downloads/ESGI/orchestration/tp1/airflow-env/lib/python3.9/site-packages/airflow/example_dags/example_latest_only_with_trigger.py
[2024-06-25T12:18:45.265+0200] {processor.py:840} INFO - DAG(s) 'latest_only_with_trigger' retrieved from /Users/stockly/Downloads/ESGI/orchestration/tp1/airflow-env/lib/python3.9/site-packages/airflow/example_dags/example_latest_only_with_trigger.py
[2024-06-25T12:18:45.391+0200] {logging_mixin.py:188} INFO - [2024-06-25T12:18:45.391+0200] {dag.py:3096} INFO - Sync 1 DAGs
[2024-06-25T12:18:45.461+0200] {logging_mixin.py:188} INFO - [2024-06-25T12:18:45.461+0200] {dag.py:3954} INFO - Setting next_dagrun for latest_only_with_trigger to 2024-06-25 04:00:00+00:00, run_after=2024-06-25 08:00:00+00:00
[2024-06-25T12:18:45.479+0200] {processor.py:183} INFO - Processing /Users/stockly/Downloads/ESGI/orchestration/tp1/airflow-env/lib/python3.9/site-packages/airflow/example_dags/example_latest_only_with_trigger.py took 0.231 seconds
[2024-06-25T12:22:31.065+0200] {processor.py:161} INFO - Started process (PID=14290) to work on /Users/stockly/Downloads/ESGI/orchestration/tp1/airflow-env/lib/python3.9/site-packages/airflow/example_dags/example_latest_only_with_trigger.py
[2024-06-25T12:22:31.068+0200] {processor.py:830} INFO - Processing file /Users/stockly/Downloads/ESGI/orchestration/tp1/airflow-env/lib/python3.9/site-packages/airflow/example_dags/example_latest_only_with_trigger.py for tasks to queue
[2024-06-25T12:22:31.069+0200] {logging_mixin.py:188} INFO - [2024-06-25T12:22:31.069+0200] {dagbag.py:545} INFO - Filling up the DagBag from /Users/stockly/Downloads/ESGI/orchestration/tp1/airflow-env/lib/python3.9/site-packages/airflow/example_dags/example_latest_only_with_trigger.py
[2024-06-25T12:22:31.079+0200] {processor.py:840} INFO - DAG(s) 'latest_only_with_trigger' retrieved from /Users/stockly/Downloads/ESGI/orchestration/tp1/airflow-env/lib/python3.9/site-packages/airflow/example_dags/example_latest_only_with_trigger.py
[2024-06-25T12:22:31.211+0200] {logging_mixin.py:188} INFO - [2024-06-25T12:22:31.211+0200] {dag.py:3096} INFO - Sync 1 DAGs
[2024-06-25T12:22:31.279+0200] {logging_mixin.py:188} INFO - [2024-06-25T12:22:31.279+0200] {dag.py:3954} INFO - Setting next_dagrun for latest_only_with_trigger to 2024-06-25 04:00:00+00:00, run_after=2024-06-25 08:00:00+00:00
[2024-06-25T12:22:31.297+0200] {processor.py:183} INFO - Processing /Users/stockly/Downloads/ESGI/orchestration/tp1/airflow-env/lib/python3.9/site-packages/airflow/example_dags/example_latest_only_with_trigger.py took 0.235 seconds
