[2024-06-25T12:09:27.768+0200] {processor.py:161} INFO - Started process (PID=13832) to work on /Users/stockly/Downloads/ESGI/orchestration/tp1/airflow-env/lib/python3.9/site-packages/airflow/example_dags/example_nested_branch_dag.py
[2024-06-25T12:09:27.772+0200] {processor.py:830} INFO - Processing file /Users/stockly/Downloads/ESGI/orchestration/tp1/airflow-env/lib/python3.9/site-packages/airflow/example_dags/example_nested_branch_dag.py for tasks to queue
[2024-06-25T12:09:27.772+0200] {logging_mixin.py:188} INFO - [2024-06-25T12:09:27.772+0200] {dagbag.py:545} INFO - Filling up the DagBag from /Users/stockly/Downloads/ESGI/orchestration/tp1/airflow-env/lib/python3.9/site-packages/airflow/example_dags/example_nested_branch_dag.py
[2024-06-25T12:09:27.812+0200] {processor.py:840} INFO - DAG(s) 'example_nested_branch_dag' retrieved from /Users/stockly/Downloads/ESGI/orchestration/tp1/airflow-env/lib/python3.9/site-packages/airflow/example_dags/example_nested_branch_dag.py
[2024-06-25T12:09:28.060+0200] {logging_mixin.py:188} INFO - [2024-06-25T12:09:28.059+0200] {override.py:1829} INFO - Created Permission View: can edit on DAG:example_nested_branch_dag
[2024-06-25T12:09:28.068+0200] {logging_mixin.py:188} INFO - [2024-06-25T12:09:28.068+0200] {override.py:1829} INFO - Created Permission View: can delete on DAG:example_nested_branch_dag
[2024-06-25T12:09:28.074+0200] {logging_mixin.py:188} INFO - [2024-06-25T12:09:28.074+0200] {override.py:1829} INFO - Created Permission View: can read on DAG:example_nested_branch_dag
[2024-06-25T12:09:28.075+0200] {logging_mixin.py:188} INFO - [2024-06-25T12:09:28.075+0200] {dag.py:3096} INFO - Sync 1 DAGs
[2024-06-25T12:09:28.086+0200] {logging_mixin.py:188} INFO - [2024-06-25T12:09:28.085+0200] {dag.py:3118} INFO - Creating ORM DAG for example_nested_branch_dag
[2024-06-25T12:09:28.099+0200] {logging_mixin.py:188} INFO - [2024-06-25T12:09:28.098+0200] {dag.py:3954} INFO - Setting next_dagrun for example_nested_branch_dag to 2024-06-24 00:00:00+00:00, run_after=2024-06-25 00:00:00+00:00
[2024-06-25T12:09:28.149+0200] {processor.py:183} INFO - Processing /Users/stockly/Downloads/ESGI/orchestration/tp1/airflow-env/lib/python3.9/site-packages/airflow/example_dags/example_nested_branch_dag.py took 0.384 seconds
[2024-06-25T12:11:53.922+0200] {processor.py:161} INFO - Started process (PID=13938) to work on /Users/stockly/Downloads/ESGI/orchestration/tp1/airflow-env/lib/python3.9/site-packages/airflow/example_dags/example_nested_branch_dag.py
[2024-06-25T12:11:53.926+0200] {processor.py:830} INFO - Processing file /Users/stockly/Downloads/ESGI/orchestration/tp1/airflow-env/lib/python3.9/site-packages/airflow/example_dags/example_nested_branch_dag.py for tasks to queue
[2024-06-25T12:11:53.927+0200] {logging_mixin.py:188} INFO - [2024-06-25T12:11:53.926+0200] {dagbag.py:545} INFO - Filling up the DagBag from /Users/stockly/Downloads/ESGI/orchestration/tp1/airflow-env/lib/python3.9/site-packages/airflow/example_dags/example_nested_branch_dag.py
[2024-06-25T12:11:53.974+0200] {processor.py:840} INFO - DAG(s) 'example_nested_branch_dag' retrieved from /Users/stockly/Downloads/ESGI/orchestration/tp1/airflow-env/lib/python3.9/site-packages/airflow/example_dags/example_nested_branch_dag.py
[2024-06-25T12:11:54.171+0200] {logging_mixin.py:188} INFO - [2024-06-25T12:11:54.171+0200] {dag.py:3096} INFO - Sync 1 DAGs
[2024-06-25T12:11:54.217+0200] {logging_mixin.py:188} INFO - [2024-06-25T12:11:54.217+0200] {dag.py:3954} INFO - Setting next_dagrun for example_nested_branch_dag to 2024-06-24 00:00:00+00:00, run_after=2024-06-25 00:00:00+00:00
[2024-06-25T12:11:54.258+0200] {processor.py:183} INFO - Processing /Users/stockly/Downloads/ESGI/orchestration/tp1/airflow-env/lib/python3.9/site-packages/airflow/example_dags/example_nested_branch_dag.py took 0.342 seconds
[2024-06-25T12:16:16.457+0200] {processor.py:161} INFO - Started process (PID=14122) to work on /Users/stockly/Downloads/ESGI/orchestration/tp1/airflow-env/lib/python3.9/site-packages/airflow/example_dags/example_nested_branch_dag.py
[2024-06-25T12:16:16.467+0200] {processor.py:830} INFO - Processing file /Users/stockly/Downloads/ESGI/orchestration/tp1/airflow-env/lib/python3.9/site-packages/airflow/example_dags/example_nested_branch_dag.py for tasks to queue
[2024-06-25T12:16:16.468+0200] {logging_mixin.py:188} INFO - [2024-06-25T12:16:16.468+0200] {dagbag.py:545} INFO - Filling up the DagBag from /Users/stockly/Downloads/ESGI/orchestration/tp1/airflow-env/lib/python3.9/site-packages/airflow/example_dags/example_nested_branch_dag.py
[2024-06-25T12:16:16.509+0200] {processor.py:840} INFO - DAG(s) 'example_nested_branch_dag' retrieved from /Users/stockly/Downloads/ESGI/orchestration/tp1/airflow-env/lib/python3.9/site-packages/airflow/example_dags/example_nested_branch_dag.py
[2024-06-25T12:16:16.670+0200] {logging_mixin.py:188} INFO - [2024-06-25T12:16:16.669+0200] {dag.py:3096} INFO - Sync 1 DAGs
[2024-06-25T12:16:16.688+0200] {logging_mixin.py:188} INFO - [2024-06-25T12:16:16.688+0200] {dag.py:3954} INFO - Setting next_dagrun for example_nested_branch_dag to 2024-06-24 00:00:00+00:00, run_after=2024-06-25 00:00:00+00:00
[2024-06-25T12:16:16.716+0200] {processor.py:183} INFO - Processing /Users/stockly/Downloads/ESGI/orchestration/tp1/airflow-env/lib/python3.9/site-packages/airflow/example_dags/example_nested_branch_dag.py took 0.262 seconds
[2024-06-25T12:18:39.316+0200] {processor.py:161} INFO - Started process (PID=14189) to work on /Users/stockly/Downloads/ESGI/orchestration/tp1/airflow-env/lib/python3.9/site-packages/airflow/example_dags/example_nested_branch_dag.py
[2024-06-25T12:18:39.323+0200] {processor.py:830} INFO - Processing file /Users/stockly/Downloads/ESGI/orchestration/tp1/airflow-env/lib/python3.9/site-packages/airflow/example_dags/example_nested_branch_dag.py for tasks to queue
[2024-06-25T12:18:39.324+0200] {logging_mixin.py:188} INFO - [2024-06-25T12:18:39.324+0200] {dagbag.py:545} INFO - Filling up the DagBag from /Users/stockly/Downloads/ESGI/orchestration/tp1/airflow-env/lib/python3.9/site-packages/airflow/example_dags/example_nested_branch_dag.py
[2024-06-25T12:18:39.384+0200] {processor.py:840} INFO - DAG(s) 'example_nested_branch_dag' retrieved from /Users/stockly/Downloads/ESGI/orchestration/tp1/airflow-env/lib/python3.9/site-packages/airflow/example_dags/example_nested_branch_dag.py
[2024-06-25T12:18:39.849+0200] {logging_mixin.py:188} INFO - [2024-06-25T12:18:39.849+0200] {dag.py:3096} INFO - Sync 1 DAGs
[2024-06-25T12:18:39.870+0200] {logging_mixin.py:188} INFO - [2024-06-25T12:18:39.870+0200] {dag.py:3954} INFO - Setting next_dagrun for example_nested_branch_dag to 2024-06-24 00:00:00+00:00, run_after=2024-06-25 00:00:00+00:00
[2024-06-25T12:18:39.892+0200] {processor.py:183} INFO - Processing /Users/stockly/Downloads/ESGI/orchestration/tp1/airflow-env/lib/python3.9/site-packages/airflow/example_dags/example_nested_branch_dag.py took 0.580 seconds
[2024-06-25T12:22:25.363+0200] {processor.py:161} INFO - Started process (PID=14288) to work on /Users/stockly/Downloads/ESGI/orchestration/tp1/airflow-env/lib/python3.9/site-packages/airflow/example_dags/example_nested_branch_dag.py
[2024-06-25T12:22:25.365+0200] {processor.py:830} INFO - Processing file /Users/stockly/Downloads/ESGI/orchestration/tp1/airflow-env/lib/python3.9/site-packages/airflow/example_dags/example_nested_branch_dag.py for tasks to queue
[2024-06-25T12:22:25.366+0200] {logging_mixin.py:188} INFO - [2024-06-25T12:22:25.366+0200] {dagbag.py:545} INFO - Filling up the DagBag from /Users/stockly/Downloads/ESGI/orchestration/tp1/airflow-env/lib/python3.9/site-packages/airflow/example_dags/example_nested_branch_dag.py
[2024-06-25T12:22:25.415+0200] {processor.py:840} INFO - DAG(s) 'example_nested_branch_dag' retrieved from /Users/stockly/Downloads/ESGI/orchestration/tp1/airflow-env/lib/python3.9/site-packages/airflow/example_dags/example_nested_branch_dag.py
[2024-06-25T12:22:25.589+0200] {logging_mixin.py:188} INFO - [2024-06-25T12:22:25.588+0200] {dag.py:3096} INFO - Sync 1 DAGs
[2024-06-25T12:22:25.608+0200] {logging_mixin.py:188} INFO - [2024-06-25T12:22:25.608+0200] {dag.py:3954} INFO - Setting next_dagrun for example_nested_branch_dag to 2024-06-24 00:00:00+00:00, run_after=2024-06-25 00:00:00+00:00
[2024-06-25T12:22:25.635+0200] {processor.py:183} INFO - Processing /Users/stockly/Downloads/ESGI/orchestration/tp1/airflow-env/lib/python3.9/site-packages/airflow/example_dags/example_nested_branch_dag.py took 0.275 seconds
