[2024-06-25T12:09:50.395+0200] {processor.py:161} INFO - Started process (PID=13840) to work on /Users/stockly/Downloads/ESGI/orchestration/tp1/airflow-env/lib/python3.9/site-packages/airflow/example_dags/example_display_name.py
[2024-06-25T12:09:50.399+0200] {processor.py:830} INFO - Processing file /Users/stockly/Downloads/ESGI/orchestration/tp1/airflow-env/lib/python3.9/site-packages/airflow/example_dags/example_display_name.py for tasks to queue
[2024-06-25T12:09:50.400+0200] {logging_mixin.py:188} INFO - [2024-06-25T12:09:50.399+0200] {dagbag.py:545} INFO - Filling up the DagBag from /Users/stockly/Downloads/ESGI/orchestration/tp1/airflow-env/lib/python3.9/site-packages/airflow/example_dags/example_display_name.py
[2024-06-25T12:09:50.436+0200] {processor.py:840} INFO - DAG(s) 'example_display_name' retrieved from /Users/stockly/Downloads/ESGI/orchestration/tp1/airflow-env/lib/python3.9/site-packages/airflow/example_dags/example_display_name.py
[2024-06-25T12:09:50.688+0200] {logging_mixin.py:188} INFO - [2024-06-25T12:09:50.687+0200] {override.py:1829} INFO - Created Permission View: can delete on DAG:example_display_name
[2024-06-25T12:09:50.698+0200] {logging_mixin.py:188} INFO - [2024-06-25T12:09:50.698+0200] {override.py:1829} INFO - Created Permission View: can read on DAG:example_display_name
[2024-06-25T12:09:50.704+0200] {logging_mixin.py:188} INFO - [2024-06-25T12:09:50.703+0200] {override.py:1829} INFO - Created Permission View: can edit on DAG:example_display_name
[2024-06-25T12:09:50.704+0200] {logging_mixin.py:188} INFO - [2024-06-25T12:09:50.704+0200] {dag.py:3096} INFO - Sync 1 DAGs
[2024-06-25T12:09:50.715+0200] {logging_mixin.py:188} INFO - [2024-06-25T12:09:50.714+0200] {dag.py:3118} INFO - Creating ORM DAG for example_display_name
[2024-06-25T12:09:50.715+0200] {logging_mixin.py:188} INFO - [2024-06-25T12:09:50.715+0200] {dag.py:3954} INFO - Setting next_dagrun for example_display_name to None, run_after=None
[2024-06-25T12:09:50.733+0200] {processor.py:183} INFO - Processing /Users/stockly/Downloads/ESGI/orchestration/tp1/airflow-env/lib/python3.9/site-packages/airflow/example_dags/example_display_name.py took 0.340 seconds
[2024-06-25T12:12:16.234+0200] {processor.py:161} INFO - Started process (PID=13950) to work on /Users/stockly/Downloads/ESGI/orchestration/tp1/airflow-env/lib/python3.9/site-packages/airflow/example_dags/example_display_name.py
[2024-06-25T12:12:16.237+0200] {processor.py:830} INFO - Processing file /Users/stockly/Downloads/ESGI/orchestration/tp1/airflow-env/lib/python3.9/site-packages/airflow/example_dags/example_display_name.py for tasks to queue
[2024-06-25T12:12:16.237+0200] {logging_mixin.py:188} INFO - [2024-06-25T12:12:16.237+0200] {dagbag.py:545} INFO - Filling up the DagBag from /Users/stockly/Downloads/ESGI/orchestration/tp1/airflow-env/lib/python3.9/site-packages/airflow/example_dags/example_display_name.py
[2024-06-25T12:12:16.275+0200] {processor.py:840} INFO - DAG(s) 'example_display_name' retrieved from /Users/stockly/Downloads/ESGI/orchestration/tp1/airflow-env/lib/python3.9/site-packages/airflow/example_dags/example_display_name.py
[2024-06-25T12:12:16.441+0200] {logging_mixin.py:188} INFO - [2024-06-25T12:12:16.441+0200] {dag.py:3096} INFO - Sync 1 DAGs
[2024-06-25T12:12:16.451+0200] {logging_mixin.py:188} INFO - [2024-06-25T12:12:16.451+0200] {dag.py:3954} INFO - Setting next_dagrun for example_display_name to None, run_after=None
[2024-06-25T12:12:16.471+0200] {processor.py:183} INFO - Processing /Users/stockly/Downloads/ESGI/orchestration/tp1/airflow-env/lib/python3.9/site-packages/airflow/example_dags/example_display_name.py took 0.240 seconds
[2024-06-25T12:16:38.614+0200] {processor.py:161} INFO - Started process (PID=14130) to work on /Users/stockly/Downloads/ESGI/orchestration/tp1/airflow-env/lib/python3.9/site-packages/airflow/example_dags/example_display_name.py
[2024-06-25T12:16:38.625+0200] {processor.py:830} INFO - Processing file /Users/stockly/Downloads/ESGI/orchestration/tp1/airflow-env/lib/python3.9/site-packages/airflow/example_dags/example_display_name.py for tasks to queue
[2024-06-25T12:16:38.627+0200] {logging_mixin.py:188} INFO - [2024-06-25T12:16:38.626+0200] {dagbag.py:545} INFO - Filling up the DagBag from /Users/stockly/Downloads/ESGI/orchestration/tp1/airflow-env/lib/python3.9/site-packages/airflow/example_dags/example_display_name.py
[2024-06-25T12:16:38.665+0200] {processor.py:840} INFO - DAG(s) 'example_display_name' retrieved from /Users/stockly/Downloads/ESGI/orchestration/tp1/airflow-env/lib/python3.9/site-packages/airflow/example_dags/example_display_name.py
[2024-06-25T12:16:38.825+0200] {logging_mixin.py:188} INFO - [2024-06-25T12:16:38.824+0200] {dag.py:3096} INFO - Sync 1 DAGs
[2024-06-25T12:16:38.835+0200] {logging_mixin.py:188} INFO - [2024-06-25T12:16:38.834+0200] {dag.py:3954} INFO - Setting next_dagrun for example_display_name to None, run_after=None
[2024-06-25T12:16:38.863+0200] {processor.py:183} INFO - Processing /Users/stockly/Downloads/ESGI/orchestration/tp1/airflow-env/lib/python3.9/site-packages/airflow/example_dags/example_display_name.py took 0.251 seconds
[2024-06-25T12:19:02.192+0200] {processor.py:161} INFO - Started process (PID=14203) to work on /Users/stockly/Downloads/ESGI/orchestration/tp1/airflow-env/lib/python3.9/site-packages/airflow/example_dags/example_display_name.py
[2024-06-25T12:19:02.195+0200] {processor.py:830} INFO - Processing file /Users/stockly/Downloads/ESGI/orchestration/tp1/airflow-env/lib/python3.9/site-packages/airflow/example_dags/example_display_name.py for tasks to queue
[2024-06-25T12:19:02.196+0200] {logging_mixin.py:188} INFO - [2024-06-25T12:19:02.196+0200] {dagbag.py:545} INFO - Filling up the DagBag from /Users/stockly/Downloads/ESGI/orchestration/tp1/airflow-env/lib/python3.9/site-packages/airflow/example_dags/example_display_name.py
[2024-06-25T12:19:02.235+0200] {processor.py:840} INFO - DAG(s) 'example_display_name' retrieved from /Users/stockly/Downloads/ESGI/orchestration/tp1/airflow-env/lib/python3.9/site-packages/airflow/example_dags/example_display_name.py
[2024-06-25T12:19:02.413+0200] {logging_mixin.py:188} INFO - [2024-06-25T12:19:02.412+0200] {dag.py:3096} INFO - Sync 1 DAGs
[2024-06-25T12:19:02.422+0200] {logging_mixin.py:188} INFO - [2024-06-25T12:19:02.422+0200] {dag.py:3954} INFO - Setting next_dagrun for example_display_name to None, run_after=None
[2024-06-25T12:19:02.443+0200] {processor.py:183} INFO - Processing /Users/stockly/Downloads/ESGI/orchestration/tp1/airflow-env/lib/python3.9/site-packages/airflow/example_dags/example_display_name.py took 0.255 seconds
[2024-06-25T12:22:48.024+0200] {processor.py:161} INFO - Started process (PID=14298) to work on /Users/stockly/Downloads/ESGI/orchestration/tp1/airflow-env/lib/python3.9/site-packages/airflow/example_dags/example_display_name.py
[2024-06-25T12:22:48.034+0200] {processor.py:830} INFO - Processing file /Users/stockly/Downloads/ESGI/orchestration/tp1/airflow-env/lib/python3.9/site-packages/airflow/example_dags/example_display_name.py for tasks to queue
[2024-06-25T12:22:48.035+0200] {logging_mixin.py:188} INFO - [2024-06-25T12:22:48.035+0200] {dagbag.py:545} INFO - Filling up the DagBag from /Users/stockly/Downloads/ESGI/orchestration/tp1/airflow-env/lib/python3.9/site-packages/airflow/example_dags/example_display_name.py
[2024-06-25T12:22:48.077+0200] {processor.py:840} INFO - DAG(s) 'example_display_name' retrieved from /Users/stockly/Downloads/ESGI/orchestration/tp1/airflow-env/lib/python3.9/site-packages/airflow/example_dags/example_display_name.py
[2024-06-25T12:22:48.255+0200] {logging_mixin.py:188} INFO - [2024-06-25T12:22:48.254+0200] {dag.py:3096} INFO - Sync 1 DAGs
[2024-06-25T12:22:48.267+0200] {logging_mixin.py:188} INFO - [2024-06-25T12:22:48.266+0200] {dag.py:3954} INFO - Setting next_dagrun for example_display_name to None, run_after=None
[2024-06-25T12:22:48.287+0200] {processor.py:183} INFO - Processing /Users/stockly/Downloads/ESGI/orchestration/tp1/airflow-env/lib/python3.9/site-packages/airflow/example_dags/example_display_name.py took 0.267 seconds
