[2024-06-25T12:08:56.831+0200] {processor.py:161} INFO - Started process (PID=13815) to work on /Users/stockly/Downloads/ESGI/orchestration/tp1/airflow-env/lib/python3.9/site-packages/airflow/example_dags/example_short_circuit_operator.py
[2024-06-25T12:08:56.835+0200] {processor.py:830} INFO - Processing file /Users/stockly/Downloads/ESGI/orchestration/tp1/airflow-env/lib/python3.9/site-packages/airflow/example_dags/example_short_circuit_operator.py for tasks to queue
[2024-06-25T12:08:56.836+0200] {logging_mixin.py:188} INFO - [2024-06-25T12:08:56.836+0200] {dagbag.py:545} INFO - Filling up the DagBag from /Users/stockly/Downloads/ESGI/orchestration/tp1/airflow-env/lib/python3.9/site-packages/airflow/example_dags/example_short_circuit_operator.py
[2024-06-25T12:08:56.863+0200] {processor.py:840} INFO - DAG(s) 'example_short_circuit_operator' retrieved from /Users/stockly/Downloads/ESGI/orchestration/tp1/airflow-env/lib/python3.9/site-packages/airflow/example_dags/example_short_circuit_operator.py
[2024-06-25T12:08:57.150+0200] {logging_mixin.py:188} INFO - [2024-06-25T12:08:57.149+0200] {override.py:1829} INFO - Created Permission View: can delete on DAG:example_short_circuit_operator
[2024-06-25T12:08:57.165+0200] {logging_mixin.py:188} INFO - [2024-06-25T12:08:57.164+0200] {override.py:1829} INFO - Created Permission View: can read on DAG:example_short_circuit_operator
[2024-06-25T12:08:57.172+0200] {logging_mixin.py:188} INFO - [2024-06-25T12:08:57.172+0200] {override.py:1829} INFO - Created Permission View: can edit on DAG:example_short_circuit_operator
[2024-06-25T12:08:57.173+0200] {logging_mixin.py:188} INFO - [2024-06-25T12:08:57.172+0200] {dag.py:3096} INFO - Sync 1 DAGs
[2024-06-25T12:08:57.186+0200] {logging_mixin.py:188} INFO - [2024-06-25T12:08:57.186+0200] {dag.py:3118} INFO - Creating ORM DAG for example_short_circuit_operator
[2024-06-25T12:08:57.200+0200] {logging_mixin.py:188} INFO - [2024-06-25T12:08:57.200+0200] {dag.py:3954} INFO - Setting next_dagrun for example_short_circuit_operator to 2024-06-24 00:00:00+00:00, run_after=2024-06-25 00:00:00+00:00
[2024-06-25T12:08:57.218+0200] {processor.py:183} INFO - Processing /Users/stockly/Downloads/ESGI/orchestration/tp1/airflow-env/lib/python3.9/site-packages/airflow/example_dags/example_short_circuit_operator.py took 0.389 seconds
[2024-06-25T12:11:22.250+0200] {processor.py:161} INFO - Started process (PID=13925) to work on /Users/stockly/Downloads/ESGI/orchestration/tp1/airflow-env/lib/python3.9/site-packages/airflow/example_dags/example_short_circuit_operator.py
[2024-06-25T12:11:22.261+0200] {processor.py:830} INFO - Processing file /Users/stockly/Downloads/ESGI/orchestration/tp1/airflow-env/lib/python3.9/site-packages/airflow/example_dags/example_short_circuit_operator.py for tasks to queue
[2024-06-25T12:11:22.262+0200] {logging_mixin.py:188} INFO - [2024-06-25T12:11:22.262+0200] {dagbag.py:545} INFO - Filling up the DagBag from /Users/stockly/Downloads/ESGI/orchestration/tp1/airflow-env/lib/python3.9/site-packages/airflow/example_dags/example_short_circuit_operator.py
[2024-06-25T12:11:22.290+0200] {processor.py:840} INFO - DAG(s) 'example_short_circuit_operator' retrieved from /Users/stockly/Downloads/ESGI/orchestration/tp1/airflow-env/lib/python3.9/site-packages/airflow/example_dags/example_short_circuit_operator.py
[2024-06-25T12:11:22.445+0200] {logging_mixin.py:188} INFO - [2024-06-25T12:11:22.445+0200] {dag.py:3096} INFO - Sync 1 DAGs
[2024-06-25T12:11:22.465+0200] {logging_mixin.py:188} INFO - [2024-06-25T12:11:22.465+0200] {dag.py:3954} INFO - Setting next_dagrun for example_short_circuit_operator to 2024-06-24 00:00:00+00:00, run_after=2024-06-25 00:00:00+00:00
[2024-06-25T12:11:22.492+0200] {processor.py:183} INFO - Processing /Users/stockly/Downloads/ESGI/orchestration/tp1/airflow-env/lib/python3.9/site-packages/airflow/example_dags/example_short_circuit_operator.py took 0.245 seconds
[2024-06-25T12:15:45.667+0200] {processor.py:161} INFO - Started process (PID=14107) to work on /Users/stockly/Downloads/ESGI/orchestration/tp1/airflow-env/lib/python3.9/site-packages/airflow/example_dags/example_short_circuit_operator.py
[2024-06-25T12:15:45.678+0200] {processor.py:830} INFO - Processing file /Users/stockly/Downloads/ESGI/orchestration/tp1/airflow-env/lib/python3.9/site-packages/airflow/example_dags/example_short_circuit_operator.py for tasks to queue
[2024-06-25T12:15:45.679+0200] {logging_mixin.py:188} INFO - [2024-06-25T12:15:45.679+0200] {dagbag.py:545} INFO - Filling up the DagBag from /Users/stockly/Downloads/ESGI/orchestration/tp1/airflow-env/lib/python3.9/site-packages/airflow/example_dags/example_short_circuit_operator.py
[2024-06-25T12:15:45.708+0200] {processor.py:840} INFO - DAG(s) 'example_short_circuit_operator' retrieved from /Users/stockly/Downloads/ESGI/orchestration/tp1/airflow-env/lib/python3.9/site-packages/airflow/example_dags/example_short_circuit_operator.py
[2024-06-25T12:15:45.872+0200] {logging_mixin.py:188} INFO - [2024-06-25T12:15:45.872+0200] {dag.py:3096} INFO - Sync 1 DAGs
[2024-06-25T12:15:45.894+0200] {logging_mixin.py:188} INFO - [2024-06-25T12:15:45.893+0200] {dag.py:3954} INFO - Setting next_dagrun for example_short_circuit_operator to 2024-06-24 00:00:00+00:00, run_after=2024-06-25 00:00:00+00:00
[2024-06-25T12:15:45.913+0200] {processor.py:183} INFO - Processing /Users/stockly/Downloads/ESGI/orchestration/tp1/airflow-env/lib/python3.9/site-packages/airflow/example_dags/example_short_circuit_operator.py took 0.248 seconds
[2024-06-25T12:18:07.867+0200] {processor.py:161} INFO - Started process (PID=14176) to work on /Users/stockly/Downloads/ESGI/orchestration/tp1/airflow-env/lib/python3.9/site-packages/airflow/example_dags/example_short_circuit_operator.py
[2024-06-25T12:18:07.870+0200] {processor.py:830} INFO - Processing file /Users/stockly/Downloads/ESGI/orchestration/tp1/airflow-env/lib/python3.9/site-packages/airflow/example_dags/example_short_circuit_operator.py for tasks to queue
[2024-06-25T12:18:07.871+0200] {logging_mixin.py:188} INFO - [2024-06-25T12:18:07.871+0200] {dagbag.py:545} INFO - Filling up the DagBag from /Users/stockly/Downloads/ESGI/orchestration/tp1/airflow-env/lib/python3.9/site-packages/airflow/example_dags/example_short_circuit_operator.py
[2024-06-25T12:18:07.903+0200] {processor.py:840} INFO - DAG(s) 'example_short_circuit_operator' retrieved from /Users/stockly/Downloads/ESGI/orchestration/tp1/airflow-env/lib/python3.9/site-packages/airflow/example_dags/example_short_circuit_operator.py
[2024-06-25T12:18:08.230+0200] {logging_mixin.py:188} INFO - [2024-06-25T12:18:08.230+0200] {dag.py:3096} INFO - Sync 1 DAGs
[2024-06-25T12:18:08.253+0200] {logging_mixin.py:188} INFO - [2024-06-25T12:18:08.253+0200] {dag.py:3954} INFO - Setting next_dagrun for example_short_circuit_operator to 2024-06-24 00:00:00+00:00, run_after=2024-06-25 00:00:00+00:00
[2024-06-25T12:18:08.274+0200] {processor.py:183} INFO - Processing /Users/stockly/Downloads/ESGI/orchestration/tp1/airflow-env/lib/python3.9/site-packages/airflow/example_dags/example_short_circuit_operator.py took 0.410 seconds
[2024-06-25T12:20:00.260+0200] {processor.py:161} INFO - Started process (PID=14227) to work on /Users/stockly/Downloads/ESGI/orchestration/tp1/airflow-env/lib/python3.9/site-packages/airflow/example_dags/example_short_circuit_operator.py
[2024-06-25T12:20:00.271+0200] {processor.py:830} INFO - Processing file /Users/stockly/Downloads/ESGI/orchestration/tp1/airflow-env/lib/python3.9/site-packages/airflow/example_dags/example_short_circuit_operator.py for tasks to queue
[2024-06-25T12:20:00.272+0200] {logging_mixin.py:188} INFO - [2024-06-25T12:20:00.272+0200] {dagbag.py:545} INFO - Filling up the DagBag from /Users/stockly/Downloads/ESGI/orchestration/tp1/airflow-env/lib/python3.9/site-packages/airflow/example_dags/example_short_circuit_operator.py
[2024-06-25T12:20:00.300+0200] {processor.py:840} INFO - DAG(s) 'example_short_circuit_operator' retrieved from /Users/stockly/Downloads/ESGI/orchestration/tp1/airflow-env/lib/python3.9/site-packages/airflow/example_dags/example_short_circuit_operator.py
[2024-06-25T12:20:00.527+0200] {logging_mixin.py:188} INFO - [2024-06-25T12:20:00.527+0200] {dag.py:3096} INFO - Sync 1 DAGs
[2024-06-25T12:20:00.553+0200] {logging_mixin.py:188} INFO - [2024-06-25T12:20:00.552+0200] {dag.py:3954} INFO - Setting next_dagrun for example_short_circuit_operator to 2024-06-24 00:00:00+00:00, run_after=2024-06-25 00:00:00+00:00
[2024-06-25T12:20:00.574+0200] {processor.py:183} INFO - Processing /Users/stockly/Downloads/ESGI/orchestration/tp1/airflow-env/lib/python3.9/site-packages/airflow/example_dags/example_short_circuit_operator.py took 0.317 seconds
[2024-06-25T12:21:54.432+0200] {processor.py:161} INFO - Started process (PID=14275) to work on /Users/stockly/Downloads/ESGI/orchestration/tp1/airflow-env/lib/python3.9/site-packages/airflow/example_dags/example_short_circuit_operator.py
[2024-06-25T12:21:54.435+0200] {processor.py:830} INFO - Processing file /Users/stockly/Downloads/ESGI/orchestration/tp1/airflow-env/lib/python3.9/site-packages/airflow/example_dags/example_short_circuit_operator.py for tasks to queue
[2024-06-25T12:21:54.436+0200] {logging_mixin.py:188} INFO - [2024-06-25T12:21:54.436+0200] {dagbag.py:545} INFO - Filling up the DagBag from /Users/stockly/Downloads/ESGI/orchestration/tp1/airflow-env/lib/python3.9/site-packages/airflow/example_dags/example_short_circuit_operator.py
[2024-06-25T12:21:54.465+0200] {processor.py:840} INFO - DAG(s) 'example_short_circuit_operator' retrieved from /Users/stockly/Downloads/ESGI/orchestration/tp1/airflow-env/lib/python3.9/site-packages/airflow/example_dags/example_short_circuit_operator.py
[2024-06-25T12:21:54.641+0200] {logging_mixin.py:188} INFO - [2024-06-25T12:21:54.641+0200] {dag.py:3096} INFO - Sync 1 DAGs
[2024-06-25T12:21:54.662+0200] {logging_mixin.py:188} INFO - [2024-06-25T12:21:54.661+0200] {dag.py:3954} INFO - Setting next_dagrun for example_short_circuit_operator to 2024-06-24 00:00:00+00:00, run_after=2024-06-25 00:00:00+00:00
[2024-06-25T12:21:54.692+0200] {processor.py:183} INFO - Processing /Users/stockly/Downloads/ESGI/orchestration/tp1/airflow-env/lib/python3.9/site-packages/airflow/example_dags/example_short_circuit_operator.py took 0.264 seconds
[2024-06-25T12:23:48.231+0200] {processor.py:161} INFO - Started process (PID=14328) to work on /Users/stockly/Downloads/ESGI/orchestration/tp1/airflow-env/lib/python3.9/site-packages/airflow/example_dags/example_short_circuit_operator.py
[2024-06-25T12:23:48.242+0200] {processor.py:830} INFO - Processing file /Users/stockly/Downloads/ESGI/orchestration/tp1/airflow-env/lib/python3.9/site-packages/airflow/example_dags/example_short_circuit_operator.py for tasks to queue
[2024-06-25T12:23:48.243+0200] {logging_mixin.py:188} INFO - [2024-06-25T12:23:48.243+0200] {dagbag.py:545} INFO - Filling up the DagBag from /Users/stockly/Downloads/ESGI/orchestration/tp1/airflow-env/lib/python3.9/site-packages/airflow/example_dags/example_short_circuit_operator.py
[2024-06-25T12:23:48.273+0200] {processor.py:840} INFO - DAG(s) 'example_short_circuit_operator' retrieved from /Users/stockly/Downloads/ESGI/orchestration/tp1/airflow-env/lib/python3.9/site-packages/airflow/example_dags/example_short_circuit_operator.py
[2024-06-25T12:23:48.450+0200] {logging_mixin.py:188} INFO - [2024-06-25T12:23:48.450+0200] {dag.py:3096} INFO - Sync 1 DAGs
[2024-06-25T12:23:48.473+0200] {logging_mixin.py:188} INFO - [2024-06-25T12:23:48.473+0200] {dag.py:3954} INFO - Setting next_dagrun for example_short_circuit_operator to 2024-06-24 00:00:00+00:00, run_after=2024-06-25 00:00:00+00:00
[2024-06-25T12:23:48.494+0200] {processor.py:183} INFO - Processing /Users/stockly/Downloads/ESGI/orchestration/tp1/airflow-env/lib/python3.9/site-packages/airflow/example_dags/example_short_circuit_operator.py took 0.267 seconds
