[2024-06-25T12:08:54.795+0200] {processor.py:161} INFO - Started process (PID=13814) to work on /Users/stockly/Downloads/ESGI/orchestration/tp1/airflow-env/lib/python3.9/site-packages/airflow/example_dags/example_skip_dag.py
[2024-06-25T12:08:54.798+0200] {processor.py:830} INFO - Processing file /Users/stockly/Downloads/ESGI/orchestration/tp1/airflow-env/lib/python3.9/site-packages/airflow/example_dags/example_skip_dag.py for tasks to queue
[2024-06-25T12:08:54.799+0200] {logging_mixin.py:188} INFO - [2024-06-25T12:08:54.799+0200] {dagbag.py:545} INFO - Filling up the DagBag from /Users/stockly/Downloads/ESGI/orchestration/tp1/airflow-env/lib/python3.9/site-packages/airflow/example_dags/example_skip_dag.py
[2024-06-25T12:08:54.808+0200] {processor.py:840} INFO - DAG(s) 'example_skip_dag' retrieved from /Users/stockly/Downloads/ESGI/orchestration/tp1/airflow-env/lib/python3.9/site-packages/airflow/example_dags/example_skip_dag.py
[2024-06-25T12:08:55.071+0200] {logging_mixin.py:188} INFO - [2024-06-25T12:08:55.070+0200] {override.py:1829} INFO - Created Permission View: can delete on DAG:example_skip_dag
[2024-06-25T12:08:55.079+0200] {logging_mixin.py:188} INFO - [2024-06-25T12:08:55.079+0200] {override.py:1829} INFO - Created Permission View: can read on DAG:example_skip_dag
[2024-06-25T12:08:55.085+0200] {logging_mixin.py:188} INFO - [2024-06-25T12:08:55.085+0200] {override.py:1829} INFO - Created Permission View: can edit on DAG:example_skip_dag
[2024-06-25T12:08:55.086+0200] {logging_mixin.py:188} INFO - [2024-06-25T12:08:55.085+0200] {dag.py:3096} INFO - Sync 1 DAGs
[2024-06-25T12:08:55.097+0200] {logging_mixin.py:188} INFO - [2024-06-25T12:08:55.097+0200] {dag.py:3118} INFO - Creating ORM DAG for example_skip_dag
[2024-06-25T12:08:55.113+0200] {logging_mixin.py:188} INFO - [2024-06-25T12:08:55.113+0200] {dag.py:3954} INFO - Setting next_dagrun for example_skip_dag to 2024-06-24 00:00:00+00:00, run_after=2024-06-25 00:00:00+00:00
[2024-06-25T12:08:55.132+0200] {processor.py:183} INFO - Processing /Users/stockly/Downloads/ESGI/orchestration/tp1/airflow-env/lib/python3.9/site-packages/airflow/example_dags/example_skip_dag.py took 0.340 seconds
[2024-06-25T12:11:19.399+0200] {processor.py:161} INFO - Started process (PID=13924) to work on /Users/stockly/Downloads/ESGI/orchestration/tp1/airflow-env/lib/python3.9/site-packages/airflow/example_dags/example_skip_dag.py
[2024-06-25T12:11:19.410+0200] {processor.py:830} INFO - Processing file /Users/stockly/Downloads/ESGI/orchestration/tp1/airflow-env/lib/python3.9/site-packages/airflow/example_dags/example_skip_dag.py for tasks to queue
[2024-06-25T12:11:19.411+0200] {logging_mixin.py:188} INFO - [2024-06-25T12:11:19.411+0200] {dagbag.py:545} INFO - Filling up the DagBag from /Users/stockly/Downloads/ESGI/orchestration/tp1/airflow-env/lib/python3.9/site-packages/airflow/example_dags/example_skip_dag.py
[2024-06-25T12:11:19.419+0200] {processor.py:840} INFO - DAG(s) 'example_skip_dag' retrieved from /Users/stockly/Downloads/ESGI/orchestration/tp1/airflow-env/lib/python3.9/site-packages/airflow/example_dags/example_skip_dag.py
[2024-06-25T12:11:19.537+0200] {logging_mixin.py:188} INFO - [2024-06-25T12:11:19.536+0200] {dag.py:3096} INFO - Sync 1 DAGs
[2024-06-25T12:11:19.600+0200] {logging_mixin.py:188} INFO - [2024-06-25T12:11:19.600+0200] {dag.py:3954} INFO - Setting next_dagrun for example_skip_dag to 2024-06-24 00:00:00+00:00, run_after=2024-06-25 00:00:00+00:00
[2024-06-25T12:11:19.627+0200] {processor.py:183} INFO - Processing /Users/stockly/Downloads/ESGI/orchestration/tp1/airflow-env/lib/python3.9/site-packages/airflow/example_dags/example_skip_dag.py took 0.231 seconds
[2024-06-25T12:15:42.821+0200] {processor.py:161} INFO - Started process (PID=14106) to work on /Users/stockly/Downloads/ESGI/orchestration/tp1/airflow-env/lib/python3.9/site-packages/airflow/example_dags/example_skip_dag.py
[2024-06-25T12:15:42.824+0200] {processor.py:830} INFO - Processing file /Users/stockly/Downloads/ESGI/orchestration/tp1/airflow-env/lib/python3.9/site-packages/airflow/example_dags/example_skip_dag.py for tasks to queue
[2024-06-25T12:15:42.825+0200] {logging_mixin.py:188} INFO - [2024-06-25T12:15:42.825+0200] {dagbag.py:545} INFO - Filling up the DagBag from /Users/stockly/Downloads/ESGI/orchestration/tp1/airflow-env/lib/python3.9/site-packages/airflow/example_dags/example_skip_dag.py
[2024-06-25T12:15:42.834+0200] {processor.py:840} INFO - DAG(s) 'example_skip_dag' retrieved from /Users/stockly/Downloads/ESGI/orchestration/tp1/airflow-env/lib/python3.9/site-packages/airflow/example_dags/example_skip_dag.py
[2024-06-25T12:15:42.964+0200] {logging_mixin.py:188} INFO - [2024-06-25T12:15:42.964+0200] {dag.py:3096} INFO - Sync 1 DAGs
[2024-06-25T12:15:43.027+0200] {logging_mixin.py:188} INFO - [2024-06-25T12:15:43.027+0200] {dag.py:3954} INFO - Setting next_dagrun for example_skip_dag to 2024-06-24 00:00:00+00:00, run_after=2024-06-25 00:00:00+00:00
[2024-06-25T12:15:43.055+0200] {processor.py:183} INFO - Processing /Users/stockly/Downloads/ESGI/orchestration/tp1/airflow-env/lib/python3.9/site-packages/airflow/example_dags/example_skip_dag.py took 0.237 seconds
[2024-06-25T12:18:04.945+0200] {processor.py:161} INFO - Started process (PID=14173) to work on /Users/stockly/Downloads/ESGI/orchestration/tp1/airflow-env/lib/python3.9/site-packages/airflow/example_dags/example_skip_dag.py
[2024-06-25T12:18:04.948+0200] {processor.py:830} INFO - Processing file /Users/stockly/Downloads/ESGI/orchestration/tp1/airflow-env/lib/python3.9/site-packages/airflow/example_dags/example_skip_dag.py for tasks to queue
[2024-06-25T12:18:04.949+0200] {logging_mixin.py:188} INFO - [2024-06-25T12:18:04.949+0200] {dagbag.py:545} INFO - Filling up the DagBag from /Users/stockly/Downloads/ESGI/orchestration/tp1/airflow-env/lib/python3.9/site-packages/airflow/example_dags/example_skip_dag.py
[2024-06-25T12:18:04.965+0200] {processor.py:840} INFO - DAG(s) 'example_skip_dag' retrieved from /Users/stockly/Downloads/ESGI/orchestration/tp1/airflow-env/lib/python3.9/site-packages/airflow/example_dags/example_skip_dag.py
[2024-06-25T12:18:05.098+0200] {logging_mixin.py:188} INFO - [2024-06-25T12:18:05.097+0200] {dag.py:3096} INFO - Sync 1 DAGs
[2024-06-25T12:18:05.171+0200] {logging_mixin.py:188} INFO - [2024-06-25T12:18:05.171+0200] {dag.py:3954} INFO - Setting next_dagrun for example_skip_dag to 2024-06-24 00:00:00+00:00, run_after=2024-06-25 00:00:00+00:00
[2024-06-25T12:18:05.191+0200] {processor.py:183} INFO - Processing /Users/stockly/Downloads/ESGI/orchestration/tp1/airflow-env/lib/python3.9/site-packages/airflow/example_dags/example_skip_dag.py took 0.249 seconds
[2024-06-25T12:19:57.308+0200] {processor.py:161} INFO - Started process (PID=14225) to work on /Users/stockly/Downloads/ESGI/orchestration/tp1/airflow-env/lib/python3.9/site-packages/airflow/example_dags/example_skip_dag.py
[2024-06-25T12:19:57.319+0200] {processor.py:830} INFO - Processing file /Users/stockly/Downloads/ESGI/orchestration/tp1/airflow-env/lib/python3.9/site-packages/airflow/example_dags/example_skip_dag.py for tasks to queue
[2024-06-25T12:19:57.321+0200] {logging_mixin.py:188} INFO - [2024-06-25T12:19:57.320+0200] {dagbag.py:545} INFO - Filling up the DagBag from /Users/stockly/Downloads/ESGI/orchestration/tp1/airflow-env/lib/python3.9/site-packages/airflow/example_dags/example_skip_dag.py
[2024-06-25T12:19:57.329+0200] {processor.py:840} INFO - DAG(s) 'example_skip_dag' retrieved from /Users/stockly/Downloads/ESGI/orchestration/tp1/airflow-env/lib/python3.9/site-packages/airflow/example_dags/example_skip_dag.py
[2024-06-25T12:19:57.460+0200] {logging_mixin.py:188} INFO - [2024-06-25T12:19:57.460+0200] {dag.py:3096} INFO - Sync 1 DAGs
[2024-06-25T12:19:57.530+0200] {logging_mixin.py:188} INFO - [2024-06-25T12:19:57.530+0200] {dag.py:3954} INFO - Setting next_dagrun for example_skip_dag to 2024-06-24 00:00:00+00:00, run_after=2024-06-25 00:00:00+00:00
[2024-06-25T12:19:57.560+0200] {processor.py:183} INFO - Processing /Users/stockly/Downloads/ESGI/orchestration/tp1/airflow-env/lib/python3.9/site-packages/airflow/example_dags/example_skip_dag.py took 0.255 seconds
[2024-06-25T12:21:51.546+0200] {processor.py:161} INFO - Started process (PID=14274) to work on /Users/stockly/Downloads/ESGI/orchestration/tp1/airflow-env/lib/python3.9/site-packages/airflow/example_dags/example_skip_dag.py
[2024-06-25T12:21:51.550+0200] {processor.py:830} INFO - Processing file /Users/stockly/Downloads/ESGI/orchestration/tp1/airflow-env/lib/python3.9/site-packages/airflow/example_dags/example_skip_dag.py for tasks to queue
[2024-06-25T12:21:51.551+0200] {logging_mixin.py:188} INFO - [2024-06-25T12:21:51.551+0200] {dagbag.py:545} INFO - Filling up the DagBag from /Users/stockly/Downloads/ESGI/orchestration/tp1/airflow-env/lib/python3.9/site-packages/airflow/example_dags/example_skip_dag.py
[2024-06-25T12:21:51.560+0200] {processor.py:840} INFO - DAG(s) 'example_skip_dag' retrieved from /Users/stockly/Downloads/ESGI/orchestration/tp1/airflow-env/lib/python3.9/site-packages/airflow/example_dags/example_skip_dag.py
[2024-06-25T12:21:51.694+0200] {logging_mixin.py:188} INFO - [2024-06-25T12:21:51.693+0200] {dag.py:3096} INFO - Sync 1 DAGs
[2024-06-25T12:21:51.763+0200] {logging_mixin.py:188} INFO - [2024-06-25T12:21:51.762+0200] {dag.py:3954} INFO - Setting next_dagrun for example_skip_dag to 2024-06-24 00:00:00+00:00, run_after=2024-06-25 00:00:00+00:00
[2024-06-25T12:21:51.781+0200] {processor.py:183} INFO - Processing /Users/stockly/Downloads/ESGI/orchestration/tp1/airflow-env/lib/python3.9/site-packages/airflow/example_dags/example_skip_dag.py took 0.238 seconds
[2024-06-25T12:23:45.303+0200] {processor.py:161} INFO - Started process (PID=14327) to work on /Users/stockly/Downloads/ESGI/orchestration/tp1/airflow-env/lib/python3.9/site-packages/airflow/example_dags/example_skip_dag.py
[2024-06-25T12:23:45.306+0200] {processor.py:830} INFO - Processing file /Users/stockly/Downloads/ESGI/orchestration/tp1/airflow-env/lib/python3.9/site-packages/airflow/example_dags/example_skip_dag.py for tasks to queue
[2024-06-25T12:23:45.307+0200] {logging_mixin.py:188} INFO - [2024-06-25T12:23:45.306+0200] {dagbag.py:545} INFO - Filling up the DagBag from /Users/stockly/Downloads/ESGI/orchestration/tp1/airflow-env/lib/python3.9/site-packages/airflow/example_dags/example_skip_dag.py
[2024-06-25T12:23:45.316+0200] {processor.py:840} INFO - DAG(s) 'example_skip_dag' retrieved from /Users/stockly/Downloads/ESGI/orchestration/tp1/airflow-env/lib/python3.9/site-packages/airflow/example_dags/example_skip_dag.py
[2024-06-25T12:23:45.455+0200] {logging_mixin.py:188} INFO - [2024-06-25T12:23:45.455+0200] {dag.py:3096} INFO - Sync 1 DAGs
[2024-06-25T12:23:45.520+0200] {logging_mixin.py:188} INFO - [2024-06-25T12:23:45.520+0200] {dag.py:3954} INFO - Setting next_dagrun for example_skip_dag to 2024-06-24 00:00:00+00:00, run_after=2024-06-25 00:00:00+00:00
[2024-06-25T12:23:45.538+0200] {processor.py:183} INFO - Processing /Users/stockly/Downloads/ESGI/orchestration/tp1/airflow-env/lib/python3.9/site-packages/airflow/example_dags/example_skip_dag.py took 0.238 seconds
