[2024-06-25T12:09:38.827+0200] {processor.py:161} INFO - Started process (PID=13836) to work on /Users/stockly/Downloads/ESGI/orchestration/tp1/airflow-env/lib/python3.9/site-packages/airflow/example_dags/example_kubernetes_executor.py
[2024-06-25T12:09:38.830+0200] {processor.py:830} INFO - Processing file /Users/stockly/Downloads/ESGI/orchestration/tp1/airflow-env/lib/python3.9/site-packages/airflow/example_dags/example_kubernetes_executor.py for tasks to queue
[2024-06-25T12:09:38.831+0200] {logging_mixin.py:188} INFO - [2024-06-25T12:09:38.831+0200] {dagbag.py:545} INFO - Filling up the DagBag from /Users/stockly/Downloads/ESGI/orchestration/tp1/airflow-env/lib/python3.9/site-packages/airflow/example_dags/example_kubernetes_executor.py
[2024-06-25T12:09:38.863+0200] {logging_mixin.py:188} INFO - [2024-06-25T12:09:38.863+0200] {example_kubernetes_executor.py:39} WARNING - The example_kubernetes_executor example DAG requires the kubernetes provider. Please install it with: pip install apache-airflow[cncf.kubernetes]
[2024-06-25T12:09:38.864+0200] {processor.py:842} WARNING - No viable dags retrieved from /Users/stockly/Downloads/ESGI/orchestration/tp1/airflow-env/lib/python3.9/site-packages/airflow/example_dags/example_kubernetes_executor.py
[2024-06-25T12:09:38.953+0200] {processor.py:183} INFO - Processing /Users/stockly/Downloads/ESGI/orchestration/tp1/airflow-env/lib/python3.9/site-packages/airflow/example_dags/example_kubernetes_executor.py took 0.129 seconds
[2024-06-25T12:12:05.591+0200] {processor.py:161} INFO - Started process (PID=13945) to work on /Users/stockly/Downloads/ESGI/orchestration/tp1/airflow-env/lib/python3.9/site-packages/airflow/example_dags/example_kubernetes_executor.py
[2024-06-25T12:12:05.595+0200] {processor.py:830} INFO - Processing file /Users/stockly/Downloads/ESGI/orchestration/tp1/airflow-env/lib/python3.9/site-packages/airflow/example_dags/example_kubernetes_executor.py for tasks to queue
[2024-06-25T12:12:05.596+0200] {logging_mixin.py:188} INFO - [2024-06-25T12:12:05.596+0200] {dagbag.py:545} INFO - Filling up the DagBag from /Users/stockly/Downloads/ESGI/orchestration/tp1/airflow-env/lib/python3.9/site-packages/airflow/example_dags/example_kubernetes_executor.py
[2024-06-25T12:12:05.634+0200] {logging_mixin.py:188} INFO - [2024-06-25T12:12:05.633+0200] {example_kubernetes_executor.py:39} WARNING - The example_kubernetes_executor example DAG requires the kubernetes provider. Please install it with: pip install apache-airflow[cncf.kubernetes]
[2024-06-25T12:12:05.634+0200] {processor.py:842} WARNING - No viable dags retrieved from /Users/stockly/Downloads/ESGI/orchestration/tp1/airflow-env/lib/python3.9/site-packages/airflow/example_dags/example_kubernetes_executor.py
[2024-06-25T12:12:05.732+0200] {processor.py:183} INFO - Processing /Users/stockly/Downloads/ESGI/orchestration/tp1/airflow-env/lib/python3.9/site-packages/airflow/example_dags/example_kubernetes_executor.py took 0.143 seconds
[2024-06-25T12:16:27.605+0200] {processor.py:161} INFO - Started process (PID=14126) to work on /Users/stockly/Downloads/ESGI/orchestration/tp1/airflow-env/lib/python3.9/site-packages/airflow/example_dags/example_kubernetes_executor.py
[2024-06-25T12:16:27.616+0200] {processor.py:830} INFO - Processing file /Users/stockly/Downloads/ESGI/orchestration/tp1/airflow-env/lib/python3.9/site-packages/airflow/example_dags/example_kubernetes_executor.py for tasks to queue
[2024-06-25T12:16:27.617+0200] {logging_mixin.py:188} INFO - [2024-06-25T12:16:27.617+0200] {dagbag.py:545} INFO - Filling up the DagBag from /Users/stockly/Downloads/ESGI/orchestration/tp1/airflow-env/lib/python3.9/site-packages/airflow/example_dags/example_kubernetes_executor.py
[2024-06-25T12:16:27.651+0200] {logging_mixin.py:188} INFO - [2024-06-25T12:16:27.651+0200] {example_kubernetes_executor.py:39} WARNING - The example_kubernetes_executor example DAG requires the kubernetes provider. Please install it with: pip install apache-airflow[cncf.kubernetes]
[2024-06-25T12:16:27.651+0200] {processor.py:842} WARNING - No viable dags retrieved from /Users/stockly/Downloads/ESGI/orchestration/tp1/airflow-env/lib/python3.9/site-packages/airflow/example_dags/example_kubernetes_executor.py
[2024-06-25T12:16:27.747+0200] {processor.py:183} INFO - Processing /Users/stockly/Downloads/ESGI/orchestration/tp1/airflow-env/lib/python3.9/site-packages/airflow/example_dags/example_kubernetes_executor.py took 0.145 seconds
[2024-06-25T12:18:51.181+0200] {processor.py:161} INFO - Started process (PID=14197) to work on /Users/stockly/Downloads/ESGI/orchestration/tp1/airflow-env/lib/python3.9/site-packages/airflow/example_dags/example_kubernetes_executor.py
[2024-06-25T12:18:51.192+0200] {processor.py:830} INFO - Processing file /Users/stockly/Downloads/ESGI/orchestration/tp1/airflow-env/lib/python3.9/site-packages/airflow/example_dags/example_kubernetes_executor.py for tasks to queue
[2024-06-25T12:18:51.193+0200] {logging_mixin.py:188} INFO - [2024-06-25T12:18:51.193+0200] {dagbag.py:545} INFO - Filling up the DagBag from /Users/stockly/Downloads/ESGI/orchestration/tp1/airflow-env/lib/python3.9/site-packages/airflow/example_dags/example_kubernetes_executor.py
[2024-06-25T12:18:51.230+0200] {logging_mixin.py:188} INFO - [2024-06-25T12:18:51.229+0200] {example_kubernetes_executor.py:39} WARNING - The example_kubernetes_executor example DAG requires the kubernetes provider. Please install it with: pip install apache-airflow[cncf.kubernetes]
[2024-06-25T12:18:51.230+0200] {processor.py:842} WARNING - No viable dags retrieved from /Users/stockly/Downloads/ESGI/orchestration/tp1/airflow-env/lib/python3.9/site-packages/airflow/example_dags/example_kubernetes_executor.py
[2024-06-25T12:18:51.328+0200] {processor.py:183} INFO - Processing /Users/stockly/Downloads/ESGI/orchestration/tp1/airflow-env/lib/python3.9/site-packages/airflow/example_dags/example_kubernetes_executor.py took 0.151 seconds
[2024-06-25T12:22:36.894+0200] {processor.py:161} INFO - Started process (PID=14293) to work on /Users/stockly/Downloads/ESGI/orchestration/tp1/airflow-env/lib/python3.9/site-packages/airflow/example_dags/example_kubernetes_executor.py
[2024-06-25T12:22:36.898+0200] {processor.py:830} INFO - Processing file /Users/stockly/Downloads/ESGI/orchestration/tp1/airflow-env/lib/python3.9/site-packages/airflow/example_dags/example_kubernetes_executor.py for tasks to queue
[2024-06-25T12:22:36.898+0200] {logging_mixin.py:188} INFO - [2024-06-25T12:22:36.898+0200] {dagbag.py:545} INFO - Filling up the DagBag from /Users/stockly/Downloads/ESGI/orchestration/tp1/airflow-env/lib/python3.9/site-packages/airflow/example_dags/example_kubernetes_executor.py
[2024-06-25T12:22:36.939+0200] {logging_mixin.py:188} INFO - [2024-06-25T12:22:36.939+0200] {example_kubernetes_executor.py:39} WARNING - The example_kubernetes_executor example DAG requires the kubernetes provider. Please install it with: pip install apache-airflow[cncf.kubernetes]
[2024-06-25T12:22:36.939+0200] {processor.py:842} WARNING - No viable dags retrieved from /Users/stockly/Downloads/ESGI/orchestration/tp1/airflow-env/lib/python3.9/site-packages/airflow/example_dags/example_kubernetes_executor.py
[2024-06-25T12:22:37.048+0200] {processor.py:183} INFO - Processing /Users/stockly/Downloads/ESGI/orchestration/tp1/airflow-env/lib/python3.9/site-packages/airflow/example_dags/example_kubernetes_executor.py took 0.156 seconds
