[2024-06-25T12:09:41.484+0200] {processor.py:161} INFO - Started process (PID=13837) to work on /Users/stockly/Downloads/ESGI/orchestration/tp1/airflow-env/lib/python3.9/site-packages/airflow/example_dags/example_external_task_marker_dag.py
[2024-06-25T12:09:41.487+0200] {processor.py:830} INFO - Processing file /Users/stockly/Downloads/ESGI/orchestration/tp1/airflow-env/lib/python3.9/site-packages/airflow/example_dags/example_external_task_marker_dag.py for tasks to queue
[2024-06-25T12:09:41.488+0200] {logging_mixin.py:188} INFO - [2024-06-25T12:09:41.487+0200] {dagbag.py:545} INFO - Filling up the DagBag from /Users/stockly/Downloads/ESGI/orchestration/tp1/airflow-env/lib/python3.9/site-packages/airflow/example_dags/example_external_task_marker_dag.py
[2024-06-25T12:09:41.517+0200] {processor.py:840} INFO - DAG(s) 'example_external_task_marker_child', 'example_external_task_marker_parent' retrieved from /Users/stockly/Downloads/ESGI/orchestration/tp1/airflow-env/lib/python3.9/site-packages/airflow/example_dags/example_external_task_marker_dag.py
[2024-06-25T12:09:41.816+0200] {logging_mixin.py:188} INFO - [2024-06-25T12:09:41.816+0200] {override.py:1829} INFO - Created Permission View: can read on DAG:example_external_task_marker_child
[2024-06-25T12:09:41.825+0200] {logging_mixin.py:188} INFO - [2024-06-25T12:09:41.824+0200] {override.py:1829} INFO - Created Permission View: can edit on DAG:example_external_task_marker_child
[2024-06-25T12:09:41.830+0200] {logging_mixin.py:188} INFO - [2024-06-25T12:09:41.830+0200] {override.py:1829} INFO - Created Permission View: can delete on DAG:example_external_task_marker_child
[2024-06-25T12:09:41.841+0200] {logging_mixin.py:188} INFO - [2024-06-25T12:09:41.841+0200] {override.py:1829} INFO - Created Permission View: can read on DAG:example_external_task_marker_parent
[2024-06-25T12:09:41.847+0200] {logging_mixin.py:188} INFO - [2024-06-25T12:09:41.847+0200] {override.py:1829} INFO - Created Permission View: can edit on DAG:example_external_task_marker_parent
[2024-06-25T12:09:41.853+0200] {logging_mixin.py:188} INFO - [2024-06-25T12:09:41.853+0200] {override.py:1829} INFO - Created Permission View: can delete on DAG:example_external_task_marker_parent
[2024-06-25T12:09:41.854+0200] {logging_mixin.py:188} INFO - [2024-06-25T12:09:41.854+0200] {dag.py:3096} INFO - Sync 2 DAGs
[2024-06-25T12:09:41.865+0200] {logging_mixin.py:188} INFO - [2024-06-25T12:09:41.864+0200] {dag.py:3118} INFO - Creating ORM DAG for example_external_task_marker_parent
[2024-06-25T12:09:41.866+0200] {logging_mixin.py:188} INFO - [2024-06-25T12:09:41.865+0200] {dag.py:3118} INFO - Creating ORM DAG for example_external_task_marker_child
[2024-06-25T12:09:41.866+0200] {logging_mixin.py:188} INFO - [2024-06-25T12:09:41.866+0200] {dag.py:3954} INFO - Setting next_dagrun for example_external_task_marker_child to None, run_after=None
[2024-06-25T12:09:41.867+0200] {logging_mixin.py:188} INFO - [2024-06-25T12:09:41.867+0200] {dag.py:3954} INFO - Setting next_dagrun for example_external_task_marker_parent to None, run_after=None
[2024-06-25T12:09:41.885+0200] {processor.py:183} INFO - Processing /Users/stockly/Downloads/ESGI/orchestration/tp1/airflow-env/lib/python3.9/site-packages/airflow/example_dags/example_external_task_marker_dag.py took 0.404 seconds
[2024-06-25T12:12:07.533+0200] {processor.py:161} INFO - Started process (PID=13947) to work on /Users/stockly/Downloads/ESGI/orchestration/tp1/airflow-env/lib/python3.9/site-packages/airflow/example_dags/example_external_task_marker_dag.py
[2024-06-25T12:12:07.536+0200] {processor.py:830} INFO - Processing file /Users/stockly/Downloads/ESGI/orchestration/tp1/airflow-env/lib/python3.9/site-packages/airflow/example_dags/example_external_task_marker_dag.py for tasks to queue
[2024-06-25T12:12:07.536+0200] {logging_mixin.py:188} INFO - [2024-06-25T12:12:07.536+0200] {dagbag.py:545} INFO - Filling up the DagBag from /Users/stockly/Downloads/ESGI/orchestration/tp1/airflow-env/lib/python3.9/site-packages/airflow/example_dags/example_external_task_marker_dag.py
[2024-06-25T12:12:07.551+0200] {processor.py:840} INFO - DAG(s) 'example_external_task_marker_parent', 'example_external_task_marker_child' retrieved from /Users/stockly/Downloads/ESGI/orchestration/tp1/airflow-env/lib/python3.9/site-packages/airflow/example_dags/example_external_task_marker_dag.py
[2024-06-25T12:12:07.704+0200] {logging_mixin.py:188} INFO - [2024-06-25T12:12:07.703+0200] {dag.py:3096} INFO - Sync 2 DAGs
[2024-06-25T12:12:07.757+0200] {logging_mixin.py:188} INFO - [2024-06-25T12:12:07.757+0200] {dag.py:3954} INFO - Setting next_dagrun for example_external_task_marker_child to None, run_after=None
[2024-06-25T12:12:07.761+0200] {logging_mixin.py:188} INFO - [2024-06-25T12:12:07.760+0200] {dag.py:3954} INFO - Setting next_dagrun for example_external_task_marker_parent to None, run_after=None
[2024-06-25T12:12:07.776+0200] {processor.py:183} INFO - Processing /Users/stockly/Downloads/ESGI/orchestration/tp1/airflow-env/lib/python3.9/site-packages/airflow/example_dags/example_external_task_marker_dag.py took 0.246 seconds
[2024-06-25T12:16:30.302+0200] {processor.py:161} INFO - Started process (PID=14127) to work on /Users/stockly/Downloads/ESGI/orchestration/tp1/airflow-env/lib/python3.9/site-packages/airflow/example_dags/example_external_task_marker_dag.py
[2024-06-25T12:16:30.305+0200] {processor.py:830} INFO - Processing file /Users/stockly/Downloads/ESGI/orchestration/tp1/airflow-env/lib/python3.9/site-packages/airflow/example_dags/example_external_task_marker_dag.py for tasks to queue
[2024-06-25T12:16:30.306+0200] {logging_mixin.py:188} INFO - [2024-06-25T12:16:30.306+0200] {dagbag.py:545} INFO - Filling up the DagBag from /Users/stockly/Downloads/ESGI/orchestration/tp1/airflow-env/lib/python3.9/site-packages/airflow/example_dags/example_external_task_marker_dag.py
[2024-06-25T12:16:30.320+0200] {processor.py:840} INFO - DAG(s) 'example_external_task_marker_child', 'example_external_task_marker_parent' retrieved from /Users/stockly/Downloads/ESGI/orchestration/tp1/airflow-env/lib/python3.9/site-packages/airflow/example_dags/example_external_task_marker_dag.py
[2024-06-25T12:16:30.450+0200] {logging_mixin.py:188} INFO - [2024-06-25T12:16:30.449+0200] {dag.py:3096} INFO - Sync 2 DAGs
[2024-06-25T12:16:30.501+0200] {logging_mixin.py:188} INFO - [2024-06-25T12:16:30.500+0200] {dag.py:3954} INFO - Setting next_dagrun for example_external_task_marker_child to None, run_after=None
[2024-06-25T12:16:30.504+0200] {logging_mixin.py:188} INFO - [2024-06-25T12:16:30.503+0200] {dag.py:3954} INFO - Setting next_dagrun for example_external_task_marker_parent to None, run_after=None
[2024-06-25T12:16:30.528+0200] {processor.py:183} INFO - Processing /Users/stockly/Downloads/ESGI/orchestration/tp1/airflow-env/lib/python3.9/site-packages/airflow/example_dags/example_external_task_marker_dag.py took 0.228 seconds
[2024-06-25T12:18:54.064+0200] {processor.py:161} INFO - Started process (PID=14198) to work on /Users/stockly/Downloads/ESGI/orchestration/tp1/airflow-env/lib/python3.9/site-packages/airflow/example_dags/example_external_task_marker_dag.py
[2024-06-25T12:18:54.068+0200] {processor.py:830} INFO - Processing file /Users/stockly/Downloads/ESGI/orchestration/tp1/airflow-env/lib/python3.9/site-packages/airflow/example_dags/example_external_task_marker_dag.py for tasks to queue
[2024-06-25T12:18:54.069+0200] {logging_mixin.py:188} INFO - [2024-06-25T12:18:54.069+0200] {dagbag.py:545} INFO - Filling up the DagBag from /Users/stockly/Downloads/ESGI/orchestration/tp1/airflow-env/lib/python3.9/site-packages/airflow/example_dags/example_external_task_marker_dag.py
[2024-06-25T12:18:54.086+0200] {processor.py:840} INFO - DAG(s) 'example_external_task_marker_child', 'example_external_task_marker_parent' retrieved from /Users/stockly/Downloads/ESGI/orchestration/tp1/airflow-env/lib/python3.9/site-packages/airflow/example_dags/example_external_task_marker_dag.py
[2024-06-25T12:18:54.233+0200] {logging_mixin.py:188} INFO - [2024-06-25T12:18:54.232+0200] {dag.py:3096} INFO - Sync 2 DAGs
[2024-06-25T12:18:54.292+0200] {logging_mixin.py:188} INFO - [2024-06-25T12:18:54.292+0200] {dag.py:3954} INFO - Setting next_dagrun for example_external_task_marker_child to None, run_after=None
[2024-06-25T12:18:54.296+0200] {logging_mixin.py:188} INFO - [2024-06-25T12:18:54.296+0200] {dag.py:3954} INFO - Setting next_dagrun for example_external_task_marker_parent to None, run_after=None
[2024-06-25T12:18:54.314+0200] {processor.py:183} INFO - Processing /Users/stockly/Downloads/ESGI/orchestration/tp1/airflow-env/lib/python3.9/site-packages/airflow/example_dags/example_external_task_marker_dag.py took 0.260 seconds
[2024-06-25T12:22:39.472+0200] {processor.py:161} INFO - Started process (PID=14295) to work on /Users/stockly/Downloads/ESGI/orchestration/tp1/airflow-env/lib/python3.9/site-packages/airflow/example_dags/example_external_task_marker_dag.py
[2024-06-25T12:22:39.475+0200] {processor.py:830} INFO - Processing file /Users/stockly/Downloads/ESGI/orchestration/tp1/airflow-env/lib/python3.9/site-packages/airflow/example_dags/example_external_task_marker_dag.py for tasks to queue
[2024-06-25T12:22:39.476+0200] {logging_mixin.py:188} INFO - [2024-06-25T12:22:39.476+0200] {dagbag.py:545} INFO - Filling up the DagBag from /Users/stockly/Downloads/ESGI/orchestration/tp1/airflow-env/lib/python3.9/site-packages/airflow/example_dags/example_external_task_marker_dag.py
[2024-06-25T12:22:39.491+0200] {processor.py:840} INFO - DAG(s) 'example_external_task_marker_parent', 'example_external_task_marker_child' retrieved from /Users/stockly/Downloads/ESGI/orchestration/tp1/airflow-env/lib/python3.9/site-packages/airflow/example_dags/example_external_task_marker_dag.py
[2024-06-25T12:22:39.635+0200] {logging_mixin.py:188} INFO - [2024-06-25T12:22:39.634+0200] {dag.py:3096} INFO - Sync 2 DAGs
[2024-06-25T12:22:39.695+0200] {logging_mixin.py:188} INFO - [2024-06-25T12:22:39.695+0200] {dag.py:3954} INFO - Setting next_dagrun for example_external_task_marker_child to None, run_after=None
[2024-06-25T12:22:39.699+0200] {logging_mixin.py:188} INFO - [2024-06-25T12:22:39.699+0200] {dag.py:3954} INFO - Setting next_dagrun for example_external_task_marker_parent to None, run_after=None
[2024-06-25T12:22:39.723+0200] {processor.py:183} INFO - Processing /Users/stockly/Downloads/ESGI/orchestration/tp1/airflow-env/lib/python3.9/site-packages/airflow/example_dags/example_external_task_marker_dag.py took 0.254 seconds
