[2024-06-25T12:08:41.175+0200] {processor.py:161} INFO - Started process (PID=13802) to work on /Users/stockly/Downloads/ESGI/orchestration/tp1/airflow-env/lib/python3.9/site-packages/airflow/example_dags/example_time_delta_sensor_async.py
[2024-06-25T12:08:41.178+0200] {processor.py:830} INFO - Processing file /Users/stockly/Downloads/ESGI/orchestration/tp1/airflow-env/lib/python3.9/site-packages/airflow/example_dags/example_time_delta_sensor_async.py for tasks to queue
[2024-06-25T12:08:41.179+0200] {logging_mixin.py:188} INFO - [2024-06-25T12:08:41.179+0200] {dagbag.py:545} INFO - Filling up the DagBag from /Users/stockly/Downloads/ESGI/orchestration/tp1/airflow-env/lib/python3.9/site-packages/airflow/example_dags/example_time_delta_sensor_async.py
[2024-06-25T12:08:41.189+0200] {processor.py:840} INFO - DAG(s) 'example_time_delta_sensor_async' retrieved from /Users/stockly/Downloads/ESGI/orchestration/tp1/airflow-env/lib/python3.9/site-packages/airflow/example_dags/example_time_delta_sensor_async.py
[2024-06-25T12:08:41.468+0200] {logging_mixin.py:188} INFO - [2024-06-25T12:08:41.468+0200] {override.py:1829} INFO - Created Permission View: can read on DAG:example_time_delta_sensor_async
[2024-06-25T12:08:41.479+0200] {logging_mixin.py:188} INFO - [2024-06-25T12:08:41.478+0200] {override.py:1829} INFO - Created Permission View: can delete on DAG:example_time_delta_sensor_async
[2024-06-25T12:08:41.485+0200] {logging_mixin.py:188} INFO - [2024-06-25T12:08:41.484+0200] {override.py:1829} INFO - Created Permission View: can edit on DAG:example_time_delta_sensor_async
[2024-06-25T12:08:41.486+0200] {logging_mixin.py:188} INFO - [2024-06-25T12:08:41.485+0200] {dag.py:3096} INFO - Sync 1 DAGs
[2024-06-25T12:08:41.496+0200] {logging_mixin.py:188} INFO - [2024-06-25T12:08:41.496+0200] {dag.py:3118} INFO - Creating ORM DAG for example_time_delta_sensor_async
[2024-06-25T12:08:41.497+0200] {logging_mixin.py:188} INFO - [2024-06-25T12:08:41.497+0200] {dag.py:3954} INFO - Setting next_dagrun for example_time_delta_sensor_async to None, run_after=None
[2024-06-25T12:08:41.514+0200] {processor.py:183} INFO - Processing /Users/stockly/Downloads/ESGI/orchestration/tp1/airflow-env/lib/python3.9/site-packages/airflow/example_dags/example_time_delta_sensor_async.py took 0.342 seconds
[2024-06-25T12:11:03.718+0200] {processor.py:161} INFO - Started process (PID=13912) to work on /Users/stockly/Downloads/ESGI/orchestration/tp1/airflow-env/lib/python3.9/site-packages/airflow/example_dags/example_time_delta_sensor_async.py
[2024-06-25T12:11:03.722+0200] {processor.py:830} INFO - Processing file /Users/stockly/Downloads/ESGI/orchestration/tp1/airflow-env/lib/python3.9/site-packages/airflow/example_dags/example_time_delta_sensor_async.py for tasks to queue
[2024-06-25T12:11:03.722+0200] {logging_mixin.py:188} INFO - [2024-06-25T12:11:03.722+0200] {dagbag.py:545} INFO - Filling up the DagBag from /Users/stockly/Downloads/ESGI/orchestration/tp1/airflow-env/lib/python3.9/site-packages/airflow/example_dags/example_time_delta_sensor_async.py
[2024-06-25T12:11:03.732+0200] {processor.py:840} INFO - DAG(s) 'example_time_delta_sensor_async' retrieved from /Users/stockly/Downloads/ESGI/orchestration/tp1/airflow-env/lib/python3.9/site-packages/airflow/example_dags/example_time_delta_sensor_async.py
[2024-06-25T12:11:03.869+0200] {logging_mixin.py:188} INFO - [2024-06-25T12:11:03.869+0200] {dag.py:3096} INFO - Sync 1 DAGs
[2024-06-25T12:11:03.931+0200] {logging_mixin.py:188} INFO - [2024-06-25T12:11:03.931+0200] {dag.py:3954} INFO - Setting next_dagrun for example_time_delta_sensor_async to None, run_after=None
[2024-06-25T12:11:03.950+0200] {processor.py:183} INFO - Processing /Users/stockly/Downloads/ESGI/orchestration/tp1/airflow-env/lib/python3.9/site-packages/airflow/example_dags/example_time_delta_sensor_async.py took 0.234 seconds
[2024-06-25T12:12:58.072+0200] {processor.py:161} INFO - Started process (PID=13967) to work on /Users/stockly/Downloads/ESGI/orchestration/tp1/airflow-env/lib/python3.9/site-packages/airflow/example_dags/example_time_delta_sensor_async.py
[2024-06-25T12:12:58.083+0200] {processor.py:830} INFO - Processing file /Users/stockly/Downloads/ESGI/orchestration/tp1/airflow-env/lib/python3.9/site-packages/airflow/example_dags/example_time_delta_sensor_async.py for tasks to queue
[2024-06-25T12:12:58.084+0200] {logging_mixin.py:188} INFO - [2024-06-25T12:12:58.084+0200] {dagbag.py:545} INFO - Filling up the DagBag from /Users/stockly/Downloads/ESGI/orchestration/tp1/airflow-env/lib/python3.9/site-packages/airflow/example_dags/example_time_delta_sensor_async.py
[2024-06-25T12:12:58.098+0200] {processor.py:840} INFO - DAG(s) 'example_time_delta_sensor_async' retrieved from /Users/stockly/Downloads/ESGI/orchestration/tp1/airflow-env/lib/python3.9/site-packages/airflow/example_dags/example_time_delta_sensor_async.py
[2024-06-25T12:12:58.251+0200] {logging_mixin.py:188} INFO - [2024-06-25T12:12:58.251+0200] {dag.py:3096} INFO - Sync 1 DAGs
[2024-06-25T12:12:58.315+0200] {logging_mixin.py:188} INFO - [2024-06-25T12:12:58.315+0200] {dag.py:3954} INFO - Setting next_dagrun for example_time_delta_sensor_async to None, run_after=None
[2024-06-25T12:12:58.342+0200] {processor.py:183} INFO - Processing /Users/stockly/Downloads/ESGI/orchestration/tp1/airflow-env/lib/python3.9/site-packages/airflow/example_dags/example_time_delta_sensor_async.py took 0.274 seconds
[2024-06-25T12:15:28.989+0200] {processor.py:161} INFO - Started process (PID=14100) to work on /Users/stockly/Downloads/ESGI/orchestration/tp1/airflow-env/lib/python3.9/site-packages/airflow/example_dags/example_time_delta_sensor_async.py
[2024-06-25T12:15:28.999+0200] {processor.py:830} INFO - Processing file /Users/stockly/Downloads/ESGI/orchestration/tp1/airflow-env/lib/python3.9/site-packages/airflow/example_dags/example_time_delta_sensor_async.py for tasks to queue
[2024-06-25T12:15:29.001+0200] {logging_mixin.py:188} INFO - [2024-06-25T12:15:29.000+0200] {dagbag.py:545} INFO - Filling up the DagBag from /Users/stockly/Downloads/ESGI/orchestration/tp1/airflow-env/lib/python3.9/site-packages/airflow/example_dags/example_time_delta_sensor_async.py
[2024-06-25T12:15:29.012+0200] {processor.py:840} INFO - DAG(s) 'example_time_delta_sensor_async' retrieved from /Users/stockly/Downloads/ESGI/orchestration/tp1/airflow-env/lib/python3.9/site-packages/airflow/example_dags/example_time_delta_sensor_async.py
[2024-06-25T12:15:29.162+0200] {logging_mixin.py:188} INFO - [2024-06-25T12:15:29.162+0200] {dag.py:3096} INFO - Sync 1 DAGs
[2024-06-25T12:15:29.214+0200] {logging_mixin.py:188} INFO - [2024-06-25T12:15:29.214+0200] {dag.py:3954} INFO - Setting next_dagrun for example_time_delta_sensor_async to None, run_after=None
[2024-06-25T12:15:29.241+0200] {processor.py:183} INFO - Processing /Users/stockly/Downloads/ESGI/orchestration/tp1/airflow-env/lib/python3.9/site-packages/airflow/example_dags/example_time_delta_sensor_async.py took 0.255 seconds
[2024-06-25T12:17:50.939+0200] {processor.py:161} INFO - Started process (PID=14166) to work on /Users/stockly/Downloads/ESGI/orchestration/tp1/airflow-env/lib/python3.9/site-packages/airflow/example_dags/example_time_delta_sensor_async.py
[2024-06-25T12:17:50.943+0200] {processor.py:830} INFO - Processing file /Users/stockly/Downloads/ESGI/orchestration/tp1/airflow-env/lib/python3.9/site-packages/airflow/example_dags/example_time_delta_sensor_async.py for tasks to queue
[2024-06-25T12:17:50.944+0200] {logging_mixin.py:188} INFO - [2024-06-25T12:17:50.943+0200] {dagbag.py:545} INFO - Filling up the DagBag from /Users/stockly/Downloads/ESGI/orchestration/tp1/airflow-env/lib/python3.9/site-packages/airflow/example_dags/example_time_delta_sensor_async.py
[2024-06-25T12:17:50.954+0200] {processor.py:840} INFO - DAG(s) 'example_time_delta_sensor_async' retrieved from /Users/stockly/Downloads/ESGI/orchestration/tp1/airflow-env/lib/python3.9/site-packages/airflow/example_dags/example_time_delta_sensor_async.py
[2024-06-25T12:17:51.108+0200] {logging_mixin.py:188} INFO - [2024-06-25T12:17:51.107+0200] {dag.py:3096} INFO - Sync 1 DAGs
[2024-06-25T12:17:51.169+0200] {logging_mixin.py:188} INFO - [2024-06-25T12:17:51.169+0200] {dag.py:3954} INFO - Setting next_dagrun for example_time_delta_sensor_async to None, run_after=None
[2024-06-25T12:17:51.187+0200] {processor.py:183} INFO - Processing /Users/stockly/Downloads/ESGI/orchestration/tp1/airflow-env/lib/python3.9/site-packages/airflow/example_dags/example_time_delta_sensor_async.py took 0.252 seconds
[2024-06-25T12:19:42.636+0200] {processor.py:161} INFO - Started process (PID=14220) to work on /Users/stockly/Downloads/ESGI/orchestration/tp1/airflow-env/lib/python3.9/site-packages/airflow/example_dags/example_time_delta_sensor_async.py
[2024-06-25T12:19:42.647+0200] {processor.py:830} INFO - Processing file /Users/stockly/Downloads/ESGI/orchestration/tp1/airflow-env/lib/python3.9/site-packages/airflow/example_dags/example_time_delta_sensor_async.py for tasks to queue
[2024-06-25T12:19:42.649+0200] {logging_mixin.py:188} INFO - [2024-06-25T12:19:42.648+0200] {dagbag.py:545} INFO - Filling up the DagBag from /Users/stockly/Downloads/ESGI/orchestration/tp1/airflow-env/lib/python3.9/site-packages/airflow/example_dags/example_time_delta_sensor_async.py
[2024-06-25T12:19:42.658+0200] {processor.py:840} INFO - DAG(s) 'example_time_delta_sensor_async' retrieved from /Users/stockly/Downloads/ESGI/orchestration/tp1/airflow-env/lib/python3.9/site-packages/airflow/example_dags/example_time_delta_sensor_async.py
[2024-06-25T12:19:42.806+0200] {logging_mixin.py:188} INFO - [2024-06-25T12:19:42.806+0200] {dag.py:3096} INFO - Sync 1 DAGs
[2024-06-25T12:19:42.860+0200] {logging_mixin.py:188} INFO - [2024-06-25T12:19:42.860+0200] {dag.py:3954} INFO - Setting next_dagrun for example_time_delta_sensor_async to None, run_after=None
[2024-06-25T12:19:42.878+0200] {processor.py:183} INFO - Processing /Users/stockly/Downloads/ESGI/orchestration/tp1/airflow-env/lib/python3.9/site-packages/airflow/example_dags/example_time_delta_sensor_async.py took 0.245 seconds
[2024-06-25T12:21:37.443+0200] {processor.py:161} INFO - Started process (PID=14269) to work on /Users/stockly/Downloads/ESGI/orchestration/tp1/airflow-env/lib/python3.9/site-packages/airflow/example_dags/example_time_delta_sensor_async.py
[2024-06-25T12:21:37.446+0200] {processor.py:830} INFO - Processing file /Users/stockly/Downloads/ESGI/orchestration/tp1/airflow-env/lib/python3.9/site-packages/airflow/example_dags/example_time_delta_sensor_async.py for tasks to queue
[2024-06-25T12:21:37.447+0200] {logging_mixin.py:188} INFO - [2024-06-25T12:21:37.447+0200] {dagbag.py:545} INFO - Filling up the DagBag from /Users/stockly/Downloads/ESGI/orchestration/tp1/airflow-env/lib/python3.9/site-packages/airflow/example_dags/example_time_delta_sensor_async.py
[2024-06-25T12:21:37.455+0200] {processor.py:840} INFO - DAG(s) 'example_time_delta_sensor_async' retrieved from /Users/stockly/Downloads/ESGI/orchestration/tp1/airflow-env/lib/python3.9/site-packages/airflow/example_dags/example_time_delta_sensor_async.py
[2024-06-25T12:21:37.601+0200] {logging_mixin.py:188} INFO - [2024-06-25T12:21:37.600+0200] {dag.py:3096} INFO - Sync 1 DAGs
[2024-06-25T12:21:37.657+0200] {logging_mixin.py:188} INFO - [2024-06-25T12:21:37.656+0200] {dag.py:3954} INFO - Setting next_dagrun for example_time_delta_sensor_async to None, run_after=None
[2024-06-25T12:21:37.680+0200] {processor.py:183} INFO - Processing /Users/stockly/Downloads/ESGI/orchestration/tp1/airflow-env/lib/python3.9/site-packages/airflow/example_dags/example_time_delta_sensor_async.py took 0.240 seconds
[2024-06-25T12:23:30.440+0200] {processor.py:161} INFO - Started process (PID=14320) to work on /Users/stockly/Downloads/ESGI/orchestration/tp1/airflow-env/lib/python3.9/site-packages/airflow/example_dags/example_time_delta_sensor_async.py
[2024-06-25T12:23:30.451+0200] {processor.py:830} INFO - Processing file /Users/stockly/Downloads/ESGI/orchestration/tp1/airflow-env/lib/python3.9/site-packages/airflow/example_dags/example_time_delta_sensor_async.py for tasks to queue
[2024-06-25T12:23:30.451+0200] {logging_mixin.py:188} INFO - [2024-06-25T12:23:30.451+0200] {dagbag.py:545} INFO - Filling up the DagBag from /Users/stockly/Downloads/ESGI/orchestration/tp1/airflow-env/lib/python3.9/site-packages/airflow/example_dags/example_time_delta_sensor_async.py
[2024-06-25T12:23:30.462+0200] {processor.py:840} INFO - DAG(s) 'example_time_delta_sensor_async' retrieved from /Users/stockly/Downloads/ESGI/orchestration/tp1/airflow-env/lib/python3.9/site-packages/airflow/example_dags/example_time_delta_sensor_async.py
[2024-06-25T12:23:30.618+0200] {logging_mixin.py:188} INFO - [2024-06-25T12:23:30.618+0200] {dag.py:3096} INFO - Sync 1 DAGs
[2024-06-25T12:23:30.677+0200] {logging_mixin.py:188} INFO - [2024-06-25T12:23:30.677+0200] {dag.py:3954} INFO - Setting next_dagrun for example_time_delta_sensor_async to None, run_after=None
[2024-06-25T12:23:30.696+0200] {processor.py:183} INFO - Processing /Users/stockly/Downloads/ESGI/orchestration/tp1/airflow-env/lib/python3.9/site-packages/airflow/example_dags/example_time_delta_sensor_async.py took 0.259 seconds
[2024-06-25T12:26:24.807+0200] {processor.py:161} INFO - Started process (PID=14432) to work on /Users/stockly/Library/Python/3.9/lib/python/site-packages/airflow/example_dags/example_time_delta_sensor_async.py
[2024-06-25T12:26:24.819+0200] {processor.py:830} INFO - Processing file /Users/stockly/Library/Python/3.9/lib/python/site-packages/airflow/example_dags/example_time_delta_sensor_async.py for tasks to queue
[2024-06-25T12:26:24.820+0200] {logging_mixin.py:188} INFO - [2024-06-25T12:26:24.819+0200] {dagbag.py:545} INFO - Filling up the DagBag from /Users/stockly/Library/Python/3.9/lib/python/site-packages/airflow/example_dags/example_time_delta_sensor_async.py
[2024-06-25T12:26:24.831+0200] {processor.py:840} INFO - DAG(s) 'example_time_delta_sensor_async' retrieved from /Users/stockly/Library/Python/3.9/lib/python/site-packages/airflow/example_dags/example_time_delta_sensor_async.py
[2024-06-25T12:26:25.097+0200] {logging_mixin.py:188} INFO - [2024-06-25T12:26:25.096+0200] {dag.py:3096} INFO - Sync 1 DAGs
[2024-06-25T12:26:25.107+0200] {logging_mixin.py:188} INFO - [2024-06-25T12:26:25.106+0200] {dag.py:3954} INFO - Setting next_dagrun for example_time_delta_sensor_async to None, run_after=None
[2024-06-25T12:26:25.127+0200] {processor.py:183} INFO - Processing /Users/stockly/Library/Python/3.9/lib/python/site-packages/airflow/example_dags/example_time_delta_sensor_async.py took 0.322 seconds
