[2024-06-25T12:09:24.831+0200] {processor.py:161} INFO - Started process (PID=13831) to work on /Users/stockly/Downloads/ESGI/orchestration/tp1/airflow-env/lib/python3.9/site-packages/airflow/example_dags/example_params_trigger_ui.py
[2024-06-25T12:09:24.834+0200] {processor.py:830} INFO - Processing file /Users/stockly/Downloads/ESGI/orchestration/tp1/airflow-env/lib/python3.9/site-packages/airflow/example_dags/example_params_trigger_ui.py for tasks to queue
[2024-06-25T12:09:24.835+0200] {logging_mixin.py:188} INFO - [2024-06-25T12:09:24.835+0200] {dagbag.py:545} INFO - Filling up the DagBag from /Users/stockly/Downloads/ESGI/orchestration/tp1/airflow-env/lib/python3.9/site-packages/airflow/example_dags/example_params_trigger_ui.py
[2024-06-25T12:09:24.878+0200] {processor.py:840} INFO - DAG(s) 'example_params_trigger_ui' retrieved from /Users/stockly/Downloads/ESGI/orchestration/tp1/airflow-env/lib/python3.9/site-packages/airflow/example_dags/example_params_trigger_ui.py
[2024-06-25T12:09:25.173+0200] {logging_mixin.py:188} INFO - [2024-06-25T12:09:25.173+0200] {override.py:1829} INFO - Created Permission View: can read on DAG:example_params_trigger_ui
[2024-06-25T12:09:25.182+0200] {logging_mixin.py:188} INFO - [2024-06-25T12:09:25.182+0200] {override.py:1829} INFO - Created Permission View: can edit on DAG:example_params_trigger_ui
[2024-06-25T12:09:25.188+0200] {logging_mixin.py:188} INFO - [2024-06-25T12:09:25.188+0200] {override.py:1829} INFO - Created Permission View: can delete on DAG:example_params_trigger_ui
[2024-06-25T12:09:25.189+0200] {logging_mixin.py:188} INFO - [2024-06-25T12:09:25.188+0200] {dag.py:3096} INFO - Sync 1 DAGs
[2024-06-25T12:09:25.199+0200] {logging_mixin.py:188} INFO - [2024-06-25T12:09:25.199+0200] {dag.py:3118} INFO - Creating ORM DAG for example_params_trigger_ui
[2024-06-25T12:09:25.200+0200] {logging_mixin.py:188} INFO - [2024-06-25T12:09:25.199+0200] {dag.py:3954} INFO - Setting next_dagrun for example_params_trigger_ui to None, run_after=None
[2024-06-25T12:09:25.217+0200] {processor.py:183} INFO - Processing /Users/stockly/Downloads/ESGI/orchestration/tp1/airflow-env/lib/python3.9/site-packages/airflow/example_dags/example_params_trigger_ui.py took 0.389 seconds
[2024-06-25T12:11:50.395+0200] {processor.py:161} INFO - Started process (PID=13936) to work on /Users/stockly/Downloads/ESGI/orchestration/tp1/airflow-env/lib/python3.9/site-packages/airflow/example_dags/example_params_trigger_ui.py
[2024-06-25T12:11:50.399+0200] {processor.py:830} INFO - Processing file /Users/stockly/Downloads/ESGI/orchestration/tp1/airflow-env/lib/python3.9/site-packages/airflow/example_dags/example_params_trigger_ui.py for tasks to queue
[2024-06-25T12:11:50.400+0200] {logging_mixin.py:188} INFO - [2024-06-25T12:11:50.399+0200] {dagbag.py:545} INFO - Filling up the DagBag from /Users/stockly/Downloads/ESGI/orchestration/tp1/airflow-env/lib/python3.9/site-packages/airflow/example_dags/example_params_trigger_ui.py
[2024-06-25T12:11:50.452+0200] {processor.py:840} INFO - DAG(s) 'example_params_trigger_ui' retrieved from /Users/stockly/Downloads/ESGI/orchestration/tp1/airflow-env/lib/python3.9/site-packages/airflow/example_dags/example_params_trigger_ui.py
[2024-06-25T12:11:50.693+0200] {logging_mixin.py:188} INFO - [2024-06-25T12:11:50.693+0200] {dag.py:3096} INFO - Sync 1 DAGs
[2024-06-25T12:11:50.704+0200] {logging_mixin.py:188} INFO - [2024-06-25T12:11:50.703+0200] {dag.py:3954} INFO - Setting next_dagrun for example_params_trigger_ui to None, run_after=None
[2024-06-25T12:11:50.723+0200] {processor.py:183} INFO - Processing /Users/stockly/Downloads/ESGI/orchestration/tp1/airflow-env/lib/python3.9/site-packages/airflow/example_dags/example_params_trigger_ui.py took 0.331 seconds
[2024-06-25T12:16:13.728+0200] {processor.py:161} INFO - Started process (PID=14121) to work on /Users/stockly/Downloads/ESGI/orchestration/tp1/airflow-env/lib/python3.9/site-packages/airflow/example_dags/example_params_trigger_ui.py
[2024-06-25T12:16:13.731+0200] {processor.py:830} INFO - Processing file /Users/stockly/Downloads/ESGI/orchestration/tp1/airflow-env/lib/python3.9/site-packages/airflow/example_dags/example_params_trigger_ui.py for tasks to queue
[2024-06-25T12:16:13.732+0200] {logging_mixin.py:188} INFO - [2024-06-25T12:16:13.732+0200] {dagbag.py:545} INFO - Filling up the DagBag from /Users/stockly/Downloads/ESGI/orchestration/tp1/airflow-env/lib/python3.9/site-packages/airflow/example_dags/example_params_trigger_ui.py
[2024-06-25T12:16:13.776+0200] {processor.py:840} INFO - DAG(s) 'example_params_trigger_ui' retrieved from /Users/stockly/Downloads/ESGI/orchestration/tp1/airflow-env/lib/python3.9/site-packages/airflow/example_dags/example_params_trigger_ui.py
[2024-06-25T12:16:13.979+0200] {logging_mixin.py:188} INFO - [2024-06-25T12:16:13.979+0200] {dag.py:3096} INFO - Sync 1 DAGs
[2024-06-25T12:16:13.989+0200] {logging_mixin.py:188} INFO - [2024-06-25T12:16:13.989+0200] {dag.py:3954} INFO - Setting next_dagrun for example_params_trigger_ui to None, run_after=None
[2024-06-25T12:16:14.007+0200] {processor.py:183} INFO - Processing /Users/stockly/Downloads/ESGI/orchestration/tp1/airflow-env/lib/python3.9/site-packages/airflow/example_dags/example_params_trigger_ui.py took 0.282 seconds
[2024-06-25T12:18:35.904+0200] {processor.py:161} INFO - Started process (PID=14188) to work on /Users/stockly/Downloads/ESGI/orchestration/tp1/airflow-env/lib/python3.9/site-packages/airflow/example_dags/example_params_trigger_ui.py
[2024-06-25T12:18:35.909+0200] {processor.py:830} INFO - Processing file /Users/stockly/Downloads/ESGI/orchestration/tp1/airflow-env/lib/python3.9/site-packages/airflow/example_dags/example_params_trigger_ui.py for tasks to queue
[2024-06-25T12:18:35.910+0200] {logging_mixin.py:188} INFO - [2024-06-25T12:18:35.910+0200] {dagbag.py:545} INFO - Filling up the DagBag from /Users/stockly/Downloads/ESGI/orchestration/tp1/airflow-env/lib/python3.9/site-packages/airflow/example_dags/example_params_trigger_ui.py
[2024-06-25T12:18:35.966+0200] {processor.py:840} INFO - DAG(s) 'example_params_trigger_ui' retrieved from /Users/stockly/Downloads/ESGI/orchestration/tp1/airflow-env/lib/python3.9/site-packages/airflow/example_dags/example_params_trigger_ui.py
[2024-06-25T12:18:36.183+0200] {logging_mixin.py:188} INFO - [2024-06-25T12:18:36.183+0200] {dag.py:3096} INFO - Sync 1 DAGs
[2024-06-25T12:18:36.195+0200] {logging_mixin.py:188} INFO - [2024-06-25T12:18:36.194+0200] {dag.py:3954} INFO - Setting next_dagrun for example_params_trigger_ui to None, run_after=None
[2024-06-25T12:18:36.216+0200] {processor.py:183} INFO - Processing /Users/stockly/Downloads/ESGI/orchestration/tp1/airflow-env/lib/python3.9/site-packages/airflow/example_dags/example_params_trigger_ui.py took 0.317 seconds
[2024-06-25T12:22:22.391+0200] {processor.py:161} INFO - Started process (PID=14287) to work on /Users/stockly/Downloads/ESGI/orchestration/tp1/airflow-env/lib/python3.9/site-packages/airflow/example_dags/example_params_trigger_ui.py
[2024-06-25T12:22:22.394+0200] {processor.py:830} INFO - Processing file /Users/stockly/Downloads/ESGI/orchestration/tp1/airflow-env/lib/python3.9/site-packages/airflow/example_dags/example_params_trigger_ui.py for tasks to queue
[2024-06-25T12:22:22.395+0200] {logging_mixin.py:188} INFO - [2024-06-25T12:22:22.394+0200] {dagbag.py:545} INFO - Filling up the DagBag from /Users/stockly/Downloads/ESGI/orchestration/tp1/airflow-env/lib/python3.9/site-packages/airflow/example_dags/example_params_trigger_ui.py
[2024-06-25T12:22:22.446+0200] {processor.py:840} INFO - DAG(s) 'example_params_trigger_ui' retrieved from /Users/stockly/Downloads/ESGI/orchestration/tp1/airflow-env/lib/python3.9/site-packages/airflow/example_dags/example_params_trigger_ui.py
[2024-06-25T12:22:22.651+0200] {logging_mixin.py:188} INFO - [2024-06-25T12:22:22.651+0200] {dag.py:3096} INFO - Sync 1 DAGs
[2024-06-25T12:22:22.663+0200] {logging_mixin.py:188} INFO - [2024-06-25T12:22:22.662+0200] {dag.py:3954} INFO - Setting next_dagrun for example_params_trigger_ui to None, run_after=None
[2024-06-25T12:22:22.694+0200] {processor.py:183} INFO - Processing /Users/stockly/Downloads/ESGI/orchestration/tp1/airflow-env/lib/python3.9/site-packages/airflow/example_dags/example_params_trigger_ui.py took 0.306 seconds
