[2024-06-25T12:09:03.860+0200] {processor.py:161} INFO - Started process (PID=13820) to work on /Users/stockly/Downloads/ESGI/orchestration/tp1/airflow-env/lib/python3.9/site-packages/airflow/example_dags/example_setup_teardown.py
[2024-06-25T12:09:03.863+0200] {processor.py:830} INFO - Processing file /Users/stockly/Downloads/ESGI/orchestration/tp1/airflow-env/lib/python3.9/site-packages/airflow/example_dags/example_setup_teardown.py for tasks to queue
[2024-06-25T12:09:03.864+0200] {logging_mixin.py:188} INFO - [2024-06-25T12:09:03.864+0200] {dagbag.py:545} INFO - Filling up the DagBag from /Users/stockly/Downloads/ESGI/orchestration/tp1/airflow-env/lib/python3.9/site-packages/airflow/example_dags/example_setup_teardown.py
[2024-06-25T12:09:03.873+0200] {processor.py:840} INFO - DAG(s) 'example_setup_teardown' retrieved from /Users/stockly/Downloads/ESGI/orchestration/tp1/airflow-env/lib/python3.9/site-packages/airflow/example_dags/example_setup_teardown.py
[2024-06-25T12:09:04.152+0200] {logging_mixin.py:188} INFO - [2024-06-25T12:09:04.151+0200] {override.py:1829} INFO - Created Permission View: can delete on DAG:example_setup_teardown
[2024-06-25T12:09:04.161+0200] {logging_mixin.py:188} INFO - [2024-06-25T12:09:04.161+0200] {override.py:1829} INFO - Created Permission View: can edit on DAG:example_setup_teardown
[2024-06-25T12:09:04.167+0200] {logging_mixin.py:188} INFO - [2024-06-25T12:09:04.167+0200] {override.py:1829} INFO - Created Permission View: can read on DAG:example_setup_teardown
[2024-06-25T12:09:04.167+0200] {logging_mixin.py:188} INFO - [2024-06-25T12:09:04.167+0200] {dag.py:3096} INFO - Sync 1 DAGs
[2024-06-25T12:09:04.179+0200] {logging_mixin.py:188} INFO - [2024-06-25T12:09:04.179+0200] {dag.py:3118} INFO - Creating ORM DAG for example_setup_teardown
[2024-06-25T12:09:04.192+0200] {logging_mixin.py:188} INFO - [2024-06-25T12:09:04.192+0200] {dag.py:3954} INFO - Setting next_dagrun for example_setup_teardown to 2024-06-24 00:00:00+00:00, run_after=2024-06-25 00:00:00+00:00
[2024-06-25T12:09:04.215+0200] {processor.py:183} INFO - Processing /Users/stockly/Downloads/ESGI/orchestration/tp1/airflow-env/lib/python3.9/site-packages/airflow/example_dags/example_setup_teardown.py took 0.357 seconds
[2024-06-25T12:11:30.781+0200] {processor.py:161} INFO - Started process (PID=13928) to work on /Users/stockly/Downloads/ESGI/orchestration/tp1/airflow-env/lib/python3.9/site-packages/airflow/example_dags/example_setup_teardown.py
[2024-06-25T12:11:30.785+0200] {processor.py:830} INFO - Processing file /Users/stockly/Downloads/ESGI/orchestration/tp1/airflow-env/lib/python3.9/site-packages/airflow/example_dags/example_setup_teardown.py for tasks to queue
[2024-06-25T12:11:30.786+0200] {logging_mixin.py:188} INFO - [2024-06-25T12:11:30.786+0200] {dagbag.py:545} INFO - Filling up the DagBag from /Users/stockly/Downloads/ESGI/orchestration/tp1/airflow-env/lib/python3.9/site-packages/airflow/example_dags/example_setup_teardown.py
[2024-06-25T12:11:30.795+0200] {processor.py:840} INFO - DAG(s) 'example_setup_teardown' retrieved from /Users/stockly/Downloads/ESGI/orchestration/tp1/airflow-env/lib/python3.9/site-packages/airflow/example_dags/example_setup_teardown.py
[2024-06-25T12:11:30.921+0200] {logging_mixin.py:188} INFO - [2024-06-25T12:11:30.921+0200] {dag.py:3096} INFO - Sync 1 DAGs
[2024-06-25T12:11:30.992+0200] {logging_mixin.py:188} INFO - [2024-06-25T12:11:30.992+0200] {dag.py:3954} INFO - Setting next_dagrun for example_setup_teardown to 2024-06-24 00:00:00+00:00, run_after=2024-06-25 00:00:00+00:00
[2024-06-25T12:11:31.012+0200] {processor.py:183} INFO - Processing /Users/stockly/Downloads/ESGI/orchestration/tp1/airflow-env/lib/python3.9/site-packages/airflow/example_dags/example_setup_teardown.py took 0.234 seconds
[2024-06-25T12:15:54.083+0200] {processor.py:161} INFO - Started process (PID=14110) to work on /Users/stockly/Downloads/ESGI/orchestration/tp1/airflow-env/lib/python3.9/site-packages/airflow/example_dags/example_setup_teardown.py
[2024-06-25T12:15:54.087+0200] {processor.py:830} INFO - Processing file /Users/stockly/Downloads/ESGI/orchestration/tp1/airflow-env/lib/python3.9/site-packages/airflow/example_dags/example_setup_teardown.py for tasks to queue
[2024-06-25T12:15:54.088+0200] {logging_mixin.py:188} INFO - [2024-06-25T12:15:54.088+0200] {dagbag.py:545} INFO - Filling up the DagBag from /Users/stockly/Downloads/ESGI/orchestration/tp1/airflow-env/lib/python3.9/site-packages/airflow/example_dags/example_setup_teardown.py
[2024-06-25T12:15:54.097+0200] {processor.py:840} INFO - DAG(s) 'example_setup_teardown' retrieved from /Users/stockly/Downloads/ESGI/orchestration/tp1/airflow-env/lib/python3.9/site-packages/airflow/example_dags/example_setup_teardown.py
[2024-06-25T12:15:54.220+0200] {logging_mixin.py:188} INFO - [2024-06-25T12:15:54.220+0200] {dag.py:3096} INFO - Sync 1 DAGs
[2024-06-25T12:15:54.282+0200] {logging_mixin.py:188} INFO - [2024-06-25T12:15:54.282+0200] {dag.py:3954} INFO - Setting next_dagrun for example_setup_teardown to 2024-06-24 00:00:00+00:00, run_after=2024-06-25 00:00:00+00:00
[2024-06-25T12:15:54.302+0200] {processor.py:183} INFO - Processing /Users/stockly/Downloads/ESGI/orchestration/tp1/airflow-env/lib/python3.9/site-packages/airflow/example_dags/example_setup_teardown.py took 0.221 seconds
[2024-06-25T12:18:16.124+0200] {processor.py:161} INFO - Started process (PID=14180) to work on /Users/stockly/Downloads/ESGI/orchestration/tp1/airflow-env/lib/python3.9/site-packages/airflow/example_dags/example_setup_teardown.py
[2024-06-25T12:18:16.127+0200] {processor.py:830} INFO - Processing file /Users/stockly/Downloads/ESGI/orchestration/tp1/airflow-env/lib/python3.9/site-packages/airflow/example_dags/example_setup_teardown.py for tasks to queue
[2024-06-25T12:18:16.128+0200] {logging_mixin.py:188} INFO - [2024-06-25T12:18:16.128+0200] {dagbag.py:545} INFO - Filling up the DagBag from /Users/stockly/Downloads/ESGI/orchestration/tp1/airflow-env/lib/python3.9/site-packages/airflow/example_dags/example_setup_teardown.py
[2024-06-25T12:18:16.137+0200] {processor.py:840} INFO - DAG(s) 'example_setup_teardown' retrieved from /Users/stockly/Downloads/ESGI/orchestration/tp1/airflow-env/lib/python3.9/site-packages/airflow/example_dags/example_setup_teardown.py
[2024-06-25T12:18:16.264+0200] {logging_mixin.py:188} INFO - [2024-06-25T12:18:16.264+0200] {dag.py:3096} INFO - Sync 1 DAGs
[2024-06-25T12:18:16.337+0200] {logging_mixin.py:188} INFO - [2024-06-25T12:18:16.337+0200] {dag.py:3954} INFO - Setting next_dagrun for example_setup_teardown to 2024-06-24 00:00:00+00:00, run_after=2024-06-25 00:00:00+00:00
[2024-06-25T12:18:16.364+0200] {processor.py:183} INFO - Processing /Users/stockly/Downloads/ESGI/orchestration/tp1/airflow-env/lib/python3.9/site-packages/airflow/example_dags/example_setup_teardown.py took 0.244 seconds
[2024-06-25T12:20:08.374+0200] {processor.py:161} INFO - Started process (PID=14233) to work on /Users/stockly/Downloads/ESGI/orchestration/tp1/airflow-env/lib/python3.9/site-packages/airflow/example_dags/example_setup_teardown.py
[2024-06-25T12:20:08.385+0200] {processor.py:830} INFO - Processing file /Users/stockly/Downloads/ESGI/orchestration/tp1/airflow-env/lib/python3.9/site-packages/airflow/example_dags/example_setup_teardown.py for tasks to queue
[2024-06-25T12:20:08.386+0200] {logging_mixin.py:188} INFO - [2024-06-25T12:20:08.386+0200] {dagbag.py:545} INFO - Filling up the DagBag from /Users/stockly/Downloads/ESGI/orchestration/tp1/airflow-env/lib/python3.9/site-packages/airflow/example_dags/example_setup_teardown.py
[2024-06-25T12:20:08.405+0200] {processor.py:840} INFO - DAG(s) 'example_setup_teardown' retrieved from /Users/stockly/Downloads/ESGI/orchestration/tp1/airflow-env/lib/python3.9/site-packages/airflow/example_dags/example_setup_teardown.py
[2024-06-25T12:20:08.539+0200] {logging_mixin.py:188} INFO - [2024-06-25T12:20:08.539+0200] {dag.py:3096} INFO - Sync 1 DAGs
[2024-06-25T12:20:08.604+0200] {logging_mixin.py:188} INFO - [2024-06-25T12:20:08.603+0200] {dag.py:3954} INFO - Setting next_dagrun for example_setup_teardown to 2024-06-24 00:00:00+00:00, run_after=2024-06-25 00:00:00+00:00
[2024-06-25T12:20:08.630+0200] {processor.py:183} INFO - Processing /Users/stockly/Downloads/ESGI/orchestration/tp1/airflow-env/lib/python3.9/site-packages/airflow/example_dags/example_setup_teardown.py took 0.259 seconds
[2024-06-25T12:22:03.250+0200] {processor.py:161} INFO - Started process (PID=14280) to work on /Users/stockly/Downloads/ESGI/orchestration/tp1/airflow-env/lib/python3.9/site-packages/airflow/example_dags/example_setup_teardown.py
[2024-06-25T12:22:03.254+0200] {processor.py:830} INFO - Processing file /Users/stockly/Downloads/ESGI/orchestration/tp1/airflow-env/lib/python3.9/site-packages/airflow/example_dags/example_setup_teardown.py for tasks to queue
[2024-06-25T12:22:03.255+0200] {logging_mixin.py:188} INFO - [2024-06-25T12:22:03.255+0200] {dagbag.py:545} INFO - Filling up the DagBag from /Users/stockly/Downloads/ESGI/orchestration/tp1/airflow-env/lib/python3.9/site-packages/airflow/example_dags/example_setup_teardown.py
[2024-06-25T12:22:03.264+0200] {processor.py:840} INFO - DAG(s) 'example_setup_teardown' retrieved from /Users/stockly/Downloads/ESGI/orchestration/tp1/airflow-env/lib/python3.9/site-packages/airflow/example_dags/example_setup_teardown.py
[2024-06-25T12:22:03.394+0200] {logging_mixin.py:188} INFO - [2024-06-25T12:22:03.393+0200] {dag.py:3096} INFO - Sync 1 DAGs
[2024-06-25T12:22:03.459+0200] {logging_mixin.py:188} INFO - [2024-06-25T12:22:03.458+0200] {dag.py:3954} INFO - Setting next_dagrun for example_setup_teardown to 2024-06-24 00:00:00+00:00, run_after=2024-06-25 00:00:00+00:00
[2024-06-25T12:22:03.486+0200] {processor.py:183} INFO - Processing /Users/stockly/Downloads/ESGI/orchestration/tp1/airflow-env/lib/python3.9/site-packages/airflow/example_dags/example_setup_teardown.py took 0.239 seconds
[2024-06-25T12:23:57.428+0200] {processor.py:161} INFO - Started process (PID=14331) to work on /Users/stockly/Downloads/ESGI/orchestration/tp1/airflow-env/lib/python3.9/site-packages/airflow/example_dags/example_setup_teardown.py
[2024-06-25T12:23:57.431+0200] {processor.py:830} INFO - Processing file /Users/stockly/Downloads/ESGI/orchestration/tp1/airflow-env/lib/python3.9/site-packages/airflow/example_dags/example_setup_teardown.py for tasks to queue
[2024-06-25T12:23:57.432+0200] {logging_mixin.py:188} INFO - [2024-06-25T12:23:57.432+0200] {dagbag.py:545} INFO - Filling up the DagBag from /Users/stockly/Downloads/ESGI/orchestration/tp1/airflow-env/lib/python3.9/site-packages/airflow/example_dags/example_setup_teardown.py
[2024-06-25T12:23:57.441+0200] {processor.py:840} INFO - DAG(s) 'example_setup_teardown' retrieved from /Users/stockly/Downloads/ESGI/orchestration/tp1/airflow-env/lib/python3.9/site-packages/airflow/example_dags/example_setup_teardown.py
[2024-06-25T12:23:57.649+0200] {logging_mixin.py:188} INFO - [2024-06-25T12:23:57.649+0200] {dag.py:3096} INFO - Sync 1 DAGs
[2024-06-25T12:23:57.718+0200] {logging_mixin.py:188} INFO - [2024-06-25T12:23:57.717+0200] {dag.py:3954} INFO - Setting next_dagrun for example_setup_teardown to 2024-06-24 00:00:00+00:00, run_after=2024-06-25 00:00:00+00:00
[2024-06-25T12:23:57.745+0200] {processor.py:183} INFO - Processing /Users/stockly/Downloads/ESGI/orchestration/tp1/airflow-env/lib/python3.9/site-packages/airflow/example_dags/example_setup_teardown.py took 0.320 seconds
