[2024-06-25T12:09:12.803+0200] {processor.py:161} INFO - Started process (PID=13825) to work on /Users/stockly/Downloads/ESGI/orchestration/tp1/airflow-env/lib/python3.9/site-packages/airflow/example_dags/example_python_operator.py
[2024-06-25T12:09:12.806+0200] {processor.py:830} INFO - Processing file /Users/stockly/Downloads/ESGI/orchestration/tp1/airflow-env/lib/python3.9/site-packages/airflow/example_dags/example_python_operator.py for tasks to queue
[2024-06-25T12:09:12.807+0200] {logging_mixin.py:188} INFO - [2024-06-25T12:09:12.807+0200] {dagbag.py:545} INFO - Filling up the DagBag from /Users/stockly/Downloads/ESGI/orchestration/tp1/airflow-env/lib/python3.9/site-packages/airflow/example_dags/example_python_operator.py
[2024-06-25T12:09:12.828+0200] {logging_mixin.py:188} INFO - [2024-06-25T12:09:12.828+0200] {example_python_operator.py:93} WARNING - The virtalenv_python example task requires virtualenv, please install it.
[2024-06-25T12:09:12.832+0200] {processor.py:840} INFO - DAG(s) 'example_python_operator' retrieved from /Users/stockly/Downloads/ESGI/orchestration/tp1/airflow-env/lib/python3.9/site-packages/airflow/example_dags/example_python_operator.py
[2024-06-25T12:09:13.142+0200] {logging_mixin.py:188} INFO - [2024-06-25T12:09:13.141+0200] {override.py:1829} INFO - Created Permission View: can delete on DAG:example_python_operator
[2024-06-25T12:09:13.152+0200] {logging_mixin.py:188} INFO - [2024-06-25T12:09:13.152+0200] {override.py:1829} INFO - Created Permission View: can read on DAG:example_python_operator
[2024-06-25T12:09:13.158+0200] {logging_mixin.py:188} INFO - [2024-06-25T12:09:13.158+0200] {override.py:1829} INFO - Created Permission View: can edit on DAG:example_python_operator
[2024-06-25T12:09:13.159+0200] {logging_mixin.py:188} INFO - [2024-06-25T12:09:13.159+0200] {dag.py:3096} INFO - Sync 1 DAGs
[2024-06-25T12:09:13.171+0200] {logging_mixin.py:188} INFO - [2024-06-25T12:09:13.171+0200] {dag.py:3118} INFO - Creating ORM DAG for example_python_operator
[2024-06-25T12:09:13.172+0200] {logging_mixin.py:188} INFO - [2024-06-25T12:09:13.172+0200] {dag.py:3954} INFO - Setting next_dagrun for example_python_operator to None, run_after=None
[2024-06-25T12:09:13.191+0200] {processor.py:183} INFO - Processing /Users/stockly/Downloads/ESGI/orchestration/tp1/airflow-env/lib/python3.9/site-packages/airflow/example_dags/example_python_operator.py took 0.391 seconds
[2024-06-25T12:11:38.962+0200] {processor.py:161} INFO - Started process (PID=13931) to work on /Users/stockly/Downloads/ESGI/orchestration/tp1/airflow-env/lib/python3.9/site-packages/airflow/example_dags/example_python_operator.py
[2024-06-25T12:11:38.972+0200] {processor.py:830} INFO - Processing file /Users/stockly/Downloads/ESGI/orchestration/tp1/airflow-env/lib/python3.9/site-packages/airflow/example_dags/example_python_operator.py for tasks to queue
[2024-06-25T12:11:38.973+0200] {logging_mixin.py:188} INFO - [2024-06-25T12:11:38.972+0200] {dagbag.py:545} INFO - Filling up the DagBag from /Users/stockly/Downloads/ESGI/orchestration/tp1/airflow-env/lib/python3.9/site-packages/airflow/example_dags/example_python_operator.py
[2024-06-25T12:11:38.995+0200] {logging_mixin.py:188} INFO - [2024-06-25T12:11:38.995+0200] {example_python_operator.py:93} WARNING - The virtalenv_python example task requires virtualenv, please install it.
[2024-06-25T12:11:38.999+0200] {processor.py:840} INFO - DAG(s) 'example_python_operator' retrieved from /Users/stockly/Downloads/ESGI/orchestration/tp1/airflow-env/lib/python3.9/site-packages/airflow/example_dags/example_python_operator.py
[2024-06-25T12:11:39.168+0200] {logging_mixin.py:188} INFO - [2024-06-25T12:11:39.167+0200] {dag.py:3096} INFO - Sync 1 DAGs
[2024-06-25T12:11:39.177+0200] {logging_mixin.py:188} INFO - [2024-06-25T12:11:39.177+0200] {dag.py:3954} INFO - Setting next_dagrun for example_python_operator to None, run_after=None
[2024-06-25T12:11:39.194+0200] {processor.py:183} INFO - Processing /Users/stockly/Downloads/ESGI/orchestration/tp1/airflow-env/lib/python3.9/site-packages/airflow/example_dags/example_python_operator.py took 0.235 seconds
[2024-06-25T12:16:02.474+0200] {processor.py:161} INFO - Started process (PID=14117) to work on /Users/stockly/Downloads/ESGI/orchestration/tp1/airflow-env/lib/python3.9/site-packages/airflow/example_dags/example_python_operator.py
[2024-06-25T12:16:02.478+0200] {processor.py:830} INFO - Processing file /Users/stockly/Downloads/ESGI/orchestration/tp1/airflow-env/lib/python3.9/site-packages/airflow/example_dags/example_python_operator.py for tasks to queue
[2024-06-25T12:16:02.479+0200] {logging_mixin.py:188} INFO - [2024-06-25T12:16:02.478+0200] {dagbag.py:545} INFO - Filling up the DagBag from /Users/stockly/Downloads/ESGI/orchestration/tp1/airflow-env/lib/python3.9/site-packages/airflow/example_dags/example_python_operator.py
[2024-06-25T12:16:02.502+0200] {logging_mixin.py:188} INFO - [2024-06-25T12:16:02.502+0200] {example_python_operator.py:93} WARNING - The virtalenv_python example task requires virtualenv, please install it.
[2024-06-25T12:16:02.506+0200] {processor.py:840} INFO - DAG(s) 'example_python_operator' retrieved from /Users/stockly/Downloads/ESGI/orchestration/tp1/airflow-env/lib/python3.9/site-packages/airflow/example_dags/example_python_operator.py
[2024-06-25T12:16:02.676+0200] {logging_mixin.py:188} INFO - [2024-06-25T12:16:02.676+0200] {dag.py:3096} INFO - Sync 1 DAGs
[2024-06-25T12:16:02.687+0200] {logging_mixin.py:188} INFO - [2024-06-25T12:16:02.687+0200] {dag.py:3954} INFO - Setting next_dagrun for example_python_operator to None, run_after=None
[2024-06-25T12:16:02.714+0200] {processor.py:183} INFO - Processing /Users/stockly/Downloads/ESGI/orchestration/tp1/airflow-env/lib/python3.9/site-packages/airflow/example_dags/example_python_operator.py took 0.243 seconds
[2024-06-25T12:18:24.767+0200] {processor.py:161} INFO - Started process (PID=14184) to work on /Users/stockly/Downloads/ESGI/orchestration/tp1/airflow-env/lib/python3.9/site-packages/airflow/example_dags/example_python_operator.py
[2024-06-25T12:18:24.770+0200] {processor.py:830} INFO - Processing file /Users/stockly/Downloads/ESGI/orchestration/tp1/airflow-env/lib/python3.9/site-packages/airflow/example_dags/example_python_operator.py for tasks to queue
[2024-06-25T12:18:24.771+0200] {logging_mixin.py:188} INFO - [2024-06-25T12:18:24.771+0200] {dagbag.py:545} INFO - Filling up the DagBag from /Users/stockly/Downloads/ESGI/orchestration/tp1/airflow-env/lib/python3.9/site-packages/airflow/example_dags/example_python_operator.py
[2024-06-25T12:18:24.803+0200] {logging_mixin.py:188} INFO - [2024-06-25T12:18:24.803+0200] {example_python_operator.py:93} WARNING - The virtalenv_python example task requires virtualenv, please install it.
[2024-06-25T12:18:24.807+0200] {processor.py:840} INFO - DAG(s) 'example_python_operator' retrieved from /Users/stockly/Downloads/ESGI/orchestration/tp1/airflow-env/lib/python3.9/site-packages/airflow/example_dags/example_python_operator.py
[2024-06-25T12:18:24.975+0200] {logging_mixin.py:188} INFO - [2024-06-25T12:18:24.975+0200] {dag.py:3096} INFO - Sync 1 DAGs
[2024-06-25T12:18:24.985+0200] {logging_mixin.py:188} INFO - [2024-06-25T12:18:24.985+0200] {dag.py:3954} INFO - Setting next_dagrun for example_python_operator to None, run_after=None
[2024-06-25T12:18:25.012+0200] {processor.py:183} INFO - Processing /Users/stockly/Downloads/ESGI/orchestration/tp1/airflow-env/lib/python3.9/site-packages/airflow/example_dags/example_python_operator.py took 0.248 seconds
[2024-06-25T12:20:17.155+0200] {processor.py:161} INFO - Started process (PID=14236) to work on /Users/stockly/Downloads/ESGI/orchestration/tp1/airflow-env/lib/python3.9/site-packages/airflow/example_dags/example_python_operator.py
[2024-06-25T12:20:17.158+0200] {processor.py:830} INFO - Processing file /Users/stockly/Downloads/ESGI/orchestration/tp1/airflow-env/lib/python3.9/site-packages/airflow/example_dags/example_python_operator.py for tasks to queue
[2024-06-25T12:20:17.159+0200] {logging_mixin.py:188} INFO - [2024-06-25T12:20:17.159+0200] {dagbag.py:545} INFO - Filling up the DagBag from /Users/stockly/Downloads/ESGI/orchestration/tp1/airflow-env/lib/python3.9/site-packages/airflow/example_dags/example_python_operator.py
[2024-06-25T12:20:17.183+0200] {logging_mixin.py:188} INFO - [2024-06-25T12:20:17.182+0200] {example_python_operator.py:93} WARNING - The virtalenv_python example task requires virtualenv, please install it.
[2024-06-25T12:20:17.187+0200] {processor.py:840} INFO - DAG(s) 'example_python_operator' retrieved from /Users/stockly/Downloads/ESGI/orchestration/tp1/airflow-env/lib/python3.9/site-packages/airflow/example_dags/example_python_operator.py
[2024-06-25T12:20:17.362+0200] {logging_mixin.py:188} INFO - [2024-06-25T12:20:17.362+0200] {dag.py:3096} INFO - Sync 1 DAGs
[2024-06-25T12:20:17.372+0200] {logging_mixin.py:188} INFO - [2024-06-25T12:20:17.372+0200] {dag.py:3954} INFO - Setting next_dagrun for example_python_operator to None, run_after=None
[2024-06-25T12:20:17.400+0200] {processor.py:183} INFO - Processing /Users/stockly/Downloads/ESGI/orchestration/tp1/airflow-env/lib/python3.9/site-packages/airflow/example_dags/example_python_operator.py took 0.249 seconds
[2024-06-25T12:22:11.313+0200] {processor.py:161} INFO - Started process (PID=14283) to work on /Users/stockly/Downloads/ESGI/orchestration/tp1/airflow-env/lib/python3.9/site-packages/airflow/example_dags/example_python_operator.py
[2024-06-25T12:22:11.317+0200] {processor.py:830} INFO - Processing file /Users/stockly/Downloads/ESGI/orchestration/tp1/airflow-env/lib/python3.9/site-packages/airflow/example_dags/example_python_operator.py for tasks to queue
[2024-06-25T12:22:11.318+0200] {logging_mixin.py:188} INFO - [2024-06-25T12:22:11.317+0200] {dagbag.py:545} INFO - Filling up the DagBag from /Users/stockly/Downloads/ESGI/orchestration/tp1/airflow-env/lib/python3.9/site-packages/airflow/example_dags/example_python_operator.py
[2024-06-25T12:22:11.342+0200] {logging_mixin.py:188} INFO - [2024-06-25T12:22:11.342+0200] {example_python_operator.py:93} WARNING - The virtalenv_python example task requires virtualenv, please install it.
[2024-06-25T12:22:11.346+0200] {processor.py:840} INFO - DAG(s) 'example_python_operator' retrieved from /Users/stockly/Downloads/ESGI/orchestration/tp1/airflow-env/lib/python3.9/site-packages/airflow/example_dags/example_python_operator.py
[2024-06-25T12:22:11.523+0200] {logging_mixin.py:188} INFO - [2024-06-25T12:22:11.523+0200] {dag.py:3096} INFO - Sync 1 DAGs
[2024-06-25T12:22:11.533+0200] {logging_mixin.py:188} INFO - [2024-06-25T12:22:11.533+0200] {dag.py:3954} INFO - Setting next_dagrun for example_python_operator to None, run_after=None
[2024-06-25T12:22:11.560+0200] {processor.py:183} INFO - Processing /Users/stockly/Downloads/ESGI/orchestration/tp1/airflow-env/lib/python3.9/site-packages/airflow/example_dags/example_python_operator.py took 0.250 seconds
