[2024-06-25T12:09:15.834+0200] {processor.py:161} INFO - Started process (PID=13828) to work on /Users/stockly/Downloads/ESGI/orchestration/tp1/airflow-env/lib/python3.9/site-packages/airflow/example_dags/example_python_decorator.py
[2024-06-25T12:09:15.837+0200] {processor.py:830} INFO - Processing file /Users/stockly/Downloads/ESGI/orchestration/tp1/airflow-env/lib/python3.9/site-packages/airflow/example_dags/example_python_decorator.py for tasks to queue
[2024-06-25T12:09:15.838+0200] {logging_mixin.py:188} INFO - [2024-06-25T12:09:15.838+0200] {dagbag.py:545} INFO - Filling up the DagBag from /Users/stockly/Downloads/ESGI/orchestration/tp1/airflow-env/lib/python3.9/site-packages/airflow/example_dags/example_python_decorator.py
[2024-06-25T12:09:15.876+0200] {logging_mixin.py:188} INFO - [2024-06-25T12:09:15.876+0200] {example_python_decorator.py:80} WARNING - The virtalenv_python example task requires virtualenv, please install it.
[2024-06-25T12:09:15.879+0200] {processor.py:840} INFO - DAG(s) 'example_python_decorator' retrieved from /Users/stockly/Downloads/ESGI/orchestration/tp1/airflow-env/lib/python3.9/site-packages/airflow/example_dags/example_python_decorator.py
[2024-06-25T12:09:16.173+0200] {logging_mixin.py:188} INFO - [2024-06-25T12:09:16.172+0200] {override.py:1829} INFO - Created Permission View: can read on DAG:example_python_decorator
[2024-06-25T12:09:16.182+0200] {logging_mixin.py:188} INFO - [2024-06-25T12:09:16.181+0200] {override.py:1829} INFO - Created Permission View: can delete on DAG:example_python_decorator
[2024-06-25T12:09:16.187+0200] {logging_mixin.py:188} INFO - [2024-06-25T12:09:16.187+0200] {override.py:1829} INFO - Created Permission View: can edit on DAG:example_python_decorator
[2024-06-25T12:09:16.188+0200] {logging_mixin.py:188} INFO - [2024-06-25T12:09:16.187+0200] {dag.py:3096} INFO - Sync 1 DAGs
[2024-06-25T12:09:16.202+0200] {logging_mixin.py:188} INFO - [2024-06-25T12:09:16.201+0200] {dag.py:3118} INFO - Creating ORM DAG for example_python_decorator
[2024-06-25T12:09:16.202+0200] {logging_mixin.py:188} INFO - [2024-06-25T12:09:16.202+0200] {dag.py:3954} INFO - Setting next_dagrun for example_python_decorator to None, run_after=None
[2024-06-25T12:09:16.219+0200] {processor.py:183} INFO - Processing /Users/stockly/Downloads/ESGI/orchestration/tp1/airflow-env/lib/python3.9/site-packages/airflow/example_dags/example_python_decorator.py took 0.387 seconds
[2024-06-25T12:11:41.833+0200] {processor.py:161} INFO - Started process (PID=13932) to work on /Users/stockly/Downloads/ESGI/orchestration/tp1/airflow-env/lib/python3.9/site-packages/airflow/example_dags/example_python_decorator.py
[2024-06-25T12:11:41.837+0200] {processor.py:830} INFO - Processing file /Users/stockly/Downloads/ESGI/orchestration/tp1/airflow-env/lib/python3.9/site-packages/airflow/example_dags/example_python_decorator.py for tasks to queue
[2024-06-25T12:11:41.837+0200] {logging_mixin.py:188} INFO - [2024-06-25T12:11:41.837+0200] {dagbag.py:545} INFO - Filling up the DagBag from /Users/stockly/Downloads/ESGI/orchestration/tp1/airflow-env/lib/python3.9/site-packages/airflow/example_dags/example_python_decorator.py
[2024-06-25T12:11:41.876+0200] {logging_mixin.py:188} INFO - [2024-06-25T12:11:41.876+0200] {example_python_decorator.py:80} WARNING - The virtalenv_python example task requires virtualenv, please install it.
[2024-06-25T12:11:41.878+0200] {processor.py:840} INFO - DAG(s) 'example_python_decorator' retrieved from /Users/stockly/Downloads/ESGI/orchestration/tp1/airflow-env/lib/python3.9/site-packages/airflow/example_dags/example_python_decorator.py
[2024-06-25T12:11:42.057+0200] {logging_mixin.py:188} INFO - [2024-06-25T12:11:42.057+0200] {dag.py:3096} INFO - Sync 1 DAGs
[2024-06-25T12:11:42.069+0200] {logging_mixin.py:188} INFO - [2024-06-25T12:11:42.068+0200] {dag.py:3954} INFO - Setting next_dagrun for example_python_decorator to None, run_after=None
[2024-06-25T12:11:42.087+0200] {processor.py:183} INFO - Processing /Users/stockly/Downloads/ESGI/orchestration/tp1/airflow-env/lib/python3.9/site-packages/airflow/example_dags/example_python_decorator.py took 0.257 seconds
[2024-06-25T12:16:05.257+0200] {processor.py:161} INFO - Started process (PID=14118) to work on /Users/stockly/Downloads/ESGI/orchestration/tp1/airflow-env/lib/python3.9/site-packages/airflow/example_dags/example_python_decorator.py
[2024-06-25T12:16:05.260+0200] {processor.py:830} INFO - Processing file /Users/stockly/Downloads/ESGI/orchestration/tp1/airflow-env/lib/python3.9/site-packages/airflow/example_dags/example_python_decorator.py for tasks to queue
[2024-06-25T12:16:05.261+0200] {logging_mixin.py:188} INFO - [2024-06-25T12:16:05.261+0200] {dagbag.py:545} INFO - Filling up the DagBag from /Users/stockly/Downloads/ESGI/orchestration/tp1/airflow-env/lib/python3.9/site-packages/airflow/example_dags/example_python_decorator.py
[2024-06-25T12:16:05.299+0200] {logging_mixin.py:188} INFO - [2024-06-25T12:16:05.299+0200] {example_python_decorator.py:80} WARNING - The virtalenv_python example task requires virtualenv, please install it.
[2024-06-25T12:16:05.302+0200] {processor.py:840} INFO - DAG(s) 'example_python_decorator' retrieved from /Users/stockly/Downloads/ESGI/orchestration/tp1/airflow-env/lib/python3.9/site-packages/airflow/example_dags/example_python_decorator.py
[2024-06-25T12:16:05.467+0200] {logging_mixin.py:188} INFO - [2024-06-25T12:16:05.467+0200] {dag.py:3096} INFO - Sync 1 DAGs
[2024-06-25T12:16:05.477+0200] {logging_mixin.py:188} INFO - [2024-06-25T12:16:05.477+0200] {dag.py:3954} INFO - Setting next_dagrun for example_python_decorator to None, run_after=None
[2024-06-25T12:16:05.503+0200] {processor.py:183} INFO - Processing /Users/stockly/Downloads/ESGI/orchestration/tp1/airflow-env/lib/python3.9/site-packages/airflow/example_dags/example_python_decorator.py took 0.248 seconds
[2024-06-25T12:18:27.595+0200] {processor.py:161} INFO - Started process (PID=14185) to work on /Users/stockly/Downloads/ESGI/orchestration/tp1/airflow-env/lib/python3.9/site-packages/airflow/example_dags/example_python_decorator.py
[2024-06-25T12:18:27.599+0200] {processor.py:830} INFO - Processing file /Users/stockly/Downloads/ESGI/orchestration/tp1/airflow-env/lib/python3.9/site-packages/airflow/example_dags/example_python_decorator.py for tasks to queue
[2024-06-25T12:18:27.600+0200] {logging_mixin.py:188} INFO - [2024-06-25T12:18:27.600+0200] {dagbag.py:545} INFO - Filling up the DagBag from /Users/stockly/Downloads/ESGI/orchestration/tp1/airflow-env/lib/python3.9/site-packages/airflow/example_dags/example_python_decorator.py
[2024-06-25T12:18:27.645+0200] {logging_mixin.py:188} INFO - [2024-06-25T12:18:27.644+0200] {example_python_decorator.py:80} WARNING - The virtalenv_python example task requires virtualenv, please install it.
[2024-06-25T12:18:27.647+0200] {processor.py:840} INFO - DAG(s) 'example_python_decorator' retrieved from /Users/stockly/Downloads/ESGI/orchestration/tp1/airflow-env/lib/python3.9/site-packages/airflow/example_dags/example_python_decorator.py
[2024-06-25T12:18:27.819+0200] {logging_mixin.py:188} INFO - [2024-06-25T12:18:27.819+0200] {dag.py:3096} INFO - Sync 1 DAGs
[2024-06-25T12:18:27.829+0200] {logging_mixin.py:188} INFO - [2024-06-25T12:18:27.829+0200] {dag.py:3954} INFO - Setting next_dagrun for example_python_decorator to None, run_after=None
[2024-06-25T12:18:27.855+0200] {processor.py:183} INFO - Processing /Users/stockly/Downloads/ESGI/orchestration/tp1/airflow-env/lib/python3.9/site-packages/airflow/example_dags/example_python_decorator.py took 0.262 seconds
[2024-06-25T12:20:20.059+0200] {processor.py:161} INFO - Started process (PID=14237) to work on /Users/stockly/Downloads/ESGI/orchestration/tp1/airflow-env/lib/python3.9/site-packages/airflow/example_dags/example_python_decorator.py
[2024-06-25T12:20:20.070+0200] {processor.py:830} INFO - Processing file /Users/stockly/Downloads/ESGI/orchestration/tp1/airflow-env/lib/python3.9/site-packages/airflow/example_dags/example_python_decorator.py for tasks to queue
[2024-06-25T12:20:20.072+0200] {logging_mixin.py:188} INFO - [2024-06-25T12:20:20.072+0200] {dagbag.py:545} INFO - Filling up the DagBag from /Users/stockly/Downloads/ESGI/orchestration/tp1/airflow-env/lib/python3.9/site-packages/airflow/example_dags/example_python_decorator.py
[2024-06-25T12:20:20.113+0200] {logging_mixin.py:188} INFO - [2024-06-25T12:20:20.113+0200] {example_python_decorator.py:80} WARNING - The virtalenv_python example task requires virtualenv, please install it.
[2024-06-25T12:20:20.116+0200] {processor.py:840} INFO - DAG(s) 'example_python_decorator' retrieved from /Users/stockly/Downloads/ESGI/orchestration/tp1/airflow-env/lib/python3.9/site-packages/airflow/example_dags/example_python_decorator.py
[2024-06-25T12:20:20.291+0200] {logging_mixin.py:188} INFO - [2024-06-25T12:20:20.291+0200] {dag.py:3096} INFO - Sync 1 DAGs
[2024-06-25T12:20:20.302+0200] {logging_mixin.py:188} INFO - [2024-06-25T12:20:20.302+0200] {dag.py:3954} INFO - Setting next_dagrun for example_python_decorator to None, run_after=None
[2024-06-25T12:20:20.330+0200] {processor.py:183} INFO - Processing /Users/stockly/Downloads/ESGI/orchestration/tp1/airflow-env/lib/python3.9/site-packages/airflow/example_dags/example_python_decorator.py took 0.273 seconds
[2024-06-25T12:22:14.211+0200] {processor.py:161} INFO - Started process (PID=14284) to work on /Users/stockly/Downloads/ESGI/orchestration/tp1/airflow-env/lib/python3.9/site-packages/airflow/example_dags/example_python_decorator.py
[2024-06-25T12:22:14.213+0200] {processor.py:830} INFO - Processing file /Users/stockly/Downloads/ESGI/orchestration/tp1/airflow-env/lib/python3.9/site-packages/airflow/example_dags/example_python_decorator.py for tasks to queue
[2024-06-25T12:22:14.214+0200] {logging_mixin.py:188} INFO - [2024-06-25T12:22:14.214+0200] {dagbag.py:545} INFO - Filling up the DagBag from /Users/stockly/Downloads/ESGI/orchestration/tp1/airflow-env/lib/python3.9/site-packages/airflow/example_dags/example_python_decorator.py
[2024-06-25T12:22:14.256+0200] {logging_mixin.py:188} INFO - [2024-06-25T12:22:14.255+0200] {example_python_decorator.py:80} WARNING - The virtalenv_python example task requires virtualenv, please install it.
[2024-06-25T12:22:14.259+0200] {processor.py:840} INFO - DAG(s) 'example_python_decorator' retrieved from /Users/stockly/Downloads/ESGI/orchestration/tp1/airflow-env/lib/python3.9/site-packages/airflow/example_dags/example_python_decorator.py
[2024-06-25T12:22:14.440+0200] {logging_mixin.py:188} INFO - [2024-06-25T12:22:14.439+0200] {dag.py:3096} INFO - Sync 1 DAGs
[2024-06-25T12:22:14.450+0200] {logging_mixin.py:188} INFO - [2024-06-25T12:22:14.449+0200] {dag.py:3954} INFO - Setting next_dagrun for example_python_decorator to None, run_after=None
[2024-06-25T12:22:14.478+0200] {processor.py:183} INFO - Processing /Users/stockly/Downloads/ESGI/orchestration/tp1/airflow-env/lib/python3.9/site-packages/airflow/example_dags/example_python_decorator.py took 0.270 seconds
