[2024-06-25T12:08:44.752+0200] {processor.py:161} INFO - Started process (PID=13804) to work on /Users/stockly/Downloads/ESGI/orchestration/tp1/airflow-env/lib/python3.9/site-packages/airflow/example_dags/example_task_group_decorator.py
[2024-06-25T12:08:44.755+0200] {processor.py:830} INFO - Processing file /Users/stockly/Downloads/ESGI/orchestration/tp1/airflow-env/lib/python3.9/site-packages/airflow/example_dags/example_task_group_decorator.py for tasks to queue
[2024-06-25T12:08:44.756+0200] {logging_mixin.py:188} INFO - [2024-06-25T12:08:44.756+0200] {dagbag.py:545} INFO - Filling up the DagBag from /Users/stockly/Downloads/ESGI/orchestration/tp1/airflow-env/lib/python3.9/site-packages/airflow/example_dags/example_task_group_decorator.py
[2024-06-25T12:08:44.803+0200] {processor.py:840} INFO - DAG(s) 'example_task_group_decorator' retrieved from /Users/stockly/Downloads/ESGI/orchestration/tp1/airflow-env/lib/python3.9/site-packages/airflow/example_dags/example_task_group_decorator.py
[2024-06-25T12:08:45.081+0200] {logging_mixin.py:188} INFO - [2024-06-25T12:08:45.081+0200] {override.py:1829} INFO - Created Permission View: can edit on DAG:example_task_group_decorator
[2024-06-25T12:08:45.091+0200] {logging_mixin.py:188} INFO - [2024-06-25T12:08:45.091+0200] {override.py:1829} INFO - Created Permission View: can delete on DAG:example_task_group_decorator
[2024-06-25T12:08:45.098+0200] {logging_mixin.py:188} INFO - [2024-06-25T12:08:45.098+0200] {override.py:1829} INFO - Created Permission View: can read on DAG:example_task_group_decorator
[2024-06-25T12:08:45.099+0200] {logging_mixin.py:188} INFO - [2024-06-25T12:08:45.099+0200] {dag.py:3096} INFO - Sync 1 DAGs
[2024-06-25T12:08:45.110+0200] {logging_mixin.py:188} INFO - [2024-06-25T12:08:45.110+0200] {dag.py:3118} INFO - Creating ORM DAG for example_task_group_decorator
[2024-06-25T12:08:45.125+0200] {logging_mixin.py:188} INFO - [2024-06-25T12:08:45.125+0200] {dag.py:3954} INFO - Setting next_dagrun for example_task_group_decorator to 2024-06-24 00:00:00+00:00, run_after=2024-06-25 00:00:00+00:00
[2024-06-25T12:08:45.144+0200] {processor.py:183} INFO - Processing /Users/stockly/Downloads/ESGI/orchestration/tp1/airflow-env/lib/python3.9/site-packages/airflow/example_dags/example_task_group_decorator.py took 0.395 seconds
[2024-06-25T12:11:06.549+0200] {processor.py:161} INFO - Started process (PID=13913) to work on /Users/stockly/Downloads/ESGI/orchestration/tp1/airflow-env/lib/python3.9/site-packages/airflow/example_dags/example_task_group_decorator.py
[2024-06-25T12:11:06.552+0200] {processor.py:830} INFO - Processing file /Users/stockly/Downloads/ESGI/orchestration/tp1/airflow-env/lib/python3.9/site-packages/airflow/example_dags/example_task_group_decorator.py for tasks to queue
[2024-06-25T12:11:06.553+0200] {logging_mixin.py:188} INFO - [2024-06-25T12:11:06.553+0200] {dagbag.py:545} INFO - Filling up the DagBag from /Users/stockly/Downloads/ESGI/orchestration/tp1/airflow-env/lib/python3.9/site-packages/airflow/example_dags/example_task_group_decorator.py
[2024-06-25T12:11:06.602+0200] {processor.py:840} INFO - DAG(s) 'example_task_group_decorator' retrieved from /Users/stockly/Downloads/ESGI/orchestration/tp1/airflow-env/lib/python3.9/site-packages/airflow/example_dags/example_task_group_decorator.py
[2024-06-25T12:11:06.776+0200] {logging_mixin.py:188} INFO - [2024-06-25T12:11:06.776+0200] {dag.py:3096} INFO - Sync 1 DAGs
[2024-06-25T12:11:06.799+0200] {logging_mixin.py:188} INFO - [2024-06-25T12:11:06.799+0200] {dag.py:3954} INFO - Setting next_dagrun for example_task_group_decorator to 2024-06-24 00:00:00+00:00, run_after=2024-06-25 00:00:00+00:00
[2024-06-25T12:11:06.818+0200] {processor.py:183} INFO - Processing /Users/stockly/Downloads/ESGI/orchestration/tp1/airflow-env/lib/python3.9/site-packages/airflow/example_dags/example_task_group_decorator.py took 0.272 seconds
[2024-06-25T12:13:01.541+0200] {processor.py:161} INFO - Started process (PID=13970) to work on /Users/stockly/Downloads/ESGI/orchestration/tp1/airflow-env/lib/python3.9/site-packages/airflow/example_dags/example_task_group_decorator.py
[2024-06-25T12:13:01.545+0200] {processor.py:830} INFO - Processing file /Users/stockly/Downloads/ESGI/orchestration/tp1/airflow-env/lib/python3.9/site-packages/airflow/example_dags/example_task_group_decorator.py for tasks to queue
[2024-06-25T12:13:01.546+0200] {logging_mixin.py:188} INFO - [2024-06-25T12:13:01.546+0200] {dagbag.py:545} INFO - Filling up the DagBag from /Users/stockly/Downloads/ESGI/orchestration/tp1/airflow-env/lib/python3.9/site-packages/airflow/example_dags/example_task_group_decorator.py
[2024-06-25T12:13:01.603+0200] {processor.py:840} INFO - DAG(s) 'example_task_group_decorator' retrieved from /Users/stockly/Downloads/ESGI/orchestration/tp1/airflow-env/lib/python3.9/site-packages/airflow/example_dags/example_task_group_decorator.py
[2024-06-25T12:13:01.806+0200] {logging_mixin.py:188} INFO - [2024-06-25T12:13:01.805+0200] {dag.py:3096} INFO - Sync 1 DAGs
[2024-06-25T12:13:01.831+0200] {logging_mixin.py:188} INFO - [2024-06-25T12:13:01.831+0200] {dag.py:3954} INFO - Setting next_dagrun for example_task_group_decorator to 2024-06-24 00:00:00+00:00, run_after=2024-06-25 00:00:00+00:00
[2024-06-25T12:13:01.862+0200] {processor.py:183} INFO - Processing /Users/stockly/Downloads/ESGI/orchestration/tp1/airflow-env/lib/python3.9/site-packages/airflow/example_dags/example_task_group_decorator.py took 0.324 seconds
[2024-06-25T12:15:31.922+0200] {processor.py:161} INFO - Started process (PID=14101) to work on /Users/stockly/Downloads/ESGI/orchestration/tp1/airflow-env/lib/python3.9/site-packages/airflow/example_dags/example_task_group_decorator.py
[2024-06-25T12:15:31.927+0200] {processor.py:830} INFO - Processing file /Users/stockly/Downloads/ESGI/orchestration/tp1/airflow-env/lib/python3.9/site-packages/airflow/example_dags/example_task_group_decorator.py for tasks to queue
[2024-06-25T12:15:31.928+0200] {logging_mixin.py:188} INFO - [2024-06-25T12:15:31.927+0200] {dagbag.py:545} INFO - Filling up the DagBag from /Users/stockly/Downloads/ESGI/orchestration/tp1/airflow-env/lib/python3.9/site-packages/airflow/example_dags/example_task_group_decorator.py
[2024-06-25T12:15:31.987+0200] {processor.py:840} INFO - DAG(s) 'example_task_group_decorator' retrieved from /Users/stockly/Downloads/ESGI/orchestration/tp1/airflow-env/lib/python3.9/site-packages/airflow/example_dags/example_task_group_decorator.py
[2024-06-25T12:15:32.163+0200] {logging_mixin.py:188} INFO - [2024-06-25T12:15:32.163+0200] {dag.py:3096} INFO - Sync 1 DAGs
[2024-06-25T12:15:32.187+0200] {logging_mixin.py:188} INFO - [2024-06-25T12:15:32.186+0200] {dag.py:3954} INFO - Setting next_dagrun for example_task_group_decorator to 2024-06-24 00:00:00+00:00, run_after=2024-06-25 00:00:00+00:00
[2024-06-25T12:15:32.208+0200] {processor.py:183} INFO - Processing /Users/stockly/Downloads/ESGI/orchestration/tp1/airflow-env/lib/python3.9/site-packages/airflow/example_dags/example_task_group_decorator.py took 0.289 seconds
[2024-06-25T12:17:54.034+0200] {processor.py:161} INFO - Started process (PID=14167) to work on /Users/stockly/Downloads/ESGI/orchestration/tp1/airflow-env/lib/python3.9/site-packages/airflow/example_dags/example_task_group_decorator.py
[2024-06-25T12:17:54.037+0200] {processor.py:830} INFO - Processing file /Users/stockly/Downloads/ESGI/orchestration/tp1/airflow-env/lib/python3.9/site-packages/airflow/example_dags/example_task_group_decorator.py for tasks to queue
[2024-06-25T12:17:54.038+0200] {logging_mixin.py:188} INFO - [2024-06-25T12:17:54.038+0200] {dagbag.py:545} INFO - Filling up the DagBag from /Users/stockly/Downloads/ESGI/orchestration/tp1/airflow-env/lib/python3.9/site-packages/airflow/example_dags/example_task_group_decorator.py
[2024-06-25T12:17:54.089+0200] {processor.py:840} INFO - DAG(s) 'example_task_group_decorator' retrieved from /Users/stockly/Downloads/ESGI/orchestration/tp1/airflow-env/lib/python3.9/site-packages/airflow/example_dags/example_task_group_decorator.py
[2024-06-25T12:17:54.284+0200] {logging_mixin.py:188} INFO - [2024-06-25T12:17:54.283+0200] {dag.py:3096} INFO - Sync 1 DAGs
[2024-06-25T12:17:54.305+0200] {logging_mixin.py:188} INFO - [2024-06-25T12:17:54.305+0200] {dag.py:3954} INFO - Setting next_dagrun for example_task_group_decorator to 2024-06-24 00:00:00+00:00, run_after=2024-06-25 00:00:00+00:00
[2024-06-25T12:17:54.325+0200] {processor.py:183} INFO - Processing /Users/stockly/Downloads/ESGI/orchestration/tp1/airflow-env/lib/python3.9/site-packages/airflow/example_dags/example_task_group_decorator.py took 0.294 seconds
[2024-06-25T12:19:45.628+0200] {processor.py:161} INFO - Started process (PID=14221) to work on /Users/stockly/Downloads/ESGI/orchestration/tp1/airflow-env/lib/python3.9/site-packages/airflow/example_dags/example_task_group_decorator.py
[2024-06-25T12:19:45.639+0200] {processor.py:830} INFO - Processing file /Users/stockly/Downloads/ESGI/orchestration/tp1/airflow-env/lib/python3.9/site-packages/airflow/example_dags/example_task_group_decorator.py for tasks to queue
[2024-06-25T12:19:45.640+0200] {logging_mixin.py:188} INFO - [2024-06-25T12:19:45.639+0200] {dagbag.py:545} INFO - Filling up the DagBag from /Users/stockly/Downloads/ESGI/orchestration/tp1/airflow-env/lib/python3.9/site-packages/airflow/example_dags/example_task_group_decorator.py
[2024-06-25T12:19:45.689+0200] {processor.py:840} INFO - DAG(s) 'example_task_group_decorator' retrieved from /Users/stockly/Downloads/ESGI/orchestration/tp1/airflow-env/lib/python3.9/site-packages/airflow/example_dags/example_task_group_decorator.py
[2024-06-25T12:19:45.867+0200] {logging_mixin.py:188} INFO - [2024-06-25T12:19:45.866+0200] {dag.py:3096} INFO - Sync 1 DAGs
[2024-06-25T12:19:45.889+0200] {logging_mixin.py:188} INFO - [2024-06-25T12:19:45.889+0200] {dag.py:3954} INFO - Setting next_dagrun for example_task_group_decorator to 2024-06-24 00:00:00+00:00, run_after=2024-06-25 00:00:00+00:00
[2024-06-25T12:19:45.918+0200] {processor.py:183} INFO - Processing /Users/stockly/Downloads/ESGI/orchestration/tp1/airflow-env/lib/python3.9/site-packages/airflow/example_dags/example_task_group_decorator.py took 0.293 seconds
[2024-06-25T12:21:40.343+0200] {processor.py:161} INFO - Started process (PID=14270) to work on /Users/stockly/Downloads/ESGI/orchestration/tp1/airflow-env/lib/python3.9/site-packages/airflow/example_dags/example_task_group_decorator.py
[2024-06-25T12:21:40.347+0200] {processor.py:830} INFO - Processing file /Users/stockly/Downloads/ESGI/orchestration/tp1/airflow-env/lib/python3.9/site-packages/airflow/example_dags/example_task_group_decorator.py for tasks to queue
[2024-06-25T12:21:40.348+0200] {logging_mixin.py:188} INFO - [2024-06-25T12:21:40.348+0200] {dagbag.py:545} INFO - Filling up the DagBag from /Users/stockly/Downloads/ESGI/orchestration/tp1/airflow-env/lib/python3.9/site-packages/airflow/example_dags/example_task_group_decorator.py
[2024-06-25T12:21:40.396+0200] {processor.py:840} INFO - DAG(s) 'example_task_group_decorator' retrieved from /Users/stockly/Downloads/ESGI/orchestration/tp1/airflow-env/lib/python3.9/site-packages/airflow/example_dags/example_task_group_decorator.py
[2024-06-25T12:21:40.578+0200] {logging_mixin.py:188} INFO - [2024-06-25T12:21:40.577+0200] {dag.py:3096} INFO - Sync 1 DAGs
[2024-06-25T12:21:40.602+0200] {logging_mixin.py:188} INFO - [2024-06-25T12:21:40.602+0200] {dag.py:3954} INFO - Setting next_dagrun for example_task_group_decorator to 2024-06-24 00:00:00+00:00, run_after=2024-06-25 00:00:00+00:00
[2024-06-25T12:21:40.630+0200] {processor.py:183} INFO - Processing /Users/stockly/Downloads/ESGI/orchestration/tp1/airflow-env/lib/python3.9/site-packages/airflow/example_dags/example_task_group_decorator.py took 0.290 seconds
[2024-06-25T12:23:33.492+0200] {processor.py:161} INFO - Started process (PID=14321) to work on /Users/stockly/Downloads/ESGI/orchestration/tp1/airflow-env/lib/python3.9/site-packages/airflow/example_dags/example_task_group_decorator.py
[2024-06-25T12:23:33.504+0200] {processor.py:830} INFO - Processing file /Users/stockly/Downloads/ESGI/orchestration/tp1/airflow-env/lib/python3.9/site-packages/airflow/example_dags/example_task_group_decorator.py for tasks to queue
[2024-06-25T12:23:33.505+0200] {logging_mixin.py:188} INFO - [2024-06-25T12:23:33.505+0200] {dagbag.py:545} INFO - Filling up the DagBag from /Users/stockly/Downloads/ESGI/orchestration/tp1/airflow-env/lib/python3.9/site-packages/airflow/example_dags/example_task_group_decorator.py
[2024-06-25T12:23:33.560+0200] {processor.py:840} INFO - DAG(s) 'example_task_group_decorator' retrieved from /Users/stockly/Downloads/ESGI/orchestration/tp1/airflow-env/lib/python3.9/site-packages/airflow/example_dags/example_task_group_decorator.py
[2024-06-25T12:23:33.777+0200] {logging_mixin.py:188} INFO - [2024-06-25T12:23:33.777+0200] {dag.py:3096} INFO - Sync 1 DAGs
[2024-06-25T12:23:33.810+0200] {logging_mixin.py:188} INFO - [2024-06-25T12:23:33.809+0200] {dag.py:3954} INFO - Setting next_dagrun for example_task_group_decorator to 2024-06-24 00:00:00+00:00, run_after=2024-06-25 00:00:00+00:00
[2024-06-25T12:23:33.834+0200] {processor.py:183} INFO - Processing /Users/stockly/Downloads/ESGI/orchestration/tp1/airflow-env/lib/python3.9/site-packages/airflow/example_dags/example_task_group_decorator.py took 0.345 seconds
[2024-06-25T12:26:27.346+0200] {processor.py:161} INFO - Started process (PID=14433) to work on /Users/stockly/Library/Python/3.9/lib/python/site-packages/airflow/example_dags/example_task_group_decorator.py
[2024-06-25T12:26:27.356+0200] {processor.py:830} INFO - Processing file /Users/stockly/Library/Python/3.9/lib/python/site-packages/airflow/example_dags/example_task_group_decorator.py for tasks to queue
[2024-06-25T12:26:27.357+0200] {logging_mixin.py:188} INFO - [2024-06-25T12:26:27.357+0200] {dagbag.py:545} INFO - Filling up the DagBag from /Users/stockly/Library/Python/3.9/lib/python/site-packages/airflow/example_dags/example_task_group_decorator.py
[2024-06-25T12:26:27.404+0200] {processor.py:840} INFO - DAG(s) 'example_task_group_decorator' retrieved from /Users/stockly/Library/Python/3.9/lib/python/site-packages/airflow/example_dags/example_task_group_decorator.py
[2024-06-25T12:26:27.625+0200] {logging_mixin.py:188} INFO - [2024-06-25T12:26:27.625+0200] {dag.py:3096} INFO - Sync 1 DAGs
[2024-06-25T12:26:27.648+0200] {logging_mixin.py:188} INFO - [2024-06-25T12:26:27.648+0200] {dag.py:3954} INFO - Setting next_dagrun for example_task_group_decorator to 2024-06-24 00:00:00+00:00, run_after=2024-06-25 00:00:00+00:00
[2024-06-25T12:26:27.680+0200] {processor.py:183} INFO - Processing /Users/stockly/Library/Python/3.9/lib/python/site-packages/airflow/example_dags/example_task_group_decorator.py took 0.336 seconds
