[2024-06-25T12:09:55.931+0200] {processor.py:161} INFO - Started process (PID=13842) to work on /Users/stockly/Downloads/ESGI/orchestration/tp1/airflow-env/lib/python3.9/site-packages/airflow/example_dags/example_dag_decorator.py
[2024-06-25T12:09:55.934+0200] {processor.py:830} INFO - Processing file /Users/stockly/Downloads/ESGI/orchestration/tp1/airflow-env/lib/python3.9/site-packages/airflow/example_dags/example_dag_decorator.py for tasks to queue
[2024-06-25T12:09:55.935+0200] {logging_mixin.py:188} INFO - [2024-06-25T12:09:55.934+0200] {dagbag.py:545} INFO - Filling up the DagBag from /Users/stockly/Downloads/ESGI/orchestration/tp1/airflow-env/lib/python3.9/site-packages/airflow/example_dags/example_dag_decorator.py
[2024-06-25T12:09:56.209+0200] {processor.py:840} INFO - DAG(s) 'example_dag_decorator' retrieved from /Users/stockly/Downloads/ESGI/orchestration/tp1/airflow-env/lib/python3.9/site-packages/airflow/example_dags/example_dag_decorator.py
[2024-06-25T12:09:56.411+0200] {logging_mixin.py:188} INFO - [2024-06-25T12:09:56.410+0200] {override.py:1829} INFO - Created Permission View: can edit on DAG:example_dag_decorator
[2024-06-25T12:09:56.419+0200] {logging_mixin.py:188} INFO - [2024-06-25T12:09:56.419+0200] {override.py:1829} INFO - Created Permission View: can delete on DAG:example_dag_decorator
[2024-06-25T12:09:56.429+0200] {logging_mixin.py:188} INFO - [2024-06-25T12:09:56.429+0200] {override.py:1829} INFO - Created Permission View: can read on DAG:example_dag_decorator
[2024-06-25T12:09:56.430+0200] {logging_mixin.py:188} INFO - [2024-06-25T12:09:56.430+0200] {dag.py:3096} INFO - Sync 1 DAGs
[2024-06-25T12:09:56.445+0200] {logging_mixin.py:188} INFO - [2024-06-25T12:09:56.445+0200] {dag.py:3118} INFO - Creating ORM DAG for example_dag_decorator
[2024-06-25T12:09:56.446+0200] {logging_mixin.py:188} INFO - [2024-06-25T12:09:56.446+0200] {dag.py:3954} INFO - Setting next_dagrun for example_dag_decorator to None, run_after=None
[2024-06-25T12:09:56.462+0200] {processor.py:183} INFO - Processing /Users/stockly/Downloads/ESGI/orchestration/tp1/airflow-env/lib/python3.9/site-packages/airflow/example_dags/example_dag_decorator.py took 0.533 seconds
[2024-06-25T12:16:44.436+0200] {processor.py:161} INFO - Started process (PID=14133) to work on /Users/stockly/Downloads/ESGI/orchestration/tp1/airflow-env/lib/python3.9/site-packages/airflow/example_dags/example_dag_decorator.py
[2024-06-25T12:16:44.439+0200] {processor.py:830} INFO - Processing file /Users/stockly/Downloads/ESGI/orchestration/tp1/airflow-env/lib/python3.9/site-packages/airflow/example_dags/example_dag_decorator.py for tasks to queue
[2024-06-25T12:16:44.440+0200] {logging_mixin.py:188} INFO - [2024-06-25T12:16:44.440+0200] {dagbag.py:545} INFO - Filling up the DagBag from /Users/stockly/Downloads/ESGI/orchestration/tp1/airflow-env/lib/python3.9/site-packages/airflow/example_dags/example_dag_decorator.py
[2024-06-25T12:16:44.699+0200] {processor.py:840} INFO - DAG(s) 'example_dag_decorator' retrieved from /Users/stockly/Downloads/ESGI/orchestration/tp1/airflow-env/lib/python3.9/site-packages/airflow/example_dags/example_dag_decorator.py
[2024-06-25T12:16:44.954+0200] {logging_mixin.py:188} INFO - [2024-06-25T12:16:44.953+0200] {dag.py:3096} INFO - Sync 1 DAGs
[2024-06-25T12:16:44.963+0200] {logging_mixin.py:188} INFO - [2024-06-25T12:16:44.963+0200] {dag.py:3954} INFO - Setting next_dagrun for example_dag_decorator to None, run_after=None
[2024-06-25T12:16:44.982+0200] {processor.py:183} INFO - Processing /Users/stockly/Downloads/ESGI/orchestration/tp1/airflow-env/lib/python3.9/site-packages/airflow/example_dags/example_dag_decorator.py took 0.549 seconds
[2024-06-25T12:20:31.334+0200] {processor.py:161} INFO - Started process (PID=14241) to work on /Users/stockly/Downloads/ESGI/orchestration/tp1/airflow-env/lib/python3.9/site-packages/airflow/example_dags/example_dag_decorator.py
[2024-06-25T12:20:31.345+0200] {processor.py:830} INFO - Processing file /Users/stockly/Downloads/ESGI/orchestration/tp1/airflow-env/lib/python3.9/site-packages/airflow/example_dags/example_dag_decorator.py for tasks to queue
[2024-06-25T12:20:31.346+0200] {logging_mixin.py:188} INFO - [2024-06-25T12:20:31.346+0200] {dagbag.py:545} INFO - Filling up the DagBag from /Users/stockly/Downloads/ESGI/orchestration/tp1/airflow-env/lib/python3.9/site-packages/airflow/example_dags/example_dag_decorator.py
[2024-06-25T12:20:31.618+0200] {processor.py:840} INFO - DAG(s) 'example_dag_decorator' retrieved from /Users/stockly/Downloads/ESGI/orchestration/tp1/airflow-env/lib/python3.9/site-packages/airflow/example_dags/example_dag_decorator.py
[2024-06-25T12:20:31.882+0200] {logging_mixin.py:188} INFO - [2024-06-25T12:20:31.882+0200] {dag.py:3096} INFO - Sync 1 DAGs
[2024-06-25T12:20:31.893+0200] {logging_mixin.py:188} INFO - [2024-06-25T12:20:31.893+0200] {dag.py:3954} INFO - Setting next_dagrun for example_dag_decorator to None, run_after=None
[2024-06-25T12:20:31.914+0200] {processor.py:183} INFO - Processing /Users/stockly/Downloads/ESGI/orchestration/tp1/airflow-env/lib/python3.9/site-packages/airflow/example_dags/example_dag_decorator.py took 0.583 seconds
