[2024-06-25T12:09:01.772+0200] {processor.py:161} INFO - Started process (PID=13819) to work on /Users/stockly/Downloads/ESGI/orchestration/tp1/airflow-env/lib/python3.9/site-packages/airflow/example_dags/example_setup_teardown_taskflow.py
[2024-06-25T12:09:01.775+0200] {processor.py:830} INFO - Processing file /Users/stockly/Downloads/ESGI/orchestration/tp1/airflow-env/lib/python3.9/site-packages/airflow/example_dags/example_setup_teardown_taskflow.py for tasks to queue
[2024-06-25T12:09:01.776+0200] {logging_mixin.py:188} INFO - [2024-06-25T12:09:01.776+0200] {dagbag.py:545} INFO - Filling up the DagBag from /Users/stockly/Downloads/ESGI/orchestration/tp1/airflow-env/lib/python3.9/site-packages/airflow/example_dags/example_setup_teardown_taskflow.py
[2024-06-25T12:09:01.813+0200] {processor.py:840} INFO - DAG(s) 'example_setup_teardown_taskflow' retrieved from /Users/stockly/Downloads/ESGI/orchestration/tp1/airflow-env/lib/python3.9/site-packages/airflow/example_dags/example_setup_teardown_taskflow.py
[2024-06-25T12:09:02.077+0200] {logging_mixin.py:188} INFO - [2024-06-25T12:09:02.077+0200] {override.py:1829} INFO - Created Permission View: can read on DAG:example_setup_teardown_taskflow
[2024-06-25T12:09:02.086+0200] {logging_mixin.py:188} INFO - [2024-06-25T12:09:02.086+0200] {override.py:1829} INFO - Created Permission View: can edit on DAG:example_setup_teardown_taskflow
[2024-06-25T12:09:02.092+0200] {logging_mixin.py:188} INFO - [2024-06-25T12:09:02.092+0200] {override.py:1829} INFO - Created Permission View: can delete on DAG:example_setup_teardown_taskflow
[2024-06-25T12:09:02.093+0200] {logging_mixin.py:188} INFO - [2024-06-25T12:09:02.093+0200] {dag.py:3096} INFO - Sync 1 DAGs
[2024-06-25T12:09:02.105+0200] {logging_mixin.py:188} INFO - [2024-06-25T12:09:02.105+0200] {dag.py:3118} INFO - Creating ORM DAG for example_setup_teardown_taskflow
[2024-06-25T12:09:02.119+0200] {logging_mixin.py:188} INFO - [2024-06-25T12:09:02.119+0200] {dag.py:3954} INFO - Setting next_dagrun for example_setup_teardown_taskflow to 2024-06-24 00:00:00+00:00, run_after=2024-06-25 00:00:00+00:00
[2024-06-25T12:09:02.138+0200] {processor.py:183} INFO - Processing /Users/stockly/Downloads/ESGI/orchestration/tp1/airflow-env/lib/python3.9/site-packages/airflow/example_dags/example_setup_teardown_taskflow.py took 0.369 seconds
[2024-06-25T12:11:28.003+0200] {processor.py:161} INFO - Started process (PID=13927) to work on /Users/stockly/Downloads/ESGI/orchestration/tp1/airflow-env/lib/python3.9/site-packages/airflow/example_dags/example_setup_teardown_taskflow.py
[2024-06-25T12:11:28.006+0200] {processor.py:830} INFO - Processing file /Users/stockly/Downloads/ESGI/orchestration/tp1/airflow-env/lib/python3.9/site-packages/airflow/example_dags/example_setup_teardown_taskflow.py for tasks to queue
[2024-06-25T12:11:28.007+0200] {logging_mixin.py:188} INFO - [2024-06-25T12:11:28.007+0200] {dagbag.py:545} INFO - Filling up the DagBag from /Users/stockly/Downloads/ESGI/orchestration/tp1/airflow-env/lib/python3.9/site-packages/airflow/example_dags/example_setup_teardown_taskflow.py
[2024-06-25T12:11:28.048+0200] {processor.py:840} INFO - DAG(s) 'example_setup_teardown_taskflow' retrieved from /Users/stockly/Downloads/ESGI/orchestration/tp1/airflow-env/lib/python3.9/site-packages/airflow/example_dags/example_setup_teardown_taskflow.py
[2024-06-25T12:11:28.213+0200] {logging_mixin.py:188} INFO - [2024-06-25T12:11:28.213+0200] {dag.py:3096} INFO - Sync 1 DAGs
[2024-06-25T12:11:28.239+0200] {logging_mixin.py:188} INFO - [2024-06-25T12:11:28.238+0200] {dag.py:3954} INFO - Setting next_dagrun for example_setup_teardown_taskflow to 2024-06-24 00:00:00+00:00, run_after=2024-06-25 00:00:00+00:00
[2024-06-25T12:11:28.260+0200] {processor.py:183} INFO - Processing /Users/stockly/Downloads/ESGI/orchestration/tp1/airflow-env/lib/python3.9/site-packages/airflow/example_dags/example_setup_teardown_taskflow.py took 0.260 seconds
[2024-06-25T12:15:51.255+0200] {processor.py:161} INFO - Started process (PID=14109) to work on /Users/stockly/Downloads/ESGI/orchestration/tp1/airflow-env/lib/python3.9/site-packages/airflow/example_dags/example_setup_teardown_taskflow.py
[2024-06-25T12:15:51.258+0200] {processor.py:830} INFO - Processing file /Users/stockly/Downloads/ESGI/orchestration/tp1/airflow-env/lib/python3.9/site-packages/airflow/example_dags/example_setup_teardown_taskflow.py for tasks to queue
[2024-06-25T12:15:51.259+0200] {logging_mixin.py:188} INFO - [2024-06-25T12:15:51.259+0200] {dagbag.py:545} INFO - Filling up the DagBag from /Users/stockly/Downloads/ESGI/orchestration/tp1/airflow-env/lib/python3.9/site-packages/airflow/example_dags/example_setup_teardown_taskflow.py
[2024-06-25T12:15:51.310+0200] {processor.py:840} INFO - DAG(s) 'example_setup_teardown_taskflow' retrieved from /Users/stockly/Downloads/ESGI/orchestration/tp1/airflow-env/lib/python3.9/site-packages/airflow/example_dags/example_setup_teardown_taskflow.py
[2024-06-25T12:15:51.472+0200] {logging_mixin.py:188} INFO - [2024-06-25T12:15:51.472+0200] {dag.py:3096} INFO - Sync 1 DAGs
[2024-06-25T12:15:51.493+0200] {logging_mixin.py:188} INFO - [2024-06-25T12:15:51.493+0200] {dag.py:3954} INFO - Setting next_dagrun for example_setup_teardown_taskflow to 2024-06-24 00:00:00+00:00, run_after=2024-06-25 00:00:00+00:00
[2024-06-25T12:15:51.521+0200] {processor.py:183} INFO - Processing /Users/stockly/Downloads/ESGI/orchestration/tp1/airflow-env/lib/python3.9/site-packages/airflow/example_dags/example_setup_teardown_taskflow.py took 0.270 seconds
[2024-06-25T12:18:13.242+0200] {processor.py:161} INFO - Started process (PID=14179) to work on /Users/stockly/Downloads/ESGI/orchestration/tp1/airflow-env/lib/python3.9/site-packages/airflow/example_dags/example_setup_teardown_taskflow.py
[2024-06-25T12:18:13.244+0200] {processor.py:830} INFO - Processing file /Users/stockly/Downloads/ESGI/orchestration/tp1/airflow-env/lib/python3.9/site-packages/airflow/example_dags/example_setup_teardown_taskflow.py for tasks to queue
[2024-06-25T12:18:13.245+0200] {logging_mixin.py:188} INFO - [2024-06-25T12:18:13.245+0200] {dagbag.py:545} INFO - Filling up the DagBag from /Users/stockly/Downloads/ESGI/orchestration/tp1/airflow-env/lib/python3.9/site-packages/airflow/example_dags/example_setup_teardown_taskflow.py
[2024-06-25T12:18:13.295+0200] {processor.py:840} INFO - DAG(s) 'example_setup_teardown_taskflow' retrieved from /Users/stockly/Downloads/ESGI/orchestration/tp1/airflow-env/lib/python3.9/site-packages/airflow/example_dags/example_setup_teardown_taskflow.py
[2024-06-25T12:18:13.462+0200] {logging_mixin.py:188} INFO - [2024-06-25T12:18:13.461+0200] {dag.py:3096} INFO - Sync 1 DAGs
[2024-06-25T12:18:13.484+0200] {logging_mixin.py:188} INFO - [2024-06-25T12:18:13.484+0200] {dag.py:3954} INFO - Setting next_dagrun for example_setup_teardown_taskflow to 2024-06-24 00:00:00+00:00, run_after=2024-06-25 00:00:00+00:00
[2024-06-25T12:18:13.513+0200] {processor.py:183} INFO - Processing /Users/stockly/Downloads/ESGI/orchestration/tp1/airflow-env/lib/python3.9/site-packages/airflow/example_dags/example_setup_teardown_taskflow.py took 0.274 seconds
[2024-06-25T12:20:06.138+0200] {processor.py:161} INFO - Started process (PID=14232) to work on /Users/stockly/Downloads/ESGI/orchestration/tp1/airflow-env/lib/python3.9/site-packages/airflow/example_dags/example_setup_teardown_taskflow.py
[2024-06-25T12:20:06.141+0200] {processor.py:830} INFO - Processing file /Users/stockly/Downloads/ESGI/orchestration/tp1/airflow-env/lib/python3.9/site-packages/airflow/example_dags/example_setup_teardown_taskflow.py for tasks to queue
[2024-06-25T12:20:06.142+0200] {logging_mixin.py:188} INFO - [2024-06-25T12:20:06.142+0200] {dagbag.py:545} INFO - Filling up the DagBag from /Users/stockly/Downloads/ESGI/orchestration/tp1/airflow-env/lib/python3.9/site-packages/airflow/example_dags/example_setup_teardown_taskflow.py
[2024-06-25T12:20:06.183+0200] {processor.py:840} INFO - DAG(s) 'example_setup_teardown_taskflow' retrieved from /Users/stockly/Downloads/ESGI/orchestration/tp1/airflow-env/lib/python3.9/site-packages/airflow/example_dags/example_setup_teardown_taskflow.py
[2024-06-25T12:20:06.357+0200] {logging_mixin.py:188} INFO - [2024-06-25T12:20:06.357+0200] {dag.py:3096} INFO - Sync 1 DAGs
[2024-06-25T12:20:06.381+0200] {logging_mixin.py:188} INFO - [2024-06-25T12:20:06.380+0200] {dag.py:3954} INFO - Setting next_dagrun for example_setup_teardown_taskflow to 2024-06-24 00:00:00+00:00, run_after=2024-06-25 00:00:00+00:00
[2024-06-25T12:20:06.411+0200] {processor.py:183} INFO - Processing /Users/stockly/Downloads/ESGI/orchestration/tp1/airflow-env/lib/python3.9/site-packages/airflow/example_dags/example_setup_teardown_taskflow.py took 0.277 seconds
[2024-06-25T12:22:00.311+0200] {processor.py:161} INFO - Started process (PID=14277) to work on /Users/stockly/Downloads/ESGI/orchestration/tp1/airflow-env/lib/python3.9/site-packages/airflow/example_dags/example_setup_teardown_taskflow.py
[2024-06-25T12:22:00.313+0200] {processor.py:830} INFO - Processing file /Users/stockly/Downloads/ESGI/orchestration/tp1/airflow-env/lib/python3.9/site-packages/airflow/example_dags/example_setup_teardown_taskflow.py for tasks to queue
[2024-06-25T12:22:00.315+0200] {logging_mixin.py:188} INFO - [2024-06-25T12:22:00.314+0200] {dagbag.py:545} INFO - Filling up the DagBag from /Users/stockly/Downloads/ESGI/orchestration/tp1/airflow-env/lib/python3.9/site-packages/airflow/example_dags/example_setup_teardown_taskflow.py
[2024-06-25T12:22:00.357+0200] {processor.py:840} INFO - DAG(s) 'example_setup_teardown_taskflow' retrieved from /Users/stockly/Downloads/ESGI/orchestration/tp1/airflow-env/lib/python3.9/site-packages/airflow/example_dags/example_setup_teardown_taskflow.py
[2024-06-25T12:22:00.530+0200] {logging_mixin.py:188} INFO - [2024-06-25T12:22:00.529+0200] {dag.py:3096} INFO - Sync 1 DAGs
[2024-06-25T12:22:00.554+0200] {logging_mixin.py:188} INFO - [2024-06-25T12:22:00.554+0200] {dag.py:3954} INFO - Setting next_dagrun for example_setup_teardown_taskflow to 2024-06-24 00:00:00+00:00, run_after=2024-06-25 00:00:00+00:00
[2024-06-25T12:22:00.588+0200] {processor.py:183} INFO - Processing /Users/stockly/Downloads/ESGI/orchestration/tp1/airflow-env/lib/python3.9/site-packages/airflow/example_dags/example_setup_teardown_taskflow.py took 0.280 seconds
[2024-06-25T12:23:54.199+0200] {processor.py:161} INFO - Started process (PID=14330) to work on /Users/stockly/Downloads/ESGI/orchestration/tp1/airflow-env/lib/python3.9/site-packages/airflow/example_dags/example_setup_teardown_taskflow.py
[2024-06-25T12:23:54.210+0200] {processor.py:830} INFO - Processing file /Users/stockly/Downloads/ESGI/orchestration/tp1/airflow-env/lib/python3.9/site-packages/airflow/example_dags/example_setup_teardown_taskflow.py for tasks to queue
[2024-06-25T12:23:54.211+0200] {logging_mixin.py:188} INFO - [2024-06-25T12:23:54.211+0200] {dagbag.py:545} INFO - Filling up the DagBag from /Users/stockly/Downloads/ESGI/orchestration/tp1/airflow-env/lib/python3.9/site-packages/airflow/example_dags/example_setup_teardown_taskflow.py
[2024-06-25T12:23:54.254+0200] {processor.py:840} INFO - DAG(s) 'example_setup_teardown_taskflow' retrieved from /Users/stockly/Downloads/ESGI/orchestration/tp1/airflow-env/lib/python3.9/site-packages/airflow/example_dags/example_setup_teardown_taskflow.py
[2024-06-25T12:23:54.435+0200] {logging_mixin.py:188} INFO - [2024-06-25T12:23:54.435+0200] {dag.py:3096} INFO - Sync 1 DAGs
[2024-06-25T12:23:54.457+0200] {logging_mixin.py:188} INFO - [2024-06-25T12:23:54.457+0200] {dag.py:3954} INFO - Setting next_dagrun for example_setup_teardown_taskflow to 2024-06-24 00:00:00+00:00, run_after=2024-06-25 00:00:00+00:00
[2024-06-25T12:23:54.478+0200] {processor.py:183} INFO - Processing /Users/stockly/Downloads/ESGI/orchestration/tp1/airflow-env/lib/python3.9/site-packages/airflow/example_dags/example_setup_teardown_taskflow.py took 0.284 seconds
