[2024-06-25T12:08:32.266+0200] {processor.py:161} INFO - Started process (PID=13797) to work on /Users/stockly/Downloads/ESGI/orchestration/tp1/airflow-env/lib/python3.9/site-packages/airflow/example_dags/example_xcom.py
[2024-06-25T12:08:32.269+0200] {processor.py:830} INFO - Processing file /Users/stockly/Downloads/ESGI/orchestration/tp1/airflow-env/lib/python3.9/site-packages/airflow/example_dags/example_xcom.py for tasks to queue
[2024-06-25T12:08:32.270+0200] {logging_mixin.py:188} INFO - [2024-06-25T12:08:32.270+0200] {dagbag.py:545} INFO - Filling up the DagBag from /Users/stockly/Downloads/ESGI/orchestration/tp1/airflow-env/lib/python3.9/site-packages/airflow/example_dags/example_xcom.py
[2024-06-25T12:08:32.311+0200] {processor.py:840} INFO - DAG(s) 'example_xcom' retrieved from /Users/stockly/Downloads/ESGI/orchestration/tp1/airflow-env/lib/python3.9/site-packages/airflow/example_dags/example_xcom.py
[2024-06-25T12:08:32.569+0200] {logging_mixin.py:188} INFO - [2024-06-25T12:08:32.568+0200] {override.py:1829} INFO - Created Permission View: can read on DAG:example_xcom
[2024-06-25T12:08:32.580+0200] {logging_mixin.py:188} INFO - [2024-06-25T12:08:32.579+0200] {override.py:1829} INFO - Created Permission View: can edit on DAG:example_xcom
[2024-06-25T12:08:32.588+0200] {logging_mixin.py:188} INFO - [2024-06-25T12:08:32.588+0200] {override.py:1829} INFO - Created Permission View: can delete on DAG:example_xcom
[2024-06-25T12:08:32.589+0200] {logging_mixin.py:188} INFO - [2024-06-25T12:08:32.589+0200] {dag.py:3096} INFO - Sync 1 DAGs
[2024-06-25T12:08:32.600+0200] {logging_mixin.py:188} INFO - [2024-06-25T12:08:32.600+0200] {dag.py:3118} INFO - Creating ORM DAG for example_xcom
[2024-06-25T12:08:32.607+0200] {logging_mixin.py:188} INFO - [2024-06-25T12:08:32.607+0200] {dag.py:3954} INFO - Setting next_dagrun for example_xcom to 2021-01-01 00:00:00+00:00, run_after=2021-01-01 00:00:00+00:00
[2024-06-25T12:08:32.624+0200] {processor.py:183} INFO - Processing /Users/stockly/Downloads/ESGI/orchestration/tp1/airflow-env/lib/python3.9/site-packages/airflow/example_dags/example_xcom.py took 0.361 seconds
[2024-06-25T12:10:54.914+0200] {processor.py:161} INFO - Started process (PID=13905) to work on /Users/stockly/Downloads/ESGI/orchestration/tp1/airflow-env/lib/python3.9/site-packages/airflow/example_dags/example_xcom.py
[2024-06-25T12:10:54.917+0200] {processor.py:830} INFO - Processing file /Users/stockly/Downloads/ESGI/orchestration/tp1/airflow-env/lib/python3.9/site-packages/airflow/example_dags/example_xcom.py for tasks to queue
[2024-06-25T12:10:54.918+0200] {logging_mixin.py:188} INFO - [2024-06-25T12:10:54.918+0200] {dagbag.py:545} INFO - Filling up the DagBag from /Users/stockly/Downloads/ESGI/orchestration/tp1/airflow-env/lib/python3.9/site-packages/airflow/example_dags/example_xcom.py
[2024-06-25T12:10:54.959+0200] {processor.py:840} INFO - DAG(s) 'example_xcom' retrieved from /Users/stockly/Downloads/ESGI/orchestration/tp1/airflow-env/lib/python3.9/site-packages/airflow/example_dags/example_xcom.py
[2024-06-25T12:10:55.129+0200] {logging_mixin.py:188} INFO - [2024-06-25T12:10:55.129+0200] {dag.py:3096} INFO - Sync 1 DAGs
[2024-06-25T12:10:55.146+0200] {logging_mixin.py:188} INFO - [2024-06-25T12:10:55.145+0200] {dag.py:3954} INFO - Setting next_dagrun for example_xcom to 2021-01-01 00:00:00+00:00, run_after=2021-01-01 00:00:00+00:00
[2024-06-25T12:10:55.169+0200] {processor.py:183} INFO - Processing /Users/stockly/Downloads/ESGI/orchestration/tp1/airflow-env/lib/python3.9/site-packages/airflow/example_dags/example_xcom.py took 0.259 seconds
[2024-06-25T12:12:49.534+0200] {processor.py:161} INFO - Started process (PID=13963) to work on /Users/stockly/Downloads/ESGI/orchestration/tp1/airflow-env/lib/python3.9/site-packages/airflow/example_dags/example_xcom.py
[2024-06-25T12:12:49.538+0200] {processor.py:830} INFO - Processing file /Users/stockly/Downloads/ESGI/orchestration/tp1/airflow-env/lib/python3.9/site-packages/airflow/example_dags/example_xcom.py for tasks to queue
[2024-06-25T12:12:49.539+0200] {logging_mixin.py:188} INFO - [2024-06-25T12:12:49.538+0200] {dagbag.py:545} INFO - Filling up the DagBag from /Users/stockly/Downloads/ESGI/orchestration/tp1/airflow-env/lib/python3.9/site-packages/airflow/example_dags/example_xcom.py
[2024-06-25T12:12:49.580+0200] {processor.py:840} INFO - DAG(s) 'example_xcom' retrieved from /Users/stockly/Downloads/ESGI/orchestration/tp1/airflow-env/lib/python3.9/site-packages/airflow/example_dags/example_xcom.py
[2024-06-25T12:12:49.745+0200] {logging_mixin.py:188} INFO - [2024-06-25T12:12:49.744+0200] {dag.py:3096} INFO - Sync 1 DAGs
[2024-06-25T12:12:49.762+0200] {logging_mixin.py:188} INFO - [2024-06-25T12:12:49.761+0200] {dag.py:3954} INFO - Setting next_dagrun for example_xcom to 2021-01-01 00:00:00+00:00, run_after=2021-01-01 00:00:00+00:00
[2024-06-25T12:12:49.782+0200] {processor.py:183} INFO - Processing /Users/stockly/Downloads/ESGI/orchestration/tp1/airflow-env/lib/python3.9/site-packages/airflow/example_dags/example_xcom.py took 0.250 seconds
[2024-06-25T12:15:20.269+0200] {processor.py:161} INFO - Started process (PID=14097) to work on /Users/stockly/Downloads/ESGI/orchestration/tp1/airflow-env/lib/python3.9/site-packages/airflow/example_dags/example_xcom.py
[2024-06-25T12:15:20.272+0200] {processor.py:830} INFO - Processing file /Users/stockly/Downloads/ESGI/orchestration/tp1/airflow-env/lib/python3.9/site-packages/airflow/example_dags/example_xcom.py for tasks to queue
[2024-06-25T12:15:20.273+0200] {logging_mixin.py:188} INFO - [2024-06-25T12:15:20.273+0200] {dagbag.py:545} INFO - Filling up the DagBag from /Users/stockly/Downloads/ESGI/orchestration/tp1/airflow-env/lib/python3.9/site-packages/airflow/example_dags/example_xcom.py
[2024-06-25T12:15:20.312+0200] {processor.py:840} INFO - DAG(s) 'example_xcom' retrieved from /Users/stockly/Downloads/ESGI/orchestration/tp1/airflow-env/lib/python3.9/site-packages/airflow/example_dags/example_xcom.py
[2024-06-25T12:15:20.491+0200] {logging_mixin.py:188} INFO - [2024-06-25T12:15:20.491+0200] {dag.py:3096} INFO - Sync 1 DAGs
[2024-06-25T12:15:20.513+0200] {logging_mixin.py:188} INFO - [2024-06-25T12:15:20.512+0200] {dag.py:3954} INFO - Setting next_dagrun for example_xcom to 2021-01-01 00:00:00+00:00, run_after=2021-01-01 00:00:00+00:00
[2024-06-25T12:15:20.533+0200] {processor.py:183} INFO - Processing /Users/stockly/Downloads/ESGI/orchestration/tp1/airflow-env/lib/python3.9/site-packages/airflow/example_dags/example_xcom.py took 0.267 seconds
[2024-06-25T12:17:42.398+0200] {processor.py:161} INFO - Started process (PID=14163) to work on /Users/stockly/Downloads/ESGI/orchestration/tp1/airflow-env/lib/python3.9/site-packages/airflow/example_dags/example_xcom.py
[2024-06-25T12:17:42.402+0200] {processor.py:830} INFO - Processing file /Users/stockly/Downloads/ESGI/orchestration/tp1/airflow-env/lib/python3.9/site-packages/airflow/example_dags/example_xcom.py for tasks to queue
[2024-06-25T12:17:42.403+0200] {logging_mixin.py:188} INFO - [2024-06-25T12:17:42.402+0200] {dagbag.py:545} INFO - Filling up the DagBag from /Users/stockly/Downloads/ESGI/orchestration/tp1/airflow-env/lib/python3.9/site-packages/airflow/example_dags/example_xcom.py
[2024-06-25T12:17:42.444+0200] {processor.py:840} INFO - DAG(s) 'example_xcom' retrieved from /Users/stockly/Downloads/ESGI/orchestration/tp1/airflow-env/lib/python3.9/site-packages/airflow/example_dags/example_xcom.py
[2024-06-25T12:17:42.617+0200] {logging_mixin.py:188} INFO - [2024-06-25T12:17:42.617+0200] {dag.py:3096} INFO - Sync 1 DAGs
[2024-06-25T12:17:42.637+0200] {logging_mixin.py:188} INFO - [2024-06-25T12:17:42.636+0200] {dag.py:3954} INFO - Setting next_dagrun for example_xcom to 2021-01-01 00:00:00+00:00, run_after=2021-01-01 00:00:00+00:00
[2024-06-25T12:17:42.657+0200] {processor.py:183} INFO - Processing /Users/stockly/Downloads/ESGI/orchestration/tp1/airflow-env/lib/python3.9/site-packages/airflow/example_dags/example_xcom.py took 0.262 seconds
[2024-06-25T12:19:35.466+0200] {processor.py:161} INFO - Started process (PID=14217) to work on /Users/stockly/Downloads/ESGI/orchestration/tp1/airflow-env/lib/python3.9/site-packages/airflow/example_dags/example_xcom.py
[2024-06-25T12:19:35.477+0200] {processor.py:830} INFO - Processing file /Users/stockly/Downloads/ESGI/orchestration/tp1/airflow-env/lib/python3.9/site-packages/airflow/example_dags/example_xcom.py for tasks to queue
[2024-06-25T12:19:35.478+0200] {logging_mixin.py:188} INFO - [2024-06-25T12:19:35.478+0200] {dagbag.py:545} INFO - Filling up the DagBag from /Users/stockly/Downloads/ESGI/orchestration/tp1/airflow-env/lib/python3.9/site-packages/airflow/example_dags/example_xcom.py
[2024-06-25T12:19:35.519+0200] {processor.py:840} INFO - DAG(s) 'example_xcom' retrieved from /Users/stockly/Downloads/ESGI/orchestration/tp1/airflow-env/lib/python3.9/site-packages/airflow/example_dags/example_xcom.py
[2024-06-25T12:19:35.690+0200] {logging_mixin.py:188} INFO - [2024-06-25T12:19:35.690+0200] {dag.py:3096} INFO - Sync 1 DAGs
[2024-06-25T12:19:35.707+0200] {logging_mixin.py:188} INFO - [2024-06-25T12:19:35.707+0200] {dag.py:3954} INFO - Setting next_dagrun for example_xcom to 2021-01-01 00:00:00+00:00, run_after=2021-01-01 00:00:00+00:00
[2024-06-25T12:19:35.738+0200] {processor.py:183} INFO - Processing /Users/stockly/Downloads/ESGI/orchestration/tp1/airflow-env/lib/python3.9/site-packages/airflow/example_dags/example_xcom.py took 0.276 seconds
[2024-06-25T12:21:29.387+0200] {processor.py:161} INFO - Started process (PID=14266) to work on /Users/stockly/Downloads/ESGI/orchestration/tp1/airflow-env/lib/python3.9/site-packages/airflow/example_dags/example_xcom.py
[2024-06-25T12:21:29.390+0200] {processor.py:830} INFO - Processing file /Users/stockly/Downloads/ESGI/orchestration/tp1/airflow-env/lib/python3.9/site-packages/airflow/example_dags/example_xcom.py for tasks to queue
[2024-06-25T12:21:29.391+0200] {logging_mixin.py:188} INFO - [2024-06-25T12:21:29.391+0200] {dagbag.py:545} INFO - Filling up the DagBag from /Users/stockly/Downloads/ESGI/orchestration/tp1/airflow-env/lib/python3.9/site-packages/airflow/example_dags/example_xcom.py
[2024-06-25T12:21:29.431+0200] {processor.py:840} INFO - DAG(s) 'example_xcom' retrieved from /Users/stockly/Downloads/ESGI/orchestration/tp1/airflow-env/lib/python3.9/site-packages/airflow/example_dags/example_xcom.py
[2024-06-25T12:21:29.604+0200] {logging_mixin.py:188} INFO - [2024-06-25T12:21:29.603+0200] {dag.py:3096} INFO - Sync 1 DAGs
[2024-06-25T12:21:29.621+0200] {logging_mixin.py:188} INFO - [2024-06-25T12:21:29.621+0200] {dag.py:3954} INFO - Setting next_dagrun for example_xcom to 2021-01-01 00:00:00+00:00, run_after=2021-01-01 00:00:00+00:00
[2024-06-25T12:21:29.642+0200] {processor.py:183} INFO - Processing /Users/stockly/Downloads/ESGI/orchestration/tp1/airflow-env/lib/python3.9/site-packages/airflow/example_dags/example_xcom.py took 0.259 seconds
[2024-06-25T12:23:21.380+0200] {processor.py:161} INFO - Started process (PID=14314) to work on /Users/stockly/Downloads/ESGI/orchestration/tp1/airflow-env/lib/python3.9/site-packages/airflow/example_dags/example_xcom.py
[2024-06-25T12:23:21.391+0200] {processor.py:830} INFO - Processing file /Users/stockly/Downloads/ESGI/orchestration/tp1/airflow-env/lib/python3.9/site-packages/airflow/example_dags/example_xcom.py for tasks to queue
[2024-06-25T12:23:21.392+0200] {logging_mixin.py:188} INFO - [2024-06-25T12:23:21.392+0200] {dagbag.py:545} INFO - Filling up the DagBag from /Users/stockly/Downloads/ESGI/orchestration/tp1/airflow-env/lib/python3.9/site-packages/airflow/example_dags/example_xcom.py
[2024-06-25T12:23:21.433+0200] {processor.py:840} INFO - DAG(s) 'example_xcom' retrieved from /Users/stockly/Downloads/ESGI/orchestration/tp1/airflow-env/lib/python3.9/site-packages/airflow/example_dags/example_xcom.py
[2024-06-25T12:23:21.609+0200] {logging_mixin.py:188} INFO - [2024-06-25T12:23:21.608+0200] {dag.py:3096} INFO - Sync 1 DAGs
[2024-06-25T12:23:21.625+0200] {logging_mixin.py:188} INFO - [2024-06-25T12:23:21.625+0200] {dag.py:3954} INFO - Setting next_dagrun for example_xcom to 2021-01-01 00:00:00+00:00, run_after=2021-01-01 00:00:00+00:00
[2024-06-25T12:23:21.654+0200] {processor.py:183} INFO - Processing /Users/stockly/Downloads/ESGI/orchestration/tp1/airflow-env/lib/python3.9/site-packages/airflow/example_dags/example_xcom.py took 0.277 seconds
[2024-06-25T12:26:15.879+0200] {processor.py:161} INFO - Started process (PID=14429) to work on /Users/stockly/Library/Python/3.9/lib/python/site-packages/airflow/example_dags/example_xcom.py
[2024-06-25T12:26:15.882+0200] {processor.py:830} INFO - Processing file /Users/stockly/Library/Python/3.9/lib/python/site-packages/airflow/example_dags/example_xcom.py for tasks to queue
[2024-06-25T12:26:15.883+0200] {logging_mixin.py:188} INFO - [2024-06-25T12:26:15.883+0200] {dagbag.py:545} INFO - Filling up the DagBag from /Users/stockly/Library/Python/3.9/lib/python/site-packages/airflow/example_dags/example_xcom.py
[2024-06-25T12:26:15.921+0200] {processor.py:840} INFO - DAG(s) 'example_xcom' retrieved from /Users/stockly/Library/Python/3.9/lib/python/site-packages/airflow/example_dags/example_xcom.py
[2024-06-25T12:26:16.133+0200] {logging_mixin.py:188} INFO - [2024-06-25T12:26:16.132+0200] {dag.py:3096} INFO - Sync 1 DAGs
[2024-06-25T12:26:16.151+0200] {logging_mixin.py:188} INFO - [2024-06-25T12:26:16.151+0200] {dag.py:3954} INFO - Setting next_dagrun for example_xcom to 2021-01-01 00:00:00+00:00, run_after=2021-01-01 00:00:00+00:00
[2024-06-25T12:26:16.169+0200] {processor.py:183} INFO - Processing /Users/stockly/Library/Python/3.9/lib/python/site-packages/airflow/example_dags/example_xcom.py took 0.293 seconds
