[2024-06-25T12:08:29.815+0200] {processor.py:161} INFO - Started process (PID=13795) to work on /Users/stockly/Downloads/ESGI/orchestration/tp1/airflow-env/lib/python3.9/site-packages/airflow/example_dags/example_xcomargs.py
[2024-06-25T12:08:29.818+0200] {processor.py:830} INFO - Processing file /Users/stockly/Downloads/ESGI/orchestration/tp1/airflow-env/lib/python3.9/site-packages/airflow/example_dags/example_xcomargs.py for tasks to queue
[2024-06-25T12:08:29.819+0200] {logging_mixin.py:188} INFO - [2024-06-25T12:08:29.819+0200] {dagbag.py:545} INFO - Filling up the DagBag from /Users/stockly/Downloads/ESGI/orchestration/tp1/airflow-env/lib/python3.9/site-packages/airflow/example_dags/example_xcomargs.py
[2024-06-25T12:08:29.858+0200] {processor.py:840} INFO - DAG(s) 'example_xcom_args', 'example_xcom_args_with_operators' retrieved from /Users/stockly/Downloads/ESGI/orchestration/tp1/airflow-env/lib/python3.9/site-packages/airflow/example_dags/example_xcomargs.py
[2024-06-25T12:08:30.124+0200] {logging_mixin.py:188} INFO - [2024-06-25T12:08:30.124+0200] {override.py:1829} INFO - Created Permission View: can read on DAG:example_xcom_args
[2024-06-25T12:08:30.133+0200] {logging_mixin.py:188} INFO - [2024-06-25T12:08:30.132+0200] {override.py:1829} INFO - Created Permission View: can delete on DAG:example_xcom_args
[2024-06-25T12:08:30.139+0200] {logging_mixin.py:188} INFO - [2024-06-25T12:08:30.138+0200] {override.py:1829} INFO - Created Permission View: can edit on DAG:example_xcom_args
[2024-06-25T12:08:30.152+0200] {logging_mixin.py:188} INFO - [2024-06-25T12:08:30.152+0200] {override.py:1829} INFO - Created Permission View: can read on DAG:example_xcom_args_with_operators
[2024-06-25T12:08:30.158+0200] {logging_mixin.py:188} INFO - [2024-06-25T12:08:30.157+0200] {override.py:1829} INFO - Created Permission View: can delete on DAG:example_xcom_args_with_operators
[2024-06-25T12:08:30.164+0200] {logging_mixin.py:188} INFO - [2024-06-25T12:08:30.163+0200] {override.py:1829} INFO - Created Permission View: can edit on DAG:example_xcom_args_with_operators
[2024-06-25T12:08:30.164+0200] {logging_mixin.py:188} INFO - [2024-06-25T12:08:30.164+0200] {dag.py:3096} INFO - Sync 2 DAGs
[2024-06-25T12:08:30.174+0200] {logging_mixin.py:188} INFO - [2024-06-25T12:08:30.174+0200] {dag.py:3118} INFO - Creating ORM DAG for example_xcom_args_with_operators
[2024-06-25T12:08:30.175+0200] {logging_mixin.py:188} INFO - [2024-06-25T12:08:30.175+0200] {dag.py:3118} INFO - Creating ORM DAG for example_xcom_args
[2024-06-25T12:08:30.176+0200] {logging_mixin.py:188} INFO - [2024-06-25T12:08:30.176+0200] {dag.py:3954} INFO - Setting next_dagrun for example_xcom_args to None, run_after=None
[2024-06-25T12:08:30.176+0200] {logging_mixin.py:188} INFO - [2024-06-25T12:08:30.176+0200] {dag.py:3954} INFO - Setting next_dagrun for example_xcom_args_with_operators to None, run_after=None
[2024-06-25T12:08:30.193+0200] {processor.py:183} INFO - Processing /Users/stockly/Downloads/ESGI/orchestration/tp1/airflow-env/lib/python3.9/site-packages/airflow/example_dags/example_xcomargs.py took 0.381 seconds
[2024-06-25T12:10:52.055+0200] {processor.py:161} INFO - Started process (PID=13904) to work on /Users/stockly/Downloads/ESGI/orchestration/tp1/airflow-env/lib/python3.9/site-packages/airflow/example_dags/example_xcomargs.py
[2024-06-25T12:10:52.060+0200] {processor.py:830} INFO - Processing file /Users/stockly/Downloads/ESGI/orchestration/tp1/airflow-env/lib/python3.9/site-packages/airflow/example_dags/example_xcomargs.py for tasks to queue
[2024-06-25T12:10:52.061+0200] {logging_mixin.py:188} INFO - [2024-06-25T12:10:52.061+0200] {dagbag.py:545} INFO - Filling up the DagBag from /Users/stockly/Downloads/ESGI/orchestration/tp1/airflow-env/lib/python3.9/site-packages/airflow/example_dags/example_xcomargs.py
[2024-06-25T12:10:52.107+0200] {processor.py:840} INFO - DAG(s) 'example_xcom_args', 'example_xcom_args_with_operators' retrieved from /Users/stockly/Downloads/ESGI/orchestration/tp1/airflow-env/lib/python3.9/site-packages/airflow/example_dags/example_xcomargs.py
[2024-06-25T12:10:52.295+0200] {logging_mixin.py:188} INFO - [2024-06-25T12:10:52.294+0200] {dag.py:3096} INFO - Sync 2 DAGs
[2024-06-25T12:10:52.307+0200] {logging_mixin.py:188} INFO - [2024-06-25T12:10:52.306+0200] {dag.py:3954} INFO - Setting next_dagrun for example_xcom_args to None, run_after=None
[2024-06-25T12:10:52.310+0200] {logging_mixin.py:188} INFO - [2024-06-25T12:10:52.310+0200] {dag.py:3954} INFO - Setting next_dagrun for example_xcom_args_with_operators to None, run_after=None
[2024-06-25T12:10:52.326+0200] {processor.py:183} INFO - Processing /Users/stockly/Downloads/ESGI/orchestration/tp1/airflow-env/lib/python3.9/site-packages/airflow/example_dags/example_xcomargs.py took 0.274 seconds
[2024-06-25T12:12:46.689+0200] {processor.py:161} INFO - Started process (PID=13962) to work on /Users/stockly/Downloads/ESGI/orchestration/tp1/airflow-env/lib/python3.9/site-packages/airflow/example_dags/example_xcomargs.py
[2024-06-25T12:12:46.692+0200] {processor.py:830} INFO - Processing file /Users/stockly/Downloads/ESGI/orchestration/tp1/airflow-env/lib/python3.9/site-packages/airflow/example_dags/example_xcomargs.py for tasks to queue
[2024-06-25T12:12:46.693+0200] {logging_mixin.py:188} INFO - [2024-06-25T12:12:46.693+0200] {dagbag.py:545} INFO - Filling up the DagBag from /Users/stockly/Downloads/ESGI/orchestration/tp1/airflow-env/lib/python3.9/site-packages/airflow/example_dags/example_xcomargs.py
[2024-06-25T12:12:46.734+0200] {processor.py:840} INFO - DAG(s) 'example_xcom_args', 'example_xcom_args_with_operators' retrieved from /Users/stockly/Downloads/ESGI/orchestration/tp1/airflow-env/lib/python3.9/site-packages/airflow/example_dags/example_xcomargs.py
[2024-06-25T12:12:46.909+0200] {logging_mixin.py:188} INFO - [2024-06-25T12:12:46.909+0200] {dag.py:3096} INFO - Sync 2 DAGs
[2024-06-25T12:12:46.919+0200] {logging_mixin.py:188} INFO - [2024-06-25T12:12:46.919+0200] {dag.py:3954} INFO - Setting next_dagrun for example_xcom_args to None, run_after=None
[2024-06-25T12:12:46.923+0200] {logging_mixin.py:188} INFO - [2024-06-25T12:12:46.922+0200] {dag.py:3954} INFO - Setting next_dagrun for example_xcom_args_with_operators to None, run_after=None
[2024-06-25T12:12:46.948+0200] {processor.py:183} INFO - Processing /Users/stockly/Downloads/ESGI/orchestration/tp1/airflow-env/lib/python3.9/site-packages/airflow/example_dags/example_xcomargs.py took 0.262 seconds
[2024-06-25T12:15:17.370+0200] {processor.py:161} INFO - Started process (PID=14096) to work on /Users/stockly/Downloads/ESGI/orchestration/tp1/airflow-env/lib/python3.9/site-packages/airflow/example_dags/example_xcomargs.py
[2024-06-25T12:15:17.381+0200] {processor.py:830} INFO - Processing file /Users/stockly/Downloads/ESGI/orchestration/tp1/airflow-env/lib/python3.9/site-packages/airflow/example_dags/example_xcomargs.py for tasks to queue
[2024-06-25T12:15:17.382+0200] {logging_mixin.py:188} INFO - [2024-06-25T12:15:17.382+0200] {dagbag.py:545} INFO - Filling up the DagBag from /Users/stockly/Downloads/ESGI/orchestration/tp1/airflow-env/lib/python3.9/site-packages/airflow/example_dags/example_xcomargs.py
[2024-06-25T12:15:17.422+0200] {processor.py:840} INFO - DAG(s) 'example_xcom_args', 'example_xcom_args_with_operators' retrieved from /Users/stockly/Downloads/ESGI/orchestration/tp1/airflow-env/lib/python3.9/site-packages/airflow/example_dags/example_xcomargs.py
[2024-06-25T12:15:17.588+0200] {logging_mixin.py:188} INFO - [2024-06-25T12:15:17.588+0200] {dag.py:3096} INFO - Sync 2 DAGs
[2024-06-25T12:15:17.598+0200] {logging_mixin.py:188} INFO - [2024-06-25T12:15:17.598+0200] {dag.py:3954} INFO - Setting next_dagrun for example_xcom_args to None, run_after=None
[2024-06-25T12:15:17.602+0200] {logging_mixin.py:188} INFO - [2024-06-25T12:15:17.601+0200] {dag.py:3954} INFO - Setting next_dagrun for example_xcom_args_with_operators to None, run_after=None
[2024-06-25T12:15:17.627+0200] {processor.py:183} INFO - Processing /Users/stockly/Downloads/ESGI/orchestration/tp1/airflow-env/lib/python3.9/site-packages/airflow/example_dags/example_xcomargs.py took 0.260 seconds
[2024-06-25T12:17:39.547+0200] {processor.py:161} INFO - Started process (PID=14162) to work on /Users/stockly/Downloads/ESGI/orchestration/tp1/airflow-env/lib/python3.9/site-packages/airflow/example_dags/example_xcomargs.py
[2024-06-25T12:17:39.550+0200] {processor.py:830} INFO - Processing file /Users/stockly/Downloads/ESGI/orchestration/tp1/airflow-env/lib/python3.9/site-packages/airflow/example_dags/example_xcomargs.py for tasks to queue
[2024-06-25T12:17:39.551+0200] {logging_mixin.py:188} INFO - [2024-06-25T12:17:39.551+0200] {dagbag.py:545} INFO - Filling up the DagBag from /Users/stockly/Downloads/ESGI/orchestration/tp1/airflow-env/lib/python3.9/site-packages/airflow/example_dags/example_xcomargs.py
[2024-06-25T12:17:39.589+0200] {processor.py:840} INFO - DAG(s) 'example_xcom_args', 'example_xcom_args_with_operators' retrieved from /Users/stockly/Downloads/ESGI/orchestration/tp1/airflow-env/lib/python3.9/site-packages/airflow/example_dags/example_xcomargs.py
[2024-06-25T12:17:39.760+0200] {logging_mixin.py:188} INFO - [2024-06-25T12:17:39.759+0200] {dag.py:3096} INFO - Sync 2 DAGs
[2024-06-25T12:17:39.771+0200] {logging_mixin.py:188} INFO - [2024-06-25T12:17:39.770+0200] {dag.py:3954} INFO - Setting next_dagrun for example_xcom_args to None, run_after=None
[2024-06-25T12:17:39.774+0200] {logging_mixin.py:188} INFO - [2024-06-25T12:17:39.774+0200] {dag.py:3954} INFO - Setting next_dagrun for example_xcom_args_with_operators to None, run_after=None
[2024-06-25T12:17:39.800+0200] {processor.py:183} INFO - Processing /Users/stockly/Downloads/ESGI/orchestration/tp1/airflow-env/lib/python3.9/site-packages/airflow/example_dags/example_xcomargs.py took 0.256 seconds
[2024-06-25T12:19:33.423+0200] {processor.py:161} INFO - Started process (PID=14216) to work on /Users/stockly/Downloads/ESGI/orchestration/tp1/airflow-env/lib/python3.9/site-packages/airflow/example_dags/example_xcomargs.py
[2024-06-25T12:19:33.434+0200] {processor.py:830} INFO - Processing file /Users/stockly/Downloads/ESGI/orchestration/tp1/airflow-env/lib/python3.9/site-packages/airflow/example_dags/example_xcomargs.py for tasks to queue
[2024-06-25T12:19:33.435+0200] {logging_mixin.py:188} INFO - [2024-06-25T12:19:33.435+0200] {dagbag.py:545} INFO - Filling up the DagBag from /Users/stockly/Downloads/ESGI/orchestration/tp1/airflow-env/lib/python3.9/site-packages/airflow/example_dags/example_xcomargs.py
[2024-06-25T12:19:33.477+0200] {processor.py:840} INFO - DAG(s) 'example_xcom_args', 'example_xcom_args_with_operators' retrieved from /Users/stockly/Downloads/ESGI/orchestration/tp1/airflow-env/lib/python3.9/site-packages/airflow/example_dags/example_xcomargs.py
[2024-06-25T12:19:33.656+0200] {logging_mixin.py:188} INFO - [2024-06-25T12:19:33.655+0200] {dag.py:3096} INFO - Sync 2 DAGs
[2024-06-25T12:19:33.666+0200] {logging_mixin.py:188} INFO - [2024-06-25T12:19:33.666+0200] {dag.py:3954} INFO - Setting next_dagrun for example_xcom_args to None, run_after=None
[2024-06-25T12:19:33.669+0200] {logging_mixin.py:188} INFO - [2024-06-25T12:19:33.669+0200] {dag.py:3954} INFO - Setting next_dagrun for example_xcom_args_with_operators to None, run_after=None
[2024-06-25T12:19:33.696+0200] {processor.py:183} INFO - Processing /Users/stockly/Downloads/ESGI/orchestration/tp1/airflow-env/lib/python3.9/site-packages/airflow/example_dags/example_xcomargs.py took 0.276 seconds
[2024-06-25T12:21:26.461+0200] {processor.py:161} INFO - Started process (PID=14264) to work on /Users/stockly/Downloads/ESGI/orchestration/tp1/airflow-env/lib/python3.9/site-packages/airflow/example_dags/example_xcomargs.py
[2024-06-25T12:21:26.465+0200] {processor.py:830} INFO - Processing file /Users/stockly/Downloads/ESGI/orchestration/tp1/airflow-env/lib/python3.9/site-packages/airflow/example_dags/example_xcomargs.py for tasks to queue
[2024-06-25T12:21:26.466+0200] {logging_mixin.py:188} INFO - [2024-06-25T12:21:26.466+0200] {dagbag.py:545} INFO - Filling up the DagBag from /Users/stockly/Downloads/ESGI/orchestration/tp1/airflow-env/lib/python3.9/site-packages/airflow/example_dags/example_xcomargs.py
[2024-06-25T12:21:26.507+0200] {processor.py:840} INFO - DAG(s) 'example_xcom_args_with_operators', 'example_xcom_args' retrieved from /Users/stockly/Downloads/ESGI/orchestration/tp1/airflow-env/lib/python3.9/site-packages/airflow/example_dags/example_xcomargs.py
[2024-06-25T12:21:26.686+0200] {logging_mixin.py:188} INFO - [2024-06-25T12:21:26.686+0200] {dag.py:3096} INFO - Sync 2 DAGs
[2024-06-25T12:21:26.698+0200] {logging_mixin.py:188} INFO - [2024-06-25T12:21:26.697+0200] {dag.py:3954} INFO - Setting next_dagrun for example_xcom_args to None, run_after=None
[2024-06-25T12:21:26.701+0200] {logging_mixin.py:188} INFO - [2024-06-25T12:21:26.701+0200] {dag.py:3954} INFO - Setting next_dagrun for example_xcom_args_with_operators to None, run_after=None
[2024-06-25T12:21:26.724+0200] {processor.py:183} INFO - Processing /Users/stockly/Downloads/ESGI/orchestration/tp1/airflow-env/lib/python3.9/site-packages/airflow/example_dags/example_xcomargs.py took 0.265 seconds
[2024-06-25T12:23:18.435+0200] {processor.py:161} INFO - Started process (PID=14313) to work on /Users/stockly/Downloads/ESGI/orchestration/tp1/airflow-env/lib/python3.9/site-packages/airflow/example_dags/example_xcomargs.py
[2024-06-25T12:23:18.439+0200] {processor.py:830} INFO - Processing file /Users/stockly/Downloads/ESGI/orchestration/tp1/airflow-env/lib/python3.9/site-packages/airflow/example_dags/example_xcomargs.py for tasks to queue
[2024-06-25T12:23:18.439+0200] {logging_mixin.py:188} INFO - [2024-06-25T12:23:18.439+0200] {dagbag.py:545} INFO - Filling up the DagBag from /Users/stockly/Downloads/ESGI/orchestration/tp1/airflow-env/lib/python3.9/site-packages/airflow/example_dags/example_xcomargs.py
[2024-06-25T12:23:18.482+0200] {processor.py:840} INFO - DAG(s) 'example_xcom_args', 'example_xcom_args_with_operators' retrieved from /Users/stockly/Downloads/ESGI/orchestration/tp1/airflow-env/lib/python3.9/site-packages/airflow/example_dags/example_xcomargs.py
[2024-06-25T12:23:18.654+0200] {logging_mixin.py:188} INFO - [2024-06-25T12:23:18.654+0200] {dag.py:3096} INFO - Sync 2 DAGs
[2024-06-25T12:23:18.666+0200] {logging_mixin.py:188} INFO - [2024-06-25T12:23:18.666+0200] {dag.py:3954} INFO - Setting next_dagrun for example_xcom_args to None, run_after=None
[2024-06-25T12:23:18.669+0200] {logging_mixin.py:188} INFO - [2024-06-25T12:23:18.669+0200] {dag.py:3954} INFO - Setting next_dagrun for example_xcom_args_with_operators to None, run_after=None
[2024-06-25T12:23:18.687+0200] {processor.py:183} INFO - Processing /Users/stockly/Downloads/ESGI/orchestration/tp1/airflow-env/lib/python3.9/site-packages/airflow/example_dags/example_xcomargs.py took 0.254 seconds
[2024-06-25T12:26:12.503+0200] {processor.py:161} INFO - Started process (PID=14428) to work on /Users/stockly/Library/Python/3.9/lib/python/site-packages/airflow/example_dags/example_xcomargs.py
[2024-06-25T12:26:12.514+0200] {processor.py:830} INFO - Processing file /Users/stockly/Library/Python/3.9/lib/python/site-packages/airflow/example_dags/example_xcomargs.py for tasks to queue
[2024-06-25T12:26:12.515+0200] {logging_mixin.py:188} INFO - [2024-06-25T12:26:12.514+0200] {dagbag.py:545} INFO - Filling up the DagBag from /Users/stockly/Library/Python/3.9/lib/python/site-packages/airflow/example_dags/example_xcomargs.py
[2024-06-25T12:26:12.554+0200] {processor.py:840} INFO - DAG(s) 'example_xcom_args', 'example_xcom_args_with_operators' retrieved from /Users/stockly/Library/Python/3.9/lib/python/site-packages/airflow/example_dags/example_xcomargs.py
[2024-06-25T12:26:12.800+0200] {logging_mixin.py:188} INFO - [2024-06-25T12:26:12.799+0200] {dag.py:3096} INFO - Sync 2 DAGs
[2024-06-25T12:26:12.811+0200] {logging_mixin.py:188} INFO - [2024-06-25T12:26:12.811+0200] {dag.py:3954} INFO - Setting next_dagrun for example_xcom_args to None, run_after=None
[2024-06-25T12:26:12.815+0200] {logging_mixin.py:188} INFO - [2024-06-25T12:26:12.815+0200] {dag.py:3954} INFO - Setting next_dagrun for example_xcom_args_with_operators to None, run_after=None
[2024-06-25T12:26:12.842+0200] {processor.py:183} INFO - Processing /Users/stockly/Library/Python/3.9/lib/python/site-packages/airflow/example_dags/example_xcomargs.py took 0.343 seconds
