[2024-06-25T12:10:10.069+0200] {processor.py:161} INFO - Started process (PID=13852) to work on /Users/stockly/Downloads/ESGI/orchestration/tp1/airflow-env/lib/python3.9/site-packages/airflow/example_dags/example_branch_labels.py
[2024-06-25T12:10:10.072+0200] {processor.py:830} INFO - Processing file /Users/stockly/Downloads/ESGI/orchestration/tp1/airflow-env/lib/python3.9/site-packages/airflow/example_dags/example_branch_labels.py for tasks to queue
[2024-06-25T12:10:10.073+0200] {logging_mixin.py:188} INFO - [2024-06-25T12:10:10.073+0200] {dagbag.py:545} INFO - Filling up the DagBag from /Users/stockly/Downloads/ESGI/orchestration/tp1/airflow-env/lib/python3.9/site-packages/airflow/example_dags/example_branch_labels.py
[2024-06-25T12:10:10.083+0200] {processor.py:840} INFO - DAG(s) 'example_branch_labels' retrieved from /Users/stockly/Downloads/ESGI/orchestration/tp1/airflow-env/lib/python3.9/site-packages/airflow/example_dags/example_branch_labels.py
[2024-06-25T12:10:10.369+0200] {logging_mixin.py:188} INFO - [2024-06-25T12:10:10.369+0200] {override.py:1829} INFO - Created Permission View: can delete on DAG:example_branch_labels
[2024-06-25T12:10:10.378+0200] {logging_mixin.py:188} INFO - [2024-06-25T12:10:10.377+0200] {override.py:1829} INFO - Created Permission View: can read on DAG:example_branch_labels
[2024-06-25T12:10:10.384+0200] {logging_mixin.py:188} INFO - [2024-06-25T12:10:10.383+0200] {override.py:1829} INFO - Created Permission View: can edit on DAG:example_branch_labels
[2024-06-25T12:10:10.384+0200] {logging_mixin.py:188} INFO - [2024-06-25T12:10:10.384+0200] {dag.py:3096} INFO - Sync 1 DAGs
[2024-06-25T12:10:10.394+0200] {logging_mixin.py:188} INFO - [2024-06-25T12:10:10.394+0200] {dag.py:3118} INFO - Creating ORM DAG for example_branch_labels
[2024-06-25T12:10:10.403+0200] {logging_mixin.py:188} INFO - [2024-06-25T12:10:10.403+0200] {dag.py:3954} INFO - Setting next_dagrun for example_branch_labels to 2024-06-24 00:00:00+00:00, run_after=2024-06-25 00:00:00+00:00
[2024-06-25T12:10:10.419+0200] {processor.py:183} INFO - Processing /Users/stockly/Downloads/ESGI/orchestration/tp1/airflow-env/lib/python3.9/site-packages/airflow/example_dags/example_branch_labels.py took 0.353 seconds
[2024-06-25T12:16:57.966+0200] {processor.py:161} INFO - Started process (PID=14138) to work on /Users/stockly/Downloads/ESGI/orchestration/tp1/airflow-env/lib/python3.9/site-packages/airflow/example_dags/example_branch_labels.py
[2024-06-25T12:16:57.969+0200] {processor.py:830} INFO - Processing file /Users/stockly/Downloads/ESGI/orchestration/tp1/airflow-env/lib/python3.9/site-packages/airflow/example_dags/example_branch_labels.py for tasks to queue
[2024-06-25T12:16:57.970+0200] {logging_mixin.py:188} INFO - [2024-06-25T12:16:57.970+0200] {dagbag.py:545} INFO - Filling up the DagBag from /Users/stockly/Downloads/ESGI/orchestration/tp1/airflow-env/lib/python3.9/site-packages/airflow/example_dags/example_branch_labels.py
[2024-06-25T12:16:57.980+0200] {processor.py:840} INFO - DAG(s) 'example_branch_labels' retrieved from /Users/stockly/Downloads/ESGI/orchestration/tp1/airflow-env/lib/python3.9/site-packages/airflow/example_dags/example_branch_labels.py
[2024-06-25T12:16:58.105+0200] {logging_mixin.py:188} INFO - [2024-06-25T12:16:58.105+0200] {dag.py:3096} INFO - Sync 1 DAGs
[2024-06-25T12:16:58.166+0200] {logging_mixin.py:188} INFO - [2024-06-25T12:16:58.166+0200] {dag.py:3954} INFO - Setting next_dagrun for example_branch_labels to 2024-06-24 00:00:00+00:00, run_after=2024-06-25 00:00:00+00:00
[2024-06-25T12:16:58.183+0200] {processor.py:183} INFO - Processing /Users/stockly/Downloads/ESGI/orchestration/tp1/airflow-env/lib/python3.9/site-packages/airflow/example_dags/example_branch_labels.py took 0.220 seconds
[2024-06-25T12:20:45.052+0200] {processor.py:161} INFO - Started process (PID=14246) to work on /Users/stockly/Downloads/ESGI/orchestration/tp1/airflow-env/lib/python3.9/site-packages/airflow/example_dags/example_branch_labels.py
[2024-06-25T12:20:45.064+0200] {processor.py:830} INFO - Processing file /Users/stockly/Downloads/ESGI/orchestration/tp1/airflow-env/lib/python3.9/site-packages/airflow/example_dags/example_branch_labels.py for tasks to queue
[2024-06-25T12:20:45.065+0200] {logging_mixin.py:188} INFO - [2024-06-25T12:20:45.065+0200] {dagbag.py:545} INFO - Filling up the DagBag from /Users/stockly/Downloads/ESGI/orchestration/tp1/airflow-env/lib/python3.9/site-packages/airflow/example_dags/example_branch_labels.py
[2024-06-25T12:20:45.078+0200] {processor.py:840} INFO - DAG(s) 'example_branch_labels' retrieved from /Users/stockly/Downloads/ESGI/orchestration/tp1/airflow-env/lib/python3.9/site-packages/airflow/example_dags/example_branch_labels.py
[2024-06-25T12:20:45.212+0200] {logging_mixin.py:188} INFO - [2024-06-25T12:20:45.211+0200] {dag.py:3096} INFO - Sync 1 DAGs
[2024-06-25T12:20:45.278+0200] {logging_mixin.py:188} INFO - [2024-06-25T12:20:45.278+0200] {dag.py:3954} INFO - Setting next_dagrun for example_branch_labels to 2024-06-24 00:00:00+00:00, run_after=2024-06-25 00:00:00+00:00
[2024-06-25T12:20:45.296+0200] {processor.py:183} INFO - Processing /Users/stockly/Downloads/ESGI/orchestration/tp1/airflow-env/lib/python3.9/site-packages/airflow/example_dags/example_branch_labels.py took 0.247 seconds
