[2024-06-25T12:10:02.268+0200] {processor.py:161} INFO - Started process (PID=13849) to work on /Users/stockly/Downloads/ESGI/orchestration/tp1/airflow-env/lib/python3.9/site-packages/airflow/example_dags/example_branch_python_dop_operator_3.py
[2024-06-25T12:10:02.271+0200] {processor.py:830} INFO - Processing file /Users/stockly/Downloads/ESGI/orchestration/tp1/airflow-env/lib/python3.9/site-packages/airflow/example_dags/example_branch_python_dop_operator_3.py for tasks to queue
[2024-06-25T12:10:02.272+0200] {logging_mixin.py:188} INFO - [2024-06-25T12:10:02.272+0200] {dagbag.py:545} INFO - Filling up the DagBag from /Users/stockly/Downloads/ESGI/orchestration/tp1/airflow-env/lib/python3.9/site-packages/airflow/example_dags/example_branch_python_dop_operator_3.py
[2024-06-25T12:10:02.312+0200] {processor.py:840} INFO - DAG(s) 'example_branch_dop_operator_v3' retrieved from /Users/stockly/Downloads/ESGI/orchestration/tp1/airflow-env/lib/python3.9/site-packages/airflow/example_dags/example_branch_python_dop_operator_3.py
[2024-06-25T12:10:02.575+0200] {logging_mixin.py:188} INFO - [2024-06-25T12:10:02.574+0200] {override.py:1829} INFO - Created Permission View: can read on DAG:example_branch_dop_operator_v3
[2024-06-25T12:10:02.586+0200] {logging_mixin.py:188} INFO - [2024-06-25T12:10:02.586+0200] {override.py:1829} INFO - Created Permission View: can edit on DAG:example_branch_dop_operator_v3
[2024-06-25T12:10:02.592+0200] {logging_mixin.py:188} INFO - [2024-06-25T12:10:02.591+0200] {override.py:1829} INFO - Created Permission View: can delete on DAG:example_branch_dop_operator_v3
[2024-06-25T12:10:02.592+0200] {logging_mixin.py:188} INFO - [2024-06-25T12:10:02.592+0200] {dag.py:3096} INFO - Sync 1 DAGs
[2024-06-25T12:10:02.603+0200] {logging_mixin.py:188} INFO - [2024-06-25T12:10:02.603+0200] {dag.py:3118} INFO - Creating ORM DAG for example_branch_dop_operator_v3
[2024-06-25T12:10:02.622+0200] {logging_mixin.py:188} INFO - [2024-06-25T12:10:02.621+0200] {dag.py:3954} INFO - Setting next_dagrun for example_branch_dop_operator_v3 to 2024-06-25 10:09:00+00:00, run_after=2024-06-25 10:10:00+00:00
[2024-06-25T12:10:02.642+0200] {processor.py:183} INFO - Processing /Users/stockly/Downloads/ESGI/orchestration/tp1/airflow-env/lib/python3.9/site-packages/airflow/example_dags/example_branch_python_dop_operator_3.py took 0.377 seconds
[2024-06-25T12:16:49.823+0200] {processor.py:161} INFO - Started process (PID=14135) to work on /Users/stockly/Downloads/ESGI/orchestration/tp1/airflow-env/lib/python3.9/site-packages/airflow/example_dags/example_branch_python_dop_operator_3.py
[2024-06-25T12:16:49.826+0200] {processor.py:830} INFO - Processing file /Users/stockly/Downloads/ESGI/orchestration/tp1/airflow-env/lib/python3.9/site-packages/airflow/example_dags/example_branch_python_dop_operator_3.py for tasks to queue
[2024-06-25T12:16:49.827+0200] {logging_mixin.py:188} INFO - [2024-06-25T12:16:49.827+0200] {dagbag.py:545} INFO - Filling up the DagBag from /Users/stockly/Downloads/ESGI/orchestration/tp1/airflow-env/lib/python3.9/site-packages/airflow/example_dags/example_branch_python_dop_operator_3.py
[2024-06-25T12:16:49.866+0200] {processor.py:840} INFO - DAG(s) 'example_branch_dop_operator_v3' retrieved from /Users/stockly/Downloads/ESGI/orchestration/tp1/airflow-env/lib/python3.9/site-packages/airflow/example_dags/example_branch_python_dop_operator_3.py
[2024-06-25T12:16:50.024+0200] {logging_mixin.py:188} INFO - [2024-06-25T12:16:50.024+0200] {dag.py:3096} INFO - Sync 1 DAGs
[2024-06-25T12:16:50.049+0200] {logging_mixin.py:188} INFO - [2024-06-25T12:16:50.049+0200] {dag.py:3954} INFO - Setting next_dagrun for example_branch_dop_operator_v3 to 2024-06-25 10:15:00+00:00, run_after=2024-06-25 10:16:00+00:00
[2024-06-25T12:16:50.080+0200] {processor.py:183} INFO - Processing /Users/stockly/Downloads/ESGI/orchestration/tp1/airflow-env/lib/python3.9/site-packages/airflow/example_dags/example_branch_python_dop_operator_3.py took 0.260 seconds
[2024-06-25T12:20:37.510+0200] {processor.py:161} INFO - Started process (PID=14243) to work on /Users/stockly/Downloads/ESGI/orchestration/tp1/airflow-env/lib/python3.9/site-packages/airflow/example_dags/example_branch_python_dop_operator_3.py
[2024-06-25T12:20:37.521+0200] {processor.py:830} INFO - Processing file /Users/stockly/Downloads/ESGI/orchestration/tp1/airflow-env/lib/python3.9/site-packages/airflow/example_dags/example_branch_python_dop_operator_3.py for tasks to queue
[2024-06-25T12:20:37.522+0200] {logging_mixin.py:188} INFO - [2024-06-25T12:20:37.522+0200] {dagbag.py:545} INFO - Filling up the DagBag from /Users/stockly/Downloads/ESGI/orchestration/tp1/airflow-env/lib/python3.9/site-packages/airflow/example_dags/example_branch_python_dop_operator_3.py
[2024-06-25T12:20:37.565+0200] {processor.py:840} INFO - DAG(s) 'example_branch_dop_operator_v3' retrieved from /Users/stockly/Downloads/ESGI/orchestration/tp1/airflow-env/lib/python3.9/site-packages/airflow/example_dags/example_branch_python_dop_operator_3.py
[2024-06-25T12:20:37.744+0200] {logging_mixin.py:188} INFO - [2024-06-25T12:20:37.743+0200] {dag.py:3096} INFO - Sync 1 DAGs
[2024-06-25T12:20:37.768+0200] {logging_mixin.py:188} INFO - [2024-06-25T12:20:37.768+0200] {dag.py:3954} INFO - Setting next_dagrun for example_branch_dop_operator_v3 to 2024-06-25 10:19:00+00:00, run_after=2024-06-25 10:20:00+00:00
[2024-06-25T12:20:37.800+0200] {processor.py:183} INFO - Processing /Users/stockly/Downloads/ESGI/orchestration/tp1/airflow-env/lib/python3.9/site-packages/airflow/example_dags/example_branch_python_dop_operator_3.py took 0.294 seconds
