[2024-06-25T12:10:21.722+0200] {processor.py:161} INFO - Started process (PID=13856) to work on /Users/stockly/Downloads/ESGI/orchestration/tp1/airflow-env/lib/python3.9/site-packages/airflow/example_dags/example_bash_decorator.py
[2024-06-25T12:10:21.727+0200] {processor.py:830} INFO - Processing file /Users/stockly/Downloads/ESGI/orchestration/tp1/airflow-env/lib/python3.9/site-packages/airflow/example_dags/example_bash_decorator.py for tasks to queue
[2024-06-25T12:10:21.728+0200] {logging_mixin.py:188} INFO - [2024-06-25T12:10:21.727+0200] {dagbag.py:545} INFO - Filling up the DagBag from /Users/stockly/Downloads/ESGI/orchestration/tp1/airflow-env/lib/python3.9/site-packages/airflow/example_dags/example_bash_decorator.py
[2024-06-25T12:10:21.775+0200] {processor.py:840} INFO - DAG(s) 'example_bash_decorator' retrieved from /Users/stockly/Downloads/ESGI/orchestration/tp1/airflow-env/lib/python3.9/site-packages/airflow/example_dags/example_bash_decorator.py
[2024-06-25T12:10:22.048+0200] {logging_mixin.py:188} INFO - [2024-06-25T12:10:22.047+0200] {override.py:1829} INFO - Created Permission View: can read on DAG:example_bash_decorator
[2024-06-25T12:10:22.057+0200] {logging_mixin.py:188} INFO - [2024-06-25T12:10:22.057+0200] {override.py:1829} INFO - Created Permission View: can delete on DAG:example_bash_decorator
[2024-06-25T12:10:22.063+0200] {logging_mixin.py:188} INFO - [2024-06-25T12:10:22.062+0200] {override.py:1829} INFO - Created Permission View: can edit on DAG:example_bash_decorator
[2024-06-25T12:10:22.064+0200] {logging_mixin.py:188} INFO - [2024-06-25T12:10:22.063+0200] {dag.py:3096} INFO - Sync 1 DAGs
[2024-06-25T12:10:22.075+0200] {logging_mixin.py:188} INFO - [2024-06-25T12:10:22.075+0200] {dag.py:3118} INFO - Creating ORM DAG for example_bash_decorator
[2024-06-25T12:10:22.076+0200] {logging_mixin.py:188} INFO - [2024-06-25T12:10:22.075+0200] {dag.py:3954} INFO - Setting next_dagrun for example_bash_decorator to None, run_after=None
[2024-06-25T12:10:22.092+0200] {processor.py:183} INFO - Processing /Users/stockly/Downloads/ESGI/orchestration/tp1/airflow-env/lib/python3.9/site-packages/airflow/example_dags/example_bash_decorator.py took 0.374 seconds
[2024-06-25T12:17:09.061+0200] {processor.py:161} INFO - Started process (PID=14144) to work on /Users/stockly/Downloads/ESGI/orchestration/tp1/airflow-env/lib/python3.9/site-packages/airflow/example_dags/example_bash_decorator.py
[2024-06-25T12:17:09.071+0200] {processor.py:830} INFO - Processing file /Users/stockly/Downloads/ESGI/orchestration/tp1/airflow-env/lib/python3.9/site-packages/airflow/example_dags/example_bash_decorator.py for tasks to queue
[2024-06-25T12:17:09.072+0200] {logging_mixin.py:188} INFO - [2024-06-25T12:17:09.072+0200] {dagbag.py:545} INFO - Filling up the DagBag from /Users/stockly/Downloads/ESGI/orchestration/tp1/airflow-env/lib/python3.9/site-packages/airflow/example_dags/example_bash_decorator.py
[2024-06-25T12:17:09.116+0200] {processor.py:840} INFO - DAG(s) 'example_bash_decorator' retrieved from /Users/stockly/Downloads/ESGI/orchestration/tp1/airflow-env/lib/python3.9/site-packages/airflow/example_dags/example_bash_decorator.py
[2024-06-25T12:17:09.376+0200] {logging_mixin.py:188} INFO - [2024-06-25T12:17:09.375+0200] {dag.py:3096} INFO - Sync 1 DAGs
[2024-06-25T12:17:09.385+0200] {logging_mixin.py:188} INFO - [2024-06-25T12:17:09.385+0200] {dag.py:3954} INFO - Setting next_dagrun for example_bash_decorator to None, run_after=None
[2024-06-25T12:17:09.416+0200] {processor.py:183} INFO - Processing /Users/stockly/Downloads/ESGI/orchestration/tp1/airflow-env/lib/python3.9/site-packages/airflow/example_dags/example_bash_decorator.py took 0.358 seconds
[2024-06-25T12:20:55.085+0200] {processor.py:161} INFO - Started process (PID=14250) to work on /Users/stockly/Downloads/ESGI/orchestration/tp1/airflow-env/lib/python3.9/site-packages/airflow/example_dags/example_bash_decorator.py
[2024-06-25T12:20:55.088+0200] {processor.py:830} INFO - Processing file /Users/stockly/Downloads/ESGI/orchestration/tp1/airflow-env/lib/python3.9/site-packages/airflow/example_dags/example_bash_decorator.py for tasks to queue
[2024-06-25T12:20:55.089+0200] {logging_mixin.py:188} INFO - [2024-06-25T12:20:55.089+0200] {dagbag.py:545} INFO - Filling up the DagBag from /Users/stockly/Downloads/ESGI/orchestration/tp1/airflow-env/lib/python3.9/site-packages/airflow/example_dags/example_bash_decorator.py
[2024-06-25T12:20:55.136+0200] {processor.py:840} INFO - DAG(s) 'example_bash_decorator' retrieved from /Users/stockly/Downloads/ESGI/orchestration/tp1/airflow-env/lib/python3.9/site-packages/airflow/example_dags/example_bash_decorator.py
[2024-06-25T12:20:55.419+0200] {logging_mixin.py:188} INFO - [2024-06-25T12:20:55.419+0200] {dag.py:3096} INFO - Sync 1 DAGs
[2024-06-25T12:20:55.429+0200] {logging_mixin.py:188} INFO - [2024-06-25T12:20:55.429+0200] {dag.py:3954} INFO - Setting next_dagrun for example_bash_decorator to None, run_after=None
[2024-06-25T12:20:55.452+0200] {processor.py:183} INFO - Processing /Users/stockly/Downloads/ESGI/orchestration/tp1/airflow-env/lib/python3.9/site-packages/airflow/example_dags/example_bash_decorator.py took 0.370 seconds
