[2024-06-25T12:08:58.815+0200] {processor.py:161} INFO - Started process (PID=13816) to work on /Users/stockly/Downloads/ESGI/orchestration/tp1/airflow-env/lib/python3.9/site-packages/airflow/example_dags/example_short_circuit_decorator.py
[2024-06-25T12:08:58.818+0200] {processor.py:830} INFO - Processing file /Users/stockly/Downloads/ESGI/orchestration/tp1/airflow-env/lib/python3.9/site-packages/airflow/example_dags/example_short_circuit_decorator.py for tasks to queue
[2024-06-25T12:08:58.818+0200] {logging_mixin.py:188} INFO - [2024-06-25T12:08:58.818+0200] {dagbag.py:545} INFO - Filling up the DagBag from /Users/stockly/Downloads/ESGI/orchestration/tp1/airflow-env/lib/python3.9/site-packages/airflow/example_dags/example_short_circuit_decorator.py
[2024-06-25T12:08:58.858+0200] {processor.py:840} INFO - DAG(s) 'example_short_circuit_decorator' retrieved from /Users/stockly/Downloads/ESGI/orchestration/tp1/airflow-env/lib/python3.9/site-packages/airflow/example_dags/example_short_circuit_decorator.py
[2024-06-25T12:08:59.103+0200] {logging_mixin.py:188} INFO - [2024-06-25T12:08:59.102+0200] {override.py:1829} INFO - Created Permission View: can edit on DAG:example_short_circuit_decorator
[2024-06-25T12:08:59.112+0200] {logging_mixin.py:188} INFO - [2024-06-25T12:08:59.112+0200] {override.py:1829} INFO - Created Permission View: can delete on DAG:example_short_circuit_decorator
[2024-06-25T12:08:59.121+0200] {logging_mixin.py:188} INFO - [2024-06-25T12:08:59.120+0200] {override.py:1829} INFO - Created Permission View: can read on DAG:example_short_circuit_decorator
[2024-06-25T12:08:59.121+0200] {logging_mixin.py:188} INFO - [2024-06-25T12:08:59.121+0200] {dag.py:3096} INFO - Sync 1 DAGs
[2024-06-25T12:08:59.134+0200] {logging_mixin.py:188} INFO - [2024-06-25T12:08:59.134+0200] {dag.py:3118} INFO - Creating ORM DAG for example_short_circuit_decorator
[2024-06-25T12:08:59.146+0200] {logging_mixin.py:188} INFO - [2024-06-25T12:08:59.146+0200] {dag.py:3954} INFO - Setting next_dagrun for example_short_circuit_decorator to 2024-06-24 00:00:00+00:00, run_after=2024-06-25 00:00:00+00:00
[2024-06-25T12:08:59.162+0200] {processor.py:183} INFO - Processing /Users/stockly/Downloads/ESGI/orchestration/tp1/airflow-env/lib/python3.9/site-packages/airflow/example_dags/example_short_circuit_decorator.py took 0.350 seconds
[2024-06-25T12:11:25.193+0200] {processor.py:161} INFO - Started process (PID=13926) to work on /Users/stockly/Downloads/ESGI/orchestration/tp1/airflow-env/lib/python3.9/site-packages/airflow/example_dags/example_short_circuit_decorator.py
[2024-06-25T12:11:25.197+0200] {processor.py:830} INFO - Processing file /Users/stockly/Downloads/ESGI/orchestration/tp1/airflow-env/lib/python3.9/site-packages/airflow/example_dags/example_short_circuit_decorator.py for tasks to queue
[2024-06-25T12:11:25.197+0200] {logging_mixin.py:188} INFO - [2024-06-25T12:11:25.197+0200] {dagbag.py:545} INFO - Filling up the DagBag from /Users/stockly/Downloads/ESGI/orchestration/tp1/airflow-env/lib/python3.9/site-packages/airflow/example_dags/example_short_circuit_decorator.py
[2024-06-25T12:11:25.237+0200] {processor.py:840} INFO - DAG(s) 'example_short_circuit_decorator' retrieved from /Users/stockly/Downloads/ESGI/orchestration/tp1/airflow-env/lib/python3.9/site-packages/airflow/example_dags/example_short_circuit_decorator.py
[2024-06-25T12:11:25.422+0200] {logging_mixin.py:188} INFO - [2024-06-25T12:11:25.422+0200] {dag.py:3096} INFO - Sync 1 DAGs
[2024-06-25T12:11:25.444+0200] {logging_mixin.py:188} INFO - [2024-06-25T12:11:25.444+0200] {dag.py:3954} INFO - Setting next_dagrun for example_short_circuit_decorator to 2024-06-24 00:00:00+00:00, run_after=2024-06-25 00:00:00+00:00
[2024-06-25T12:11:25.465+0200] {processor.py:183} INFO - Processing /Users/stockly/Downloads/ESGI/orchestration/tp1/airflow-env/lib/python3.9/site-packages/airflow/example_dags/example_short_circuit_decorator.py took 0.275 seconds
[2024-06-25T12:15:48.447+0200] {processor.py:161} INFO - Started process (PID=14108) to work on /Users/stockly/Downloads/ESGI/orchestration/tp1/airflow-env/lib/python3.9/site-packages/airflow/example_dags/example_short_circuit_decorator.py
[2024-06-25T12:15:48.458+0200] {processor.py:830} INFO - Processing file /Users/stockly/Downloads/ESGI/orchestration/tp1/airflow-env/lib/python3.9/site-packages/airflow/example_dags/example_short_circuit_decorator.py for tasks to queue
[2024-06-25T12:15:48.459+0200] {logging_mixin.py:188} INFO - [2024-06-25T12:15:48.459+0200] {dagbag.py:545} INFO - Filling up the DagBag from /Users/stockly/Downloads/ESGI/orchestration/tp1/airflow-env/lib/python3.9/site-packages/airflow/example_dags/example_short_circuit_decorator.py
[2024-06-25T12:15:48.500+0200] {processor.py:840} INFO - DAG(s) 'example_short_circuit_decorator' retrieved from /Users/stockly/Downloads/ESGI/orchestration/tp1/airflow-env/lib/python3.9/site-packages/airflow/example_dags/example_short_circuit_decorator.py
[2024-06-25T12:15:48.664+0200] {logging_mixin.py:188} INFO - [2024-06-25T12:15:48.664+0200] {dag.py:3096} INFO - Sync 1 DAGs
[2024-06-25T12:15:48.684+0200] {logging_mixin.py:188} INFO - [2024-06-25T12:15:48.684+0200] {dag.py:3954} INFO - Setting next_dagrun for example_short_circuit_decorator to 2024-06-24 00:00:00+00:00, run_after=2024-06-25 00:00:00+00:00
[2024-06-25T12:15:48.704+0200] {processor.py:183} INFO - Processing /Users/stockly/Downloads/ESGI/orchestration/tp1/airflow-env/lib/python3.9/site-packages/airflow/example_dags/example_short_circuit_decorator.py took 0.260 seconds
[2024-06-25T12:18:10.908+0200] {processor.py:161} INFO - Started process (PID=14178) to work on /Users/stockly/Downloads/ESGI/orchestration/tp1/airflow-env/lib/python3.9/site-packages/airflow/example_dags/example_short_circuit_decorator.py
[2024-06-25T12:18:10.912+0200] {processor.py:830} INFO - Processing file /Users/stockly/Downloads/ESGI/orchestration/tp1/airflow-env/lib/python3.9/site-packages/airflow/example_dags/example_short_circuit_decorator.py for tasks to queue
[2024-06-25T12:18:10.913+0200] {logging_mixin.py:188} INFO - [2024-06-25T12:18:10.912+0200] {dagbag.py:545} INFO - Filling up the DagBag from /Users/stockly/Downloads/ESGI/orchestration/tp1/airflow-env/lib/python3.9/site-packages/airflow/example_dags/example_short_circuit_decorator.py
[2024-06-25T12:18:10.963+0200] {processor.py:840} INFO - DAG(s) 'example_short_circuit_decorator' retrieved from /Users/stockly/Downloads/ESGI/orchestration/tp1/airflow-env/lib/python3.9/site-packages/airflow/example_dags/example_short_circuit_decorator.py
[2024-06-25T12:18:11.134+0200] {logging_mixin.py:188} INFO - [2024-06-25T12:18:11.133+0200] {dag.py:3096} INFO - Sync 1 DAGs
[2024-06-25T12:18:11.156+0200] {logging_mixin.py:188} INFO - [2024-06-25T12:18:11.156+0200] {dag.py:3954} INFO - Setting next_dagrun for example_short_circuit_decorator to 2024-06-24 00:00:00+00:00, run_after=2024-06-25 00:00:00+00:00
[2024-06-25T12:18:11.176+0200] {processor.py:183} INFO - Processing /Users/stockly/Downloads/ESGI/orchestration/tp1/airflow-env/lib/python3.9/site-packages/airflow/example_dags/example_short_circuit_decorator.py took 0.271 seconds
[2024-06-25T12:20:03.225+0200] {processor.py:161} INFO - Started process (PID=14231) to work on /Users/stockly/Downloads/ESGI/orchestration/tp1/airflow-env/lib/python3.9/site-packages/airflow/example_dags/example_short_circuit_decorator.py
[2024-06-25T12:20:03.236+0200] {processor.py:830} INFO - Processing file /Users/stockly/Downloads/ESGI/orchestration/tp1/airflow-env/lib/python3.9/site-packages/airflow/example_dags/example_short_circuit_decorator.py for tasks to queue
[2024-06-25T12:20:03.237+0200] {logging_mixin.py:188} INFO - [2024-06-25T12:20:03.237+0200] {dagbag.py:545} INFO - Filling up the DagBag from /Users/stockly/Downloads/ESGI/orchestration/tp1/airflow-env/lib/python3.9/site-packages/airflow/example_dags/example_short_circuit_decorator.py
[2024-06-25T12:20:03.280+0200] {processor.py:840} INFO - DAG(s) 'example_short_circuit_decorator' retrieved from /Users/stockly/Downloads/ESGI/orchestration/tp1/airflow-env/lib/python3.9/site-packages/airflow/example_dags/example_short_circuit_decorator.py
[2024-06-25T12:20:03.455+0200] {logging_mixin.py:188} INFO - [2024-06-25T12:20:03.455+0200] {dag.py:3096} INFO - Sync 1 DAGs
[2024-06-25T12:20:03.478+0200] {logging_mixin.py:188} INFO - [2024-06-25T12:20:03.478+0200] {dag.py:3954} INFO - Setting next_dagrun for example_short_circuit_decorator to 2024-06-24 00:00:00+00:00, run_after=2024-06-25 00:00:00+00:00
[2024-06-25T12:20:03.509+0200] {processor.py:183} INFO - Processing /Users/stockly/Downloads/ESGI/orchestration/tp1/airflow-env/lib/python3.9/site-packages/airflow/example_dags/example_short_circuit_decorator.py took 0.287 seconds
[2024-06-25T12:21:57.367+0200] {processor.py:161} INFO - Started process (PID=14276) to work on /Users/stockly/Downloads/ESGI/orchestration/tp1/airflow-env/lib/python3.9/site-packages/airflow/example_dags/example_short_circuit_decorator.py
[2024-06-25T12:21:57.371+0200] {processor.py:830} INFO - Processing file /Users/stockly/Downloads/ESGI/orchestration/tp1/airflow-env/lib/python3.9/site-packages/airflow/example_dags/example_short_circuit_decorator.py for tasks to queue
[2024-06-25T12:21:57.372+0200] {logging_mixin.py:188} INFO - [2024-06-25T12:21:57.371+0200] {dagbag.py:545} INFO - Filling up the DagBag from /Users/stockly/Downloads/ESGI/orchestration/tp1/airflow-env/lib/python3.9/site-packages/airflow/example_dags/example_short_circuit_decorator.py
[2024-06-25T12:21:57.413+0200] {processor.py:840} INFO - DAG(s) 'example_short_circuit_decorator' retrieved from /Users/stockly/Downloads/ESGI/orchestration/tp1/airflow-env/lib/python3.9/site-packages/airflow/example_dags/example_short_circuit_decorator.py
[2024-06-25T12:21:57.591+0200] {logging_mixin.py:188} INFO - [2024-06-25T12:21:57.591+0200] {dag.py:3096} INFO - Sync 1 DAGs
[2024-06-25T12:21:57.614+0200] {logging_mixin.py:188} INFO - [2024-06-25T12:21:57.613+0200] {dag.py:3954} INFO - Setting next_dagrun for example_short_circuit_decorator to 2024-06-24 00:00:00+00:00, run_after=2024-06-25 00:00:00+00:00
[2024-06-25T12:21:57.643+0200] {processor.py:183} INFO - Processing /Users/stockly/Downloads/ESGI/orchestration/tp1/airflow-env/lib/python3.9/site-packages/airflow/example_dags/example_short_circuit_decorator.py took 0.280 seconds
[2024-06-25T12:23:51.155+0200] {processor.py:161} INFO - Started process (PID=14329) to work on /Users/stockly/Downloads/ESGI/orchestration/tp1/airflow-env/lib/python3.9/site-packages/airflow/example_dags/example_short_circuit_decorator.py
[2024-06-25T12:23:51.158+0200] {processor.py:830} INFO - Processing file /Users/stockly/Downloads/ESGI/orchestration/tp1/airflow-env/lib/python3.9/site-packages/airflow/example_dags/example_short_circuit_decorator.py for tasks to queue
[2024-06-25T12:23:51.159+0200] {logging_mixin.py:188} INFO - [2024-06-25T12:23:51.159+0200] {dagbag.py:545} INFO - Filling up the DagBag from /Users/stockly/Downloads/ESGI/orchestration/tp1/airflow-env/lib/python3.9/site-packages/airflow/example_dags/example_short_circuit_decorator.py
[2024-06-25T12:23:51.203+0200] {processor.py:840} INFO - DAG(s) 'example_short_circuit_decorator' retrieved from /Users/stockly/Downloads/ESGI/orchestration/tp1/airflow-env/lib/python3.9/site-packages/airflow/example_dags/example_short_circuit_decorator.py
[2024-06-25T12:23:51.389+0200] {logging_mixin.py:188} INFO - [2024-06-25T12:23:51.388+0200] {dag.py:3096} INFO - Sync 1 DAGs
[2024-06-25T12:23:51.413+0200] {logging_mixin.py:188} INFO - [2024-06-25T12:23:51.413+0200] {dag.py:3954} INFO - Setting next_dagrun for example_short_circuit_decorator to 2024-06-24 00:00:00+00:00, run_after=2024-06-25 00:00:00+00:00
[2024-06-25T12:23:51.446+0200] {processor.py:183} INFO - Processing /Users/stockly/Downloads/ESGI/orchestration/tp1/airflow-env/lib/python3.9/site-packages/airflow/example_dags/example_short_circuit_decorator.py took 0.294 seconds
