[2024-06-25T12:09:06.756+0200] {processor.py:161} INFO - Started process (PID=13821) to work on /Users/stockly/Downloads/ESGI/orchestration/tp1/airflow-env/lib/python3.9/site-packages/airflow/example_dags/example_sensors.py
[2024-06-25T12:09:06.759+0200] {processor.py:830} INFO - Processing file /Users/stockly/Downloads/ESGI/orchestration/tp1/airflow-env/lib/python3.9/site-packages/airflow/example_dags/example_sensors.py for tasks to queue
[2024-06-25T12:09:06.760+0200] {logging_mixin.py:188} INFO - [2024-06-25T12:09:06.760+0200] {dagbag.py:545} INFO - Filling up the DagBag from /Users/stockly/Downloads/ESGI/orchestration/tp1/airflow-env/lib/python3.9/site-packages/airflow/example_dags/example_sensors.py
[2024-06-25T12:09:06.778+0200] {processor.py:840} INFO - DAG(s) 'example_sensors' retrieved from /Users/stockly/Downloads/ESGI/orchestration/tp1/airflow-env/lib/python3.9/site-packages/airflow/example_dags/example_sensors.py
[2024-06-25T12:09:07.076+0200] {logging_mixin.py:188} INFO - [2024-06-25T12:09:07.075+0200] {override.py:1829} INFO - Created Permission View: can delete on DAG:example_sensors
[2024-06-25T12:09:07.085+0200] {logging_mixin.py:188} INFO - [2024-06-25T12:09:07.084+0200] {override.py:1829} INFO - Created Permission View: can edit on DAG:example_sensors
[2024-06-25T12:09:07.092+0200] {logging_mixin.py:188} INFO - [2024-06-25T12:09:07.092+0200] {override.py:1829} INFO - Created Permission View: can read on DAG:example_sensors
[2024-06-25T12:09:07.092+0200] {logging_mixin.py:188} INFO - [2024-06-25T12:09:07.092+0200] {dag.py:3096} INFO - Sync 1 DAGs
[2024-06-25T12:09:07.103+0200] {logging_mixin.py:188} INFO - [2024-06-25T12:09:07.103+0200] {dag.py:3118} INFO - Creating ORM DAG for example_sensors
[2024-06-25T12:09:07.104+0200] {logging_mixin.py:188} INFO - [2024-06-25T12:09:07.104+0200] {dag.py:3954} INFO - Setting next_dagrun for example_sensors to None, run_after=None
[2024-06-25T12:09:07.123+0200] {processor.py:183} INFO - Processing /Users/stockly/Downloads/ESGI/orchestration/tp1/airflow-env/lib/python3.9/site-packages/airflow/example_dags/example_sensors.py took 0.370 seconds
[2024-06-25T12:11:33.380+0200] {processor.py:161} INFO - Started process (PID=13929) to work on /Users/stockly/Downloads/ESGI/orchestration/tp1/airflow-env/lib/python3.9/site-packages/airflow/example_dags/example_sensors.py
[2024-06-25T12:11:33.383+0200] {processor.py:830} INFO - Processing file /Users/stockly/Downloads/ESGI/orchestration/tp1/airflow-env/lib/python3.9/site-packages/airflow/example_dags/example_sensors.py for tasks to queue
[2024-06-25T12:11:33.384+0200] {logging_mixin.py:188} INFO - [2024-06-25T12:11:33.384+0200] {dagbag.py:545} INFO - Filling up the DagBag from /Users/stockly/Downloads/ESGI/orchestration/tp1/airflow-env/lib/python3.9/site-packages/airflow/example_dags/example_sensors.py
[2024-06-25T12:11:33.401+0200] {processor.py:840} INFO - DAG(s) 'example_sensors' retrieved from /Users/stockly/Downloads/ESGI/orchestration/tp1/airflow-env/lib/python3.9/site-packages/airflow/example_dags/example_sensors.py
[2024-06-25T12:11:33.533+0200] {logging_mixin.py:188} INFO - [2024-06-25T12:11:33.532+0200] {dag.py:3096} INFO - Sync 1 DAGs
[2024-06-25T12:11:33.580+0200] {logging_mixin.py:188} INFO - [2024-06-25T12:11:33.580+0200] {dag.py:3954} INFO - Setting next_dagrun for example_sensors to None, run_after=None
[2024-06-25T12:11:33.597+0200] {processor.py:183} INFO - Processing /Users/stockly/Downloads/ESGI/orchestration/tp1/airflow-env/lib/python3.9/site-packages/airflow/example_dags/example_sensors.py took 0.219 seconds
[2024-06-25T12:15:56.872+0200] {processor.py:161} INFO - Started process (PID=14111) to work on /Users/stockly/Downloads/ESGI/orchestration/tp1/airflow-env/lib/python3.9/site-packages/airflow/example_dags/example_sensors.py
[2024-06-25T12:15:56.875+0200] {processor.py:830} INFO - Processing file /Users/stockly/Downloads/ESGI/orchestration/tp1/airflow-env/lib/python3.9/site-packages/airflow/example_dags/example_sensors.py for tasks to queue
[2024-06-25T12:15:56.876+0200] {logging_mixin.py:188} INFO - [2024-06-25T12:15:56.875+0200] {dagbag.py:545} INFO - Filling up the DagBag from /Users/stockly/Downloads/ESGI/orchestration/tp1/airflow-env/lib/python3.9/site-packages/airflow/example_dags/example_sensors.py
[2024-06-25T12:15:56.892+0200] {processor.py:840} INFO - DAG(s) 'example_sensors' retrieved from /Users/stockly/Downloads/ESGI/orchestration/tp1/airflow-env/lib/python3.9/site-packages/airflow/example_dags/example_sensors.py
[2024-06-25T12:15:57.033+0200] {logging_mixin.py:188} INFO - [2024-06-25T12:15:57.033+0200] {dag.py:3096} INFO - Sync 1 DAGs
[2024-06-25T12:15:57.084+0200] {logging_mixin.py:188} INFO - [2024-06-25T12:15:57.084+0200] {dag.py:3954} INFO - Setting next_dagrun for example_sensors to None, run_after=None
[2024-06-25T12:15:57.104+0200] {processor.py:183} INFO - Processing /Users/stockly/Downloads/ESGI/orchestration/tp1/airflow-env/lib/python3.9/site-packages/airflow/example_dags/example_sensors.py took 0.235 seconds
[2024-06-25T12:18:18.937+0200] {processor.py:161} INFO - Started process (PID=14181) to work on /Users/stockly/Downloads/ESGI/orchestration/tp1/airflow-env/lib/python3.9/site-packages/airflow/example_dags/example_sensors.py
[2024-06-25T12:18:18.940+0200] {processor.py:830} INFO - Processing file /Users/stockly/Downloads/ESGI/orchestration/tp1/airflow-env/lib/python3.9/site-packages/airflow/example_dags/example_sensors.py for tasks to queue
[2024-06-25T12:18:18.940+0200] {logging_mixin.py:188} INFO - [2024-06-25T12:18:18.940+0200] {dagbag.py:545} INFO - Filling up the DagBag from /Users/stockly/Downloads/ESGI/orchestration/tp1/airflow-env/lib/python3.9/site-packages/airflow/example_dags/example_sensors.py
[2024-06-25T12:18:18.956+0200] {processor.py:840} INFO - DAG(s) 'example_sensors' retrieved from /Users/stockly/Downloads/ESGI/orchestration/tp1/airflow-env/lib/python3.9/site-packages/airflow/example_dags/example_sensors.py
[2024-06-25T12:18:19.106+0200] {logging_mixin.py:188} INFO - [2024-06-25T12:18:19.105+0200] {dag.py:3096} INFO - Sync 1 DAGs
[2024-06-25T12:18:19.156+0200] {logging_mixin.py:188} INFO - [2024-06-25T12:18:19.156+0200] {dag.py:3954} INFO - Setting next_dagrun for example_sensors to None, run_after=None
[2024-06-25T12:18:19.176+0200] {processor.py:183} INFO - Processing /Users/stockly/Downloads/ESGI/orchestration/tp1/airflow-env/lib/python3.9/site-packages/airflow/example_dags/example_sensors.py took 0.241 seconds
[2024-06-25T12:20:11.276+0200] {processor.py:161} INFO - Started process (PID=14234) to work on /Users/stockly/Downloads/ESGI/orchestration/tp1/airflow-env/lib/python3.9/site-packages/airflow/example_dags/example_sensors.py
[2024-06-25T12:20:11.279+0200] {processor.py:830} INFO - Processing file /Users/stockly/Downloads/ESGI/orchestration/tp1/airflow-env/lib/python3.9/site-packages/airflow/example_dags/example_sensors.py for tasks to queue
[2024-06-25T12:20:11.280+0200] {logging_mixin.py:188} INFO - [2024-06-25T12:20:11.280+0200] {dagbag.py:545} INFO - Filling up the DagBag from /Users/stockly/Downloads/ESGI/orchestration/tp1/airflow-env/lib/python3.9/site-packages/airflow/example_dags/example_sensors.py
[2024-06-25T12:20:11.298+0200] {processor.py:840} INFO - DAG(s) 'example_sensors' retrieved from /Users/stockly/Downloads/ESGI/orchestration/tp1/airflow-env/lib/python3.9/site-packages/airflow/example_dags/example_sensors.py
[2024-06-25T12:20:11.450+0200] {logging_mixin.py:188} INFO - [2024-06-25T12:20:11.449+0200] {dag.py:3096} INFO - Sync 1 DAGs
[2024-06-25T12:20:11.503+0200] {logging_mixin.py:188} INFO - [2024-06-25T12:20:11.502+0200] {dag.py:3954} INFO - Setting next_dagrun for example_sensors to None, run_after=None
[2024-06-25T12:20:11.535+0200] {processor.py:183} INFO - Processing /Users/stockly/Downloads/ESGI/orchestration/tp1/airflow-env/lib/python3.9/site-packages/airflow/example_dags/example_sensors.py took 0.262 seconds
[2024-06-25T12:22:05.496+0200] {processor.py:161} INFO - Started process (PID=14281) to work on /Users/stockly/Downloads/ESGI/orchestration/tp1/airflow-env/lib/python3.9/site-packages/airflow/example_dags/example_sensors.py
[2024-06-25T12:22:05.499+0200] {processor.py:830} INFO - Processing file /Users/stockly/Downloads/ESGI/orchestration/tp1/airflow-env/lib/python3.9/site-packages/airflow/example_dags/example_sensors.py for tasks to queue
[2024-06-25T12:22:05.500+0200] {logging_mixin.py:188} INFO - [2024-06-25T12:22:05.500+0200] {dagbag.py:545} INFO - Filling up the DagBag from /Users/stockly/Downloads/ESGI/orchestration/tp1/airflow-env/lib/python3.9/site-packages/airflow/example_dags/example_sensors.py
[2024-06-25T12:22:05.516+0200] {processor.py:840} INFO - DAG(s) 'example_sensors' retrieved from /Users/stockly/Downloads/ESGI/orchestration/tp1/airflow-env/lib/python3.9/site-packages/airflow/example_dags/example_sensors.py
[2024-06-25T12:22:05.674+0200] {logging_mixin.py:188} INFO - [2024-06-25T12:22:05.674+0200] {dag.py:3096} INFO - Sync 1 DAGs
[2024-06-25T12:22:05.726+0200] {logging_mixin.py:188} INFO - [2024-06-25T12:22:05.726+0200] {dag.py:3954} INFO - Setting next_dagrun for example_sensors to None, run_after=None
[2024-06-25T12:22:05.754+0200] {processor.py:183} INFO - Processing /Users/stockly/Downloads/ESGI/orchestration/tp1/airflow-env/lib/python3.9/site-packages/airflow/example_dags/example_sensors.py took 0.261 seconds
