[2024-06-25T12:09:47.523+0200] {processor.py:161} INFO - Started process (PID=13839) to work on /Users/stockly/Downloads/ESGI/orchestration/tp1/airflow-env/lib/python3.9/site-packages/airflow/example_dags/example_dynamic_task_mapping.py
[2024-06-25T12:09:47.527+0200] {processor.py:830} INFO - Processing file /Users/stockly/Downloads/ESGI/orchestration/tp1/airflow-env/lib/python3.9/site-packages/airflow/example_dags/example_dynamic_task_mapping.py for tasks to queue
[2024-06-25T12:09:47.528+0200] {logging_mixin.py:188} INFO - [2024-06-25T12:09:47.528+0200] {dagbag.py:545} INFO - Filling up the DagBag from /Users/stockly/Downloads/ESGI/orchestration/tp1/airflow-env/lib/python3.9/site-packages/airflow/example_dags/example_dynamic_task_mapping.py
[2024-06-25T12:09:47.570+0200] {processor.py:840} INFO - DAG(s) 'example_dynamic_task_mapping' retrieved from /Users/stockly/Downloads/ESGI/orchestration/tp1/airflow-env/lib/python3.9/site-packages/airflow/example_dags/example_dynamic_task_mapping.py
[2024-06-25T12:09:47.834+0200] {logging_mixin.py:188} INFO - [2024-06-25T12:09:47.834+0200] {override.py:1829} INFO - Created Permission View: can edit on DAG:example_dynamic_task_mapping
[2024-06-25T12:09:47.843+0200] {logging_mixin.py:188} INFO - [2024-06-25T12:09:47.843+0200] {override.py:1829} INFO - Created Permission View: can delete on DAG:example_dynamic_task_mapping
[2024-06-25T12:09:47.849+0200] {logging_mixin.py:188} INFO - [2024-06-25T12:09:47.848+0200] {override.py:1829} INFO - Created Permission View: can read on DAG:example_dynamic_task_mapping
[2024-06-25T12:09:47.849+0200] {logging_mixin.py:188} INFO - [2024-06-25T12:09:47.849+0200] {dag.py:3096} INFO - Sync 1 DAGs
[2024-06-25T12:09:47.860+0200] {logging_mixin.py:188} INFO - [2024-06-25T12:09:47.860+0200] {dag.py:3118} INFO - Creating ORM DAG for example_dynamic_task_mapping
[2024-06-25T12:09:47.875+0200] {logging_mixin.py:188} INFO - [2024-06-25T12:09:47.875+0200] {dag.py:3954} INFO - Setting next_dagrun for example_dynamic_task_mapping to 2022-03-04 00:00:00+00:00, run_after=2022-03-05 00:00:00+00:00
[2024-06-25T12:09:47.891+0200] {processor.py:183} INFO - Processing /Users/stockly/Downloads/ESGI/orchestration/tp1/airflow-env/lib/python3.9/site-packages/airflow/example_dags/example_dynamic_task_mapping.py took 0.371 seconds
[2024-06-25T12:12:13.346+0200] {processor.py:161} INFO - Started process (PID=13949) to work on /Users/stockly/Downloads/ESGI/orchestration/tp1/airflow-env/lib/python3.9/site-packages/airflow/example_dags/example_dynamic_task_mapping.py
[2024-06-25T12:12:13.350+0200] {processor.py:830} INFO - Processing file /Users/stockly/Downloads/ESGI/orchestration/tp1/airflow-env/lib/python3.9/site-packages/airflow/example_dags/example_dynamic_task_mapping.py for tasks to queue
[2024-06-25T12:12:13.351+0200] {logging_mixin.py:188} INFO - [2024-06-25T12:12:13.351+0200] {dagbag.py:545} INFO - Filling up the DagBag from /Users/stockly/Downloads/ESGI/orchestration/tp1/airflow-env/lib/python3.9/site-packages/airflow/example_dags/example_dynamic_task_mapping.py
[2024-06-25T12:12:13.390+0200] {processor.py:840} INFO - DAG(s) 'example_dynamic_task_mapping' retrieved from /Users/stockly/Downloads/ESGI/orchestration/tp1/airflow-env/lib/python3.9/site-packages/airflow/example_dags/example_dynamic_task_mapping.py
[2024-06-25T12:12:13.561+0200] {logging_mixin.py:188} INFO - [2024-06-25T12:12:13.560+0200] {dag.py:3096} INFO - Sync 1 DAGs
[2024-06-25T12:12:13.582+0200] {logging_mixin.py:188} INFO - [2024-06-25T12:12:13.581+0200] {dag.py:3954} INFO - Setting next_dagrun for example_dynamic_task_mapping to 2022-03-04 00:00:00+00:00, run_after=2022-03-05 00:00:00+00:00
[2024-06-25T12:12:13.610+0200] {processor.py:183} INFO - Processing /Users/stockly/Downloads/ESGI/orchestration/tp1/airflow-env/lib/python3.9/site-packages/airflow/example_dags/example_dynamic_task_mapping.py took 0.267 seconds
[2024-06-25T12:16:35.825+0200] {processor.py:161} INFO - Started process (PID=14129) to work on /Users/stockly/Downloads/ESGI/orchestration/tp1/airflow-env/lib/python3.9/site-packages/airflow/example_dags/example_dynamic_task_mapping.py
[2024-06-25T12:16:35.836+0200] {processor.py:830} INFO - Processing file /Users/stockly/Downloads/ESGI/orchestration/tp1/airflow-env/lib/python3.9/site-packages/airflow/example_dags/example_dynamic_task_mapping.py for tasks to queue
[2024-06-25T12:16:35.837+0200] {logging_mixin.py:188} INFO - [2024-06-25T12:16:35.837+0200] {dagbag.py:545} INFO - Filling up the DagBag from /Users/stockly/Downloads/ESGI/orchestration/tp1/airflow-env/lib/python3.9/site-packages/airflow/example_dags/example_dynamic_task_mapping.py
[2024-06-25T12:16:35.874+0200] {processor.py:840} INFO - DAG(s) 'example_dynamic_task_mapping' retrieved from /Users/stockly/Downloads/ESGI/orchestration/tp1/airflow-env/lib/python3.9/site-packages/airflow/example_dags/example_dynamic_task_mapping.py
[2024-06-25T12:16:36.038+0200] {logging_mixin.py:188} INFO - [2024-06-25T12:16:36.037+0200] {dag.py:3096} INFO - Sync 1 DAGs
[2024-06-25T12:16:36.058+0200] {logging_mixin.py:188} INFO - [2024-06-25T12:16:36.058+0200] {dag.py:3954} INFO - Setting next_dagrun for example_dynamic_task_mapping to 2022-03-04 00:00:00+00:00, run_after=2022-03-05 00:00:00+00:00
[2024-06-25T12:16:36.088+0200] {processor.py:183} INFO - Processing /Users/stockly/Downloads/ESGI/orchestration/tp1/airflow-env/lib/python3.9/site-packages/airflow/example_dags/example_dynamic_task_mapping.py took 0.266 seconds
[2024-06-25T12:19:00.126+0200] {processor.py:161} INFO - Started process (PID=14200) to work on /Users/stockly/Downloads/ESGI/orchestration/tp1/airflow-env/lib/python3.9/site-packages/airflow/example_dags/example_dynamic_task_mapping.py
[2024-06-25T12:19:00.130+0200] {processor.py:830} INFO - Processing file /Users/stockly/Downloads/ESGI/orchestration/tp1/airflow-env/lib/python3.9/site-packages/airflow/example_dags/example_dynamic_task_mapping.py for tasks to queue
[2024-06-25T12:19:00.131+0200] {logging_mixin.py:188} INFO - [2024-06-25T12:19:00.130+0200] {dagbag.py:545} INFO - Filling up the DagBag from /Users/stockly/Downloads/ESGI/orchestration/tp1/airflow-env/lib/python3.9/site-packages/airflow/example_dags/example_dynamic_task_mapping.py
[2024-06-25T12:19:00.169+0200] {processor.py:840} INFO - DAG(s) 'example_dynamic_task_mapping' retrieved from /Users/stockly/Downloads/ESGI/orchestration/tp1/airflow-env/lib/python3.9/site-packages/airflow/example_dags/example_dynamic_task_mapping.py
[2024-06-25T12:19:00.352+0200] {logging_mixin.py:188} INFO - [2024-06-25T12:19:00.352+0200] {dag.py:3096} INFO - Sync 1 DAGs
[2024-06-25T12:19:00.375+0200] {logging_mixin.py:188} INFO - [2024-06-25T12:19:00.375+0200] {dag.py:3954} INFO - Setting next_dagrun for example_dynamic_task_mapping to 2022-03-04 00:00:00+00:00, run_after=2022-03-05 00:00:00+00:00
[2024-06-25T12:19:00.396+0200] {processor.py:183} INFO - Processing /Users/stockly/Downloads/ESGI/orchestration/tp1/airflow-env/lib/python3.9/site-packages/airflow/example_dags/example_dynamic_task_mapping.py took 0.274 seconds
[2024-06-25T12:22:45.060+0200] {processor.py:161} INFO - Started process (PID=14297) to work on /Users/stockly/Downloads/ESGI/orchestration/tp1/airflow-env/lib/python3.9/site-packages/airflow/example_dags/example_dynamic_task_mapping.py
[2024-06-25T12:22:45.069+0200] {processor.py:830} INFO - Processing file /Users/stockly/Downloads/ESGI/orchestration/tp1/airflow-env/lib/python3.9/site-packages/airflow/example_dags/example_dynamic_task_mapping.py for tasks to queue
[2024-06-25T12:22:45.071+0200] {logging_mixin.py:188} INFO - [2024-06-25T12:22:45.071+0200] {dagbag.py:545} INFO - Filling up the DagBag from /Users/stockly/Downloads/ESGI/orchestration/tp1/airflow-env/lib/python3.9/site-packages/airflow/example_dags/example_dynamic_task_mapping.py
[2024-06-25T12:22:45.125+0200] {processor.py:840} INFO - DAG(s) 'example_dynamic_task_mapping' retrieved from /Users/stockly/Downloads/ESGI/orchestration/tp1/airflow-env/lib/python3.9/site-packages/airflow/example_dags/example_dynamic_task_mapping.py
[2024-06-25T12:22:45.303+0200] {logging_mixin.py:188} INFO - [2024-06-25T12:22:45.302+0200] {dag.py:3096} INFO - Sync 1 DAGs
[2024-06-25T12:22:45.326+0200] {logging_mixin.py:188} INFO - [2024-06-25T12:22:45.326+0200] {dag.py:3954} INFO - Setting next_dagrun for example_dynamic_task_mapping to 2022-03-04 00:00:00+00:00, run_after=2022-03-05 00:00:00+00:00
[2024-06-25T12:22:45.356+0200] {processor.py:183} INFO - Processing /Users/stockly/Downloads/ESGI/orchestration/tp1/airflow-env/lib/python3.9/site-packages/airflow/example_dags/example_dynamic_task_mapping.py took 0.299 seconds
