[2024-06-25T12:08:51.778+0200] {processor.py:161} INFO - Started process (PID=13811) to work on /Users/stockly/Downloads/ESGI/orchestration/tp1/airflow-env/lib/python3.9/site-packages/airflow/example_dags/example_sla_dag.py
[2024-06-25T12:08:51.780+0200] {processor.py:830} INFO - Processing file /Users/stockly/Downloads/ESGI/orchestration/tp1/airflow-env/lib/python3.9/site-packages/airflow/example_dags/example_sla_dag.py for tasks to queue
[2024-06-25T12:08:51.781+0200] {logging_mixin.py:188} INFO - [2024-06-25T12:08:51.781+0200] {dagbag.py:545} INFO - Filling up the DagBag from /Users/stockly/Downloads/ESGI/orchestration/tp1/airflow-env/lib/python3.9/site-packages/airflow/example_dags/example_sla_dag.py
[2024-06-25T12:08:51.821+0200] {processor.py:840} INFO - DAG(s) 'example_sla_dag' retrieved from /Users/stockly/Downloads/ESGI/orchestration/tp1/airflow-env/lib/python3.9/site-packages/airflow/example_dags/example_sla_dag.py
[2024-06-25T12:08:52.093+0200] {logging_mixin.py:188} INFO - [2024-06-25T12:08:52.091+0200] {override.py:1829} INFO - Created Permission View: can read on DAG:example_sla_dag
[2024-06-25T12:08:52.128+0200] {logging_mixin.py:188} INFO - [2024-06-25T12:08:52.127+0200] {override.py:1829} INFO - Created Permission View: can delete on DAG:example_sla_dag
[2024-06-25T12:08:52.134+0200] {logging_mixin.py:188} INFO - [2024-06-25T12:08:52.133+0200] {override.py:1829} INFO - Created Permission View: can edit on DAG:example_sla_dag
[2024-06-25T12:08:52.135+0200] {logging_mixin.py:188} INFO - [2024-06-25T12:08:52.134+0200] {dag.py:3096} INFO - Sync 1 DAGs
[2024-06-25T12:08:52.146+0200] {logging_mixin.py:188} INFO - [2024-06-25T12:08:52.146+0200] {dag.py:3118} INFO - Creating ORM DAG for example_sla_dag
[2024-06-25T12:08:52.166+0200] {logging_mixin.py:188} INFO - [2024-06-25T12:08:52.165+0200] {dag.py:3954} INFO - Setting next_dagrun for example_sla_dag to 2024-06-25 10:06:00+00:00, run_after=2024-06-25 10:08:00+00:00
[2024-06-25T12:08:52.182+0200] {processor.py:183} INFO - Processing /Users/stockly/Downloads/ESGI/orchestration/tp1/airflow-env/lib/python3.9/site-packages/airflow/example_dags/example_sla_dag.py took 0.407 seconds
[2024-06-25T12:11:16.464+0200] {processor.py:161} INFO - Started process (PID=13921) to work on /Users/stockly/Downloads/ESGI/orchestration/tp1/airflow-env/lib/python3.9/site-packages/airflow/example_dags/example_sla_dag.py
[2024-06-25T12:11:16.475+0200] {processor.py:830} INFO - Processing file /Users/stockly/Downloads/ESGI/orchestration/tp1/airflow-env/lib/python3.9/site-packages/airflow/example_dags/example_sla_dag.py for tasks to queue
[2024-06-25T12:11:16.477+0200] {logging_mixin.py:188} INFO - [2024-06-25T12:11:16.476+0200] {dagbag.py:545} INFO - Filling up the DagBag from /Users/stockly/Downloads/ESGI/orchestration/tp1/airflow-env/lib/python3.9/site-packages/airflow/example_dags/example_sla_dag.py
[2024-06-25T12:11:16.518+0200] {processor.py:840} INFO - DAG(s) 'example_sla_dag' retrieved from /Users/stockly/Downloads/ESGI/orchestration/tp1/airflow-env/lib/python3.9/site-packages/airflow/example_dags/example_sla_dag.py
[2024-06-25T12:11:16.704+0200] {logging_mixin.py:188} INFO - [2024-06-25T12:11:16.703+0200] {dag.py:3096} INFO - Sync 1 DAGs
[2024-06-25T12:11:16.740+0200] {logging_mixin.py:188} INFO - [2024-06-25T12:11:16.740+0200] {dag.py:3954} INFO - Setting next_dagrun for example_sla_dag to 2024-06-25 10:08:00+00:00, run_after=2024-06-25 10:10:00+00:00
[2024-06-25T12:11:16.759+0200] {processor.py:183} INFO - Processing /Users/stockly/Downloads/ESGI/orchestration/tp1/airflow-env/lib/python3.9/site-packages/airflow/example_dags/example_sla_dag.py took 0.299 seconds
[2024-06-25T12:15:40.531+0200] {processor.py:161} INFO - Started process (PID=14105) to work on /Users/stockly/Downloads/ESGI/orchestration/tp1/airflow-env/lib/python3.9/site-packages/airflow/example_dags/example_sla_dag.py
[2024-06-25T12:15:40.534+0200] {processor.py:830} INFO - Processing file /Users/stockly/Downloads/ESGI/orchestration/tp1/airflow-env/lib/python3.9/site-packages/airflow/example_dags/example_sla_dag.py for tasks to queue
[2024-06-25T12:15:40.535+0200] {logging_mixin.py:188} INFO - [2024-06-25T12:15:40.535+0200] {dagbag.py:545} INFO - Filling up the DagBag from /Users/stockly/Downloads/ESGI/orchestration/tp1/airflow-env/lib/python3.9/site-packages/airflow/example_dags/example_sla_dag.py
[2024-06-25T12:15:40.573+0200] {processor.py:840} INFO - DAG(s) 'example_sla_dag' retrieved from /Users/stockly/Downloads/ESGI/orchestration/tp1/airflow-env/lib/python3.9/site-packages/airflow/example_dags/example_sla_dag.py
[2024-06-25T12:15:40.733+0200] {logging_mixin.py:188} INFO - [2024-06-25T12:15:40.733+0200] {dag.py:3096} INFO - Sync 1 DAGs
[2024-06-25T12:15:40.758+0200] {logging_mixin.py:188} INFO - [2024-06-25T12:15:40.758+0200] {dag.py:3954} INFO - Setting next_dagrun for example_sla_dag to 2024-06-25 10:12:00+00:00, run_after=2024-06-25 10:14:00+00:00
[2024-06-25T12:15:40.777+0200] {processor.py:183} INFO - Processing /Users/stockly/Downloads/ESGI/orchestration/tp1/airflow-env/lib/python3.9/site-packages/airflow/example_dags/example_sla_dag.py took 0.249 seconds
[2024-06-25T12:18:02.063+0200] {processor.py:161} INFO - Started process (PID=14172) to work on /Users/stockly/Downloads/ESGI/orchestration/tp1/airflow-env/lib/python3.9/site-packages/airflow/example_dags/example_sla_dag.py
[2024-06-25T12:18:02.065+0200] {processor.py:830} INFO - Processing file /Users/stockly/Downloads/ESGI/orchestration/tp1/airflow-env/lib/python3.9/site-packages/airflow/example_dags/example_sla_dag.py for tasks to queue
[2024-06-25T12:18:02.066+0200] {logging_mixin.py:188} INFO - [2024-06-25T12:18:02.066+0200] {dagbag.py:545} INFO - Filling up the DagBag from /Users/stockly/Downloads/ESGI/orchestration/tp1/airflow-env/lib/python3.9/site-packages/airflow/example_dags/example_sla_dag.py
[2024-06-25T12:18:02.116+0200] {processor.py:840} INFO - DAG(s) 'example_sla_dag' retrieved from /Users/stockly/Downloads/ESGI/orchestration/tp1/airflow-env/lib/python3.9/site-packages/airflow/example_dags/example_sla_dag.py
[2024-06-25T12:18:02.281+0200] {logging_mixin.py:188} INFO - [2024-06-25T12:18:02.280+0200] {dag.py:3096} INFO - Sync 1 DAGs
[2024-06-25T12:18:02.306+0200] {logging_mixin.py:188} INFO - [2024-06-25T12:18:02.306+0200] {dag.py:3954} INFO - Setting next_dagrun for example_sla_dag to 2024-06-25 10:16:00+00:00, run_after=2024-06-25 10:18:00+00:00
[2024-06-25T12:18:02.334+0200] {processor.py:183} INFO - Processing /Users/stockly/Downloads/ESGI/orchestration/tp1/airflow-env/lib/python3.9/site-packages/airflow/example_dags/example_sla_dag.py took 0.274 seconds
[2024-06-25T12:19:54.369+0200] {processor.py:161} INFO - Started process (PID=14224) to work on /Users/stockly/Downloads/ESGI/orchestration/tp1/airflow-env/lib/python3.9/site-packages/airflow/example_dags/example_sla_dag.py
[2024-06-25T12:19:54.372+0200] {processor.py:830} INFO - Processing file /Users/stockly/Downloads/ESGI/orchestration/tp1/airflow-env/lib/python3.9/site-packages/airflow/example_dags/example_sla_dag.py for tasks to queue
[2024-06-25T12:19:54.373+0200] {logging_mixin.py:188} INFO - [2024-06-25T12:19:54.373+0200] {dagbag.py:545} INFO - Filling up the DagBag from /Users/stockly/Downloads/ESGI/orchestration/tp1/airflow-env/lib/python3.9/site-packages/airflow/example_dags/example_sla_dag.py
[2024-06-25T12:19:54.414+0200] {processor.py:840} INFO - DAG(s) 'example_sla_dag' retrieved from /Users/stockly/Downloads/ESGI/orchestration/tp1/airflow-env/lib/python3.9/site-packages/airflow/example_dags/example_sla_dag.py
[2024-06-25T12:19:54.583+0200] {logging_mixin.py:188} INFO - [2024-06-25T12:19:54.583+0200] {dag.py:3096} INFO - Sync 1 DAGs
[2024-06-25T12:19:54.621+0200] {logging_mixin.py:188} INFO - [2024-06-25T12:19:54.621+0200] {dag.py:3954} INFO - Setting next_dagrun for example_sla_dag to 2024-06-25 10:16:00+00:00, run_after=2024-06-25 10:18:00+00:00
[2024-06-25T12:19:54.642+0200] {processor.py:183} INFO - Processing /Users/stockly/Downloads/ESGI/orchestration/tp1/airflow-env/lib/python3.9/site-packages/airflow/example_dags/example_sla_dag.py took 0.276 seconds
[2024-06-25T12:21:48.580+0200] {processor.py:161} INFO - Started process (PID=14273) to work on /Users/stockly/Downloads/ESGI/orchestration/tp1/airflow-env/lib/python3.9/site-packages/airflow/example_dags/example_sla_dag.py
[2024-06-25T12:21:48.584+0200] {processor.py:830} INFO - Processing file /Users/stockly/Downloads/ESGI/orchestration/tp1/airflow-env/lib/python3.9/site-packages/airflow/example_dags/example_sla_dag.py for tasks to queue
[2024-06-25T12:21:48.585+0200] {logging_mixin.py:188} INFO - [2024-06-25T12:21:48.585+0200] {dagbag.py:545} INFO - Filling up the DagBag from /Users/stockly/Downloads/ESGI/orchestration/tp1/airflow-env/lib/python3.9/site-packages/airflow/example_dags/example_sla_dag.py
[2024-06-25T12:21:48.627+0200] {processor.py:840} INFO - DAG(s) 'example_sla_dag' retrieved from /Users/stockly/Downloads/ESGI/orchestration/tp1/airflow-env/lib/python3.9/site-packages/airflow/example_dags/example_sla_dag.py
[2024-06-25T12:21:48.797+0200] {logging_mixin.py:188} INFO - [2024-06-25T12:21:48.796+0200] {dag.py:3096} INFO - Sync 1 DAGs
[2024-06-25T12:21:48.823+0200] {logging_mixin.py:188} INFO - [2024-06-25T12:21:48.823+0200] {dag.py:3954} INFO - Setting next_dagrun for example_sla_dag to 2024-06-25 10:18:00+00:00, run_after=2024-06-25 10:20:00+00:00
[2024-06-25T12:21:48.853+0200] {processor.py:183} INFO - Processing /Users/stockly/Downloads/ESGI/orchestration/tp1/airflow-env/lib/python3.9/site-packages/airflow/example_dags/example_sla_dag.py took 0.276 seconds
[2024-06-25T12:23:42.449+0200] {processor.py:161} INFO - Started process (PID=14326) to work on /Users/stockly/Downloads/ESGI/orchestration/tp1/airflow-env/lib/python3.9/site-packages/airflow/example_dags/example_sla_dag.py
[2024-06-25T12:23:42.455+0200] {processor.py:830} INFO - Processing file /Users/stockly/Downloads/ESGI/orchestration/tp1/airflow-env/lib/python3.9/site-packages/airflow/example_dags/example_sla_dag.py for tasks to queue
[2024-06-25T12:23:42.456+0200] {logging_mixin.py:188} INFO - [2024-06-25T12:23:42.455+0200] {dagbag.py:545} INFO - Filling up the DagBag from /Users/stockly/Downloads/ESGI/orchestration/tp1/airflow-env/lib/python3.9/site-packages/airflow/example_dags/example_sla_dag.py
[2024-06-25T12:23:42.499+0200] {processor.py:840} INFO - DAG(s) 'example_sla_dag' retrieved from /Users/stockly/Downloads/ESGI/orchestration/tp1/airflow-env/lib/python3.9/site-packages/airflow/example_dags/example_sla_dag.py
[2024-06-25T12:23:42.799+0200] {logging_mixin.py:188} INFO - [2024-06-25T12:23:42.799+0200] {dag.py:3096} INFO - Sync 1 DAGs
[2024-06-25T12:23:42.835+0200] {logging_mixin.py:188} INFO - [2024-06-25T12:23:42.835+0200] {dag.py:3954} INFO - Setting next_dagrun for example_sla_dag to 2024-06-25 10:20:00+00:00, run_after=2024-06-25 10:22:00+00:00
[2024-06-25T12:23:42.857+0200] {processor.py:183} INFO - Processing /Users/stockly/Downloads/ESGI/orchestration/tp1/airflow-env/lib/python3.9/site-packages/airflow/example_dags/example_sla_dag.py took 0.411 seconds
[2024-06-25T12:26:37.062+0200] {processor.py:161} INFO - Started process (PID=14438) to work on /Users/stockly/Library/Python/3.9/lib/python/site-packages/airflow/example_dags/example_sla_dag.py
[2024-06-25T12:26:37.074+0200] {processor.py:830} INFO - Processing file /Users/stockly/Library/Python/3.9/lib/python/site-packages/airflow/example_dags/example_sla_dag.py for tasks to queue
[2024-06-25T12:26:37.076+0200] {logging_mixin.py:188} INFO - [2024-06-25T12:26:37.075+0200] {dagbag.py:545} INFO - Filling up the DagBag from /Users/stockly/Library/Python/3.9/lib/python/site-packages/airflow/example_dags/example_sla_dag.py
[2024-06-25T12:26:37.114+0200] {processor.py:840} INFO - DAG(s) 'example_sla_dag' retrieved from /Users/stockly/Library/Python/3.9/lib/python/site-packages/airflow/example_dags/example_sla_dag.py
[2024-06-25T12:26:37.330+0200] {logging_mixin.py:188} INFO - [2024-06-25T12:26:37.329+0200] {dag.py:3096} INFO - Sync 1 DAGs
[2024-06-25T12:26:37.359+0200] {logging_mixin.py:188} INFO - [2024-06-25T12:26:37.358+0200] {dag.py:3954} INFO - Setting next_dagrun for example_sla_dag to 2024-06-25 10:24:00+00:00, run_after=2024-06-25 10:26:00+00:00
[2024-06-25T12:26:37.386+0200] {processor.py:183} INFO - Processing /Users/stockly/Library/Python/3.9/lib/python/site-packages/airflow/example_dags/example_sla_dag.py took 0.328 seconds
