[2024-06-25T12:08:46.823+0200] {processor.py:161} INFO - Started process (PID=13807) to work on /Users/stockly/Downloads/ESGI/orchestration/tp1/airflow-env/lib/python3.9/site-packages/airflow/example_dags/example_task_group.py
[2024-06-25T12:08:46.826+0200] {processor.py:830} INFO - Processing file /Users/stockly/Downloads/ESGI/orchestration/tp1/airflow-env/lib/python3.9/site-packages/airflow/example_dags/example_task_group.py for tasks to queue
[2024-06-25T12:08:46.827+0200] {logging_mixin.py:188} INFO - [2024-06-25T12:08:46.827+0200] {dagbag.py:545} INFO - Filling up the DagBag from /Users/stockly/Downloads/ESGI/orchestration/tp1/airflow-env/lib/python3.9/site-packages/airflow/example_dags/example_task_group.py
[2024-06-25T12:08:46.843+0200] {processor.py:840} INFO - DAG(s) 'example_task_group' retrieved from /Users/stockly/Downloads/ESGI/orchestration/tp1/airflow-env/lib/python3.9/site-packages/airflow/example_dags/example_task_group.py
[2024-06-25T12:08:47.128+0200] {logging_mixin.py:188} INFO - [2024-06-25T12:08:47.128+0200] {override.py:1829} INFO - Created Permission View: can edit on DAG:example_task_group
[2024-06-25T12:08:47.138+0200] {logging_mixin.py:188} INFO - [2024-06-25T12:08:47.138+0200] {override.py:1829} INFO - Created Permission View: can read on DAG:example_task_group
[2024-06-25T12:08:47.144+0200] {logging_mixin.py:188} INFO - [2024-06-25T12:08:47.143+0200] {override.py:1829} INFO - Created Permission View: can delete on DAG:example_task_group
[2024-06-25T12:08:47.144+0200] {logging_mixin.py:188} INFO - [2024-06-25T12:08:47.144+0200] {dag.py:3096} INFO - Sync 1 DAGs
[2024-06-25T12:08:47.156+0200] {logging_mixin.py:188} INFO - [2024-06-25T12:08:47.155+0200] {dag.py:3118} INFO - Creating ORM DAG for example_task_group
[2024-06-25T12:08:47.170+0200] {logging_mixin.py:188} INFO - [2024-06-25T12:08:47.170+0200] {dag.py:3954} INFO - Setting next_dagrun for example_task_group to 2024-06-24 00:00:00+00:00, run_after=2024-06-25 00:00:00+00:00
[2024-06-25T12:08:47.189+0200] {processor.py:183} INFO - Processing /Users/stockly/Downloads/ESGI/orchestration/tp1/airflow-env/lib/python3.9/site-packages/airflow/example_dags/example_task_group.py took 0.369 seconds
[2024-06-25T12:11:09.520+0200] {processor.py:161} INFO - Started process (PID=13914) to work on /Users/stockly/Downloads/ESGI/orchestration/tp1/airflow-env/lib/python3.9/site-packages/airflow/example_dags/example_task_group.py
[2024-06-25T12:11:09.523+0200] {processor.py:830} INFO - Processing file /Users/stockly/Downloads/ESGI/orchestration/tp1/airflow-env/lib/python3.9/site-packages/airflow/example_dags/example_task_group.py for tasks to queue
[2024-06-25T12:11:09.524+0200] {logging_mixin.py:188} INFO - [2024-06-25T12:11:09.524+0200] {dagbag.py:545} INFO - Filling up the DagBag from /Users/stockly/Downloads/ESGI/orchestration/tp1/airflow-env/lib/python3.9/site-packages/airflow/example_dags/example_task_group.py
[2024-06-25T12:11:09.543+0200] {processor.py:840} INFO - DAG(s) 'example_task_group' retrieved from /Users/stockly/Downloads/ESGI/orchestration/tp1/airflow-env/lib/python3.9/site-packages/airflow/example_dags/example_task_group.py
[2024-06-25T12:11:09.687+0200] {logging_mixin.py:188} INFO - [2024-06-25T12:11:09.687+0200] {dag.py:3096} INFO - Sync 1 DAGs
[2024-06-25T12:11:09.757+0200] {logging_mixin.py:188} INFO - [2024-06-25T12:11:09.757+0200] {dag.py:3954} INFO - Setting next_dagrun for example_task_group to 2024-06-24 00:00:00+00:00, run_after=2024-06-25 00:00:00+00:00
[2024-06-25T12:11:09.777+0200] {processor.py:183} INFO - Processing /Users/stockly/Downloads/ESGI/orchestration/tp1/airflow-env/lib/python3.9/site-packages/airflow/example_dags/example_task_group.py took 0.260 seconds
[2024-06-25T12:13:04.840+0200] {processor.py:161} INFO - Started process (PID=13975) to work on /Users/stockly/Downloads/ESGI/orchestration/tp1/airflow-env/lib/python3.9/site-packages/airflow/example_dags/example_task_group.py
[2024-06-25T12:13:04.848+0200] {processor.py:830} INFO - Processing file /Users/stockly/Downloads/ESGI/orchestration/tp1/airflow-env/lib/python3.9/site-packages/airflow/example_dags/example_task_group.py for tasks to queue
[2024-06-25T12:13:04.849+0200] {logging_mixin.py:188} INFO - [2024-06-25T12:13:04.848+0200] {dagbag.py:545} INFO - Filling up the DagBag from /Users/stockly/Downloads/ESGI/orchestration/tp1/airflow-env/lib/python3.9/site-packages/airflow/example_dags/example_task_group.py
[2024-06-25T12:13:04.865+0200] {processor.py:840} INFO - DAG(s) 'example_task_group' retrieved from /Users/stockly/Downloads/ESGI/orchestration/tp1/airflow-env/lib/python3.9/site-packages/airflow/example_dags/example_task_group.py
[2024-06-25T12:13:05.077+0200] {logging_mixin.py:188} INFO - [2024-06-25T12:13:05.077+0200] {dag.py:3096} INFO - Sync 1 DAGs
[2024-06-25T12:13:05.185+0200] {logging_mixin.py:188} INFO - [2024-06-25T12:13:05.185+0200] {dag.py:3954} INFO - Setting next_dagrun for example_task_group to 2024-06-24 00:00:00+00:00, run_after=2024-06-25 00:00:00+00:00
[2024-06-25T12:13:05.243+0200] {processor.py:183} INFO - Processing /Users/stockly/Downloads/ESGI/orchestration/tp1/airflow-env/lib/python3.9/site-packages/airflow/example_dags/example_task_group.py took 0.406 seconds
[2024-06-25T12:15:34.797+0200] {processor.py:161} INFO - Started process (PID=14103) to work on /Users/stockly/Downloads/ESGI/orchestration/tp1/airflow-env/lib/python3.9/site-packages/airflow/example_dags/example_task_group.py
[2024-06-25T12:15:34.800+0200] {processor.py:830} INFO - Processing file /Users/stockly/Downloads/ESGI/orchestration/tp1/airflow-env/lib/python3.9/site-packages/airflow/example_dags/example_task_group.py for tasks to queue
[2024-06-25T12:15:34.801+0200] {logging_mixin.py:188} INFO - [2024-06-25T12:15:34.801+0200] {dagbag.py:545} INFO - Filling up the DagBag from /Users/stockly/Downloads/ESGI/orchestration/tp1/airflow-env/lib/python3.9/site-packages/airflow/example_dags/example_task_group.py
[2024-06-25T12:15:34.811+0200] {processor.py:840} INFO - DAG(s) 'example_task_group' retrieved from /Users/stockly/Downloads/ESGI/orchestration/tp1/airflow-env/lib/python3.9/site-packages/airflow/example_dags/example_task_group.py
[2024-06-25T12:15:34.946+0200] {logging_mixin.py:188} INFO - [2024-06-25T12:15:34.946+0200] {dag.py:3096} INFO - Sync 1 DAGs
[2024-06-25T12:15:35.014+0200] {logging_mixin.py:188} INFO - [2024-06-25T12:15:35.014+0200] {dag.py:3954} INFO - Setting next_dagrun for example_task_group to 2024-06-24 00:00:00+00:00, run_after=2024-06-25 00:00:00+00:00
[2024-06-25T12:15:35.043+0200] {processor.py:183} INFO - Processing /Users/stockly/Downloads/ESGI/orchestration/tp1/airflow-env/lib/python3.9/site-packages/airflow/example_dags/example_task_group.py took 0.249 seconds
[2024-06-25T12:17:56.392+0200] {processor.py:161} INFO - Started process (PID=14168) to work on /Users/stockly/Downloads/ESGI/orchestration/tp1/airflow-env/lib/python3.9/site-packages/airflow/example_dags/example_task_group.py
[2024-06-25T12:17:56.395+0200] {processor.py:830} INFO - Processing file /Users/stockly/Downloads/ESGI/orchestration/tp1/airflow-env/lib/python3.9/site-packages/airflow/example_dags/example_task_group.py for tasks to queue
[2024-06-25T12:17:56.396+0200] {logging_mixin.py:188} INFO - [2024-06-25T12:17:56.395+0200] {dagbag.py:545} INFO - Filling up the DagBag from /Users/stockly/Downloads/ESGI/orchestration/tp1/airflow-env/lib/python3.9/site-packages/airflow/example_dags/example_task_group.py
[2024-06-25T12:17:56.414+0200] {processor.py:840} INFO - DAG(s) 'example_task_group' retrieved from /Users/stockly/Downloads/ESGI/orchestration/tp1/airflow-env/lib/python3.9/site-packages/airflow/example_dags/example_task_group.py
[2024-06-25T12:17:56.540+0200] {logging_mixin.py:188} INFO - [2024-06-25T12:17:56.540+0200] {dag.py:3096} INFO - Sync 1 DAGs
[2024-06-25T12:17:56.610+0200] {logging_mixin.py:188} INFO - [2024-06-25T12:17:56.610+0200] {dag.py:3954} INFO - Setting next_dagrun for example_task_group to 2024-06-24 00:00:00+00:00, run_after=2024-06-25 00:00:00+00:00
[2024-06-25T12:17:56.638+0200] {processor.py:183} INFO - Processing /Users/stockly/Downloads/ESGI/orchestration/tp1/airflow-env/lib/python3.9/site-packages/airflow/example_dags/example_task_group.py took 0.249 seconds
[2024-06-25T12:19:48.558+0200] {processor.py:161} INFO - Started process (PID=14222) to work on /Users/stockly/Downloads/ESGI/orchestration/tp1/airflow-env/lib/python3.9/site-packages/airflow/example_dags/example_task_group.py
[2024-06-25T12:19:48.561+0200] {processor.py:830} INFO - Processing file /Users/stockly/Downloads/ESGI/orchestration/tp1/airflow-env/lib/python3.9/site-packages/airflow/example_dags/example_task_group.py for tasks to queue
[2024-06-25T12:19:48.562+0200] {logging_mixin.py:188} INFO - [2024-06-25T12:19:48.562+0200] {dagbag.py:545} INFO - Filling up the DagBag from /Users/stockly/Downloads/ESGI/orchestration/tp1/airflow-env/lib/python3.9/site-packages/airflow/example_dags/example_task_group.py
[2024-06-25T12:19:48.573+0200] {processor.py:840} INFO - DAG(s) 'example_task_group' retrieved from /Users/stockly/Downloads/ESGI/orchestration/tp1/airflow-env/lib/python3.9/site-packages/airflow/example_dags/example_task_group.py
[2024-06-25T12:19:48.703+0200] {logging_mixin.py:188} INFO - [2024-06-25T12:19:48.702+0200] {dag.py:3096} INFO - Sync 1 DAGs
[2024-06-25T12:19:48.776+0200] {logging_mixin.py:188} INFO - [2024-06-25T12:19:48.776+0200] {dag.py:3954} INFO - Setting next_dagrun for example_task_group to 2024-06-24 00:00:00+00:00, run_after=2024-06-25 00:00:00+00:00
[2024-06-25T12:19:48.806+0200] {processor.py:183} INFO - Processing /Users/stockly/Downloads/ESGI/orchestration/tp1/airflow-env/lib/python3.9/site-packages/airflow/example_dags/example_task_group.py took 0.250 seconds
[2024-06-25T12:21:43.292+0200] {processor.py:161} INFO - Started process (PID=14271) to work on /Users/stockly/Downloads/ESGI/orchestration/tp1/airflow-env/lib/python3.9/site-packages/airflow/example_dags/example_task_group.py
[2024-06-25T12:21:43.295+0200] {processor.py:830} INFO - Processing file /Users/stockly/Downloads/ESGI/orchestration/tp1/airflow-env/lib/python3.9/site-packages/airflow/example_dags/example_task_group.py for tasks to queue
[2024-06-25T12:21:43.296+0200] {logging_mixin.py:188} INFO - [2024-06-25T12:21:43.296+0200] {dagbag.py:545} INFO - Filling up the DagBag from /Users/stockly/Downloads/ESGI/orchestration/tp1/airflow-env/lib/python3.9/site-packages/airflow/example_dags/example_task_group.py
[2024-06-25T12:21:43.306+0200] {processor.py:840} INFO - DAG(s) 'example_task_group' retrieved from /Users/stockly/Downloads/ESGI/orchestration/tp1/airflow-env/lib/python3.9/site-packages/airflow/example_dags/example_task_group.py
[2024-06-25T12:21:43.442+0200] {logging_mixin.py:188} INFO - [2024-06-25T12:21:43.442+0200] {dag.py:3096} INFO - Sync 1 DAGs
[2024-06-25T12:21:43.511+0200] {logging_mixin.py:188} INFO - [2024-06-25T12:21:43.511+0200] {dag.py:3954} INFO - Setting next_dagrun for example_task_group to 2024-06-24 00:00:00+00:00, run_after=2024-06-25 00:00:00+00:00
[2024-06-25T12:21:43.540+0200] {processor.py:183} INFO - Processing /Users/stockly/Downloads/ESGI/orchestration/tp1/airflow-env/lib/python3.9/site-packages/airflow/example_dags/example_task_group.py took 0.251 seconds
[2024-06-25T12:23:36.648+0200] {processor.py:161} INFO - Started process (PID=14324) to work on /Users/stockly/Downloads/ESGI/orchestration/tp1/airflow-env/lib/python3.9/site-packages/airflow/example_dags/example_task_group.py
[2024-06-25T12:23:36.652+0200] {processor.py:830} INFO - Processing file /Users/stockly/Downloads/ESGI/orchestration/tp1/airflow-env/lib/python3.9/site-packages/airflow/example_dags/example_task_group.py for tasks to queue
[2024-06-25T12:23:36.652+0200] {logging_mixin.py:188} INFO - [2024-06-25T12:23:36.652+0200] {dagbag.py:545} INFO - Filling up the DagBag from /Users/stockly/Downloads/ESGI/orchestration/tp1/airflow-env/lib/python3.9/site-packages/airflow/example_dags/example_task_group.py
[2024-06-25T12:23:36.665+0200] {processor.py:840} INFO - DAG(s) 'example_task_group' retrieved from /Users/stockly/Downloads/ESGI/orchestration/tp1/airflow-env/lib/python3.9/site-packages/airflow/example_dags/example_task_group.py
[2024-06-25T12:23:36.809+0200] {logging_mixin.py:188} INFO - [2024-06-25T12:23:36.809+0200] {dag.py:3096} INFO - Sync 1 DAGs
[2024-06-25T12:23:36.880+0200] {logging_mixin.py:188} INFO - [2024-06-25T12:23:36.880+0200] {dag.py:3954} INFO - Setting next_dagrun for example_task_group to 2024-06-24 00:00:00+00:00, run_after=2024-06-25 00:00:00+00:00
[2024-06-25T12:23:36.909+0200] {processor.py:183} INFO - Processing /Users/stockly/Downloads/ESGI/orchestration/tp1/airflow-env/lib/python3.9/site-packages/airflow/example_dags/example_task_group.py took 0.265 seconds
[2024-06-25T12:26:30.696+0200] {processor.py:161} INFO - Started process (PID=14434) to work on /Users/stockly/Library/Python/3.9/lib/python/site-packages/airflow/example_dags/example_task_group.py
[2024-06-25T12:26:30.706+0200] {processor.py:830} INFO - Processing file /Users/stockly/Library/Python/3.9/lib/python/site-packages/airflow/example_dags/example_task_group.py for tasks to queue
[2024-06-25T12:26:30.707+0200] {logging_mixin.py:188} INFO - [2024-06-25T12:26:30.707+0200] {dagbag.py:545} INFO - Filling up the DagBag from /Users/stockly/Library/Python/3.9/lib/python/site-packages/airflow/example_dags/example_task_group.py
[2024-06-25T12:26:30.719+0200] {processor.py:840} INFO - DAG(s) 'example_task_group' retrieved from /Users/stockly/Library/Python/3.9/lib/python/site-packages/airflow/example_dags/example_task_group.py
[2024-06-25T12:26:30.946+0200] {logging_mixin.py:188} INFO - [2024-06-25T12:26:30.946+0200] {dag.py:3096} INFO - Sync 1 DAGs
[2024-06-25T12:26:30.968+0200] {logging_mixin.py:188} INFO - [2024-06-25T12:26:30.968+0200] {dag.py:3954} INFO - Setting next_dagrun for example_task_group to 2024-06-24 00:00:00+00:00, run_after=2024-06-25 00:00:00+00:00
[2024-06-25T12:26:30.996+0200] {processor.py:183} INFO - Processing /Users/stockly/Library/Python/3.9/lib/python/site-packages/airflow/example_dags/example_task_group.py took 0.303 seconds
