[2024-06-25T12:10:18.834+0200] {processor.py:161} INFO - Started process (PID=13855) to work on /Users/stockly/Downloads/ESGI/orchestration/tp1/airflow-env/lib/python3.9/site-packages/airflow/example_dags/example_bash_operator.py
[2024-06-25T12:10:18.837+0200] {processor.py:830} INFO - Processing file /Users/stockly/Downloads/ESGI/orchestration/tp1/airflow-env/lib/python3.9/site-packages/airflow/example_dags/example_bash_operator.py for tasks to queue
[2024-06-25T12:10:18.838+0200] {logging_mixin.py:188} INFO - [2024-06-25T12:10:18.837+0200] {dagbag.py:545} INFO - Filling up the DagBag from /Users/stockly/Downloads/ESGI/orchestration/tp1/airflow-env/lib/python3.9/site-packages/airflow/example_dags/example_bash_operator.py
[2024-06-25T12:10:18.851+0200] {processor.py:840} INFO - DAG(s) 'example_bash_operator' retrieved from /Users/stockly/Downloads/ESGI/orchestration/tp1/airflow-env/lib/python3.9/site-packages/airflow/example_dags/example_bash_operator.py
[2024-06-25T12:10:19.117+0200] {logging_mixin.py:188} INFO - [2024-06-25T12:10:19.116+0200] {override.py:1829} INFO - Created Permission View: can edit on DAG:example_bash_operator
[2024-06-25T12:10:19.125+0200] {logging_mixin.py:188} INFO - [2024-06-25T12:10:19.125+0200] {override.py:1829} INFO - Created Permission View: can read on DAG:example_bash_operator
[2024-06-25T12:10:19.131+0200] {logging_mixin.py:188} INFO - [2024-06-25T12:10:19.131+0200] {override.py:1829} INFO - Created Permission View: can delete on DAG:example_bash_operator
[2024-06-25T12:10:19.132+0200] {logging_mixin.py:188} INFO - [2024-06-25T12:10:19.132+0200] {dag.py:3096} INFO - Sync 1 DAGs
[2024-06-25T12:10:19.142+0200] {logging_mixin.py:188} INFO - [2024-06-25T12:10:19.142+0200] {dag.py:3118} INFO - Creating ORM DAG for example_bash_operator
[2024-06-25T12:10:19.151+0200] {logging_mixin.py:188} INFO - [2024-06-25T12:10:19.151+0200] {dag.py:3954} INFO - Setting next_dagrun for example_bash_operator to 2024-06-24 00:00:00+00:00, run_after=2024-06-25 00:00:00+00:00
[2024-06-25T12:10:19.170+0200] {processor.py:183} INFO - Processing /Users/stockly/Downloads/ESGI/orchestration/tp1/airflow-env/lib/python3.9/site-packages/airflow/example_dags/example_bash_operator.py took 0.339 seconds
[2024-06-25T12:17:06.255+0200] {processor.py:161} INFO - Started process (PID=14143) to work on /Users/stockly/Downloads/ESGI/orchestration/tp1/airflow-env/lib/python3.9/site-packages/airflow/example_dags/example_bash_operator.py
[2024-06-25T12:17:06.265+0200] {processor.py:830} INFO - Processing file /Users/stockly/Downloads/ESGI/orchestration/tp1/airflow-env/lib/python3.9/site-packages/airflow/example_dags/example_bash_operator.py for tasks to queue
[2024-06-25T12:17:06.266+0200] {logging_mixin.py:188} INFO - [2024-06-25T12:17:06.266+0200] {dagbag.py:545} INFO - Filling up the DagBag from /Users/stockly/Downloads/ESGI/orchestration/tp1/airflow-env/lib/python3.9/site-packages/airflow/example_dags/example_bash_operator.py
[2024-06-25T12:17:06.281+0200] {processor.py:840} INFO - DAG(s) 'example_bash_operator' retrieved from /Users/stockly/Downloads/ESGI/orchestration/tp1/airflow-env/lib/python3.9/site-packages/airflow/example_dags/example_bash_operator.py
[2024-06-25T12:17:06.413+0200] {logging_mixin.py:188} INFO - [2024-06-25T12:17:06.413+0200] {dag.py:3096} INFO - Sync 1 DAGs
[2024-06-25T12:17:06.477+0200] {logging_mixin.py:188} INFO - [2024-06-25T12:17:06.477+0200] {dag.py:3954} INFO - Setting next_dagrun for example_bash_operator to 2024-06-24 00:00:00+00:00, run_after=2024-06-25 00:00:00+00:00
[2024-06-25T12:17:06.504+0200] {processor.py:183} INFO - Processing /Users/stockly/Downloads/ESGI/orchestration/tp1/airflow-env/lib/python3.9/site-packages/airflow/example_dags/example_bash_operator.py took 0.252 seconds
[2024-06-25T12:20:52.137+0200] {processor.py:161} INFO - Started process (PID=14249) to work on /Users/stockly/Downloads/ESGI/orchestration/tp1/airflow-env/lib/python3.9/site-packages/airflow/example_dags/example_bash_operator.py
[2024-06-25T12:20:52.141+0200] {processor.py:830} INFO - Processing file /Users/stockly/Downloads/ESGI/orchestration/tp1/airflow-env/lib/python3.9/site-packages/airflow/example_dags/example_bash_operator.py for tasks to queue
[2024-06-25T12:20:52.142+0200] {logging_mixin.py:188} INFO - [2024-06-25T12:20:52.141+0200] {dagbag.py:545} INFO - Filling up the DagBag from /Users/stockly/Downloads/ESGI/orchestration/tp1/airflow-env/lib/python3.9/site-packages/airflow/example_dags/example_bash_operator.py
[2024-06-25T12:20:52.156+0200] {processor.py:840} INFO - DAG(s) 'example_bash_operator' retrieved from /Users/stockly/Downloads/ESGI/orchestration/tp1/airflow-env/lib/python3.9/site-packages/airflow/example_dags/example_bash_operator.py
[2024-06-25T12:20:52.303+0200] {logging_mixin.py:188} INFO - [2024-06-25T12:20:52.303+0200] {dag.py:3096} INFO - Sync 1 DAGs
[2024-06-25T12:20:52.373+0200] {logging_mixin.py:188} INFO - [2024-06-25T12:20:52.373+0200] {dag.py:3954} INFO - Setting next_dagrun for example_bash_operator to 2024-06-24 00:00:00+00:00, run_after=2024-06-25 00:00:00+00:00
[2024-06-25T12:20:52.395+0200] {processor.py:183} INFO - Processing /Users/stockly/Downloads/ESGI/orchestration/tp1/airflow-env/lib/python3.9/site-packages/airflow/example_dags/example_bash_operator.py took 0.261 seconds
