[2024-06-25T12:10:12.976+0200] {processor.py:161} INFO - Started process (PID=13853) to work on /Users/stockly/Downloads/ESGI/orchestration/tp1/airflow-env/lib/python3.9/site-packages/airflow/example_dags/example_branch_day_of_week_operator.py
[2024-06-25T12:10:12.979+0200] {processor.py:830} INFO - Processing file /Users/stockly/Downloads/ESGI/orchestration/tp1/airflow-env/lib/python3.9/site-packages/airflow/example_dags/example_branch_day_of_week_operator.py for tasks to queue
[2024-06-25T12:10:12.980+0200] {logging_mixin.py:188} INFO - [2024-06-25T12:10:12.980+0200] {dagbag.py:545} INFO - Filling up the DagBag from /Users/stockly/Downloads/ESGI/orchestration/tp1/airflow-env/lib/python3.9/site-packages/airflow/example_dags/example_branch_day_of_week_operator.py
[2024-06-25T12:10:12.991+0200] {processor.py:840} INFO - DAG(s) 'example_weekday_branch_operator' retrieved from /Users/stockly/Downloads/ESGI/orchestration/tp1/airflow-env/lib/python3.9/site-packages/airflow/example_dags/example_branch_day_of_week_operator.py
[2024-06-25T12:10:13.251+0200] {logging_mixin.py:188} INFO - [2024-06-25T12:10:13.250+0200] {override.py:1829} INFO - Created Permission View: can read on DAG:example_weekday_branch_operator
[2024-06-25T12:10:13.259+0200] {logging_mixin.py:188} INFO - [2024-06-25T12:10:13.259+0200] {override.py:1829} INFO - Created Permission View: can edit on DAG:example_weekday_branch_operator
[2024-06-25T12:10:13.265+0200] {logging_mixin.py:188} INFO - [2024-06-25T12:10:13.265+0200] {override.py:1829} INFO - Created Permission View: can delete on DAG:example_weekday_branch_operator
[2024-06-25T12:10:13.266+0200] {logging_mixin.py:188} INFO - [2024-06-25T12:10:13.265+0200] {dag.py:3096} INFO - Sync 1 DAGs
[2024-06-25T12:10:13.276+0200] {logging_mixin.py:188} INFO - [2024-06-25T12:10:13.276+0200] {dag.py:3118} INFO - Creating ORM DAG for example_weekday_branch_operator
[2024-06-25T12:10:13.285+0200] {logging_mixin.py:188} INFO - [2024-06-25T12:10:13.284+0200] {dag.py:3954} INFO - Setting next_dagrun for example_weekday_branch_operator to 2024-06-24 00:00:00+00:00, run_after=2024-06-25 00:00:00+00:00
[2024-06-25T12:10:13.305+0200] {processor.py:183} INFO - Processing /Users/stockly/Downloads/ESGI/orchestration/tp1/airflow-env/lib/python3.9/site-packages/airflow/example_dags/example_branch_day_of_week_operator.py took 0.332 seconds
[2024-06-25T12:17:00.703+0200] {processor.py:161} INFO - Started process (PID=14139) to work on /Users/stockly/Downloads/ESGI/orchestration/tp1/airflow-env/lib/python3.9/site-packages/airflow/example_dags/example_branch_day_of_week_operator.py
[2024-06-25T12:17:00.714+0200] {processor.py:830} INFO - Processing file /Users/stockly/Downloads/ESGI/orchestration/tp1/airflow-env/lib/python3.9/site-packages/airflow/example_dags/example_branch_day_of_week_operator.py for tasks to queue
[2024-06-25T12:17:00.715+0200] {logging_mixin.py:188} INFO - [2024-06-25T12:17:00.715+0200] {dagbag.py:545} INFO - Filling up the DagBag from /Users/stockly/Downloads/ESGI/orchestration/tp1/airflow-env/lib/python3.9/site-packages/airflow/example_dags/example_branch_day_of_week_operator.py
[2024-06-25T12:17:00.727+0200] {processor.py:840} INFO - DAG(s) 'example_weekday_branch_operator' retrieved from /Users/stockly/Downloads/ESGI/orchestration/tp1/airflow-env/lib/python3.9/site-packages/airflow/example_dags/example_branch_day_of_week_operator.py
[2024-06-25T12:17:00.847+0200] {logging_mixin.py:188} INFO - [2024-06-25T12:17:00.847+0200] {dag.py:3096} INFO - Sync 1 DAGs
[2024-06-25T12:17:00.915+0200] {logging_mixin.py:188} INFO - [2024-06-25T12:17:00.914+0200] {dag.py:3954} INFO - Setting next_dagrun for example_weekday_branch_operator to 2024-06-24 00:00:00+00:00, run_after=2024-06-25 00:00:00+00:00
[2024-06-25T12:17:00.934+0200] {processor.py:183} INFO - Processing /Users/stockly/Downloads/ESGI/orchestration/tp1/airflow-env/lib/python3.9/site-packages/airflow/example_dags/example_branch_day_of_week_operator.py took 0.234 seconds
[2024-06-25T12:20:47.112+0200] {processor.py:161} INFO - Started process (PID=14247) to work on /Users/stockly/Downloads/ESGI/orchestration/tp1/airflow-env/lib/python3.9/site-packages/airflow/example_dags/example_branch_day_of_week_operator.py
[2024-06-25T12:20:47.116+0200] {processor.py:830} INFO - Processing file /Users/stockly/Downloads/ESGI/orchestration/tp1/airflow-env/lib/python3.9/site-packages/airflow/example_dags/example_branch_day_of_week_operator.py for tasks to queue
[2024-06-25T12:20:47.116+0200] {logging_mixin.py:188} INFO - [2024-06-25T12:20:47.116+0200] {dagbag.py:545} INFO - Filling up the DagBag from /Users/stockly/Downloads/ESGI/orchestration/tp1/airflow-env/lib/python3.9/site-packages/airflow/example_dags/example_branch_day_of_week_operator.py
[2024-06-25T12:20:47.129+0200] {processor.py:840} INFO - DAG(s) 'example_weekday_branch_operator' retrieved from /Users/stockly/Downloads/ESGI/orchestration/tp1/airflow-env/lib/python3.9/site-packages/airflow/example_dags/example_branch_day_of_week_operator.py
[2024-06-25T12:20:47.271+0200] {logging_mixin.py:188} INFO - [2024-06-25T12:20:47.270+0200] {dag.py:3096} INFO - Sync 1 DAGs
[2024-06-25T12:20:47.339+0200] {logging_mixin.py:188} INFO - [2024-06-25T12:20:47.339+0200] {dag.py:3954} INFO - Setting next_dagrun for example_weekday_branch_operator to 2024-06-24 00:00:00+00:00, run_after=2024-06-25 00:00:00+00:00
[2024-06-25T12:20:47.357+0200] {processor.py:183} INFO - Processing /Users/stockly/Downloads/ESGI/orchestration/tp1/airflow-env/lib/python3.9/site-packages/airflow/example_dags/example_branch_day_of_week_operator.py took 0.248 seconds
