[2024-06-25T12:09:21.875+0200] {processor.py:161} INFO - Started process (PID=13830) to work on /Users/stockly/Downloads/ESGI/orchestration/tp1/airflow-env/lib/python3.9/site-packages/airflow/example_dags/example_params_ui_tutorial.py
[2024-06-25T12:09:21.878+0200] {processor.py:830} INFO - Processing file /Users/stockly/Downloads/ESGI/orchestration/tp1/airflow-env/lib/python3.9/site-packages/airflow/example_dags/example_params_ui_tutorial.py for tasks to queue
[2024-06-25T12:09:21.879+0200] {logging_mixin.py:188} INFO - [2024-06-25T12:09:21.878+0200] {dagbag.py:545} INFO - Filling up the DagBag from /Users/stockly/Downloads/ESGI/orchestration/tp1/airflow-env/lib/python3.9/site-packages/airflow/example_dags/example_params_ui_tutorial.py
[2024-06-25T12:09:21.927+0200] {processor.py:840} INFO - DAG(s) 'example_params_ui_tutorial' retrieved from /Users/stockly/Downloads/ESGI/orchestration/tp1/airflow-env/lib/python3.9/site-packages/airflow/example_dags/example_params_ui_tutorial.py
[2024-06-25T12:09:22.219+0200] {logging_mixin.py:188} INFO - [2024-06-25T12:09:22.219+0200] {override.py:1829} INFO - Created Permission View: can read on DAG:example_params_ui_tutorial
[2024-06-25T12:09:22.229+0200] {logging_mixin.py:188} INFO - [2024-06-25T12:09:22.229+0200] {override.py:1829} INFO - Created Permission View: can edit on DAG:example_params_ui_tutorial
[2024-06-25T12:09:22.237+0200] {logging_mixin.py:188} INFO - [2024-06-25T12:09:22.237+0200] {override.py:1829} INFO - Created Permission View: can delete on DAG:example_params_ui_tutorial
[2024-06-25T12:09:22.238+0200] {logging_mixin.py:188} INFO - [2024-06-25T12:09:22.238+0200] {dag.py:3096} INFO - Sync 1 DAGs
[2024-06-25T12:09:22.248+0200] {logging_mixin.py:188} INFO - [2024-06-25T12:09:22.248+0200] {dag.py:3118} INFO - Creating ORM DAG for example_params_ui_tutorial
[2024-06-25T12:09:22.249+0200] {logging_mixin.py:188} INFO - [2024-06-25T12:09:22.249+0200] {dag.py:3954} INFO - Setting next_dagrun for example_params_ui_tutorial to None, run_after=None
[2024-06-25T12:09:22.266+0200] {processor.py:183} INFO - Processing /Users/stockly/Downloads/ESGI/orchestration/tp1/airflow-env/lib/python3.9/site-packages/airflow/example_dags/example_params_ui_tutorial.py took 0.395 seconds
[2024-06-25T12:11:47.564+0200] {processor.py:161} INFO - Started process (PID=13935) to work on /Users/stockly/Downloads/ESGI/orchestration/tp1/airflow-env/lib/python3.9/site-packages/airflow/example_dags/example_params_ui_tutorial.py
[2024-06-25T12:11:47.567+0200] {processor.py:830} INFO - Processing file /Users/stockly/Downloads/ESGI/orchestration/tp1/airflow-env/lib/python3.9/site-packages/airflow/example_dags/example_params_ui_tutorial.py for tasks to queue
[2024-06-25T12:11:47.568+0200] {logging_mixin.py:188} INFO - [2024-06-25T12:11:47.568+0200] {dagbag.py:545} INFO - Filling up the DagBag from /Users/stockly/Downloads/ESGI/orchestration/tp1/airflow-env/lib/python3.9/site-packages/airflow/example_dags/example_params_ui_tutorial.py
[2024-06-25T12:11:47.612+0200] {processor.py:840} INFO - DAG(s) 'example_params_ui_tutorial' retrieved from /Users/stockly/Downloads/ESGI/orchestration/tp1/airflow-env/lib/python3.9/site-packages/airflow/example_dags/example_params_ui_tutorial.py
[2024-06-25T12:11:47.860+0200] {logging_mixin.py:188} INFO - [2024-06-25T12:11:47.859+0200] {dag.py:3096} INFO - Sync 1 DAGs
[2024-06-25T12:11:47.880+0200] {logging_mixin.py:188} INFO - [2024-06-25T12:11:47.880+0200] {dag.py:3954} INFO - Setting next_dagrun for example_params_ui_tutorial to None, run_after=None
[2024-06-25T12:11:47.909+0200] {processor.py:183} INFO - Processing /Users/stockly/Downloads/ESGI/orchestration/tp1/airflow-env/lib/python3.9/site-packages/airflow/example_dags/example_params_ui_tutorial.py took 0.348 seconds
[2024-06-25T12:16:10.878+0200] {processor.py:161} INFO - Started process (PID=14120) to work on /Users/stockly/Downloads/ESGI/orchestration/tp1/airflow-env/lib/python3.9/site-packages/airflow/example_dags/example_params_ui_tutorial.py
[2024-06-25T12:16:10.881+0200] {processor.py:830} INFO - Processing file /Users/stockly/Downloads/ESGI/orchestration/tp1/airflow-env/lib/python3.9/site-packages/airflow/example_dags/example_params_ui_tutorial.py for tasks to queue
[2024-06-25T12:16:10.882+0200] {logging_mixin.py:188} INFO - [2024-06-25T12:16:10.882+0200] {dagbag.py:545} INFO - Filling up the DagBag from /Users/stockly/Downloads/ESGI/orchestration/tp1/airflow-env/lib/python3.9/site-packages/airflow/example_dags/example_params_ui_tutorial.py
[2024-06-25T12:16:10.926+0200] {processor.py:840} INFO - DAG(s) 'example_params_ui_tutorial' retrieved from /Users/stockly/Downloads/ESGI/orchestration/tp1/airflow-env/lib/python3.9/site-packages/airflow/example_dags/example_params_ui_tutorial.py
[2024-06-25T12:16:11.134+0200] {logging_mixin.py:188} INFO - [2024-06-25T12:16:11.134+0200] {dag.py:3096} INFO - Sync 1 DAGs
[2024-06-25T12:16:11.144+0200] {logging_mixin.py:188} INFO - [2024-06-25T12:16:11.144+0200] {dag.py:3954} INFO - Setting next_dagrun for example_params_ui_tutorial to None, run_after=None
[2024-06-25T12:16:11.163+0200] {processor.py:183} INFO - Processing /Users/stockly/Downloads/ESGI/orchestration/tp1/airflow-env/lib/python3.9/site-packages/airflow/example_dags/example_params_ui_tutorial.py took 0.288 seconds
[2024-06-25T12:18:32.962+0200] {processor.py:161} INFO - Started process (PID=14187) to work on /Users/stockly/Downloads/ESGI/orchestration/tp1/airflow-env/lib/python3.9/site-packages/airflow/example_dags/example_params_ui_tutorial.py
[2024-06-25T12:18:32.965+0200] {processor.py:830} INFO - Processing file /Users/stockly/Downloads/ESGI/orchestration/tp1/airflow-env/lib/python3.9/site-packages/airflow/example_dags/example_params_ui_tutorial.py for tasks to queue
[2024-06-25T12:18:32.966+0200] {logging_mixin.py:188} INFO - [2024-06-25T12:18:32.966+0200] {dagbag.py:545} INFO - Filling up the DagBag from /Users/stockly/Downloads/ESGI/orchestration/tp1/airflow-env/lib/python3.9/site-packages/airflow/example_dags/example_params_ui_tutorial.py
[2024-06-25T12:18:33.016+0200] {processor.py:840} INFO - DAG(s) 'example_params_ui_tutorial' retrieved from /Users/stockly/Downloads/ESGI/orchestration/tp1/airflow-env/lib/python3.9/site-packages/airflow/example_dags/example_params_ui_tutorial.py
[2024-06-25T12:18:33.239+0200] {logging_mixin.py:188} INFO - [2024-06-25T12:18:33.239+0200] {dag.py:3096} INFO - Sync 1 DAGs
[2024-06-25T12:18:33.249+0200] {logging_mixin.py:188} INFO - [2024-06-25T12:18:33.249+0200] {dag.py:3954} INFO - Setting next_dagrun for example_params_ui_tutorial to None, run_after=None
[2024-06-25T12:18:33.267+0200] {processor.py:183} INFO - Processing /Users/stockly/Downloads/ESGI/orchestration/tp1/airflow-env/lib/python3.9/site-packages/airflow/example_dags/example_params_ui_tutorial.py took 0.308 seconds
[2024-06-25T12:20:25.289+0200] {processor.py:161} INFO - Started process (PID=14239) to work on /Users/stockly/Downloads/ESGI/orchestration/tp1/airflow-env/lib/python3.9/site-packages/airflow/example_dags/example_params_ui_tutorial.py
[2024-06-25T12:20:25.300+0200] {processor.py:830} INFO - Processing file /Users/stockly/Downloads/ESGI/orchestration/tp1/airflow-env/lib/python3.9/site-packages/airflow/example_dags/example_params_ui_tutorial.py for tasks to queue
[2024-06-25T12:20:25.301+0200] {logging_mixin.py:188} INFO - [2024-06-25T12:20:25.301+0200] {dagbag.py:545} INFO - Filling up the DagBag from /Users/stockly/Downloads/ESGI/orchestration/tp1/airflow-env/lib/python3.9/site-packages/airflow/example_dags/example_params_ui_tutorial.py
[2024-06-25T12:20:25.346+0200] {processor.py:840} INFO - DAG(s) 'example_params_ui_tutorial' retrieved from /Users/stockly/Downloads/ESGI/orchestration/tp1/airflow-env/lib/python3.9/site-packages/airflow/example_dags/example_params_ui_tutorial.py
[2024-06-25T12:20:25.564+0200] {logging_mixin.py:188} INFO - [2024-06-25T12:20:25.564+0200] {dag.py:3096} INFO - Sync 1 DAGs
[2024-06-25T12:20:25.576+0200] {logging_mixin.py:188} INFO - [2024-06-25T12:20:25.576+0200] {dag.py:3954} INFO - Setting next_dagrun for example_params_ui_tutorial to None, run_after=None
[2024-06-25T12:20:25.595+0200] {processor.py:183} INFO - Processing /Users/stockly/Downloads/ESGI/orchestration/tp1/airflow-env/lib/python3.9/site-packages/airflow/example_dags/example_params_ui_tutorial.py took 0.309 seconds
[2024-06-25T12:22:20.028+0200] {processor.py:161} INFO - Started process (PID=14286) to work on /Users/stockly/Downloads/ESGI/orchestration/tp1/airflow-env/lib/python3.9/site-packages/airflow/example_dags/example_params_ui_tutorial.py
[2024-06-25T12:22:20.031+0200] {processor.py:830} INFO - Processing file /Users/stockly/Downloads/ESGI/orchestration/tp1/airflow-env/lib/python3.9/site-packages/airflow/example_dags/example_params_ui_tutorial.py for tasks to queue
[2024-06-25T12:22:20.032+0200] {logging_mixin.py:188} INFO - [2024-06-25T12:22:20.032+0200] {dagbag.py:545} INFO - Filling up the DagBag from /Users/stockly/Downloads/ESGI/orchestration/tp1/airflow-env/lib/python3.9/site-packages/airflow/example_dags/example_params_ui_tutorial.py
[2024-06-25T12:22:20.077+0200] {processor.py:840} INFO - DAG(s) 'example_params_ui_tutorial' retrieved from /Users/stockly/Downloads/ESGI/orchestration/tp1/airflow-env/lib/python3.9/site-packages/airflow/example_dags/example_params_ui_tutorial.py
[2024-06-25T12:22:20.285+0200] {logging_mixin.py:188} INFO - [2024-06-25T12:22:20.285+0200] {dag.py:3096} INFO - Sync 1 DAGs
[2024-06-25T12:22:20.296+0200] {logging_mixin.py:188} INFO - [2024-06-25T12:22:20.295+0200] {dag.py:3954} INFO - Setting next_dagrun for example_params_ui_tutorial to None, run_after=None
[2024-06-25T12:22:20.325+0200] {processor.py:183} INFO - Processing /Users/stockly/Downloads/ESGI/orchestration/tp1/airflow-env/lib/python3.9/site-packages/airflow/example_dags/example_params_ui_tutorial.py took 0.301 seconds
