[2024-06-25T12:08:20.338+0200] {processor.py:161} INFO - Started process (PID=13785) to work on /Users/stockly/Downloads/ESGI/orchestration/tp1/airflow-env/lib/python3.9/site-packages/airflow/example_dags/tutorial_objectstorage.py
[2024-06-25T12:08:20.341+0200] {processor.py:830} INFO - Processing file /Users/stockly/Downloads/ESGI/orchestration/tp1/airflow-env/lib/python3.9/site-packages/airflow/example_dags/tutorial_objectstorage.py for tasks to queue
[2024-06-25T12:08:20.342+0200] {logging_mixin.py:188} INFO - [2024-06-25T12:08:20.341+0200] {dagbag.py:545} INFO - Filling up the DagBag from /Users/stockly/Downloads/ESGI/orchestration/tp1/airflow-env/lib/python3.9/site-packages/airflow/example_dags/tutorial_objectstorage.py
[2024-06-25T12:08:20.416+0200] {processor.py:840} INFO - DAG(s) 'tutorial_objectstorage' retrieved from /Users/stockly/Downloads/ESGI/orchestration/tp1/airflow-env/lib/python3.9/site-packages/airflow/example_dags/tutorial_objectstorage.py
[2024-06-25T12:08:20.677+0200] {logging_mixin.py:188} INFO - [2024-06-25T12:08:20.677+0200] {override.py:1829} INFO - Created Permission View: can delete on DAG:tutorial_objectstorage
[2024-06-25T12:08:20.687+0200] {logging_mixin.py:188} INFO - [2024-06-25T12:08:20.687+0200] {override.py:1829} INFO - Created Permission View: can edit on DAG:tutorial_objectstorage
[2024-06-25T12:08:20.694+0200] {logging_mixin.py:188} INFO - [2024-06-25T12:08:20.693+0200] {override.py:1829} INFO - Created Permission View: can read on DAG:tutorial_objectstorage
[2024-06-25T12:08:20.694+0200] {logging_mixin.py:188} INFO - [2024-06-25T12:08:20.694+0200] {dag.py:3096} INFO - Sync 1 DAGs
[2024-06-25T12:08:20.706+0200] {logging_mixin.py:188} INFO - [2024-06-25T12:08:20.705+0200] {dag.py:3118} INFO - Creating ORM DAG for tutorial_objectstorage
[2024-06-25T12:08:20.706+0200] {logging_mixin.py:188} INFO - [2024-06-25T12:08:20.706+0200] {dag.py:3954} INFO - Setting next_dagrun for tutorial_objectstorage to None, run_after=None
[2024-06-25T12:08:20.726+0200] {processor.py:183} INFO - Processing /Users/stockly/Downloads/ESGI/orchestration/tp1/airflow-env/lib/python3.9/site-packages/airflow/example_dags/tutorial_objectstorage.py took 0.391 seconds
[2024-06-25T12:10:43.666+0200] {processor.py:161} INFO - Started process (PID=13901) to work on /Users/stockly/Downloads/ESGI/orchestration/tp1/airflow-env/lib/python3.9/site-packages/airflow/example_dags/tutorial_objectstorage.py
[2024-06-25T12:10:43.671+0200] {processor.py:830} INFO - Processing file /Users/stockly/Downloads/ESGI/orchestration/tp1/airflow-env/lib/python3.9/site-packages/airflow/example_dags/tutorial_objectstorage.py for tasks to queue
[2024-06-25T12:10:43.672+0200] {logging_mixin.py:188} INFO - [2024-06-25T12:10:43.672+0200] {dagbag.py:545} INFO - Filling up the DagBag from /Users/stockly/Downloads/ESGI/orchestration/tp1/airflow-env/lib/python3.9/site-packages/airflow/example_dags/tutorial_objectstorage.py
[2024-06-25T12:10:43.759+0200] {processor.py:840} INFO - DAG(s) 'tutorial_objectstorage' retrieved from /Users/stockly/Downloads/ESGI/orchestration/tp1/airflow-env/lib/python3.9/site-packages/airflow/example_dags/tutorial_objectstorage.py
[2024-06-25T12:10:43.914+0200] {logging_mixin.py:188} INFO - [2024-06-25T12:10:43.913+0200] {dag.py:3096} INFO - Sync 1 DAGs
[2024-06-25T12:10:43.926+0200] {logging_mixin.py:188} INFO - [2024-06-25T12:10:43.925+0200] {dag.py:3954} INFO - Setting next_dagrun for tutorial_objectstorage to None, run_after=None
[2024-06-25T12:10:43.952+0200] {processor.py:183} INFO - Processing /Users/stockly/Downloads/ESGI/orchestration/tp1/airflow-env/lib/python3.9/site-packages/airflow/example_dags/tutorial_objectstorage.py took 0.289 seconds
[2024-06-25T12:12:38.161+0200] {processor.py:161} INFO - Started process (PID=13959) to work on /Users/stockly/Downloads/ESGI/orchestration/tp1/airflow-env/lib/python3.9/site-packages/airflow/example_dags/tutorial_objectstorage.py
[2024-06-25T12:12:38.164+0200] {processor.py:830} INFO - Processing file /Users/stockly/Downloads/ESGI/orchestration/tp1/airflow-env/lib/python3.9/site-packages/airflow/example_dags/tutorial_objectstorage.py for tasks to queue
[2024-06-25T12:12:38.165+0200] {logging_mixin.py:188} INFO - [2024-06-25T12:12:38.164+0200] {dagbag.py:545} INFO - Filling up the DagBag from /Users/stockly/Downloads/ESGI/orchestration/tp1/airflow-env/lib/python3.9/site-packages/airflow/example_dags/tutorial_objectstorage.py
[2024-06-25T12:12:38.261+0200] {processor.py:840} INFO - DAG(s) 'tutorial_objectstorage' retrieved from /Users/stockly/Downloads/ESGI/orchestration/tp1/airflow-env/lib/python3.9/site-packages/airflow/example_dags/tutorial_objectstorage.py
[2024-06-25T12:12:38.427+0200] {logging_mixin.py:188} INFO - [2024-06-25T12:12:38.427+0200] {dag.py:3096} INFO - Sync 1 DAGs
[2024-06-25T12:12:38.440+0200] {logging_mixin.py:188} INFO - [2024-06-25T12:12:38.439+0200] {dag.py:3954} INFO - Setting next_dagrun for tutorial_objectstorage to None, run_after=None
[2024-06-25T12:12:38.458+0200] {processor.py:183} INFO - Processing /Users/stockly/Downloads/ESGI/orchestration/tp1/airflow-env/lib/python3.9/site-packages/airflow/example_dags/tutorial_objectstorage.py took 0.300 seconds
[2024-06-25T12:15:09.072+0200] {processor.py:161} INFO - Started process (PID=14091) to work on /Users/stockly/Downloads/ESGI/orchestration/tp1/airflow-env/lib/python3.9/site-packages/airflow/example_dags/tutorial_objectstorage.py
[2024-06-25T12:15:09.077+0200] {processor.py:830} INFO - Processing file /Users/stockly/Downloads/ESGI/orchestration/tp1/airflow-env/lib/python3.9/site-packages/airflow/example_dags/tutorial_objectstorage.py for tasks to queue
[2024-06-25T12:15:09.078+0200] {logging_mixin.py:188} INFO - [2024-06-25T12:15:09.078+0200] {dagbag.py:545} INFO - Filling up the DagBag from /Users/stockly/Downloads/ESGI/orchestration/tp1/airflow-env/lib/python3.9/site-packages/airflow/example_dags/tutorial_objectstorage.py
[2024-06-25T12:15:09.156+0200] {processor.py:840} INFO - DAG(s) 'tutorial_objectstorage' retrieved from /Users/stockly/Downloads/ESGI/orchestration/tp1/airflow-env/lib/python3.9/site-packages/airflow/example_dags/tutorial_objectstorage.py
[2024-06-25T12:15:09.319+0200] {logging_mixin.py:188} INFO - [2024-06-25T12:15:09.318+0200] {dag.py:3096} INFO - Sync 1 DAGs
[2024-06-25T12:15:09.330+0200] {logging_mixin.py:188} INFO - [2024-06-25T12:15:09.330+0200] {dag.py:3954} INFO - Setting next_dagrun for tutorial_objectstorage to None, run_after=None
[2024-06-25T12:15:09.357+0200] {processor.py:183} INFO - Processing /Users/stockly/Downloads/ESGI/orchestration/tp1/airflow-env/lib/python3.9/site-packages/airflow/example_dags/tutorial_objectstorage.py took 0.290 seconds
[2024-06-25T12:17:30.973+0200] {processor.py:161} INFO - Started process (PID=14156) to work on /Users/stockly/Downloads/ESGI/orchestration/tp1/airflow-env/lib/python3.9/site-packages/airflow/example_dags/tutorial_objectstorage.py
[2024-06-25T12:17:30.976+0200] {processor.py:830} INFO - Processing file /Users/stockly/Downloads/ESGI/orchestration/tp1/airflow-env/lib/python3.9/site-packages/airflow/example_dags/tutorial_objectstorage.py for tasks to queue
[2024-06-25T12:17:30.977+0200] {logging_mixin.py:188} INFO - [2024-06-25T12:17:30.977+0200] {dagbag.py:545} INFO - Filling up the DagBag from /Users/stockly/Downloads/ESGI/orchestration/tp1/airflow-env/lib/python3.9/site-packages/airflow/example_dags/tutorial_objectstorage.py
[2024-06-25T12:17:31.053+0200] {processor.py:840} INFO - DAG(s) 'tutorial_objectstorage' retrieved from /Users/stockly/Downloads/ESGI/orchestration/tp1/airflow-env/lib/python3.9/site-packages/airflow/example_dags/tutorial_objectstorage.py
[2024-06-25T12:17:31.237+0200] {logging_mixin.py:188} INFO - [2024-06-25T12:17:31.237+0200] {dag.py:3096} INFO - Sync 1 DAGs
[2024-06-25T12:17:31.250+0200] {logging_mixin.py:188} INFO - [2024-06-25T12:17:31.250+0200] {dag.py:3954} INFO - Setting next_dagrun for tutorial_objectstorage to None, run_after=None
[2024-06-25T12:17:31.277+0200] {processor.py:183} INFO - Processing /Users/stockly/Downloads/ESGI/orchestration/tp1/airflow-env/lib/python3.9/site-packages/airflow/example_dags/tutorial_objectstorage.py took 0.307 seconds
[2024-06-25T12:19:24.664+0200] {processor.py:161} INFO - Started process (PID=14213) to work on /Users/stockly/Downloads/ESGI/orchestration/tp1/airflow-env/lib/python3.9/site-packages/airflow/example_dags/tutorial_objectstorage.py
[2024-06-25T12:19:24.668+0200] {processor.py:830} INFO - Processing file /Users/stockly/Downloads/ESGI/orchestration/tp1/airflow-env/lib/python3.9/site-packages/airflow/example_dags/tutorial_objectstorage.py for tasks to queue
[2024-06-25T12:19:24.669+0200] {logging_mixin.py:188} INFO - [2024-06-25T12:19:24.669+0200] {dagbag.py:545} INFO - Filling up the DagBag from /Users/stockly/Downloads/ESGI/orchestration/tp1/airflow-env/lib/python3.9/site-packages/airflow/example_dags/tutorial_objectstorage.py
[2024-06-25T12:19:24.763+0200] {processor.py:840} INFO - DAG(s) 'tutorial_objectstorage' retrieved from /Users/stockly/Downloads/ESGI/orchestration/tp1/airflow-env/lib/python3.9/site-packages/airflow/example_dags/tutorial_objectstorage.py
[2024-06-25T12:19:24.949+0200] {logging_mixin.py:188} INFO - [2024-06-25T12:19:24.949+0200] {dag.py:3096} INFO - Sync 1 DAGs
[2024-06-25T12:19:24.961+0200] {logging_mixin.py:188} INFO - [2024-06-25T12:19:24.961+0200] {dag.py:3954} INFO - Setting next_dagrun for tutorial_objectstorage to None, run_after=None
[2024-06-25T12:19:24.992+0200] {processor.py:183} INFO - Processing /Users/stockly/Downloads/ESGI/orchestration/tp1/airflow-env/lib/python3.9/site-packages/airflow/example_dags/tutorial_objectstorage.py took 0.331 seconds
[2024-06-25T12:21:17.671+0200] {processor.py:161} INFO - Started process (PID=14260) to work on /Users/stockly/Downloads/ESGI/orchestration/tp1/airflow-env/lib/python3.9/site-packages/airflow/example_dags/tutorial_objectstorage.py
[2024-06-25T12:21:17.674+0200] {processor.py:830} INFO - Processing file /Users/stockly/Downloads/ESGI/orchestration/tp1/airflow-env/lib/python3.9/site-packages/airflow/example_dags/tutorial_objectstorage.py for tasks to queue
[2024-06-25T12:21:17.675+0200] {logging_mixin.py:188} INFO - [2024-06-25T12:21:17.675+0200] {dagbag.py:545} INFO - Filling up the DagBag from /Users/stockly/Downloads/ESGI/orchestration/tp1/airflow-env/lib/python3.9/site-packages/airflow/example_dags/tutorial_objectstorage.py
[2024-06-25T12:21:17.760+0200] {processor.py:840} INFO - DAG(s) 'tutorial_objectstorage' retrieved from /Users/stockly/Downloads/ESGI/orchestration/tp1/airflow-env/lib/python3.9/site-packages/airflow/example_dags/tutorial_objectstorage.py
[2024-06-25T12:21:17.937+0200] {logging_mixin.py:188} INFO - [2024-06-25T12:21:17.936+0200] {dag.py:3096} INFO - Sync 1 DAGs
[2024-06-25T12:21:17.949+0200] {logging_mixin.py:188} INFO - [2024-06-25T12:21:17.948+0200] {dag.py:3954} INFO - Setting next_dagrun for tutorial_objectstorage to None, run_after=None
[2024-06-25T12:21:17.976+0200] {processor.py:183} INFO - Processing /Users/stockly/Downloads/ESGI/orchestration/tp1/airflow-env/lib/python3.9/site-packages/airflow/example_dags/tutorial_objectstorage.py took 0.309 seconds
[2024-06-25T12:23:09.464+0200] {processor.py:161} INFO - Started process (PID=14310) to work on /Users/stockly/Downloads/ESGI/orchestration/tp1/airflow-env/lib/python3.9/site-packages/airflow/example_dags/tutorial_objectstorage.py
[2024-06-25T12:23:09.467+0200] {processor.py:830} INFO - Processing file /Users/stockly/Downloads/ESGI/orchestration/tp1/airflow-env/lib/python3.9/site-packages/airflow/example_dags/tutorial_objectstorage.py for tasks to queue
[2024-06-25T12:23:09.468+0200] {logging_mixin.py:188} INFO - [2024-06-25T12:23:09.468+0200] {dagbag.py:545} INFO - Filling up the DagBag from /Users/stockly/Downloads/ESGI/orchestration/tp1/airflow-env/lib/python3.9/site-packages/airflow/example_dags/tutorial_objectstorage.py
[2024-06-25T12:23:09.559+0200] {processor.py:840} INFO - DAG(s) 'tutorial_objectstorage' retrieved from /Users/stockly/Downloads/ESGI/orchestration/tp1/airflow-env/lib/python3.9/site-packages/airflow/example_dags/tutorial_objectstorage.py
[2024-06-25T12:23:09.731+0200] {logging_mixin.py:188} INFO - [2024-06-25T12:23:09.731+0200] {dag.py:3096} INFO - Sync 1 DAGs
[2024-06-25T12:23:09.744+0200] {logging_mixin.py:188} INFO - [2024-06-25T12:23:09.743+0200] {dag.py:3954} INFO - Setting next_dagrun for tutorial_objectstorage to None, run_after=None
[2024-06-25T12:23:09.772+0200] {processor.py:183} INFO - Processing /Users/stockly/Downloads/ESGI/orchestration/tp1/airflow-env/lib/python3.9/site-packages/airflow/example_dags/tutorial_objectstorage.py took 0.310 seconds
[2024-06-25T12:26:03.557+0200] {processor.py:161} INFO - Started process (PID=14425) to work on /Users/stockly/Library/Python/3.9/lib/python/site-packages/airflow/example_dags/tutorial_objectstorage.py
[2024-06-25T12:26:03.568+0200] {processor.py:830} INFO - Processing file /Users/stockly/Library/Python/3.9/lib/python/site-packages/airflow/example_dags/tutorial_objectstorage.py for tasks to queue
[2024-06-25T12:26:03.569+0200] {logging_mixin.py:188} INFO - [2024-06-25T12:26:03.569+0200] {dagbag.py:545} INFO - Filling up the DagBag from /Users/stockly/Library/Python/3.9/lib/python/site-packages/airflow/example_dags/tutorial_objectstorage.py
[2024-06-25T12:26:03.690+0200] {processor.py:840} INFO - DAG(s) 'tutorial_objectstorage' retrieved from /Users/stockly/Library/Python/3.9/lib/python/site-packages/airflow/example_dags/tutorial_objectstorage.py
[2024-06-25T12:26:03.922+0200] {logging_mixin.py:188} INFO - [2024-06-25T12:26:03.922+0200] {dag.py:3096} INFO - Sync 1 DAGs
[2024-06-25T12:26:03.932+0200] {logging_mixin.py:188} INFO - [2024-06-25T12:26:03.932+0200] {dag.py:3954} INFO - Setting next_dagrun for tutorial_objectstorage to None, run_after=None
[2024-06-25T12:26:03.960+0200] {processor.py:183} INFO - Processing /Users/stockly/Library/Python/3.9/lib/python/site-packages/airflow/example_dags/tutorial_objectstorage.py took 0.406 seconds
