[2024-06-25T12:08:26.417+0200] {processor.py:161} INFO - Started process (PID=13790) to work on /Users/stockly/Downloads/ESGI/orchestration/tp1/airflow-env/lib/python3.9/site-packages/airflow/example_dags/tutorial.py
[2024-06-25T12:08:26.421+0200] {processor.py:830} INFO - Processing file /Users/stockly/Downloads/ESGI/orchestration/tp1/airflow-env/lib/python3.9/site-packages/airflow/example_dags/tutorial.py for tasks to queue
[2024-06-25T12:08:26.422+0200] {logging_mixin.py:188} INFO - [2024-06-25T12:08:26.422+0200] {dagbag.py:545} INFO - Filling up the DagBag from /Users/stockly/Downloads/ESGI/orchestration/tp1/airflow-env/lib/python3.9/site-packages/airflow/example_dags/tutorial.py
[2024-06-25T12:08:26.433+0200] {processor.py:840} INFO - DAG(s) 'tutorial' retrieved from /Users/stockly/Downloads/ESGI/orchestration/tp1/airflow-env/lib/python3.9/site-packages/airflow/example_dags/tutorial.py
[2024-06-25T12:08:26.702+0200] {logging_mixin.py:188} INFO - [2024-06-25T12:08:26.702+0200] {override.py:1829} INFO - Created Permission View: can read on DAG:tutorial
[2024-06-25T12:08:26.711+0200] {logging_mixin.py:188} INFO - [2024-06-25T12:08:26.710+0200] {override.py:1829} INFO - Created Permission View: can edit on DAG:tutorial
[2024-06-25T12:08:26.716+0200] {logging_mixin.py:188} INFO - [2024-06-25T12:08:26.716+0200] {override.py:1829} INFO - Created Permission View: can delete on DAG:tutorial
[2024-06-25T12:08:26.717+0200] {logging_mixin.py:188} INFO - [2024-06-25T12:08:26.717+0200] {dag.py:3096} INFO - Sync 1 DAGs
[2024-06-25T12:08:26.728+0200] {logging_mixin.py:188} INFO - [2024-06-25T12:08:26.728+0200] {dag.py:3118} INFO - Creating ORM DAG for tutorial
[2024-06-25T12:08:26.741+0200] {logging_mixin.py:188} INFO - [2024-06-25T12:08:26.741+0200] {dag.py:3954} INFO - Setting next_dagrun for tutorial to 2024-06-24 00:00:00+00:00, run_after=2024-06-25 00:00:00+00:00
[2024-06-25T12:08:26.758+0200] {processor.py:183} INFO - Processing /Users/stockly/Downloads/ESGI/orchestration/tp1/airflow-env/lib/python3.9/site-packages/airflow/example_dags/tutorial.py took 0.345 seconds
[2024-06-25T12:10:49.313+0200] {processor.py:161} INFO - Started process (PID=13903) to work on /Users/stockly/Downloads/ESGI/orchestration/tp1/airflow-env/lib/python3.9/site-packages/airflow/example_dags/tutorial.py
[2024-06-25T12:10:49.316+0200] {processor.py:830} INFO - Processing file /Users/stockly/Downloads/ESGI/orchestration/tp1/airflow-env/lib/python3.9/site-packages/airflow/example_dags/tutorial.py for tasks to queue
[2024-06-25T12:10:49.317+0200] {logging_mixin.py:188} INFO - [2024-06-25T12:10:49.317+0200] {dagbag.py:545} INFO - Filling up the DagBag from /Users/stockly/Downloads/ESGI/orchestration/tp1/airflow-env/lib/python3.9/site-packages/airflow/example_dags/tutorial.py
[2024-06-25T12:10:49.325+0200] {processor.py:840} INFO - DAG(s) 'tutorial' retrieved from /Users/stockly/Downloads/ESGI/orchestration/tp1/airflow-env/lib/python3.9/site-packages/airflow/example_dags/tutorial.py
[2024-06-25T12:10:49.443+0200] {logging_mixin.py:188} INFO - [2024-06-25T12:10:49.442+0200] {dag.py:3096} INFO - Sync 1 DAGs
[2024-06-25T12:10:49.506+0200] {logging_mixin.py:188} INFO - [2024-06-25T12:10:49.506+0200] {dag.py:3954} INFO - Setting next_dagrun for tutorial to 2024-06-24 00:00:00+00:00, run_after=2024-06-25 00:00:00+00:00
[2024-06-25T12:10:49.525+0200] {processor.py:183} INFO - Processing /Users/stockly/Downloads/ESGI/orchestration/tp1/airflow-env/lib/python3.9/site-packages/airflow/example_dags/tutorial.py took 0.214 seconds
[2024-06-25T12:12:43.861+0200] {processor.py:161} INFO - Started process (PID=13961) to work on /Users/stockly/Downloads/ESGI/orchestration/tp1/airflow-env/lib/python3.9/site-packages/airflow/example_dags/tutorial.py
[2024-06-25T12:12:43.872+0200] {processor.py:830} INFO - Processing file /Users/stockly/Downloads/ESGI/orchestration/tp1/airflow-env/lib/python3.9/site-packages/airflow/example_dags/tutorial.py for tasks to queue
[2024-06-25T12:12:43.873+0200] {logging_mixin.py:188} INFO - [2024-06-25T12:12:43.873+0200] {dagbag.py:545} INFO - Filling up the DagBag from /Users/stockly/Downloads/ESGI/orchestration/tp1/airflow-env/lib/python3.9/site-packages/airflow/example_dags/tutorial.py
[2024-06-25T12:12:43.883+0200] {processor.py:840} INFO - DAG(s) 'tutorial' retrieved from /Users/stockly/Downloads/ESGI/orchestration/tp1/airflow-env/lib/python3.9/site-packages/airflow/example_dags/tutorial.py
[2024-06-25T12:12:44.009+0200] {logging_mixin.py:188} INFO - [2024-06-25T12:12:44.009+0200] {dag.py:3096} INFO - Sync 1 DAGs
[2024-06-25T12:12:44.073+0200] {logging_mixin.py:188} INFO - [2024-06-25T12:12:44.072+0200] {dag.py:3954} INFO - Setting next_dagrun for tutorial to 2024-06-24 00:00:00+00:00, run_after=2024-06-25 00:00:00+00:00
[2024-06-25T12:12:44.116+0200] {processor.py:183} INFO - Processing /Users/stockly/Downloads/ESGI/orchestration/tp1/airflow-env/lib/python3.9/site-packages/airflow/example_dags/tutorial.py took 0.258 seconds
[2024-06-25T12:15:14.459+0200] {processor.py:161} INFO - Started process (PID=14095) to work on /Users/stockly/Downloads/ESGI/orchestration/tp1/airflow-env/lib/python3.9/site-packages/airflow/example_dags/tutorial.py
[2024-06-25T12:15:14.469+0200] {processor.py:830} INFO - Processing file /Users/stockly/Downloads/ESGI/orchestration/tp1/airflow-env/lib/python3.9/site-packages/airflow/example_dags/tutorial.py for tasks to queue
[2024-06-25T12:15:14.470+0200] {logging_mixin.py:188} INFO - [2024-06-25T12:15:14.470+0200] {dagbag.py:545} INFO - Filling up the DagBag from /Users/stockly/Downloads/ESGI/orchestration/tp1/airflow-env/lib/python3.9/site-packages/airflow/example_dags/tutorial.py
[2024-06-25T12:15:14.478+0200] {processor.py:840} INFO - DAG(s) 'tutorial' retrieved from /Users/stockly/Downloads/ESGI/orchestration/tp1/airflow-env/lib/python3.9/site-packages/airflow/example_dags/tutorial.py
[2024-06-25T12:15:14.623+0200] {logging_mixin.py:188} INFO - [2024-06-25T12:15:14.622+0200] {dag.py:3096} INFO - Sync 1 DAGs
[2024-06-25T12:15:14.693+0200] {logging_mixin.py:188} INFO - [2024-06-25T12:15:14.693+0200] {dag.py:3954} INFO - Setting next_dagrun for tutorial to 2024-06-24 00:00:00+00:00, run_after=2024-06-25 00:00:00+00:00
[2024-06-25T12:15:14.712+0200] {processor.py:183} INFO - Processing /Users/stockly/Downloads/ESGI/orchestration/tp1/airflow-env/lib/python3.9/site-packages/airflow/example_dags/tutorial.py took 0.256 seconds
[2024-06-25T12:17:36.831+0200] {processor.py:161} INFO - Started process (PID=14161) to work on /Users/stockly/Downloads/ESGI/orchestration/tp1/airflow-env/lib/python3.9/site-packages/airflow/example_dags/tutorial.py
[2024-06-25T12:17:36.834+0200] {processor.py:830} INFO - Processing file /Users/stockly/Downloads/ESGI/orchestration/tp1/airflow-env/lib/python3.9/site-packages/airflow/example_dags/tutorial.py for tasks to queue
[2024-06-25T12:17:36.836+0200] {logging_mixin.py:188} INFO - [2024-06-25T12:17:36.836+0200] {dagbag.py:545} INFO - Filling up the DagBag from /Users/stockly/Downloads/ESGI/orchestration/tp1/airflow-env/lib/python3.9/site-packages/airflow/example_dags/tutorial.py
[2024-06-25T12:17:36.844+0200] {processor.py:840} INFO - DAG(s) 'tutorial' retrieved from /Users/stockly/Downloads/ESGI/orchestration/tp1/airflow-env/lib/python3.9/site-packages/airflow/example_dags/tutorial.py
[2024-06-25T12:17:36.976+0200] {logging_mixin.py:188} INFO - [2024-06-25T12:17:36.975+0200] {dag.py:3096} INFO - Sync 1 DAGs
[2024-06-25T12:17:37.041+0200] {logging_mixin.py:188} INFO - [2024-06-25T12:17:37.040+0200] {dag.py:3954} INFO - Setting next_dagrun for tutorial to 2024-06-24 00:00:00+00:00, run_after=2024-06-25 00:00:00+00:00
[2024-06-25T12:17:37.058+0200] {processor.py:183} INFO - Processing /Users/stockly/Downloads/ESGI/orchestration/tp1/airflow-env/lib/python3.9/site-packages/airflow/example_dags/tutorial.py took 0.230 seconds
[2024-06-25T12:19:30.511+0200] {processor.py:161} INFO - Started process (PID=14215) to work on /Users/stockly/Downloads/ESGI/orchestration/tp1/airflow-env/lib/python3.9/site-packages/airflow/example_dags/tutorial.py
[2024-06-25T12:19:30.521+0200] {processor.py:830} INFO - Processing file /Users/stockly/Downloads/ESGI/orchestration/tp1/airflow-env/lib/python3.9/site-packages/airflow/example_dags/tutorial.py for tasks to queue
[2024-06-25T12:19:30.523+0200] {logging_mixin.py:188} INFO - [2024-06-25T12:19:30.522+0200] {dagbag.py:545} INFO - Filling up the DagBag from /Users/stockly/Downloads/ESGI/orchestration/tp1/airflow-env/lib/python3.9/site-packages/airflow/example_dags/tutorial.py
[2024-06-25T12:19:30.533+0200] {processor.py:840} INFO - DAG(s) 'tutorial' retrieved from /Users/stockly/Downloads/ESGI/orchestration/tp1/airflow-env/lib/python3.9/site-packages/airflow/example_dags/tutorial.py
[2024-06-25T12:19:30.661+0200] {logging_mixin.py:188} INFO - [2024-06-25T12:19:30.660+0200] {dag.py:3096} INFO - Sync 1 DAGs
[2024-06-25T12:19:30.731+0200] {logging_mixin.py:188} INFO - [2024-06-25T12:19:30.731+0200] {dag.py:3954} INFO - Setting next_dagrun for tutorial to 2024-06-24 00:00:00+00:00, run_after=2024-06-25 00:00:00+00:00
[2024-06-25T12:19:30.756+0200] {processor.py:183} INFO - Processing /Users/stockly/Downloads/ESGI/orchestration/tp1/airflow-env/lib/python3.9/site-packages/airflow/example_dags/tutorial.py took 0.248 seconds
[2024-06-25T12:21:23.551+0200] {processor.py:161} INFO - Started process (PID=14263) to work on /Users/stockly/Downloads/ESGI/orchestration/tp1/airflow-env/lib/python3.9/site-packages/airflow/example_dags/tutorial.py
[2024-06-25T12:21:23.555+0200] {processor.py:830} INFO - Processing file /Users/stockly/Downloads/ESGI/orchestration/tp1/airflow-env/lib/python3.9/site-packages/airflow/example_dags/tutorial.py for tasks to queue
[2024-06-25T12:21:23.555+0200] {logging_mixin.py:188} INFO - [2024-06-25T12:21:23.555+0200] {dagbag.py:545} INFO - Filling up the DagBag from /Users/stockly/Downloads/ESGI/orchestration/tp1/airflow-env/lib/python3.9/site-packages/airflow/example_dags/tutorial.py
[2024-06-25T12:21:23.564+0200] {processor.py:840} INFO - DAG(s) 'tutorial' retrieved from /Users/stockly/Downloads/ESGI/orchestration/tp1/airflow-env/lib/python3.9/site-packages/airflow/example_dags/tutorial.py
[2024-06-25T12:21:23.699+0200] {logging_mixin.py:188} INFO - [2024-06-25T12:21:23.699+0200] {dag.py:3096} INFO - Sync 1 DAGs
[2024-06-25T12:21:23.768+0200] {logging_mixin.py:188} INFO - [2024-06-25T12:21:23.768+0200] {dag.py:3954} INFO - Setting next_dagrun for tutorial to 2024-06-24 00:00:00+00:00, run_after=2024-06-25 00:00:00+00:00
[2024-06-25T12:21:23.796+0200] {processor.py:183} INFO - Processing /Users/stockly/Downloads/ESGI/orchestration/tp1/airflow-env/lib/python3.9/site-packages/airflow/example_dags/tutorial.py took 0.247 seconds
[2024-06-25T12:23:15.604+0200] {processor.py:161} INFO - Started process (PID=14312) to work on /Users/stockly/Downloads/ESGI/orchestration/tp1/airflow-env/lib/python3.9/site-packages/airflow/example_dags/tutorial.py
[2024-06-25T12:23:15.607+0200] {processor.py:830} INFO - Processing file /Users/stockly/Downloads/ESGI/orchestration/tp1/airflow-env/lib/python3.9/site-packages/airflow/example_dags/tutorial.py for tasks to queue
[2024-06-25T12:23:15.609+0200] {logging_mixin.py:188} INFO - [2024-06-25T12:23:15.608+0200] {dagbag.py:545} INFO - Filling up the DagBag from /Users/stockly/Downloads/ESGI/orchestration/tp1/airflow-env/lib/python3.9/site-packages/airflow/example_dags/tutorial.py
[2024-06-25T12:23:15.617+0200] {processor.py:840} INFO - DAG(s) 'tutorial' retrieved from /Users/stockly/Downloads/ESGI/orchestration/tp1/airflow-env/lib/python3.9/site-packages/airflow/example_dags/tutorial.py
[2024-06-25T12:23:15.757+0200] {logging_mixin.py:188} INFO - [2024-06-25T12:23:15.757+0200] {dag.py:3096} INFO - Sync 1 DAGs
[2024-06-25T12:23:15.832+0200] {logging_mixin.py:188} INFO - [2024-06-25T12:23:15.832+0200] {dag.py:3954} INFO - Setting next_dagrun for tutorial to 2024-06-24 00:00:00+00:00, run_after=2024-06-25 00:00:00+00:00
[2024-06-25T12:23:15.859+0200] {processor.py:183} INFO - Processing /Users/stockly/Downloads/ESGI/orchestration/tp1/airflow-env/lib/python3.9/site-packages/airflow/example_dags/tutorial.py took 0.258 seconds
[2024-06-25T12:26:10.130+0200] {processor.py:161} INFO - Started process (PID=14427) to work on /Users/stockly/Library/Python/3.9/lib/python/site-packages/airflow/example_dags/tutorial.py
[2024-06-25T12:26:10.133+0200] {processor.py:830} INFO - Processing file /Users/stockly/Library/Python/3.9/lib/python/site-packages/airflow/example_dags/tutorial.py for tasks to queue
[2024-06-25T12:26:10.134+0200] {logging_mixin.py:188} INFO - [2024-06-25T12:26:10.134+0200] {dagbag.py:545} INFO - Filling up the DagBag from /Users/stockly/Library/Python/3.9/lib/python/site-packages/airflow/example_dags/tutorial.py
[2024-06-25T12:26:10.143+0200] {processor.py:840} INFO - DAG(s) 'tutorial' retrieved from /Users/stockly/Library/Python/3.9/lib/python/site-packages/airflow/example_dags/tutorial.py
[2024-06-25T12:26:10.351+0200] {logging_mixin.py:188} INFO - [2024-06-25T12:26:10.350+0200] {dag.py:3096} INFO - Sync 1 DAGs
[2024-06-25T12:26:10.372+0200] {logging_mixin.py:188} INFO - [2024-06-25T12:26:10.372+0200] {dag.py:3954} INFO - Setting next_dagrun for tutorial to 2024-06-24 00:00:00+00:00, run_after=2024-06-25 00:00:00+00:00
[2024-06-25T12:26:10.401+0200] {processor.py:183} INFO - Processing /Users/stockly/Library/Python/3.9/lib/python/site-packages/airflow/example_dags/tutorial.py took 0.274 seconds
