[2024-06-25T12:08:17.284+0200] {processor.py:161} INFO - Started process (PID=13784) to work on /Users/stockly/Downloads/ESGI/orchestration/tp1/airflow-env/lib/python3.9/site-packages/airflow/example_dags/tutorial_taskflow_api.py
[2024-06-25T12:08:17.287+0200] {processor.py:830} INFO - Processing file /Users/stockly/Downloads/ESGI/orchestration/tp1/airflow-env/lib/python3.9/site-packages/airflow/example_dags/tutorial_taskflow_api.py for tasks to queue
[2024-06-25T12:08:17.288+0200] {logging_mixin.py:188} INFO - [2024-06-25T12:08:17.288+0200] {dagbag.py:545} INFO - Filling up the DagBag from /Users/stockly/Downloads/ESGI/orchestration/tp1/airflow-env/lib/python3.9/site-packages/airflow/example_dags/tutorial_taskflow_api.py
[2024-06-25T12:08:17.325+0200] {processor.py:840} INFO - DAG(s) 'tutorial_taskflow_api' retrieved from /Users/stockly/Downloads/ESGI/orchestration/tp1/airflow-env/lib/python3.9/site-packages/airflow/example_dags/tutorial_taskflow_api.py
[2024-06-25T12:08:17.616+0200] {logging_mixin.py:188} INFO - [2024-06-25T12:08:17.615+0200] {override.py:1829} INFO - Created Permission View: can edit on DAG:tutorial_taskflow_api
[2024-06-25T12:08:17.626+0200] {logging_mixin.py:188} INFO - [2024-06-25T12:08:17.626+0200] {override.py:1829} INFO - Created Permission View: can read on DAG:tutorial_taskflow_api
[2024-06-25T12:08:17.632+0200] {logging_mixin.py:188} INFO - [2024-06-25T12:08:17.632+0200] {override.py:1829} INFO - Created Permission View: can delete on DAG:tutorial_taskflow_api
[2024-06-25T12:08:17.632+0200] {logging_mixin.py:188} INFO - [2024-06-25T12:08:17.632+0200] {dag.py:3096} INFO - Sync 1 DAGs
[2024-06-25T12:08:17.643+0200] {logging_mixin.py:188} INFO - [2024-06-25T12:08:17.643+0200] {dag.py:3118} INFO - Creating ORM DAG for tutorial_taskflow_api
[2024-06-25T12:08:17.644+0200] {logging_mixin.py:188} INFO - [2024-06-25T12:08:17.643+0200] {dag.py:3954} INFO - Setting next_dagrun for tutorial_taskflow_api to None, run_after=None
[2024-06-25T12:08:17.661+0200] {processor.py:183} INFO - Processing /Users/stockly/Downloads/ESGI/orchestration/tp1/airflow-env/lib/python3.9/site-packages/airflow/example_dags/tutorial_taskflow_api.py took 0.379 seconds
[2024-06-25T12:10:40.856+0200] {processor.py:161} INFO - Started process (PID=13900) to work on /Users/stockly/Downloads/ESGI/orchestration/tp1/airflow-env/lib/python3.9/site-packages/airflow/example_dags/tutorial_taskflow_api.py
[2024-06-25T12:10:40.859+0200] {processor.py:830} INFO - Processing file /Users/stockly/Downloads/ESGI/orchestration/tp1/airflow-env/lib/python3.9/site-packages/airflow/example_dags/tutorial_taskflow_api.py for tasks to queue
[2024-06-25T12:10:40.860+0200] {logging_mixin.py:188} INFO - [2024-06-25T12:10:40.860+0200] {dagbag.py:545} INFO - Filling up the DagBag from /Users/stockly/Downloads/ESGI/orchestration/tp1/airflow-env/lib/python3.9/site-packages/airflow/example_dags/tutorial_taskflow_api.py
[2024-06-25T12:10:40.898+0200] {processor.py:840} INFO - DAG(s) 'tutorial_taskflow_api' retrieved from /Users/stockly/Downloads/ESGI/orchestration/tp1/airflow-env/lib/python3.9/site-packages/airflow/example_dags/tutorial_taskflow_api.py
[2024-06-25T12:10:41.067+0200] {logging_mixin.py:188} INFO - [2024-06-25T12:10:41.067+0200] {dag.py:3096} INFO - Sync 1 DAGs
[2024-06-25T12:10:41.077+0200] {logging_mixin.py:188} INFO - [2024-06-25T12:10:41.077+0200] {dag.py:3954} INFO - Setting next_dagrun for tutorial_taskflow_api to None, run_after=None
[2024-06-25T12:10:41.094+0200] {processor.py:183} INFO - Processing /Users/stockly/Downloads/ESGI/orchestration/tp1/airflow-env/lib/python3.9/site-packages/airflow/example_dags/tutorial_taskflow_api.py took 0.241 seconds
[2024-06-25T12:12:35.344+0200] {processor.py:161} INFO - Started process (PID=13958) to work on /Users/stockly/Downloads/ESGI/orchestration/tp1/airflow-env/lib/python3.9/site-packages/airflow/example_dags/tutorial_taskflow_api.py
[2024-06-25T12:12:35.347+0200] {processor.py:830} INFO - Processing file /Users/stockly/Downloads/ESGI/orchestration/tp1/airflow-env/lib/python3.9/site-packages/airflow/example_dags/tutorial_taskflow_api.py for tasks to queue
[2024-06-25T12:12:35.348+0200] {logging_mixin.py:188} INFO - [2024-06-25T12:12:35.348+0200] {dagbag.py:545} INFO - Filling up the DagBag from /Users/stockly/Downloads/ESGI/orchestration/tp1/airflow-env/lib/python3.9/site-packages/airflow/example_dags/tutorial_taskflow_api.py
[2024-06-25T12:12:35.386+0200] {processor.py:840} INFO - DAG(s) 'tutorial_taskflow_api' retrieved from /Users/stockly/Downloads/ESGI/orchestration/tp1/airflow-env/lib/python3.9/site-packages/airflow/example_dags/tutorial_taskflow_api.py
[2024-06-25T12:12:35.551+0200] {logging_mixin.py:188} INFO - [2024-06-25T12:12:35.551+0200] {dag.py:3096} INFO - Sync 1 DAGs
[2024-06-25T12:12:35.562+0200] {logging_mixin.py:188} INFO - [2024-06-25T12:12:35.562+0200] {dag.py:3954} INFO - Setting next_dagrun for tutorial_taskflow_api to None, run_after=None
[2024-06-25T12:12:35.580+0200] {processor.py:183} INFO - Processing /Users/stockly/Downloads/ESGI/orchestration/tp1/airflow-env/lib/python3.9/site-packages/airflow/example_dags/tutorial_taskflow_api.py took 0.238 seconds
[2024-06-25T12:15:06.012+0200] {processor.py:161} INFO - Started process (PID=14089) to work on /Users/stockly/Downloads/ESGI/orchestration/tp1/airflow-env/lib/python3.9/site-packages/airflow/example_dags/tutorial_taskflow_api.py
[2024-06-25T12:15:06.023+0200] {processor.py:830} INFO - Processing file /Users/stockly/Downloads/ESGI/orchestration/tp1/airflow-env/lib/python3.9/site-packages/airflow/example_dags/tutorial_taskflow_api.py for tasks to queue
[2024-06-25T12:15:06.024+0200] {logging_mixin.py:188} INFO - [2024-06-25T12:15:06.024+0200] {dagbag.py:545} INFO - Filling up the DagBag from /Users/stockly/Downloads/ESGI/orchestration/tp1/airflow-env/lib/python3.9/site-packages/airflow/example_dags/tutorial_taskflow_api.py
[2024-06-25T12:15:06.062+0200] {processor.py:840} INFO - DAG(s) 'tutorial_taskflow_api' retrieved from /Users/stockly/Downloads/ESGI/orchestration/tp1/airflow-env/lib/python3.9/site-packages/airflow/example_dags/tutorial_taskflow_api.py
[2024-06-25T12:15:06.317+0200] {logging_mixin.py:188} INFO - [2024-06-25T12:15:06.316+0200] {dag.py:3096} INFO - Sync 1 DAGs
[2024-06-25T12:15:06.327+0200] {logging_mixin.py:188} INFO - [2024-06-25T12:15:06.327+0200] {dag.py:3954} INFO - Setting next_dagrun for tutorial_taskflow_api to None, run_after=None
[2024-06-25T12:15:06.348+0200] {processor.py:183} INFO - Processing /Users/stockly/Downloads/ESGI/orchestration/tp1/airflow-env/lib/python3.9/site-packages/airflow/example_dags/tutorial_taskflow_api.py took 0.338 seconds
[2024-06-25T12:17:28.170+0200] {processor.py:161} INFO - Started process (PID=14153) to work on /Users/stockly/Downloads/ESGI/orchestration/tp1/airflow-env/lib/python3.9/site-packages/airflow/example_dags/tutorial_taskflow_api.py
[2024-06-25T12:17:28.173+0200] {processor.py:830} INFO - Processing file /Users/stockly/Downloads/ESGI/orchestration/tp1/airflow-env/lib/python3.9/site-packages/airflow/example_dags/tutorial_taskflow_api.py for tasks to queue
[2024-06-25T12:17:28.174+0200] {logging_mixin.py:188} INFO - [2024-06-25T12:17:28.174+0200] {dagbag.py:545} INFO - Filling up the DagBag from /Users/stockly/Downloads/ESGI/orchestration/tp1/airflow-env/lib/python3.9/site-packages/airflow/example_dags/tutorial_taskflow_api.py
[2024-06-25T12:17:28.212+0200] {processor.py:840} INFO - DAG(s) 'tutorial_taskflow_api' retrieved from /Users/stockly/Downloads/ESGI/orchestration/tp1/airflow-env/lib/python3.9/site-packages/airflow/example_dags/tutorial_taskflow_api.py
[2024-06-25T12:17:28.374+0200] {logging_mixin.py:188} INFO - [2024-06-25T12:17:28.374+0200] {dag.py:3096} INFO - Sync 1 DAGs
[2024-06-25T12:17:28.385+0200] {logging_mixin.py:188} INFO - [2024-06-25T12:17:28.384+0200] {dag.py:3954} INFO - Setting next_dagrun for tutorial_taskflow_api to None, run_after=None
[2024-06-25T12:17:28.414+0200] {processor.py:183} INFO - Processing /Users/stockly/Downloads/ESGI/orchestration/tp1/airflow-env/lib/python3.9/site-packages/airflow/example_dags/tutorial_taskflow_api.py took 0.247 seconds
[2024-06-25T12:19:21.544+0200] {processor.py:161} INFO - Started process (PID=14212) to work on /Users/stockly/Downloads/ESGI/orchestration/tp1/airflow-env/lib/python3.9/site-packages/airflow/example_dags/tutorial_taskflow_api.py
[2024-06-25T12:19:21.555+0200] {processor.py:830} INFO - Processing file /Users/stockly/Downloads/ESGI/orchestration/tp1/airflow-env/lib/python3.9/site-packages/airflow/example_dags/tutorial_taskflow_api.py for tasks to queue
[2024-06-25T12:19:21.556+0200] {logging_mixin.py:188} INFO - [2024-06-25T12:19:21.556+0200] {dagbag.py:545} INFO - Filling up the DagBag from /Users/stockly/Downloads/ESGI/orchestration/tp1/airflow-env/lib/python3.9/site-packages/airflow/example_dags/tutorial_taskflow_api.py
[2024-06-25T12:19:21.598+0200] {processor.py:840} INFO - DAG(s) 'tutorial_taskflow_api' retrieved from /Users/stockly/Downloads/ESGI/orchestration/tp1/airflow-env/lib/python3.9/site-packages/airflow/example_dags/tutorial_taskflow_api.py
[2024-06-25T12:19:21.779+0200] {logging_mixin.py:188} INFO - [2024-06-25T12:19:21.779+0200] {dag.py:3096} INFO - Sync 1 DAGs
[2024-06-25T12:19:21.789+0200] {logging_mixin.py:188} INFO - [2024-06-25T12:19:21.789+0200] {dag.py:3954} INFO - Setting next_dagrun for tutorial_taskflow_api to None, run_after=None
[2024-06-25T12:19:21.816+0200] {processor.py:183} INFO - Processing /Users/stockly/Downloads/ESGI/orchestration/tp1/airflow-env/lib/python3.9/site-packages/airflow/example_dags/tutorial_taskflow_api.py took 0.275 seconds
[2024-06-25T12:21:14.745+0200] {processor.py:161} INFO - Started process (PID=14259) to work on /Users/stockly/Downloads/ESGI/orchestration/tp1/airflow-env/lib/python3.9/site-packages/airflow/example_dags/tutorial_taskflow_api.py
[2024-06-25T12:21:14.748+0200] {processor.py:830} INFO - Processing file /Users/stockly/Downloads/ESGI/orchestration/tp1/airflow-env/lib/python3.9/site-packages/airflow/example_dags/tutorial_taskflow_api.py for tasks to queue
[2024-06-25T12:21:14.749+0200] {logging_mixin.py:188} INFO - [2024-06-25T12:21:14.749+0200] {dagbag.py:545} INFO - Filling up the DagBag from /Users/stockly/Downloads/ESGI/orchestration/tp1/airflow-env/lib/python3.9/site-packages/airflow/example_dags/tutorial_taskflow_api.py
[2024-06-25T12:21:14.790+0200] {processor.py:840} INFO - DAG(s) 'tutorial_taskflow_api' retrieved from /Users/stockly/Downloads/ESGI/orchestration/tp1/airflow-env/lib/python3.9/site-packages/airflow/example_dags/tutorial_taskflow_api.py
[2024-06-25T12:21:14.969+0200] {logging_mixin.py:188} INFO - [2024-06-25T12:21:14.969+0200] {dag.py:3096} INFO - Sync 1 DAGs
[2024-06-25T12:21:14.981+0200] {logging_mixin.py:188} INFO - [2024-06-25T12:21:14.980+0200] {dag.py:3954} INFO - Setting next_dagrun for tutorial_taskflow_api to None, run_after=None
[2024-06-25T12:21:15.007+0200] {processor.py:183} INFO - Processing /Users/stockly/Downloads/ESGI/orchestration/tp1/airflow-env/lib/python3.9/site-packages/airflow/example_dags/tutorial_taskflow_api.py took 0.265 seconds
[2024-06-25T12:23:06.432+0200] {processor.py:161} INFO - Started process (PID=14307) to work on /Users/stockly/Downloads/ESGI/orchestration/tp1/airflow-env/lib/python3.9/site-packages/airflow/example_dags/tutorial_taskflow_api.py
[2024-06-25T12:23:06.442+0200] {processor.py:830} INFO - Processing file /Users/stockly/Downloads/ESGI/orchestration/tp1/airflow-env/lib/python3.9/site-packages/airflow/example_dags/tutorial_taskflow_api.py for tasks to queue
[2024-06-25T12:23:06.443+0200] {logging_mixin.py:188} INFO - [2024-06-25T12:23:06.443+0200] {dagbag.py:545} INFO - Filling up the DagBag from /Users/stockly/Downloads/ESGI/orchestration/tp1/airflow-env/lib/python3.9/site-packages/airflow/example_dags/tutorial_taskflow_api.py
[2024-06-25T12:23:06.484+0200] {processor.py:840} INFO - DAG(s) 'tutorial_taskflow_api' retrieved from /Users/stockly/Downloads/ESGI/orchestration/tp1/airflow-env/lib/python3.9/site-packages/airflow/example_dags/tutorial_taskflow_api.py
[2024-06-25T12:23:06.668+0200] {logging_mixin.py:188} INFO - [2024-06-25T12:23:06.667+0200] {dag.py:3096} INFO - Sync 1 DAGs
[2024-06-25T12:23:06.679+0200] {logging_mixin.py:188} INFO - [2024-06-25T12:23:06.679+0200] {dag.py:3954} INFO - Setting next_dagrun for tutorial_taskflow_api to None, run_after=None
[2024-06-25T12:23:06.708+0200] {processor.py:183} INFO - Processing /Users/stockly/Downloads/ESGI/orchestration/tp1/airflow-env/lib/python3.9/site-packages/airflow/example_dags/tutorial_taskflow_api.py took 0.281 seconds
[2024-06-25T12:26:00.124+0200] {processor.py:161} INFO - Started process (PID=14424) to work on /Users/stockly/Library/Python/3.9/lib/python/site-packages/airflow/example_dags/tutorial_taskflow_api.py
[2024-06-25T12:26:00.127+0200] {processor.py:830} INFO - Processing file /Users/stockly/Library/Python/3.9/lib/python/site-packages/airflow/example_dags/tutorial_taskflow_api.py for tasks to queue
[2024-06-25T12:26:00.127+0200] {logging_mixin.py:188} INFO - [2024-06-25T12:26:00.127+0200] {dagbag.py:545} INFO - Filling up the DagBag from /Users/stockly/Library/Python/3.9/lib/python/site-packages/airflow/example_dags/tutorial_taskflow_api.py
[2024-06-25T12:26:00.167+0200] {processor.py:840} INFO - DAG(s) 'tutorial_taskflow_api' retrieved from /Users/stockly/Library/Python/3.9/lib/python/site-packages/airflow/example_dags/tutorial_taskflow_api.py
[2024-06-25T12:26:00.398+0200] {logging_mixin.py:188} INFO - [2024-06-25T12:26:00.397+0200] {dag.py:3096} INFO - Sync 1 DAGs
[2024-06-25T12:26:00.408+0200] {logging_mixin.py:188} INFO - [2024-06-25T12:26:00.408+0200] {dag.py:3954} INFO - Setting next_dagrun for tutorial_taskflow_api to None, run_after=None
[2024-06-25T12:26:00.437+0200] {processor.py:183} INFO - Processing /Users/stockly/Library/Python/3.9/lib/python/site-packages/airflow/example_dags/tutorial_taskflow_api.py took 0.316 seconds
