[2024-06-25T12:08:12.081+0200] {processor.py:161} INFO - Started process (PID=13782) to work on /Users/stockly/Downloads/ESGI/orchestration/tp1/airflow-env/lib/python3.9/site-packages/airflow/example_dags/plugins/decreasing_priority_weight_strategy.py
[2024-06-25T12:08:12.084+0200] {processor.py:830} INFO - Processing file /Users/stockly/Downloads/ESGI/orchestration/tp1/airflow-env/lib/python3.9/site-packages/airflow/example_dags/plugins/decreasing_priority_weight_strategy.py for tasks to queue
[2024-06-25T12:08:12.085+0200] {logging_mixin.py:188} INFO - [2024-06-25T12:08:12.085+0200] {dagbag.py:545} INFO - Filling up the DagBag from /Users/stockly/Downloads/ESGI/orchestration/tp1/airflow-env/lib/python3.9/site-packages/airflow/example_dags/plugins/decreasing_priority_weight_strategy.py
[2024-06-25T12:08:12.087+0200] {processor.py:842} WARNING - No viable dags retrieved from /Users/stockly/Downloads/ESGI/orchestration/tp1/airflow-env/lib/python3.9/site-packages/airflow/example_dags/plugins/decreasing_priority_weight_strategy.py
[2024-06-25T12:08:12.181+0200] {processor.py:183} INFO - Processing /Users/stockly/Downloads/ESGI/orchestration/tp1/airflow-env/lib/python3.9/site-packages/airflow/example_dags/plugins/decreasing_priority_weight_strategy.py took 0.102 seconds
[2024-06-25T12:10:35.495+0200] {processor.py:161} INFO - Started process (PID=13887) to work on /Users/stockly/Downloads/ESGI/orchestration/tp1/airflow-env/lib/python3.9/site-packages/airflow/example_dags/plugins/decreasing_priority_weight_strategy.py
[2024-06-25T12:10:35.498+0200] {processor.py:830} INFO - Processing file /Users/stockly/Downloads/ESGI/orchestration/tp1/airflow-env/lib/python3.9/site-packages/airflow/example_dags/plugins/decreasing_priority_weight_strategy.py for tasks to queue
[2024-06-25T12:10:35.499+0200] {logging_mixin.py:188} INFO - [2024-06-25T12:10:35.498+0200] {dagbag.py:545} INFO - Filling up the DagBag from /Users/stockly/Downloads/ESGI/orchestration/tp1/airflow-env/lib/python3.9/site-packages/airflow/example_dags/plugins/decreasing_priority_weight_strategy.py
[2024-06-25T12:10:35.500+0200] {processor.py:842} WARNING - No viable dags retrieved from /Users/stockly/Downloads/ESGI/orchestration/tp1/airflow-env/lib/python3.9/site-packages/airflow/example_dags/plugins/decreasing_priority_weight_strategy.py
[2024-06-25T12:10:35.603+0200] {processor.py:183} INFO - Processing /Users/stockly/Downloads/ESGI/orchestration/tp1/airflow-env/lib/python3.9/site-packages/airflow/example_dags/plugins/decreasing_priority_weight_strategy.py took 0.110 seconds
[2024-06-25T12:12:29.909+0200] {processor.py:161} INFO - Started process (PID=13956) to work on /Users/stockly/Downloads/ESGI/orchestration/tp1/airflow-env/lib/python3.9/site-packages/airflow/example_dags/plugins/decreasing_priority_weight_strategy.py
[2024-06-25T12:12:29.920+0200] {processor.py:830} INFO - Processing file /Users/stockly/Downloads/ESGI/orchestration/tp1/airflow-env/lib/python3.9/site-packages/airflow/example_dags/plugins/decreasing_priority_weight_strategy.py for tasks to queue
[2024-06-25T12:12:29.921+0200] {logging_mixin.py:188} INFO - [2024-06-25T12:12:29.920+0200] {dagbag.py:545} INFO - Filling up the DagBag from /Users/stockly/Downloads/ESGI/orchestration/tp1/airflow-env/lib/python3.9/site-packages/airflow/example_dags/plugins/decreasing_priority_weight_strategy.py
[2024-06-25T12:12:29.922+0200] {processor.py:842} WARNING - No viable dags retrieved from /Users/stockly/Downloads/ESGI/orchestration/tp1/airflow-env/lib/python3.9/site-packages/airflow/example_dags/plugins/decreasing_priority_weight_strategy.py
[2024-06-25T12:12:30.032+0200] {processor.py:183} INFO - Processing /Users/stockly/Downloads/ESGI/orchestration/tp1/airflow-env/lib/python3.9/site-packages/airflow/example_dags/plugins/decreasing_priority_weight_strategy.py took 0.125 seconds
[2024-06-25T12:14:59.511+0200] {processor.py:161} INFO - Started process (PID=14071) to work on /Users/stockly/Downloads/ESGI/orchestration/tp1/airflow-env/lib/python3.9/site-packages/airflow/example_dags/plugins/decreasing_priority_weight_strategy.py
[2024-06-25T12:14:59.514+0200] {processor.py:830} INFO - Processing file /Users/stockly/Downloads/ESGI/orchestration/tp1/airflow-env/lib/python3.9/site-packages/airflow/example_dags/plugins/decreasing_priority_weight_strategy.py for tasks to queue
[2024-06-25T12:14:59.515+0200] {logging_mixin.py:188} INFO - [2024-06-25T12:14:59.515+0200] {dagbag.py:545} INFO - Filling up the DagBag from /Users/stockly/Downloads/ESGI/orchestration/tp1/airflow-env/lib/python3.9/site-packages/airflow/example_dags/plugins/decreasing_priority_weight_strategy.py
[2024-06-25T12:14:59.517+0200] {processor.py:842} WARNING - No viable dags retrieved from /Users/stockly/Downloads/ESGI/orchestration/tp1/airflow-env/lib/python3.9/site-packages/airflow/example_dags/plugins/decreasing_priority_weight_strategy.py
[2024-06-25T12:14:59.638+0200] {processor.py:183} INFO - Processing /Users/stockly/Downloads/ESGI/orchestration/tp1/airflow-env/lib/python3.9/site-packages/airflow/example_dags/plugins/decreasing_priority_weight_strategy.py took 0.130 seconds
[2024-06-25T12:17:22.758+0200] {processor.py:161} INFO - Started process (PID=14151) to work on /Users/stockly/Downloads/ESGI/orchestration/tp1/airflow-env/lib/python3.9/site-packages/airflow/example_dags/plugins/decreasing_priority_weight_strategy.py
[2024-06-25T12:17:22.761+0200] {processor.py:830} INFO - Processing file /Users/stockly/Downloads/ESGI/orchestration/tp1/airflow-env/lib/python3.9/site-packages/airflow/example_dags/plugins/decreasing_priority_weight_strategy.py for tasks to queue
[2024-06-25T12:17:22.762+0200] {logging_mixin.py:188} INFO - [2024-06-25T12:17:22.762+0200] {dagbag.py:545} INFO - Filling up the DagBag from /Users/stockly/Downloads/ESGI/orchestration/tp1/airflow-env/lib/python3.9/site-packages/airflow/example_dags/plugins/decreasing_priority_weight_strategy.py
[2024-06-25T12:17:22.763+0200] {processor.py:842} WARNING - No viable dags retrieved from /Users/stockly/Downloads/ESGI/orchestration/tp1/airflow-env/lib/python3.9/site-packages/airflow/example_dags/plugins/decreasing_priority_weight_strategy.py
[2024-06-25T12:17:22.859+0200] {processor.py:183} INFO - Processing /Users/stockly/Downloads/ESGI/orchestration/tp1/airflow-env/lib/python3.9/site-packages/airflow/example_dags/plugins/decreasing_priority_weight_strategy.py took 0.104 seconds
[2024-06-25T12:19:15.794+0200] {processor.py:161} INFO - Started process (PID=14208) to work on /Users/stockly/Downloads/ESGI/orchestration/tp1/airflow-env/lib/python3.9/site-packages/airflow/example_dags/plugins/decreasing_priority_weight_strategy.py
[2024-06-25T12:19:15.806+0200] {processor.py:830} INFO - Processing file /Users/stockly/Downloads/ESGI/orchestration/tp1/airflow-env/lib/python3.9/site-packages/airflow/example_dags/plugins/decreasing_priority_weight_strategy.py for tasks to queue
[2024-06-25T12:19:15.807+0200] {logging_mixin.py:188} INFO - [2024-06-25T12:19:15.807+0200] {dagbag.py:545} INFO - Filling up the DagBag from /Users/stockly/Downloads/ESGI/orchestration/tp1/airflow-env/lib/python3.9/site-packages/airflow/example_dags/plugins/decreasing_priority_weight_strategy.py
[2024-06-25T12:19:15.809+0200] {processor.py:842} WARNING - No viable dags retrieved from /Users/stockly/Downloads/ESGI/orchestration/tp1/airflow-env/lib/python3.9/site-packages/airflow/example_dags/plugins/decreasing_priority_weight_strategy.py
[2024-06-25T12:19:15.916+0200] {processor.py:183} INFO - Processing /Users/stockly/Downloads/ESGI/orchestration/tp1/airflow-env/lib/python3.9/site-packages/airflow/example_dags/plugins/decreasing_priority_weight_strategy.py took 0.126 seconds
[2024-06-25T12:21:09.184+0200] {processor.py:161} INFO - Started process (PID=14257) to work on /Users/stockly/Downloads/ESGI/orchestration/tp1/airflow-env/lib/python3.9/site-packages/airflow/example_dags/plugins/decreasing_priority_weight_strategy.py
[2024-06-25T12:21:09.188+0200] {processor.py:830} INFO - Processing file /Users/stockly/Downloads/ESGI/orchestration/tp1/airflow-env/lib/python3.9/site-packages/airflow/example_dags/plugins/decreasing_priority_weight_strategy.py for tasks to queue
[2024-06-25T12:21:09.189+0200] {logging_mixin.py:188} INFO - [2024-06-25T12:21:09.188+0200] {dagbag.py:545} INFO - Filling up the DagBag from /Users/stockly/Downloads/ESGI/orchestration/tp1/airflow-env/lib/python3.9/site-packages/airflow/example_dags/plugins/decreasing_priority_weight_strategy.py
[2024-06-25T12:21:09.190+0200] {processor.py:842} WARNING - No viable dags retrieved from /Users/stockly/Downloads/ESGI/orchestration/tp1/airflow-env/lib/python3.9/site-packages/airflow/example_dags/plugins/decreasing_priority_weight_strategy.py
[2024-06-25T12:21:09.298+0200] {processor.py:183} INFO - Processing /Users/stockly/Downloads/ESGI/orchestration/tp1/airflow-env/lib/python3.9/site-packages/airflow/example_dags/plugins/decreasing_priority_weight_strategy.py took 0.117 seconds
[2024-06-25T12:23:01.139+0200] {processor.py:161} INFO - Started process (PID=14303) to work on /Users/stockly/Downloads/ESGI/orchestration/tp1/airflow-env/lib/python3.9/site-packages/airflow/example_dags/plugins/decreasing_priority_weight_strategy.py
[2024-06-25T12:23:01.143+0200] {processor.py:830} INFO - Processing file /Users/stockly/Downloads/ESGI/orchestration/tp1/airflow-env/lib/python3.9/site-packages/airflow/example_dags/plugins/decreasing_priority_weight_strategy.py for tasks to queue
[2024-06-25T12:23:01.144+0200] {logging_mixin.py:188} INFO - [2024-06-25T12:23:01.144+0200] {dagbag.py:545} INFO - Filling up the DagBag from /Users/stockly/Downloads/ESGI/orchestration/tp1/airflow-env/lib/python3.9/site-packages/airflow/example_dags/plugins/decreasing_priority_weight_strategy.py
[2024-06-25T12:23:01.145+0200] {processor.py:842} WARNING - No viable dags retrieved from /Users/stockly/Downloads/ESGI/orchestration/tp1/airflow-env/lib/python3.9/site-packages/airflow/example_dags/plugins/decreasing_priority_weight_strategy.py
[2024-06-25T12:23:01.253+0200] {processor.py:183} INFO - Processing /Users/stockly/Downloads/ESGI/orchestration/tp1/airflow-env/lib/python3.9/site-packages/airflow/example_dags/plugins/decreasing_priority_weight_strategy.py took 0.118 seconds
[2024-06-25T12:25:54.236+0200] {processor.py:161} INFO - Started process (PID=14422) to work on /Users/stockly/Library/Python/3.9/lib/python/site-packages/airflow/example_dags/plugins/decreasing_priority_weight_strategy.py
[2024-06-25T12:25:54.247+0200] {processor.py:830} INFO - Processing file /Users/stockly/Library/Python/3.9/lib/python/site-packages/airflow/example_dags/plugins/decreasing_priority_weight_strategy.py for tasks to queue
[2024-06-25T12:25:54.248+0200] {logging_mixin.py:188} INFO - [2024-06-25T12:25:54.248+0200] {dagbag.py:545} INFO - Filling up the DagBag from /Users/stockly/Library/Python/3.9/lib/python/site-packages/airflow/example_dags/plugins/decreasing_priority_weight_strategy.py
[2024-06-25T12:25:54.249+0200] {processor.py:842} WARNING - No viable dags retrieved from /Users/stockly/Library/Python/3.9/lib/python/site-packages/airflow/example_dags/plugins/decreasing_priority_weight_strategy.py
[2024-06-25T12:25:54.349+0200] {processor.py:183} INFO - Processing /Users/stockly/Library/Python/3.9/lib/python/site-packages/airflow/example_dags/plugins/decreasing_priority_weight_strategy.py took 0.116 seconds
