[2024-06-25T12:08:09.428+0200] {processor.py:161} INFO - Started process (PID=13781) to work on /Users/stockly/Downloads/ESGI/orchestration/tp1/airflow-env/lib/python3.9/site-packages/airflow/example_dags/plugins/event_listener.py
[2024-06-25T12:08:09.431+0200] {processor.py:830} INFO - Processing file /Users/stockly/Downloads/ESGI/orchestration/tp1/airflow-env/lib/python3.9/site-packages/airflow/example_dags/plugins/event_listener.py for tasks to queue
[2024-06-25T12:08:09.431+0200] {logging_mixin.py:188} INFO - [2024-06-25T12:08:09.431+0200] {dagbag.py:545} INFO - Filling up the DagBag from /Users/stockly/Downloads/ESGI/orchestration/tp1/airflow-env/lib/python3.9/site-packages/airflow/example_dags/plugins/event_listener.py
[2024-06-25T12:08:09.432+0200] {processor.py:842} WARNING - No viable dags retrieved from /Users/stockly/Downloads/ESGI/orchestration/tp1/airflow-env/lib/python3.9/site-packages/airflow/example_dags/plugins/event_listener.py
[2024-06-25T12:08:09.524+0200] {processor.py:183} INFO - Processing /Users/stockly/Downloads/ESGI/orchestration/tp1/airflow-env/lib/python3.9/site-packages/airflow/example_dags/plugins/event_listener.py took 0.099 seconds
[2024-06-25T12:10:32.763+0200] {processor.py:161} INFO - Started process (PID=13876) to work on /Users/stockly/Downloads/ESGI/orchestration/tp1/airflow-env/lib/python3.9/site-packages/airflow/example_dags/plugins/event_listener.py
[2024-06-25T12:10:32.767+0200] {processor.py:830} INFO - Processing file /Users/stockly/Downloads/ESGI/orchestration/tp1/airflow-env/lib/python3.9/site-packages/airflow/example_dags/plugins/event_listener.py for tasks to queue
[2024-06-25T12:10:32.768+0200] {logging_mixin.py:188} INFO - [2024-06-25T12:10:32.768+0200] {dagbag.py:545} INFO - Filling up the DagBag from /Users/stockly/Downloads/ESGI/orchestration/tp1/airflow-env/lib/python3.9/site-packages/airflow/example_dags/plugins/event_listener.py
[2024-06-25T12:10:32.770+0200] {processor.py:842} WARNING - No viable dags retrieved from /Users/stockly/Downloads/ESGI/orchestration/tp1/airflow-env/lib/python3.9/site-packages/airflow/example_dags/plugins/event_listener.py
[2024-06-25T12:10:32.884+0200] {processor.py:183} INFO - Processing /Users/stockly/Downloads/ESGI/orchestration/tp1/airflow-env/lib/python3.9/site-packages/airflow/example_dags/plugins/event_listener.py took 0.123 seconds
[2024-06-25T12:12:27.208+0200] {processor.py:161} INFO - Started process (PID=13955) to work on /Users/stockly/Downloads/ESGI/orchestration/tp1/airflow-env/lib/python3.9/site-packages/airflow/example_dags/plugins/event_listener.py
[2024-06-25T12:12:27.212+0200] {processor.py:830} INFO - Processing file /Users/stockly/Downloads/ESGI/orchestration/tp1/airflow-env/lib/python3.9/site-packages/airflow/example_dags/plugins/event_listener.py for tasks to queue
[2024-06-25T12:12:27.213+0200] {logging_mixin.py:188} INFO - [2024-06-25T12:12:27.213+0200] {dagbag.py:545} INFO - Filling up the DagBag from /Users/stockly/Downloads/ESGI/orchestration/tp1/airflow-env/lib/python3.9/site-packages/airflow/example_dags/plugins/event_listener.py
[2024-06-25T12:12:27.214+0200] {processor.py:842} WARNING - No viable dags retrieved from /Users/stockly/Downloads/ESGI/orchestration/tp1/airflow-env/lib/python3.9/site-packages/airflow/example_dags/plugins/event_listener.py
[2024-06-25T12:12:27.322+0200] {processor.py:183} INFO - Processing /Users/stockly/Downloads/ESGI/orchestration/tp1/airflow-env/lib/python3.9/site-packages/airflow/example_dags/plugins/event_listener.py took 0.116 seconds
[2024-06-25T12:14:55.817+0200] {processor.py:161} INFO - Started process (PID=14069) to work on /Users/stockly/Downloads/ESGI/orchestration/tp1/airflow-env/lib/python3.9/site-packages/airflow/example_dags/plugins/event_listener.py
[2024-06-25T12:14:55.821+0200] {processor.py:830} INFO - Processing file /Users/stockly/Downloads/ESGI/orchestration/tp1/airflow-env/lib/python3.9/site-packages/airflow/example_dags/plugins/event_listener.py for tasks to queue
[2024-06-25T12:14:55.822+0200] {logging_mixin.py:188} INFO - [2024-06-25T12:14:55.822+0200] {dagbag.py:545} INFO - Filling up the DagBag from /Users/stockly/Downloads/ESGI/orchestration/tp1/airflow-env/lib/python3.9/site-packages/airflow/example_dags/plugins/event_listener.py
[2024-06-25T12:14:55.823+0200] {processor.py:842} WARNING - No viable dags retrieved from /Users/stockly/Downloads/ESGI/orchestration/tp1/airflow-env/lib/python3.9/site-packages/airflow/example_dags/plugins/event_listener.py
[2024-06-25T12:14:55.926+0200] {processor.py:183} INFO - Processing /Users/stockly/Downloads/ESGI/orchestration/tp1/airflow-env/lib/python3.9/site-packages/airflow/example_dags/plugins/event_listener.py took 0.113 seconds
[2024-06-25T12:17:20.021+0200] {processor.py:161} INFO - Started process (PID=14148) to work on /Users/stockly/Downloads/ESGI/orchestration/tp1/airflow-env/lib/python3.9/site-packages/airflow/example_dags/plugins/event_listener.py
[2024-06-25T12:17:20.025+0200] {processor.py:830} INFO - Processing file /Users/stockly/Downloads/ESGI/orchestration/tp1/airflow-env/lib/python3.9/site-packages/airflow/example_dags/plugins/event_listener.py for tasks to queue
[2024-06-25T12:17:20.026+0200] {logging_mixin.py:188} INFO - [2024-06-25T12:17:20.026+0200] {dagbag.py:545} INFO - Filling up the DagBag from /Users/stockly/Downloads/ESGI/orchestration/tp1/airflow-env/lib/python3.9/site-packages/airflow/example_dags/plugins/event_listener.py
[2024-06-25T12:17:20.027+0200] {processor.py:842} WARNING - No viable dags retrieved from /Users/stockly/Downloads/ESGI/orchestration/tp1/airflow-env/lib/python3.9/site-packages/airflow/example_dags/plugins/event_listener.py
[2024-06-25T12:17:20.142+0200] {processor.py:183} INFO - Processing /Users/stockly/Downloads/ESGI/orchestration/tp1/airflow-env/lib/python3.9/site-packages/airflow/example_dags/plugins/event_listener.py took 0.123 seconds
[2024-06-25T12:19:13.004+0200] {processor.py:161} INFO - Started process (PID=14207) to work on /Users/stockly/Downloads/ESGI/orchestration/tp1/airflow-env/lib/python3.9/site-packages/airflow/example_dags/plugins/event_listener.py
[2024-06-25T12:19:13.015+0200] {processor.py:830} INFO - Processing file /Users/stockly/Downloads/ESGI/orchestration/tp1/airflow-env/lib/python3.9/site-packages/airflow/example_dags/plugins/event_listener.py for tasks to queue
[2024-06-25T12:19:13.016+0200] {logging_mixin.py:188} INFO - [2024-06-25T12:19:13.016+0200] {dagbag.py:545} INFO - Filling up the DagBag from /Users/stockly/Downloads/ESGI/orchestration/tp1/airflow-env/lib/python3.9/site-packages/airflow/example_dags/plugins/event_listener.py
[2024-06-25T12:19:13.017+0200] {processor.py:842} WARNING - No viable dags retrieved from /Users/stockly/Downloads/ESGI/orchestration/tp1/airflow-env/lib/python3.9/site-packages/airflow/example_dags/plugins/event_listener.py
[2024-06-25T12:19:13.124+0200] {processor.py:183} INFO - Processing /Users/stockly/Downloads/ESGI/orchestration/tp1/airflow-env/lib/python3.9/site-packages/airflow/example_dags/plugins/event_listener.py took 0.122 seconds
[2024-06-25T12:21:06.434+0200] {processor.py:161} INFO - Started process (PID=14256) to work on /Users/stockly/Downloads/ESGI/orchestration/tp1/airflow-env/lib/python3.9/site-packages/airflow/example_dags/plugins/event_listener.py
[2024-06-25T12:21:06.438+0200] {processor.py:830} INFO - Processing file /Users/stockly/Downloads/ESGI/orchestration/tp1/airflow-env/lib/python3.9/site-packages/airflow/example_dags/plugins/event_listener.py for tasks to queue
[2024-06-25T12:21:06.438+0200] {logging_mixin.py:188} INFO - [2024-06-25T12:21:06.438+0200] {dagbag.py:545} INFO - Filling up the DagBag from /Users/stockly/Downloads/ESGI/orchestration/tp1/airflow-env/lib/python3.9/site-packages/airflow/example_dags/plugins/event_listener.py
[2024-06-25T12:21:06.440+0200] {processor.py:842} WARNING - No viable dags retrieved from /Users/stockly/Downloads/ESGI/orchestration/tp1/airflow-env/lib/python3.9/site-packages/airflow/example_dags/plugins/event_listener.py
[2024-06-25T12:21:06.542+0200] {processor.py:183} INFO - Processing /Users/stockly/Downloads/ESGI/orchestration/tp1/airflow-env/lib/python3.9/site-packages/airflow/example_dags/plugins/event_listener.py took 0.111 seconds
[2024-06-25T12:22:59.330+0200] {processor.py:161} INFO - Started process (PID=14302) to work on /Users/stockly/Downloads/ESGI/orchestration/tp1/airflow-env/lib/python3.9/site-packages/airflow/example_dags/plugins/event_listener.py
[2024-06-25T12:22:59.333+0200] {processor.py:830} INFO - Processing file /Users/stockly/Downloads/ESGI/orchestration/tp1/airflow-env/lib/python3.9/site-packages/airflow/example_dags/plugins/event_listener.py for tasks to queue
[2024-06-25T12:22:59.334+0200] {logging_mixin.py:188} INFO - [2024-06-25T12:22:59.334+0200] {dagbag.py:545} INFO - Filling up the DagBag from /Users/stockly/Downloads/ESGI/orchestration/tp1/airflow-env/lib/python3.9/site-packages/airflow/example_dags/plugins/event_listener.py
[2024-06-25T12:22:59.335+0200] {processor.py:842} WARNING - No viable dags retrieved from /Users/stockly/Downloads/ESGI/orchestration/tp1/airflow-env/lib/python3.9/site-packages/airflow/example_dags/plugins/event_listener.py
[2024-06-25T12:22:59.444+0200] {processor.py:183} INFO - Processing /Users/stockly/Downloads/ESGI/orchestration/tp1/airflow-env/lib/python3.9/site-packages/airflow/example_dags/plugins/event_listener.py took 0.118 seconds
[2024-06-25T12:25:51.041+0200] {processor.py:161} INFO - Started process (PID=14421) to work on /Users/stockly/Library/Python/3.9/lib/python/site-packages/airflow/example_dags/plugins/event_listener.py
[2024-06-25T12:25:51.054+0200] {processor.py:830} INFO - Processing file /Users/stockly/Library/Python/3.9/lib/python/site-packages/airflow/example_dags/plugins/event_listener.py for tasks to queue
[2024-06-25T12:25:51.056+0200] {logging_mixin.py:188} INFO - [2024-06-25T12:25:51.056+0200] {dagbag.py:545} INFO - Filling up the DagBag from /Users/stockly/Library/Python/3.9/lib/python/site-packages/airflow/example_dags/plugins/event_listener.py
[2024-06-25T12:25:51.058+0200] {processor.py:842} WARNING - No viable dags retrieved from /Users/stockly/Library/Python/3.9/lib/python/site-packages/airflow/example_dags/plugins/event_listener.py
[2024-06-25T12:25:51.157+0200] {processor.py:183} INFO - Processing /Users/stockly/Library/Python/3.9/lib/python/site-packages/airflow/example_dags/plugins/event_listener.py took 0.119 seconds
