[2024-06-25T12:08:07.007+0200] {processor.py:161} INFO - Started process (PID=13778) to work on /Users/stockly/Downloads/ESGI/orchestration/tp1/airflow-env/lib/python3.9/site-packages/airflow/example_dags/plugins/listener_plugin.py
[2024-06-25T12:08:07.010+0200] {processor.py:830} INFO - Processing file /Users/stockly/Downloads/ESGI/orchestration/tp1/airflow-env/lib/python3.9/site-packages/airflow/example_dags/plugins/listener_plugin.py for tasks to queue
[2024-06-25T12:08:07.011+0200] {logging_mixin.py:188} INFO - [2024-06-25T12:08:07.011+0200] {dagbag.py:545} INFO - Filling up the DagBag from /Users/stockly/Downloads/ESGI/orchestration/tp1/airflow-env/lib/python3.9/site-packages/airflow/example_dags/plugins/listener_plugin.py
[2024-06-25T12:08:07.014+0200] {processor.py:842} WARNING - No viable dags retrieved from /Users/stockly/Downloads/ESGI/orchestration/tp1/airflow-env/lib/python3.9/site-packages/airflow/example_dags/plugins/listener_plugin.py
[2024-06-25T12:08:07.110+0200] {processor.py:183} INFO - Processing /Users/stockly/Downloads/ESGI/orchestration/tp1/airflow-env/lib/python3.9/site-packages/airflow/example_dags/plugins/listener_plugin.py took 0.106 seconds
[2024-06-25T12:10:29.894+0200] {processor.py:161} INFO - Started process (PID=13859) to work on /Users/stockly/Downloads/ESGI/orchestration/tp1/airflow-env/lib/python3.9/site-packages/airflow/example_dags/plugins/listener_plugin.py
[2024-06-25T12:10:29.897+0200] {processor.py:830} INFO - Processing file /Users/stockly/Downloads/ESGI/orchestration/tp1/airflow-env/lib/python3.9/site-packages/airflow/example_dags/plugins/listener_plugin.py for tasks to queue
[2024-06-25T12:10:29.898+0200] {logging_mixin.py:188} INFO - [2024-06-25T12:10:29.898+0200] {dagbag.py:545} INFO - Filling up the DagBag from /Users/stockly/Downloads/ESGI/orchestration/tp1/airflow-env/lib/python3.9/site-packages/airflow/example_dags/plugins/listener_plugin.py
[2024-06-25T12:10:29.901+0200] {processor.py:842} WARNING - No viable dags retrieved from /Users/stockly/Downloads/ESGI/orchestration/tp1/airflow-env/lib/python3.9/site-packages/airflow/example_dags/plugins/listener_plugin.py
[2024-06-25T12:10:29.995+0200] {processor.py:183} INFO - Processing /Users/stockly/Downloads/ESGI/orchestration/tp1/airflow-env/lib/python3.9/site-packages/airflow/example_dags/plugins/listener_plugin.py took 0.104 seconds
[2024-06-25T12:12:24.398+0200] {processor.py:161} INFO - Started process (PID=13954) to work on /Users/stockly/Downloads/ESGI/orchestration/tp1/airflow-env/lib/python3.9/site-packages/airflow/example_dags/plugins/listener_plugin.py
[2024-06-25T12:12:24.402+0200] {processor.py:830} INFO - Processing file /Users/stockly/Downloads/ESGI/orchestration/tp1/airflow-env/lib/python3.9/site-packages/airflow/example_dags/plugins/listener_plugin.py for tasks to queue
[2024-06-25T12:12:24.403+0200] {logging_mixin.py:188} INFO - [2024-06-25T12:12:24.402+0200] {dagbag.py:545} INFO - Filling up the DagBag from /Users/stockly/Downloads/ESGI/orchestration/tp1/airflow-env/lib/python3.9/site-packages/airflow/example_dags/plugins/listener_plugin.py
[2024-06-25T12:12:24.406+0200] {processor.py:842} WARNING - No viable dags retrieved from /Users/stockly/Downloads/ESGI/orchestration/tp1/airflow-env/lib/python3.9/site-packages/airflow/example_dags/plugins/listener_plugin.py
[2024-06-25T12:12:24.510+0200] {processor.py:183} INFO - Processing /Users/stockly/Downloads/ESGI/orchestration/tp1/airflow-env/lib/python3.9/site-packages/airflow/example_dags/plugins/listener_plugin.py took 0.115 seconds
[2024-06-25T12:14:53.840+0200] {processor.py:161} INFO - Started process (PID=14066) to work on /Users/stockly/Downloads/ESGI/orchestration/tp1/airflow-env/lib/python3.9/site-packages/airflow/example_dags/plugins/listener_plugin.py
[2024-06-25T12:14:53.844+0200] {processor.py:830} INFO - Processing file /Users/stockly/Downloads/ESGI/orchestration/tp1/airflow-env/lib/python3.9/site-packages/airflow/example_dags/plugins/listener_plugin.py for tasks to queue
[2024-06-25T12:14:53.845+0200] {logging_mixin.py:188} INFO - [2024-06-25T12:14:53.844+0200] {dagbag.py:545} INFO - Filling up the DagBag from /Users/stockly/Downloads/ESGI/orchestration/tp1/airflow-env/lib/python3.9/site-packages/airflow/example_dags/plugins/listener_plugin.py
[2024-06-25T12:14:53.847+0200] {processor.py:842} WARNING - No viable dags retrieved from /Users/stockly/Downloads/ESGI/orchestration/tp1/airflow-env/lib/python3.9/site-packages/airflow/example_dags/plugins/listener_plugin.py
[2024-06-25T12:14:53.948+0200] {processor.py:183} INFO - Processing /Users/stockly/Downloads/ESGI/orchestration/tp1/airflow-env/lib/python3.9/site-packages/airflow/example_dags/plugins/listener_plugin.py took 0.112 seconds
[2024-06-25T12:17:17.394+0200] {processor.py:161} INFO - Started process (PID=14147) to work on /Users/stockly/Downloads/ESGI/orchestration/tp1/airflow-env/lib/python3.9/site-packages/airflow/example_dags/plugins/listener_plugin.py
[2024-06-25T12:17:17.397+0200] {processor.py:830} INFO - Processing file /Users/stockly/Downloads/ESGI/orchestration/tp1/airflow-env/lib/python3.9/site-packages/airflow/example_dags/plugins/listener_plugin.py for tasks to queue
[2024-06-25T12:17:17.397+0200] {logging_mixin.py:188} INFO - [2024-06-25T12:17:17.397+0200] {dagbag.py:545} INFO - Filling up the DagBag from /Users/stockly/Downloads/ESGI/orchestration/tp1/airflow-env/lib/python3.9/site-packages/airflow/example_dags/plugins/listener_plugin.py
[2024-06-25T12:17:17.399+0200] {processor.py:842} WARNING - No viable dags retrieved from /Users/stockly/Downloads/ESGI/orchestration/tp1/airflow-env/lib/python3.9/site-packages/airflow/example_dags/plugins/listener_plugin.py
[2024-06-25T12:17:17.499+0200] {processor.py:183} INFO - Processing /Users/stockly/Downloads/ESGI/orchestration/tp1/airflow-env/lib/python3.9/site-packages/airflow/example_dags/plugins/listener_plugin.py took 0.108 seconds
[2024-06-25T12:19:10.161+0200] {processor.py:161} INFO - Started process (PID=14206) to work on /Users/stockly/Downloads/ESGI/orchestration/tp1/airflow-env/lib/python3.9/site-packages/airflow/example_dags/plugins/listener_plugin.py
[2024-06-25T12:19:10.164+0200] {processor.py:830} INFO - Processing file /Users/stockly/Downloads/ESGI/orchestration/tp1/airflow-env/lib/python3.9/site-packages/airflow/example_dags/plugins/listener_plugin.py for tasks to queue
[2024-06-25T12:19:10.165+0200] {logging_mixin.py:188} INFO - [2024-06-25T12:19:10.165+0200] {dagbag.py:545} INFO - Filling up the DagBag from /Users/stockly/Downloads/ESGI/orchestration/tp1/airflow-env/lib/python3.9/site-packages/airflow/example_dags/plugins/listener_plugin.py
[2024-06-25T12:19:10.168+0200] {processor.py:842} WARNING - No viable dags retrieved from /Users/stockly/Downloads/ESGI/orchestration/tp1/airflow-env/lib/python3.9/site-packages/airflow/example_dags/plugins/listener_plugin.py
[2024-06-25T12:19:10.280+0200] {processor.py:183} INFO - Processing /Users/stockly/Downloads/ESGI/orchestration/tp1/airflow-env/lib/python3.9/site-packages/airflow/example_dags/plugins/listener_plugin.py took 0.123 seconds
[2024-06-25T12:21:03.679+0200] {processor.py:161} INFO - Started process (PID=14255) to work on /Users/stockly/Downloads/ESGI/orchestration/tp1/airflow-env/lib/python3.9/site-packages/airflow/example_dags/plugins/listener_plugin.py
[2024-06-25T12:21:03.682+0200] {processor.py:830} INFO - Processing file /Users/stockly/Downloads/ESGI/orchestration/tp1/airflow-env/lib/python3.9/site-packages/airflow/example_dags/plugins/listener_plugin.py for tasks to queue
[2024-06-25T12:21:03.682+0200] {logging_mixin.py:188} INFO - [2024-06-25T12:21:03.682+0200] {dagbag.py:545} INFO - Filling up the DagBag from /Users/stockly/Downloads/ESGI/orchestration/tp1/airflow-env/lib/python3.9/site-packages/airflow/example_dags/plugins/listener_plugin.py
[2024-06-25T12:21:03.685+0200] {processor.py:842} WARNING - No viable dags retrieved from /Users/stockly/Downloads/ESGI/orchestration/tp1/airflow-env/lib/python3.9/site-packages/airflow/example_dags/plugins/listener_plugin.py
[2024-06-25T12:21:03.786+0200] {processor.py:183} INFO - Processing /Users/stockly/Downloads/ESGI/orchestration/tp1/airflow-env/lib/python3.9/site-packages/airflow/example_dags/plugins/listener_plugin.py took 0.110 seconds
[2024-06-25T12:22:56.398+0200] {processor.py:161} INFO - Started process (PID=14301) to work on /Users/stockly/Downloads/ESGI/orchestration/tp1/airflow-env/lib/python3.9/site-packages/airflow/example_dags/plugins/listener_plugin.py
[2024-06-25T12:22:56.401+0200] {processor.py:830} INFO - Processing file /Users/stockly/Downloads/ESGI/orchestration/tp1/airflow-env/lib/python3.9/site-packages/airflow/example_dags/plugins/listener_plugin.py for tasks to queue
[2024-06-25T12:22:56.402+0200] {logging_mixin.py:188} INFO - [2024-06-25T12:22:56.401+0200] {dagbag.py:545} INFO - Filling up the DagBag from /Users/stockly/Downloads/ESGI/orchestration/tp1/airflow-env/lib/python3.9/site-packages/airflow/example_dags/plugins/listener_plugin.py
[2024-06-25T12:22:56.422+0200] {processor.py:842} WARNING - No viable dags retrieved from /Users/stockly/Downloads/ESGI/orchestration/tp1/airflow-env/lib/python3.9/site-packages/airflow/example_dags/plugins/listener_plugin.py
[2024-06-25T12:22:56.524+0200] {processor.py:183} INFO - Processing /Users/stockly/Downloads/ESGI/orchestration/tp1/airflow-env/lib/python3.9/site-packages/airflow/example_dags/plugins/listener_plugin.py took 0.129 seconds
[2024-06-25T12:25:47.981+0200] {processor.py:161} INFO - Started process (PID=14420) to work on /Users/stockly/Library/Python/3.9/lib/python/site-packages/airflow/example_dags/plugins/listener_plugin.py
[2024-06-25T12:25:47.991+0200] {processor.py:830} INFO - Processing file /Users/stockly/Library/Python/3.9/lib/python/site-packages/airflow/example_dags/plugins/listener_plugin.py for tasks to queue
[2024-06-25T12:25:47.992+0200] {logging_mixin.py:188} INFO - [2024-06-25T12:25:47.992+0200] {dagbag.py:545} INFO - Filling up the DagBag from /Users/stockly/Library/Python/3.9/lib/python/site-packages/airflow/example_dags/plugins/listener_plugin.py
[2024-06-25T12:25:47.994+0200] {processor.py:842} WARNING - No viable dags retrieved from /Users/stockly/Library/Python/3.9/lib/python/site-packages/airflow/example_dags/plugins/listener_plugin.py
[2024-06-25T12:25:48.097+0200] {processor.py:183} INFO - Processing /Users/stockly/Library/Python/3.9/lib/python/site-packages/airflow/example_dags/plugins/listener_plugin.py took 0.120 seconds
