[2024-06-25T12:08:04.266+0200] {processor.py:161} INFO - Started process (PID=13770) to work on /Users/stockly/Downloads/ESGI/orchestration/tp1/airflow-env/lib/python3.9/site-packages/airflow/example_dags/plugins/workday.py
[2024-06-25T12:08:04.269+0200] {processor.py:830} INFO - Processing file /Users/stockly/Downloads/ESGI/orchestration/tp1/airflow-env/lib/python3.9/site-packages/airflow/example_dags/plugins/workday.py for tasks to queue
[2024-06-25T12:08:04.270+0200] {logging_mixin.py:188} INFO - [2024-06-25T12:08:04.270+0200] {dagbag.py:545} INFO - Filling up the DagBag from /Users/stockly/Downloads/ESGI/orchestration/tp1/airflow-env/lib/python3.9/site-packages/airflow/example_dags/plugins/workday.py
[2024-06-25T12:08:04.271+0200] {logging_mixin.py:188} INFO - [2024-06-25T12:08:04.271+0200] {workday.py:41} WARNING - Could not import pandas. Holidays will not be considered.
[2024-06-25T12:08:04.272+0200] {processor.py:842} WARNING - No viable dags retrieved from /Users/stockly/Downloads/ESGI/orchestration/tp1/airflow-env/lib/python3.9/site-packages/airflow/example_dags/plugins/workday.py
[2024-06-25T12:08:04.365+0200] {processor.py:183} INFO - Processing /Users/stockly/Downloads/ESGI/orchestration/tp1/airflow-env/lib/python3.9/site-packages/airflow/example_dags/plugins/workday.py took 0.102 seconds
[2024-06-25T12:10:27.007+0200] {processor.py:161} INFO - Started process (PID=13858) to work on /Users/stockly/Downloads/ESGI/orchestration/tp1/airflow-env/lib/python3.9/site-packages/airflow/example_dags/plugins/workday.py
[2024-06-25T12:10:27.011+0200] {processor.py:830} INFO - Processing file /Users/stockly/Downloads/ESGI/orchestration/tp1/airflow-env/lib/python3.9/site-packages/airflow/example_dags/plugins/workday.py for tasks to queue
[2024-06-25T12:10:27.012+0200] {logging_mixin.py:188} INFO - [2024-06-25T12:10:27.011+0200] {dagbag.py:545} INFO - Filling up the DagBag from /Users/stockly/Downloads/ESGI/orchestration/tp1/airflow-env/lib/python3.9/site-packages/airflow/example_dags/plugins/workday.py
[2024-06-25T12:10:27.013+0200] {logging_mixin.py:188} INFO - [2024-06-25T12:10:27.013+0200] {workday.py:41} WARNING - Could not import pandas. Holidays will not be considered.
[2024-06-25T12:10:27.014+0200] {processor.py:842} WARNING - No viable dags retrieved from /Users/stockly/Downloads/ESGI/orchestration/tp1/airflow-env/lib/python3.9/site-packages/airflow/example_dags/plugins/workday.py
[2024-06-25T12:10:27.112+0200] {processor.py:183} INFO - Processing /Users/stockly/Downloads/ESGI/orchestration/tp1/airflow-env/lib/python3.9/site-packages/airflow/example_dags/plugins/workday.py took 0.108 seconds
[2024-06-25T12:12:22.194+0200] {processor.py:161} INFO - Started process (PID=13953) to work on /Users/stockly/Downloads/ESGI/orchestration/tp1/airflow-env/lib/python3.9/site-packages/airflow/example_dags/plugins/workday.py
[2024-06-25T12:12:22.198+0200] {processor.py:830} INFO - Processing file /Users/stockly/Downloads/ESGI/orchestration/tp1/airflow-env/lib/python3.9/site-packages/airflow/example_dags/plugins/workday.py for tasks to queue
[2024-06-25T12:12:22.198+0200] {logging_mixin.py:188} INFO - [2024-06-25T12:12:22.198+0200] {dagbag.py:545} INFO - Filling up the DagBag from /Users/stockly/Downloads/ESGI/orchestration/tp1/airflow-env/lib/python3.9/site-packages/airflow/example_dags/plugins/workday.py
[2024-06-25T12:12:22.200+0200] {logging_mixin.py:188} INFO - [2024-06-25T12:12:22.200+0200] {workday.py:41} WARNING - Could not import pandas. Holidays will not be considered.
[2024-06-25T12:12:22.201+0200] {processor.py:842} WARNING - No viable dags retrieved from /Users/stockly/Downloads/ESGI/orchestration/tp1/airflow-env/lib/python3.9/site-packages/airflow/example_dags/plugins/workday.py
[2024-06-25T12:12:22.304+0200] {processor.py:183} INFO - Processing /Users/stockly/Downloads/ESGI/orchestration/tp1/airflow-env/lib/python3.9/site-packages/airflow/example_dags/plugins/workday.py took 0.113 seconds
[2024-06-25T12:14:50.901+0200] {processor.py:161} INFO - Started process (PID=14059) to work on /Users/stockly/Downloads/ESGI/orchestration/tp1/airflow-env/lib/python3.9/site-packages/airflow/example_dags/plugins/workday.py
[2024-06-25T12:14:50.905+0200] {processor.py:830} INFO - Processing file /Users/stockly/Downloads/ESGI/orchestration/tp1/airflow-env/lib/python3.9/site-packages/airflow/example_dags/plugins/workday.py for tasks to queue
[2024-06-25T12:14:50.906+0200] {logging_mixin.py:188} INFO - [2024-06-25T12:14:50.906+0200] {dagbag.py:545} INFO - Filling up the DagBag from /Users/stockly/Downloads/ESGI/orchestration/tp1/airflow-env/lib/python3.9/site-packages/airflow/example_dags/plugins/workday.py
[2024-06-25T12:14:50.908+0200] {logging_mixin.py:188} INFO - [2024-06-25T12:14:50.908+0200] {workday.py:41} WARNING - Could not import pandas. Holidays will not be considered.
[2024-06-25T12:14:50.908+0200] {processor.py:842} WARNING - No viable dags retrieved from /Users/stockly/Downloads/ESGI/orchestration/tp1/airflow-env/lib/python3.9/site-packages/airflow/example_dags/plugins/workday.py
[2024-06-25T12:14:51.026+0200] {processor.py:183} INFO - Processing /Users/stockly/Downloads/ESGI/orchestration/tp1/airflow-env/lib/python3.9/site-packages/airflow/example_dags/plugins/workday.py took 0.129 seconds
[2024-06-25T12:17:14.728+0200] {processor.py:161} INFO - Started process (PID=14146) to work on /Users/stockly/Downloads/ESGI/orchestration/tp1/airflow-env/lib/python3.9/site-packages/airflow/example_dags/plugins/workday.py
[2024-06-25T12:17:14.731+0200] {processor.py:830} INFO - Processing file /Users/stockly/Downloads/ESGI/orchestration/tp1/airflow-env/lib/python3.9/site-packages/airflow/example_dags/plugins/workday.py for tasks to queue
[2024-06-25T12:17:14.732+0200] {logging_mixin.py:188} INFO - [2024-06-25T12:17:14.732+0200] {dagbag.py:545} INFO - Filling up the DagBag from /Users/stockly/Downloads/ESGI/orchestration/tp1/airflow-env/lib/python3.9/site-packages/airflow/example_dags/plugins/workday.py
[2024-06-25T12:17:14.734+0200] {logging_mixin.py:188} INFO - [2024-06-25T12:17:14.733+0200] {workday.py:41} WARNING - Could not import pandas. Holidays will not be considered.
[2024-06-25T12:17:14.734+0200] {processor.py:842} WARNING - No viable dags retrieved from /Users/stockly/Downloads/ESGI/orchestration/tp1/airflow-env/lib/python3.9/site-packages/airflow/example_dags/plugins/workday.py
[2024-06-25T12:17:14.830+0200] {processor.py:183} INFO - Processing /Users/stockly/Downloads/ESGI/orchestration/tp1/airflow-env/lib/python3.9/site-packages/airflow/example_dags/plugins/workday.py took 0.105 seconds
[2024-06-25T12:19:07.187+0200] {processor.py:161} INFO - Started process (PID=14205) to work on /Users/stockly/Downloads/ESGI/orchestration/tp1/airflow-env/lib/python3.9/site-packages/airflow/example_dags/plugins/workday.py
[2024-06-25T12:19:07.233+0200] {processor.py:830} INFO - Processing file /Users/stockly/Downloads/ESGI/orchestration/tp1/airflow-env/lib/python3.9/site-packages/airflow/example_dags/plugins/workday.py for tasks to queue
[2024-06-25T12:19:07.234+0200] {logging_mixin.py:188} INFO - [2024-06-25T12:19:07.234+0200] {dagbag.py:545} INFO - Filling up the DagBag from /Users/stockly/Downloads/ESGI/orchestration/tp1/airflow-env/lib/python3.9/site-packages/airflow/example_dags/plugins/workday.py
[2024-06-25T12:19:07.237+0200] {logging_mixin.py:188} INFO - [2024-06-25T12:19:07.237+0200] {workday.py:41} WARNING - Could not import pandas. Holidays will not be considered.
[2024-06-25T12:19:07.237+0200] {processor.py:842} WARNING - No viable dags retrieved from /Users/stockly/Downloads/ESGI/orchestration/tp1/airflow-env/lib/python3.9/site-packages/airflow/example_dags/plugins/workday.py
[2024-06-25T12:19:07.462+0200] {processor.py:183} INFO - Processing /Users/stockly/Downloads/ESGI/orchestration/tp1/airflow-env/lib/python3.9/site-packages/airflow/example_dags/plugins/workday.py took 0.279 seconds
[2024-06-25T12:21:00.904+0200] {processor.py:161} INFO - Started process (PID=14252) to work on /Users/stockly/Downloads/ESGI/orchestration/tp1/airflow-env/lib/python3.9/site-packages/airflow/example_dags/plugins/workday.py
[2024-06-25T12:21:00.908+0200] {processor.py:830} INFO - Processing file /Users/stockly/Downloads/ESGI/orchestration/tp1/airflow-env/lib/python3.9/site-packages/airflow/example_dags/plugins/workday.py for tasks to queue
[2024-06-25T12:21:00.909+0200] {logging_mixin.py:188} INFO - [2024-06-25T12:21:00.908+0200] {dagbag.py:545} INFO - Filling up the DagBag from /Users/stockly/Downloads/ESGI/orchestration/tp1/airflow-env/lib/python3.9/site-packages/airflow/example_dags/plugins/workday.py
[2024-06-25T12:21:00.911+0200] {logging_mixin.py:188} INFO - [2024-06-25T12:21:00.911+0200] {workday.py:41} WARNING - Could not import pandas. Holidays will not be considered.
[2024-06-25T12:21:00.911+0200] {processor.py:842} WARNING - No viable dags retrieved from /Users/stockly/Downloads/ESGI/orchestration/tp1/airflow-env/lib/python3.9/site-packages/airflow/example_dags/plugins/workday.py
[2024-06-25T12:21:01.015+0200] {processor.py:183} INFO - Processing /Users/stockly/Downloads/ESGI/orchestration/tp1/airflow-env/lib/python3.9/site-packages/airflow/example_dags/plugins/workday.py took 0.113 seconds
[2024-06-25T12:22:53.770+0200] {processor.py:161} INFO - Started process (PID=14300) to work on /Users/stockly/Downloads/ESGI/orchestration/tp1/airflow-env/lib/python3.9/site-packages/airflow/example_dags/plugins/workday.py
[2024-06-25T12:22:53.780+0200] {processor.py:830} INFO - Processing file /Users/stockly/Downloads/ESGI/orchestration/tp1/airflow-env/lib/python3.9/site-packages/airflow/example_dags/plugins/workday.py for tasks to queue
[2024-06-25T12:22:53.781+0200] {logging_mixin.py:188} INFO - [2024-06-25T12:22:53.781+0200] {dagbag.py:545} INFO - Filling up the DagBag from /Users/stockly/Downloads/ESGI/orchestration/tp1/airflow-env/lib/python3.9/site-packages/airflow/example_dags/plugins/workday.py
[2024-06-25T12:22:53.783+0200] {logging_mixin.py:188} INFO - [2024-06-25T12:22:53.783+0200] {workday.py:41} WARNING - Could not import pandas. Holidays will not be considered.
[2024-06-25T12:22:53.783+0200] {processor.py:842} WARNING - No viable dags retrieved from /Users/stockly/Downloads/ESGI/orchestration/tp1/airflow-env/lib/python3.9/site-packages/airflow/example_dags/plugins/workday.py
[2024-06-25T12:22:53.984+0200] {processor.py:183} INFO - Processing /Users/stockly/Downloads/ESGI/orchestration/tp1/airflow-env/lib/python3.9/site-packages/airflow/example_dags/plugins/workday.py took 0.217 seconds
[2024-06-25T12:25:44.293+0200] {processor.py:161} INFO - Started process (PID=14419) to work on /Users/stockly/Library/Python/3.9/lib/python/site-packages/airflow/example_dags/plugins/workday.py
[2024-06-25T12:25:44.304+0200] {processor.py:830} INFO - Processing file /Users/stockly/Library/Python/3.9/lib/python/site-packages/airflow/example_dags/plugins/workday.py for tasks to queue
[2024-06-25T12:25:44.305+0200] {logging_mixin.py:188} INFO - [2024-06-25T12:25:44.305+0200] {dagbag.py:545} INFO - Filling up the DagBag from /Users/stockly/Library/Python/3.9/lib/python/site-packages/airflow/example_dags/plugins/workday.py
[2024-06-25T12:25:44.880+0200] {processor.py:842} WARNING - No viable dags retrieved from /Users/stockly/Library/Python/3.9/lib/python/site-packages/airflow/example_dags/plugins/workday.py
[2024-06-25T12:25:44.978+0200] {processor.py:183} INFO - Processing /Users/stockly/Library/Python/3.9/lib/python/site-packages/airflow/example_dags/plugins/workday.py took 0.688 seconds
