[2024-06-25T12:08:01.491+0200] {processor.py:161} INFO - Started process (PID=13751) to work on /Users/stockly/Downloads/ESGI/orchestration/tp1/airflow-env/lib/python3.9/site-packages/airflow/example_dags/subdags/subdag.py
[2024-06-25T12:08:01.494+0200] {processor.py:830} INFO - Processing file /Users/stockly/Downloads/ESGI/orchestration/tp1/airflow-env/lib/python3.9/site-packages/airflow/example_dags/subdags/subdag.py for tasks to queue
[2024-06-25T12:08:01.495+0200] {logging_mixin.py:188} INFO - [2024-06-25T12:08:01.494+0200] {dagbag.py:545} INFO - Filling up the DagBag from /Users/stockly/Downloads/ESGI/orchestration/tp1/airflow-env/lib/python3.9/site-packages/airflow/example_dags/subdags/subdag.py
[2024-06-25T12:08:01.497+0200] {processor.py:842} WARNING - No viable dags retrieved from /Users/stockly/Downloads/ESGI/orchestration/tp1/airflow-env/lib/python3.9/site-packages/airflow/example_dags/subdags/subdag.py
[2024-06-25T12:08:01.592+0200] {processor.py:183} INFO - Processing /Users/stockly/Downloads/ESGI/orchestration/tp1/airflow-env/lib/python3.9/site-packages/airflow/example_dags/subdags/subdag.py took 0.104 seconds
[2024-06-25T12:10:24.715+0200] {processor.py:161} INFO - Started process (PID=13857) to work on /Users/stockly/Downloads/ESGI/orchestration/tp1/airflow-env/lib/python3.9/site-packages/airflow/example_dags/subdags/subdag.py
[2024-06-25T12:10:24.719+0200] {processor.py:830} INFO - Processing file /Users/stockly/Downloads/ESGI/orchestration/tp1/airflow-env/lib/python3.9/site-packages/airflow/example_dags/subdags/subdag.py for tasks to queue
[2024-06-25T12:10:24.720+0200] {logging_mixin.py:188} INFO - [2024-06-25T12:10:24.720+0200] {dagbag.py:545} INFO - Filling up the DagBag from /Users/stockly/Downloads/ESGI/orchestration/tp1/airflow-env/lib/python3.9/site-packages/airflow/example_dags/subdags/subdag.py
[2024-06-25T12:10:24.723+0200] {processor.py:842} WARNING - No viable dags retrieved from /Users/stockly/Downloads/ESGI/orchestration/tp1/airflow-env/lib/python3.9/site-packages/airflow/example_dags/subdags/subdag.py
[2024-06-25T12:10:24.822+0200] {processor.py:183} INFO - Processing /Users/stockly/Downloads/ESGI/orchestration/tp1/airflow-env/lib/python3.9/site-packages/airflow/example_dags/subdags/subdag.py took 0.110 seconds
[2024-06-25T12:12:19.154+0200] {processor.py:161} INFO - Started process (PID=13952) to work on /Users/stockly/Downloads/ESGI/orchestration/tp1/airflow-env/lib/python3.9/site-packages/airflow/example_dags/subdags/subdag.py
[2024-06-25T12:12:19.157+0200] {processor.py:830} INFO - Processing file /Users/stockly/Downloads/ESGI/orchestration/tp1/airflow-env/lib/python3.9/site-packages/airflow/example_dags/subdags/subdag.py for tasks to queue
[2024-06-25T12:12:19.158+0200] {logging_mixin.py:188} INFO - [2024-06-25T12:12:19.158+0200] {dagbag.py:545} INFO - Filling up the DagBag from /Users/stockly/Downloads/ESGI/orchestration/tp1/airflow-env/lib/python3.9/site-packages/airflow/example_dags/subdags/subdag.py
[2024-06-25T12:12:19.160+0200] {processor.py:842} WARNING - No viable dags retrieved from /Users/stockly/Downloads/ESGI/orchestration/tp1/airflow-env/lib/python3.9/site-packages/airflow/example_dags/subdags/subdag.py
[2024-06-25T12:12:19.270+0200] {processor.py:183} INFO - Processing /Users/stockly/Downloads/ESGI/orchestration/tp1/airflow-env/lib/python3.9/site-packages/airflow/example_dags/subdags/subdag.py took 0.120 seconds
[2024-06-25T12:14:40.970+0200] {processor.py:161} INFO - Started process (PID=14045) to work on /Users/stockly/Downloads/ESGI/orchestration/tp1/airflow-env/lib/python3.9/site-packages/airflow/example_dags/subdags/subdag.py
[2024-06-25T12:14:40.980+0200] {processor.py:830} INFO - Processing file /Users/stockly/Downloads/ESGI/orchestration/tp1/airflow-env/lib/python3.9/site-packages/airflow/example_dags/subdags/subdag.py for tasks to queue
[2024-06-25T12:14:40.982+0200] {logging_mixin.py:188} INFO - [2024-06-25T12:14:40.981+0200] {dagbag.py:545} INFO - Filling up the DagBag from /Users/stockly/Downloads/ESGI/orchestration/tp1/airflow-env/lib/python3.9/site-packages/airflow/example_dags/subdags/subdag.py
[2024-06-25T12:14:40.984+0200] {processor.py:842} WARNING - No viable dags retrieved from /Users/stockly/Downloads/ESGI/orchestration/tp1/airflow-env/lib/python3.9/site-packages/airflow/example_dags/subdags/subdag.py
[2024-06-25T12:14:41.090+0200] {processor.py:183} INFO - Processing /Users/stockly/Downloads/ESGI/orchestration/tp1/airflow-env/lib/python3.9/site-packages/airflow/example_dags/subdags/subdag.py took 0.123 seconds
[2024-06-25T12:17:11.979+0200] {processor.py:161} INFO - Started process (PID=14145) to work on /Users/stockly/Downloads/ESGI/orchestration/tp1/airflow-env/lib/python3.9/site-packages/airflow/example_dags/subdags/subdag.py
[2024-06-25T12:17:11.990+0200] {processor.py:830} INFO - Processing file /Users/stockly/Downloads/ESGI/orchestration/tp1/airflow-env/lib/python3.9/site-packages/airflow/example_dags/subdags/subdag.py for tasks to queue
[2024-06-25T12:17:11.991+0200] {logging_mixin.py:188} INFO - [2024-06-25T12:17:11.991+0200] {dagbag.py:545} INFO - Filling up the DagBag from /Users/stockly/Downloads/ESGI/orchestration/tp1/airflow-env/lib/python3.9/site-packages/airflow/example_dags/subdags/subdag.py
[2024-06-25T12:17:11.994+0200] {processor.py:842} WARNING - No viable dags retrieved from /Users/stockly/Downloads/ESGI/orchestration/tp1/airflow-env/lib/python3.9/site-packages/airflow/example_dags/subdags/subdag.py
[2024-06-25T12:17:12.093+0200] {processor.py:183} INFO - Processing /Users/stockly/Downloads/ESGI/orchestration/tp1/airflow-env/lib/python3.9/site-packages/airflow/example_dags/subdags/subdag.py took 0.117 seconds
[2024-06-25T12:19:05.248+0200] {processor.py:161} INFO - Started process (PID=14204) to work on /Users/stockly/Downloads/ESGI/orchestration/tp1/airflow-env/lib/python3.9/site-packages/airflow/example_dags/subdags/subdag.py
[2024-06-25T12:19:05.251+0200] {processor.py:830} INFO - Processing file /Users/stockly/Downloads/ESGI/orchestration/tp1/airflow-env/lib/python3.9/site-packages/airflow/example_dags/subdags/subdag.py for tasks to queue
[2024-06-25T12:19:05.252+0200] {logging_mixin.py:188} INFO - [2024-06-25T12:19:05.252+0200] {dagbag.py:545} INFO - Filling up the DagBag from /Users/stockly/Downloads/ESGI/orchestration/tp1/airflow-env/lib/python3.9/site-packages/airflow/example_dags/subdags/subdag.py
[2024-06-25T12:19:05.255+0200] {processor.py:842} WARNING - No viable dags retrieved from /Users/stockly/Downloads/ESGI/orchestration/tp1/airflow-env/lib/python3.9/site-packages/airflow/example_dags/subdags/subdag.py
[2024-06-25T12:19:05.364+0200] {processor.py:183} INFO - Processing /Users/stockly/Downloads/ESGI/orchestration/tp1/airflow-env/lib/python3.9/site-packages/airflow/example_dags/subdags/subdag.py took 0.119 seconds
[2024-06-25T12:20:58.129+0200] {processor.py:161} INFO - Started process (PID=14251) to work on /Users/stockly/Downloads/ESGI/orchestration/tp1/airflow-env/lib/python3.9/site-packages/airflow/example_dags/subdags/subdag.py
[2024-06-25T12:20:58.132+0200] {processor.py:830} INFO - Processing file /Users/stockly/Downloads/ESGI/orchestration/tp1/airflow-env/lib/python3.9/site-packages/airflow/example_dags/subdags/subdag.py for tasks to queue
[2024-06-25T12:20:58.133+0200] {logging_mixin.py:188} INFO - [2024-06-25T12:20:58.133+0200] {dagbag.py:545} INFO - Filling up the DagBag from /Users/stockly/Downloads/ESGI/orchestration/tp1/airflow-env/lib/python3.9/site-packages/airflow/example_dags/subdags/subdag.py
[2024-06-25T12:20:58.135+0200] {processor.py:842} WARNING - No viable dags retrieved from /Users/stockly/Downloads/ESGI/orchestration/tp1/airflow-env/lib/python3.9/site-packages/airflow/example_dags/subdags/subdag.py
[2024-06-25T12:20:58.241+0200] {processor.py:183} INFO - Processing /Users/stockly/Downloads/ESGI/orchestration/tp1/airflow-env/lib/python3.9/site-packages/airflow/example_dags/subdags/subdag.py took 0.115 seconds
[2024-06-25T12:22:51.022+0200] {processor.py:161} INFO - Started process (PID=14299) to work on /Users/stockly/Downloads/ESGI/orchestration/tp1/airflow-env/lib/python3.9/site-packages/airflow/example_dags/subdags/subdag.py
[2024-06-25T12:22:51.026+0200] {processor.py:830} INFO - Processing file /Users/stockly/Downloads/ESGI/orchestration/tp1/airflow-env/lib/python3.9/site-packages/airflow/example_dags/subdags/subdag.py for tasks to queue
[2024-06-25T12:22:51.027+0200] {logging_mixin.py:188} INFO - [2024-06-25T12:22:51.027+0200] {dagbag.py:545} INFO - Filling up the DagBag from /Users/stockly/Downloads/ESGI/orchestration/tp1/airflow-env/lib/python3.9/site-packages/airflow/example_dags/subdags/subdag.py
[2024-06-25T12:22:51.029+0200] {processor.py:842} WARNING - No viable dags retrieved from /Users/stockly/Downloads/ESGI/orchestration/tp1/airflow-env/lib/python3.9/site-packages/airflow/example_dags/subdags/subdag.py
[2024-06-25T12:22:51.131+0200] {processor.py:183} INFO - Processing /Users/stockly/Downloads/ESGI/orchestration/tp1/airflow-env/lib/python3.9/site-packages/airflow/example_dags/subdags/subdag.py took 0.112 seconds
[2024-06-25T12:25:41.259+0200] {processor.py:161} INFO - Started process (PID=14415) to work on /Users/stockly/Library/Python/3.9/lib/python/site-packages/airflow/example_dags/subdags/subdag.py
[2024-06-25T12:25:41.269+0200] {processor.py:830} INFO - Processing file /Users/stockly/Library/Python/3.9/lib/python/site-packages/airflow/example_dags/subdags/subdag.py for tasks to queue
[2024-06-25T12:25:41.270+0200] {logging_mixin.py:188} INFO - [2024-06-25T12:25:41.270+0200] {dagbag.py:545} INFO - Filling up the DagBag from /Users/stockly/Library/Python/3.9/lib/python/site-packages/airflow/example_dags/subdags/subdag.py
[2024-06-25T12:25:41.274+0200] {processor.py:842} WARNING - No viable dags retrieved from /Users/stockly/Library/Python/3.9/lib/python/site-packages/airflow/example_dags/subdags/subdag.py
[2024-06-25T12:25:41.366+0200] {processor.py:183} INFO - Processing /Users/stockly/Library/Python/3.9/lib/python/site-packages/airflow/example_dags/subdags/subdag.py took 0.110 seconds
